[  4%] Built target flatbuffers_ep
[  4%] Built target flatcc_ep
[  4%] Built target scalar_type_schema
[  4%] Built target common_schema
[  9%] Built target xai_common
[  9%] Built target program_schema
[  9%] Built target flat_tensor_schema
[ 10%] Built target xa_nnlib
[ 10%] Linking C static library /home/sraut/ext_main/cad_rlc/executorch/third-party/flatcc/lib/libflatccrt.a
[ 14%] Built target xai
[ 14%] Built target cadence_kernels
[ 15%] Built target gflags_nothreads_static
[ 17%] Built target flatccrt
[ 23%] Built target executorch_core
[ 24%] Built target extension_data_loader
[ 25%] Built target extension_evalue_util
[ 26%] Built target extension_runner_util
[ 26%] Built target extension_flat_tensor
[ 27%] Built target executorch
[ 32%] Built target kernels_util_all_deps
[ 32%] Building CXX object backends/cadence/vision/operators/CMakeFiles/custom_ops.dir/quantized_conv2d_nchw_out.cpp.o
[ 44%] Built target aten_ops_cadence
[ 93%] Built target portable_kernels
[ 94%] Built target portable_ops_lib
[ 94%] Linking CXX static library libcustom_ops.a
[ 98%] Built target custom_ops
[ 99%] Built target cadence_ops_lib
[ 99%] Linking CXX executable executor_runner
[100%] Built target executor_runner
