PERF_LOG : quantize_asym8s : 12288 : elements (DMA ping-pong) : 5095 : cycles : 2.41 : elements (DMA ping-pong)/cycle : 0.41 : cycles/elements (DMA ping-pong)
CONV_PATH : HW-OPT : ic=3 ih=64 iw=64 oc=64 kh=7 kw=7 oh=32 ow=32 s=-387389208,2 p=0 d=2 : 
CONV_DISPATCH : DMA : 7x7j2d1_dma
PERF_LOG : conv2d : 12288 : elements : 278876 : cycles : 0.04 : elements/cycle : 22.69 : cycles/elements
PERF_LOG : quantized_relu : 65536 : elements (DMA ping-pong) : 19959 : cycles : 3.28 : elements (DMA ping-pong)/cycle : 0.30 : cycles/elements (DMA ping-pong)
PERF_LOG : dequantize_asym8s : 65536 : elements (DMA ping-pong) : 12256 : cycles : 5.35 : elements (DMA ping-pong)/cycle : 0.19 : cycles/elements (DMA ping-pong)
PERF_LOG : maxpool : 65536 : floats : 159731 : cycles : 0.41 : floats/cycle : 2.44 : cycles/floats
PERF_LOG : quantize_asym8s : 16384 : elements (DMA ping-pong) : 6208 : cycles : 2.64 : elements (DMA ping-pong)/cycle : 0.38 : cycles/elements (DMA ping-pong)
CONV_PATH : HW-OPT : ic=64 ih=16 iw=16 oc=256 kh=1 kw=1 oh=16 ow=16 s=-387389208,1 p=0 d=1 : 
CONV_DISPATCH : DMA : 1x1j1d1_dma
PERF_LOG : conv2d : 16384 : elements : 173312 : cycles : 0.09 : elements/cycle : 10.58 : cycles/elements
CONV_PATH : HW-OPT : ic=64 ih=16 iw=16 oc=64 kh=1 kw=1 oh=16 ow=16 s=-387389208,1 p=0 d=1 : 
CONV_DISPATCH : DMA : 1x1j1d1_dma
PERF_LOG : conv2d : 16384 : elements : 71948 : cycles : 0.23 : elements/cycle : 4.39 : cycles/elements
PERF_LOG : quantized_relu : 16384 : elements (DMA ping-pong) : 6570 : cycles : 2.49 : elements (DMA ping-pong)/cycle : 0.40 : cycles/elements (DMA ping-pong)
CONV_PATH : HW-OPT : ic=64 ih=16 iw=16 oc=64 kh=3 kw=3 oh=16 ow=16 s=-387389208,1 p=0 d=1 : 
CONV_DISPATCH : DMA : 3x3j1d1_dma
PERF_LOG : conv2d : 16384 : elements : 279242 : cycles : 0.06 : elements/cycle : 17.04 : cycles/elements
PERF_LOG : quantized_relu : 16384 : elements (DMA ping-pong) : 6570 : cycles : 2.49 : elements (DMA ping-pong)/cycle : 0.40 : cycles/elements (DMA ping-pong)
CONV_PATH : HW-OPT : ic=64 ih=16 iw=16 oc=256 kh=1 kw=1 oh=16 ow=16 s=-387389208,1 p=0 d=1 : 
CONV_DISPATCH : DMA : 1x1j1d1_dma
PERF_LOG : conv2d : 16384 : elements : 173298 : cycles : 0.09 : elements/cycle : 10.58 : cycles/elements
PERF_LOG : dequantize_asym8s : 65536 : elements (DMA ping-pong) : 12256 : cycles : 5.35 : elements (DMA ping-pong)/cycle : 0.19 : cycles/elements (DMA ping-pong)
PERF_LOG : dequantize_asym8s : 65536 : elements (DMA ping-pong) : 12256 : cycles : 5.35 : elements (DMA ping-pong)/cycle : 0.19 : cycles/elements (DMA ping-pong)
PERF_LOG : add_float : 65536 : elements (DMA ping-pong) : 20138 : cycles : 3.25 : elements (DMA ping-pong)/cycle : 0.31 : cycles/elements (DMA ping-pong)
PERF_LOG : quantize_asym8s : 65536 : elements (DMA ping-pong) : 15622 : cycles : 4.20 : elements (DMA ping-pong)/cycle : 0.24 : cycles/elements (DMA ping-pong)
PERF_LOG : quantized_relu : 65536 : elements (DMA ping-pong) : 19959 : cycles : 3.28 : elements (DMA ping-pong)/cycle : 0.30 : cycles/elements (DMA ping-pong)
CONV_PATH : HW-OPT : ic=256 ih=16 iw=16 oc=64 kh=1 kw=1 oh=16 ow=16 s=-387389208,1 p=0 d=1 : 
CONV_DISPATCH : DMA : 1x1j1d1_dma
PERF_LOG : conv2d : 65536 : elements : 135739 : cycles : 0.48 : elements/cycle : 2.07 : cycles/elements
PERF_LOG : quantized_relu : 16384 : elements (DMA ping-pong) : 6570 : cycles : 2.49 : elements (DMA ping-pong)/cycle : 0.40 : cycles/elements (DMA ping-pong)
CONV_PATH : HW-OPT : ic=64 ih=16 iw=16 oc=64 kh=3 kw=3 oh=16 ow=16 s=-387389208,1 p=0 d=1 : 
CONV_DISPATCH : DMA : 3x3j1d1_dma
PERF_LOG : conv2d : 16384 : elements : 279246 : cycles : 0.06 : elements/cycle : 17.04 : cycles/elements
PERF_LOG : quantized_relu : 16384 : elements (DMA ping-pong) : 6570 : cycles : 2.49 : elements (DMA ping-pong)/cycle : 0.40 : cycles/elements (DMA ping-pong)
CONV_PATH : HW-OPT : ic=64 ih=16 iw=16 oc=256 kh=1 kw=1 oh=16 ow=16 s=-387389208,1 p=0 d=1 : 
CONV_DISPATCH : DMA : 1x1j1d1_dma
PERF_LOG : conv2d : 16384 : elements : 173223 : cycles : 0.09 : elements/cycle : 10.57 : cycles/elements
PERF_LOG : dequantize_asym8s : 65536 : elements (DMA ping-pong) : 12256 : cycles : 5.35 : elements (DMA ping-pong)/cycle : 0.19 : cycles/elements (DMA ping-pong)
PERF_LOG : dequantize_asym8s : 65536 : elements (DMA ping-pong) : 12256 : cycles : 5.35 : elements (DMA ping-pong)/cycle : 0.19 : cycles/elements (DMA ping-pong)
PERF_LOG : add_float : 65536 : elements (DMA ping-pong) : 20138 : cycles : 3.25 : elements (DMA ping-pong)/cycle : 0.31 : cycles/elements (DMA ping-pong)
PERF_LOG : quantize_asym8s : 65536 : elements (DMA ping-pong) : 15622 : cycles : 4.20 : elements (DMA ping-pong)/cycle : 0.24 : cycles/elements (DMA ping-pong)
PERF_LOG : quantized_relu : 65536 : elements (DMA ping-pong) : 19959 : cycles : 3.28 : elements (DMA ping-pong)/cycle : 0.30 : cycles/elements (DMA ping-pong)
CONV_PATH : HW-OPT : ic=256 ih=16 iw=16 oc=64 kh=1 kw=1 oh=16 ow=16 s=-387389208,1 p=0 d=1 : 
CONV_DISPATCH : DMA : 1x1j1d1_dma
PERF_LOG : conv2d : 65536 : elements : 135743 : cycles : 0.48 : elements/cycle : 2.07 : cycles/elements
PERF_LOG : quantized_relu : 16384 : elements (DMA ping-pong) : 6570 : cycles : 2.49 : elements (DMA ping-pong)/cycle : 0.40 : cycles/elements (DMA ping-pong)
CONV_PATH : HW-OPT : ic=64 ih=16 iw=16 oc=64 kh=3 kw=3 oh=16 ow=16 s=-387389208,1 p=0 d=1 : 
CONV_DISPATCH : DMA : 3x3j1d1_dma
PERF_LOG : conv2d : 16384 : elements : 279242 : cycles : 0.06 : elements/cycle : 17.04 : cycles/elements
PERF_LOG : quantized_relu : 16384 : elements (DMA ping-pong) : 6570 : cycles : 2.49 : elements (DMA ping-pong)/cycle : 0.40 : cycles/elements (DMA ping-pong)
CONV_PATH : HW-OPT : ic=64 ih=16 iw=16 oc=256 kh=1 kw=1 oh=16 ow=16 s=-387389208,1 p=0 d=1 : 
CONV_DISPATCH : DMA : 1x1j1d1_dma
PERF_LOG : conv2d : 16384 : elements : 173300 : cycles : 0.09 : elements/cycle : 10.58 : cycles/elements
PERF_LOG : dequantize_asym8s : 65536 : elements (DMA ping-pong) : 12256 : cycles : 5.35 : elements (DMA ping-pong)/cycle : 0.19 : cycles/elements (DMA ping-pong)
PERF_LOG : dequantize_asym8s : 65536 : elements (DMA ping-pong) : 12256 : cycles : 5.35 : elements (DMA ping-pong)/cycle : 0.19 : cycles/elements (DMA ping-pong)
PERF_LOG : add_float : 65536 : elements (DMA ping-pong) : 20138 : cycles : 3.25 : elements (DMA ping-pong)/cycle : 0.31 : cycles/elements (DMA ping-pong)
PERF_LOG : quantize_asym8s : 65536 : elements (DMA ping-pong) : 15622 : cycles : 4.20 : elements (DMA ping-pong)/cycle : 0.24 : cycles/elements (DMA ping-pong)
PERF_LOG : quantized_relu : 65536 : elements (DMA ping-pong) : 19959 : cycles : 3.28 : elements (DMA ping-pong)/cycle : 0.30 : cycles/elements (DMA ping-pong)
CONV_PATH : HW-OPT : ic=256 ih=16 iw=16 oc=512 kh=1 kw=1 oh=8 ow=8 s=-387389208,2 p=0 d=2 : 
CONV_DISPATCH : DMA : 1x1j2d1_dma
PERF_LOG : conv2d : 65536 : elements : 1036371 : cycles : 0.06 : elements/cycle : 15.81 : cycles/elements
CONV_PATH : HW-OPT : ic=256 ih=16 iw=16 oc=128 kh=1 kw=1 oh=16 ow=16 s=-387389208,1 p=0 d=1 : 
CONV_DISPATCH : DMA : 1x1j1d1_dma
PERF_LOG : conv2d : 65536 : elements : 226631 : cycles : 0.29 : elements/cycle : 3.46 : cycles/elements
PERF_LOG : quantized_relu : 32768 : elements (DMA ping-pong) : 11369 : cycles : 2.88 : elements (DMA ping-pong)/cycle : 0.35 : cycles/elements (DMA ping-pong)
CONV_PATH : HW-OPT : ic=128 ih=16 iw=16 oc=128 kh=3 kw=3 oh=8 ow=8 s=-387389208,2 p=0 d=2 : 
CONV_DISPATCH : DMA : 3x3j2d1_dma
PERF_LOG : conv2d : 32768 : elements : 883242 : cycles : 0.04 : elements/cycle : 26.95 : cycles/elements
PERF_LOG : quantized_relu : 8192 : elements (DMA ping-pong) : 4144 : cycles : 1.98 : elements (DMA ping-pong)/cycle : 0.51 : cycles/elements (DMA ping-pong)
CONV_PATH : HW-OPT : ic=128 ih=8 iw=8 oc=512 kh=1 kw=1 oh=8 ow=8 s=-387389208,1 p=0 d=1 : 
CONV_DISPATCH : DMA : 1x1j1d1_dma
PERF_LOG : conv2d : 8192 : elements : 427517 : cycles : 0.02 : elements/cycle : 52.19 : cycles/elements
PERF_LOG : dequantize_asym8s : 32768 : elements (DMA ping-pong) : 7098 : cycles : 4.62 : elements (DMA ping-pong)/cycle : 0.22 : cycles/elements (DMA ping-pong)
PERF_LOG : dequantize_asym8s : 32768 : elements (DMA ping-pong) : 7098 : cycles : 4.62 : elements (DMA ping-pong)/cycle : 0.22 : cycles/elements (DMA ping-pong)
PERF_LOG : add_float : 32768 : elements (DMA ping-pong) : 11322 : cycles : 2.89 : elements (DMA ping-pong)/cycle : 0.35 : cycles/elements (DMA ping-pong)
PERF_LOG : quantize_asym8s : 32768 : elements (DMA ping-pong) : 9277 : cycles : 3.53 : elements (DMA ping-pong)/cycle : 0.28 : cycles/elements (DMA ping-pong)
PERF_LOG : quantized_relu : 32768 : elements (DMA ping-pong) : 11369 : cycles : 2.88 : elements (DMA ping-pong)/cycle : 0.35 : cycles/elements (DMA ping-pong)
CONV_PATH : HW-OPT : ic=512 ih=8 iw=8 oc=128 kh=1 kw=1 oh=8 ow=8 s=-387389208,1 p=0 d=1 : 
CONV_DISPATCH : DMA : 1x1j1d1_dma
PERF_LOG : conv2d : 32768 : elements : 358513 : cycles : 0.09 : elements/cycle : 10.94 : cycles/elements
PERF_LOG : quantized_relu : 8192 : elements (DMA ping-pong) : 4144 : cycles : 1.98 : elements (DMA ping-pong)/cycle : 0.51 : cycles/elements (DMA ping-pong)
CONV_PATH : HW-OPT : ic=128 ih=8 iw=8 oc=128 kh=3 kw=3 oh=8 ow=8 s=-387389208,1 p=0 d=1 : 
CONV_DISPATCH : DMA : 3x3j1d1_dma
PERF_LOG : conv2d : 8192 : elements : 801265 : cycles : 0.01 : elements/cycle : 97.81 : cycles/elements
PERF_LOG : quantized_relu : 8192 : elements (DMA ping-pong) : 4144 : cycles : 1.98 : elements (DMA ping-pong)/cycle : 0.51 : cycles/elements (DMA ping-pong)
CONV_PATH : HW-OPT : ic=128 ih=8 iw=8 oc=512 kh=1 kw=1 oh=8 ow=8 s=-387389208,1 p=0 d=1 : 
CONV_DISPATCH : DMA : 1x1j1d1_dma
PERF_LOG : conv2d : 8192 : elements : 427654 : cycles : 0.02 : elements/cycle : 52.20 : cycles/elements
PERF_LOG : dequantize_asym8s : 32768 : elements (DMA ping-pong) : 7098 : cycles : 4.62 : elements (DMA ping-pong)/cycle : 0.22 : cycles/elements (DMA ping-pong)
PERF_LOG : dequantize_asym8s : 32768 : elements (DMA ping-pong) : 7098 : cycles : 4.62 : elements (DMA ping-pong)/cycle : 0.22 : cycles/elements (DMA ping-pong)
PERF_LOG : add_float : 32768 : elements (DMA ping-pong) : 11322 : cycles : 2.89 : elements (DMA ping-pong)/cycle : 0.35 : cycles/elements (DMA ping-pong)
PERF_LOG : quantize_asym8s : 32768 : elements (DMA ping-pong) : 9277 : cycles : 3.53 : elements (DMA ping-pong)/cycle : 0.28 : cycles/elements (DMA ping-pong)
PERF_LOG : quantized_relu : 32768 : elements (DMA ping-pong) : 11369 : cycles : 2.88 : elements (DMA ping-pong)/cycle : 0.35 : cycles/elements (DMA ping-pong)
CONV_PATH : HW-OPT : ic=512 ih=8 iw=8 oc=128 kh=1 kw=1 oh=8 ow=8 s=-387389208,1 p=0 d=1 : 
CONV_DISPATCH : DMA : 1x1j1d1_dma
PERF_LOG : conv2d : 32768 : elements : 358352 : cycles : 0.09 : elements/cycle : 10.94 : cycles/elements
PERF_LOG : quantized_relu : 8192 : elements (DMA ping-pong) : 4144 : cycles : 1.98 : elements (DMA ping-pong)/cycle : 0.51 : cycles/elements (DMA ping-pong)
CONV_PATH : HW-OPT : ic=128 ih=8 iw=8 oc=128 kh=3 kw=3 oh=8 ow=8 s=-387389208,1 p=0 d=1 : 
CONV_DISPATCH : DMA : 3x3j1d1_dma
PERF_LOG : conv2d : 8192 : elements : 801097 : cycles : 0.01 : elements/cycle : 97.79 : cycles/elements
PERF_LOG : quantized_relu : 8192 : elements (DMA ping-pong) : 4144 : cycles : 1.98 : elements (DMA ping-pong)/cycle : 0.51 : cycles/elements (DMA ping-pong)
CONV_PATH : HW-OPT : ic=128 ih=8 iw=8 oc=512 kh=1 kw=1 oh=8 ow=8 s=-387389208,1 p=0 d=1 : 
CONV_DISPATCH : DMA : 1x1j1d1_dma
PERF_LOG : conv2d : 8192 : elements : 427582 : cycles : 0.02 : elements/cycle : 52.20 : cycles/elements
PERF_LOG : dequantize_asym8s : 32768 : elements (DMA ping-pong) : 7098 : cycles : 4.62 : elements (DMA ping-pong)/cycle : 0.22 : cycles/elements (DMA ping-pong)
PERF_LOG : dequantize_asym8s : 32768 : elements (DMA ping-pong) : 7098 : cycles : 4.62 : elements (DMA ping-pong)/cycle : 0.22 : cycles/elements (DMA ping-pong)
PERF_LOG : add_float : 32768 : elements (DMA ping-pong) : 11322 : cycles : 2.89 : elements (DMA ping-pong)/cycle : 0.35 : cycles/elements (DMA ping-pong)
PERF_LOG : quantize_asym8s : 32768 : elements (DMA ping-pong) : 9277 : cycles : 3.53 : elements (DMA ping-pong)/cycle : 0.28 : cycles/elements (DMA ping-pong)
PERF_LOG : quantized_relu : 32768 : elements (DMA ping-pong) : 11369 : cycles : 2.88 : elements (DMA ping-pong)/cycle : 0.35 : cycles/elements (DMA ping-pong)
CONV_PATH : HW-OPT : ic=512 ih=8 iw=8 oc=128 kh=1 kw=1 oh=8 ow=8 s=-387389208,1 p=0 d=1 : 
CONV_DISPATCH : DMA : 1x1j1d1_dma
PERF_LOG : conv2d : 32768 : elements : 358518 : cycles : 0.09 : elements/cycle : 10.94 : cycles/elements
PERF_LOG : quantized_relu : 8192 : elements (DMA ping-pong) : 4144 : cycles : 1.98 : elements (DMA ping-pong)/cycle : 0.51 : cycles/elements (DMA ping-pong)
CONV_PATH : HW-OPT : ic=128 ih=8 iw=8 oc=128 kh=3 kw=3 oh=8 ow=8 s=-387389208,1 p=0 d=1 : 
CONV_DISPATCH : DMA : 3x3j1d1_dma
PERF_LOG : conv2d : 8192 : elements : 801172 : cycles : 0.01 : elements/cycle : 97.80 : cycles/elements
PERF_LOG : quantized_relu : 8192 : elements (DMA ping-pong) : 4144 : cycles : 1.98 : elements (DMA ping-pong)/cycle : 0.51 : cycles/elements (DMA ping-pong)
CONV_PATH : HW-OPT : ic=128 ih=8 iw=8 oc=512 kh=1 kw=1 oh=8 ow=8 s=-387389208,1 p=0 d=1 : 
CONV_DISPATCH : DMA : 1x1j1d1_dma
PERF_LOG : conv2d : 8192 : elements : 427490 : cycles : 0.02 : elements/cycle : 52.18 : cycles/elements
PERF_LOG : dequantize_asym8s : 32768 : elements (DMA ping-pong) : 7098 : cycles : 4.62 : elements (DMA ping-pong)/cycle : 0.22 : cycles/elements (DMA ping-pong)
PERF_LOG : dequantize_asym8s : 32768 : elements (DMA ping-pong) : 7098 : cycles : 4.62 : elements (DMA ping-pong)/cycle : 0.22 : cycles/elements (DMA ping-pong)
PERF_LOG : add_float : 32768 : elements (DMA ping-pong) : 11322 : cycles : 2.89 : elements (DMA ping-pong)/cycle : 0.35 : cycles/elements (DMA ping-pong)
PERF_LOG : quantize_asym8s : 32768 : elements (DMA ping-pong) : 9277 : cycles : 3.53 : elements (DMA ping-pong)/cycle : 0.28 : cycles/elements (DMA ping-pong)
PERF_LOG : quantized_relu : 32768 : elements (DMA ping-pong) : 11369 : cycles : 2.88 : elements (DMA ping-pong)/cycle : 0.35 : cycles/elements (DMA ping-pong)
CONV_PATH : HW-OPT : ic=512 ih=8 iw=8 oc=1024 kh=1 kw=1 oh=4 ow=4 s=-387389208,2 p=0 d=2 : 
CONV_DISPATCH : DMA : 1x1j2d1_dma
PERF_LOG : conv2d : 32768 : elements : 2740850 : cycles : 0.01 : elements/cycle : 83.64 : cycles/elements
CONV_PATH : HW-OPT : ic=512 ih=8 iw=8 oc=256 kh=1 kw=1 oh=8 ow=8 s=-387389208,1 p=0 d=1 : 
CONV_DISPATCH : DMA : 1x1j1d1_dma
PERF_LOG : conv2d : 32768 : elements : 676160 : cycles : 0.05 : elements/cycle : 20.63 : cycles/elements
PERF_LOG : quantized_relu : 16384 : elements (DMA ping-pong) : 6570 : cycles : 2.49 : elements (DMA ping-pong)/cycle : 0.40 : cycles/elements (DMA ping-pong)
CONV_PATH : HW-OPT : ic=256 ih=8 iw=8 oc=256 kh=3 kw=3 oh=4 ow=4 s=-387389208,2 p=0 d=2 : 
CONV_DISPATCH : DMA : 3x3j2d1_dma
PERF_LOG : conv2d : 16384 : elements : 2823845 : cycles : 0.01 : elements/cycle : 172.35 : cycles/elements
PERF_LOG : quantized_relu : 4096 : elements (DMA ping-pong) : 2928 : cycles : 1.40 : elements (DMA ping-pong)/cycle : 0.71 : cycles/elements (DMA ping-pong)
CONV_PATH : HW-OPT : ic=256 ih=4 iw=4 oc=1024 kh=1 kw=1 oh=4 ow=4 s=-387389208,1 p=0 d=1 : 
CONV_DISPATCH : DMA : 1x1j1d1_dma
PERF_LOG : conv2d : 4096 : elements : 1162577 : cycles : 0.00 : elements/cycle : 283.83 : cycles/elements
PERF_LOG : dequantize_asym8s : 16384 : elements (DMA ping-pong) : 4830 : cycles : 3.39 : elements (DMA ping-pong)/cycle : 0.29 : cycles/elements (DMA ping-pong)
PERF_LOG : dequantize_asym8s : 16384 : elements (DMA ping-pong) : 4830 : cycles : 3.39 : elements (DMA ping-pong)/cycle : 0.29 : cycles/elements (DMA ping-pong)
PERF_LOG : add_float : 16384 : elements (DMA ping-pong) : 6909 : cycles : 2.37 : elements (DMA ping-pong)/cycle : 0.42 : cycles/elements (DMA ping-pong)
PERF_LOG : quantize_asym8s : 16384 : elements (DMA ping-pong) : 6208 : cycles : 2.64 : elements (DMA ping-pong)/cycle : 0.38 : cycles/elements (DMA ping-pong)
PERF_LOG : quantized_relu : 16384 : elements (DMA ping-pong) : 6570 : cycles : 2.49 : elements (DMA ping-pong)/cycle : 0.40 : cycles/elements (DMA ping-pong)
CONV_PATH : HW-OPT : ic=1024 ih=4 iw=4 oc=256 kh=1 kw=1 oh=4 ow=4 s=-387389208,1 p=0 d=1 : 
CONV_DISPATCH : DMA : 1x1j1d1_dma
PERF_LOG : conv2d : 16384 : elements : 1059553 : cycles : 0.02 : elements/cycle : 64.67 : cycles/elements
PERF_LOG : quantized_relu : 4096 : elements (DMA ping-pong) : 2928 : cycles : 1.40 : elements (DMA ping-pong)/cycle : 0.71 : cycles/elements (DMA ping-pong)
CONV_PATH : HW-OPT : ic=256 ih=4 iw=4 oc=256 kh=3 kw=3 oh=4 ow=4 s=-387389208,1 p=0 d=1 : 
CONV_DISPATCH : DMA : 3x3j1d1_dma
PERF_LOG : conv2d : 4096 : elements : 2600660 : cycles : 0.00 : elements/cycle : 634.93 : cycles/elements
PERF_LOG : quantized_relu : 4096 : elements (DMA ping-pong) : 2928 : cycles : 1.40 : elements (DMA ping-pong)/cycle : 0.71 : cycles/elements (DMA ping-pong)
CONV_PATH : HW-OPT : ic=256 ih=4 iw=4 oc=1024 kh=1 kw=1 oh=4 ow=4 s=-387389208,1 p=0 d=1 : 
CONV_DISPATCH : DMA : 1x1j1d1_dma
PERF_LOG : conv2d : 4096 : elements : 1162561 : cycles : 0.00 : elements/cycle : 283.83 : cycles/elements
PERF_LOG : dequantize_asym8s : 16384 : elements (DMA ping-pong) : 4830 : cycles : 3.39 : elements (DMA ping-pong)/cycle : 0.29 : cycles/elements (DMA ping-pong)
PERF_LOG : dequantize_asym8s : 16384 : elements (DMA ping-pong) : 4830 : cycles : 3.39 : elements (DMA ping-pong)/cycle : 0.29 : cycles/elements (DMA ping-pong)
PERF_LOG : add_float : 16384 : elements (DMA ping-pong) : 6909 : cycles : 2.37 : elements (DMA ping-pong)/cycle : 0.42 : cycles/elements (DMA ping-pong)
PERF_LOG : quantize_asym8s : 16384 : elements (DMA ping-pong) : 6208 : cycles : 2.64 : elements (DMA ping-pong)/cycle : 0.38 : cycles/elements (DMA ping-pong)
PERF_LOG : quantized_relu : 16384 : elements (DMA ping-pong) : 6570 : cycles : 2.49 : elements (DMA ping-pong)/cycle : 0.40 : cycles/elements (DMA ping-pong)
CONV_PATH : HW-OPT : ic=1024 ih=4 iw=4 oc=256 kh=1 kw=1 oh=4 ow=4 s=-387389208,1 p=0 d=1 : 
CONV_DISPATCH : DMA : 1x1j1d1_dma
PERF_LOG : conv2d : 16384 : elements : 1059458 : cycles : 0.02 : elements/cycle : 64.66 : cycles/elements
PERF_LOG : quantized_relu : 4096 : elements (DMA ping-pong) : 2928 : cycles : 1.40 : elements (DMA ping-pong)/cycle : 0.71 : cycles/elements (DMA ping-pong)
CONV_PATH : HW-OPT : ic=256 ih=4 iw=4 oc=256 kh=3 kw=3 oh=4 ow=4 s=-387389208,1 p=0 d=1 : 
CONV_DISPATCH : DMA : 3x3j1d1_dma
PERF_LOG : conv2d : 4096 : elements : 2601238 : cycles : 0.00 : elements/cycle : 635.07 : cycles/elements
PERF_LOG : quantized_relu : 4096 : elements (DMA ping-pong) : 2928 : cycles : 1.40 : elements (DMA ping-pong)/cycle : 0.71 : cycles/elements (DMA ping-pong)
CONV_PATH : HW-OPT : ic=256 ih=4 iw=4 oc=1024 kh=1 kw=1 oh=4 ow=4 s=-387389208,1 p=0 d=1 : 
CONV_DISPATCH : DMA : 1x1j1d1_dma
PERF_LOG : conv2d : 4096 : elements : 1162397 : cycles : 0.00 : elements/cycle : 283.79 : cycles/elements
PERF_LOG : dequantize_asym8s : 16384 : elements (DMA ping-pong) : 4830 : cycles : 3.39 : elements (DMA ping-pong)/cycle : 0.29 : cycles/elements (DMA ping-pong)
PERF_LOG : dequantize_asym8s : 16384 : elements (DMA ping-pong) : 4830 : cycles : 3.39 : elements (DMA ping-pong)/cycle : 0.29 : cycles/elements (DMA ping-pong)
PERF_LOG : add_float : 16384 : elements (DMA ping-pong) : 6909 : cycles : 2.37 : elements (DMA ping-pong)/cycle : 0.42 : cycles/elements (DMA ping-pong)
PERF_LOG : quantize_asym8s : 16384 : elements (DMA ping-pong) : 6208 : cycles : 2.64 : elements (DMA ping-pong)/cycle : 0.38 : cycles/elements (DMA ping-pong)
PERF_LOG : quantized_relu : 16384 : elements (DMA ping-pong) : 6570 : cycles : 2.49 : elements (DMA ping-pong)/cycle : 0.40 : cycles/elements (DMA ping-pong)
CONV_PATH : HW-OPT : ic=1024 ih=4 iw=4 oc=256 kh=1 kw=1 oh=4 ow=4 s=-387389208,1 p=0 d=1 : 
CONV_DISPATCH : DMA : 1x1j1d1_dma
PERF_LOG : conv2d : 16384 : elements : 1059631 : cycles : 0.02 : elements/cycle : 64.67 : cycles/elements
PERF_LOG : quantized_relu : 4096 : elements (DMA ping-pong) : 2928 : cycles : 1.40 : elements (DMA ping-pong)/cycle : 0.71 : cycles/elements (DMA ping-pong)
CONV_PATH : HW-OPT : ic=256 ih=4 iw=4 oc=256 kh=3 kw=3 oh=4 ow=4 s=-387389208,1 p=0 d=1 : 
CONV_DISPATCH : DMA : 3x3j1d1_dma
PERF_LOG : conv2d : 4096 : elements : 2601078 : cycles : 0.00 : elements/cycle : 635.03 : cycles/elements
PERF_LOG : quantized_relu : 4096 : elements (DMA ping-pong) : 2928 : cycles : 1.40 : elements (DMA ping-pong)/cycle : 0.71 : cycles/elements (DMA ping-pong)
CONV_PATH : HW-OPT : ic=256 ih=4 iw=4 oc=1024 kh=1 kw=1 oh=4 ow=4 s=-387389208,1 p=0 d=1 : 
CONV_DISPATCH : DMA : 1x1j1d1_dma
PERF_LOG : conv2d : 4096 : elements : 1162561 : cycles : 0.00 : elements/cycle : 283.83 : cycles/elements
PERF_LOG : dequantize_asym8s : 16384 : elements (DMA ping-pong) : 4830 : cycles : 3.39 : elements (DMA ping-pong)/cycle : 0.29 : cycles/elements (DMA ping-pong)
PERF_LOG : dequantize_asym8s : 16384 : elements (DMA ping-pong) : 4830 : cycles : 3.39 : elements (DMA ping-pong)/cycle : 0.29 : cycles/elements (DMA ping-pong)
PERF_LOG : add_float : 16384 : elements (DMA ping-pong) : 6909 : cycles : 2.37 : elements (DMA ping-pong)/cycle : 0.42 : cycles/elements (DMA ping-pong)
PERF_LOG : quantize_asym8s : 16384 : elements (DMA ping-pong) : 6208 : cycles : 2.64 : elements (DMA ping-pong)/cycle : 0.38 : cycles/elements (DMA ping-pong)
PERF_LOG : quantized_relu : 16384 : elements (DMA ping-pong) : 6570 : cycles : 2.49 : elements (DMA ping-pong)/cycle : 0.40 : cycles/elements (DMA ping-pong)
CONV_PATH : HW-OPT : ic=1024 ih=4 iw=4 oc=256 kh=1 kw=1 oh=4 ow=4 s=-387389208,1 p=0 d=1 : 
CONV_DISPATCH : DMA : 1x1j1d1_dma
PERF_LOG : conv2d : 16384 : elements : 1059464 : cycles : 0.02 : elements/cycle : 64.66 : cycles/elements
PERF_LOG : quantized_relu : 4096 : elements (DMA ping-pong) : 2928 : cycles : 1.40 : elements (DMA ping-pong)/cycle : 0.71 : cycles/elements (DMA ping-pong)
CONV_PATH : HW-OPT : ic=256 ih=4 iw=4 oc=256 kh=3 kw=3 oh=4 ow=4 s=-387389208,1 p=0 d=1 : 
CONV_DISPATCH : DMA : 3x3j1d1_dma
PERF_LOG : conv2d : 4096 : elements : 2600659 : cycles : 0.00 : elements/cycle : 634.93 : cycles/elements
PERF_LOG : quantized_relu : 4096 : elements (DMA ping-pong) : 2928 : cycles : 1.40 : elements (DMA ping-pong)/cycle : 0.71 : cycles/elements (DMA ping-pong)
CONV_PATH : HW-OPT : ic=256 ih=4 iw=4 oc=1024 kh=1 kw=1 oh=4 ow=4 s=-387389208,1 p=0 d=1 : 
CONV_DISPATCH : DMA : 1x1j1d1_dma
PERF_LOG : conv2d : 4096 : elements : 1162565 : cycles : 0.00 : elements/cycle : 283.83 : cycles/elements
PERF_LOG : dequantize_asym8s : 16384 : elements (DMA ping-pong) : 4830 : cycles : 3.39 : elements (DMA ping-pong)/cycle : 0.29 : cycles/elements (DMA ping-pong)
PERF_LOG : dequantize_asym8s : 16384 : elements (DMA ping-pong) : 4830 : cycles : 3.39 : elements (DMA ping-pong)/cycle : 0.29 : cycles/elements (DMA ping-pong)
PERF_LOG : add_float : 16384 : elements (DMA ping-pong) : 6909 : cycles : 2.37 : elements (DMA ping-pong)/cycle : 0.42 : cycles/elements (DMA ping-pong)
PERF_LOG : quantize_asym8s : 16384 : elements (DMA ping-pong) : 6208 : cycles : 2.64 : elements (DMA ping-pong)/cycle : 0.38 : cycles/elements (DMA ping-pong)
PERF_LOG : quantized_relu : 16384 : elements (DMA ping-pong) : 6570 : cycles : 2.49 : elements (DMA ping-pong)/cycle : 0.40 : cycles/elements (DMA ping-pong)
CONV_PATH : HW-OPT : ic=1024 ih=4 iw=4 oc=256 kh=1 kw=1 oh=4 ow=4 s=-387389208,1 p=0 d=1 : 
CONV_DISPATCH : DMA : 1x1j1d1_dma
PERF_LOG : conv2d : 16384 : elements : 1059542 : cycles : 0.02 : elements/cycle : 64.67 : cycles/elements
PERF_LOG : quantized_relu : 4096 : elements (DMA ping-pong) : 2928 : cycles : 1.40 : elements (DMA ping-pong)/cycle : 0.71 : cycles/elements (DMA ping-pong)
CONV_PATH : HW-OPT : ic=256 ih=4 iw=4 oc=256 kh=3 kw=3 oh=4 ow=4 s=-387389208,1 p=0 d=1 : 
CONV_DISPATCH : DMA : 3x3j1d1_dma
PERF_LOG : conv2d : 4096 : elements : 2601150 : cycles : 0.00 : elements/cycle : 635.05 : cycles/elements
PERF_LOG : quantized_relu : 4096 : elements (DMA ping-pong) : 2928 : cycles : 1.40 : elements (DMA ping-pong)/cycle : 0.71 : cycles/elements (DMA ping-pong)
CONV_PATH : HW-OPT : ic=256 ih=4 iw=4 oc=1024 kh=1 kw=1 oh=4 ow=4 s=-387389208,1 p=0 d=1 : 
CONV_DISPATCH : DMA : 1x1j1d1_dma
PERF_LOG : conv2d : 4096 : elements : 1162479 : cycles : 0.00 : elements/cycle : 283.81 : cycles/elements
PERF_LOG : dequantize_asym8s : 16384 : elements (DMA ping-pong) : 4830 : cycles : 3.39 : elements (DMA ping-pong)/cycle : 0.29 : cycles/elements (DMA ping-pong)
PERF_LOG : dequantize_asym8s : 16384 : elements (DMA ping-pong) : 4830 : cycles : 3.39 : elements (DMA ping-pong)/cycle : 0.29 : cycles/elements (DMA ping-pong)
PERF_LOG : add_float : 16384 : elements (DMA ping-pong) : 6909 : cycles : 2.37 : elements (DMA ping-pong)/cycle : 0.42 : cycles/elements (DMA ping-pong)
PERF_LOG : quantize_asym8s : 16384 : elements (DMA ping-pong) : 6208 : cycles : 2.64 : elements (DMA ping-pong)/cycle : 0.38 : cycles/elements (DMA ping-pong)
PERF_LOG : quantized_relu : 16384 : elements (DMA ping-pong) : 6570 : cycles : 2.49 : elements (DMA ping-pong)/cycle : 0.40 : cycles/elements (DMA ping-pong)
CONV_PATH : HW-OPT : ic=1024 ih=4 iw=4 oc=2048 kh=1 kw=1 oh=2 ow=2 s=-387389208,2 p=0 d=2 : 
CONV_DISPATCH : DMA : 1x1j2d1_dma
PERF_LOG : conv2d : 16384 : elements : 8514585 : cycles : 0.00 : elements/cycle : 519.69 : cycles/elements
CONV_PATH : HW-OPT : ic=1024 ih=4 iw=4 oc=512 kh=1 kw=1 oh=4 ow=4 s=-387389208,1 p=0 d=1 : 
CONV_DISPATCH : DMA : 1x1j1d1_dma
PERF_LOG : conv2d : 16384 : elements : 2077241 : cycles : 0.01 : elements/cycle : 126.78 : cycles/elements
PERF_LOG : quantized_relu : 8192 : elements (DMA ping-pong) : 4144 : cycles : 1.98 : elements (DMA ping-pong)/cycle : 0.51 : cycles/elements (DMA ping-pong)
CONV_PATH : HW-OPT : ic=512 ih=4 iw=4 oc=512 kh=3 kw=3 oh=2 ow=2 s=-387389208,2 p=0 d=2 : 
CONV_DISPATCH : DMA : 3x3j2d1_dma
PERF_LOG : conv2d : 8192 : elements : 9877019 : cycles : 0.00 : elements/cycle : 1205.69 : cycles/elements
PERF_LOG : quantized_relu : 2048 : elements (DMA ping-pong) : 2320 : cycles : 0.88 : elements (DMA ping-pong)/cycle : 1.13 : cycles/elements (DMA ping-pong)
CONV_PATH : HW-OPT : ic=512 ih=2 iw=2 oc=2048 kh=1 kw=1 oh=2 ow=2 s=-387389208,1 p=0 d=1 : 
CONV_DISPATCH : DMA : 1x1j1d1_dma
PERF_LOG : conv2d : 2048 : elements : 3814363 : cycles : 0.00 : elements/cycle : 1862.48 : cycles/elements
PERF_LOG : dequantize_asym8s : 8192 : elements (DMA ping-pong) : 3301 : cycles : 2.48 : elements (DMA ping-pong)/cycle : 0.40 : cycles/elements (DMA ping-pong)
PERF_LOG : dequantize_asym8s : 8192 : elements (DMA ping-pong) : 3301 : cycles : 2.48 : elements (DMA ping-pong)/cycle : 0.40 : cycles/elements (DMA ping-pong)
PERF_LOG : add_float : 8192 : elements (DMA ping-pong) : 4228 : cycles : 1.94 : elements (DMA ping-pong)/cycle : 0.52 : cycles/elements (DMA ping-pong)
PERF_LOG : quantize_asym8s : 8192 : elements (DMA ping-pong) : 3993 : cycles : 2.05 : elements (DMA ping-pong)/cycle : 0.49 : cycles/elements (DMA ping-pong)
PERF_LOG : quantized_relu : 8192 : elements (DMA ping-pong) : 4144 : cycles : 1.98 : elements (DMA ping-pong)/cycle : 0.51 : cycles/elements (DMA ping-pong)
CONV_PATH : HW-OPT : ic=2048 ih=2 iw=2 oc=512 kh=1 kw=1 oh=2 ow=2 s=-387389208,1 p=0 d=1 : 
CONV_DISPATCH : DMA : 1x1j1d1_dma
PERF_LOG : conv2d : 8192 : elements : 3643269 : cycles : 0.00 : elements/cycle : 444.73 : cycles/elements
PERF_LOG : quantized_relu : 2048 : elements (DMA ping-pong) : 2320 : cycles : 0.88 : elements (DMA ping-pong)/cycle : 1.13 : cycles/elements (DMA ping-pong)
CONV_PATH : HW-OPT : ic=512 ih=2 iw=2 oc=512 kh=3 kw=3 oh=2 ow=2 s=-387389208,1 p=0 d=1 : 
CONV_DISPATCH : DMA : 3x3j1d1_dma
PERF_LOG : conv2d : 2048 : elements : 9209722 : cycles : 0.00 : elements/cycle : 4496.93 : cycles/elements
PERF_LOG : quantized_relu : 2048 : elements (DMA ping-pong) : 2320 : cycles : 0.88 : elements (DMA ping-pong)/cycle : 1.13 : cycles/elements (DMA ping-pong)
CONV_PATH : HW-OPT : ic=512 ih=2 iw=2 oc=2048 kh=1 kw=1 oh=2 ow=2 s=-387389208,1 p=0 d=1 : 
CONV_DISPATCH : DMA : 1x1j1d1_dma
PERF_LOG : conv2d : 2048 : elements : 3814298 : cycles : 0.00 : elements/cycle : 1862.45 : cycles/elements
PERF_LOG : dequantize_asym8s : 8192 : elements (DMA ping-pong) : 3301 : cycles : 2.48 : elements (DMA ping-pong)/cycle : 0.40 : cycles/elements (DMA ping-pong)
PERF_LOG : dequantize_asym8s : 8192 : elements (DMA ping-pong) : 3301 : cycles : 2.48 : elements (DMA ping-pong)/cycle : 0.40 : cycles/elements (DMA ping-pong)
PERF_LOG : add_float : 8192 : elements (DMA ping-pong) : 4228 : cycles : 1.94 : elements (DMA ping-pong)/cycle : 0.52 : cycles/elements (DMA ping-pong)
PERF_LOG : quantize_asym8s : 8192 : elements (DMA ping-pong) : 3993 : cycles : 2.05 : elements (DMA ping-pong)/cycle : 0.49 : cycles/elements (DMA ping-pong)
PERF_LOG : quantized_relu : 8192 : elements (DMA ping-pong) : 4144 : cycles : 1.98 : elements (DMA ping-pong)/cycle : 0.51 : cycles/elements (DMA ping-pong)
CONV_PATH : HW-OPT : ic=2048 ih=2 iw=2 oc=512 kh=1 kw=1 oh=2 ow=2 s=-387389208,1 p=0 d=1 : 
CONV_DISPATCH : DMA : 1x1j1d1_dma
PERF_LOG : conv2d : 8192 : elements : 3643276 : cycles : 0.00 : elements/cycle : 444.74 : cycles/elements
PERF_LOG : quantized_relu : 2048 : elements (DMA ping-pong) : 2320 : cycles : 0.88 : elements (DMA ping-pong)/cycle : 1.13 : cycles/elements (DMA ping-pong)
CONV_PATH : HW-OPT : ic=512 ih=2 iw=2 oc=512 kh=3 kw=3 oh=2 ow=2 s=-387389208,1 p=0 d=1 : 
CONV_DISPATCH : DMA : 3x3j1d1_dma
PERF_LOG : conv2d : 2048 : elements : 9209718 : cycles : 0.00 : elements/cycle : 4496.93 : cycles/elements
PERF_LOG : quantized_relu : 2048 : elements (DMA ping-pong) : 2320 : cycles : 0.88 : elements (DMA ping-pong)/cycle : 1.13 : cycles/elements (DMA ping-pong)
CONV_PATH : HW-OPT : ic=512 ih=2 iw=2 oc=2048 kh=1 kw=1 oh=2 ow=2 s=-387389208,1 p=0 d=1 : 
CONV_DISPATCH : DMA : 1x1j1d1_dma
PERF_LOG : conv2d : 2048 : elements : 3814117 : cycles : 0.00 : elements/cycle : 1862.36 : cycles/elements
PERF_LOG : dequantize_asym8s : 8192 : elements (DMA ping-pong) : 3301 : cycles : 2.48 : elements (DMA ping-pong)/cycle : 0.40 : cycles/elements (DMA ping-pong)
PERF_LOG : dequantize_asym8s : 8192 : elements (DMA ping-pong) : 3301 : cycles : 2.48 : elements (DMA ping-pong)/cycle : 0.40 : cycles/elements (DMA ping-pong)
PERF_LOG : add_float : 8192 : elements (DMA ping-pong) : 4228 : cycles : 1.94 : elements (DMA ping-pong)/cycle : 0.52 : cycles/elements (DMA ping-pong)
PERF_LOG : quantize_asym8s : 8192 : elements (DMA ping-pong) : 3993 : cycles : 2.05 : elements (DMA ping-pong)/cycle : 0.49 : cycles/elements (DMA ping-pong)
PERF_LOG : quantized_relu : 8192 : elements (DMA ping-pong) : 4144 : cycles : 1.98 : elements (DMA ping-pong)/cycle : 0.51 : cycles/elements (DMA ping-pong)
PERF_LOG : dequantize_asym8s : 8192 : elements (DMA ping-pong) : 3301 : cycles : 2.48 : elements (DMA ping-pong)/cycle : 0.40 : cycles/elements (DMA ping-pong)
PERF_LOG : mean_simd_optimized : 2048 : channels (DMA) : 3532 : cycles : 0.58 : channels (DMA)/cycle : 1.72 : cycles/channels (DMA)
PERF_LOG : quantize_asym8s : 2048 : elements (DMA ping-pong) : 2163 : cycles : 0.95 : elements (DMA ping-pong)/cycle : 1.06 : cycles/elements (DMA ping-pong)
PERF_LOG : quantized_linear : 1000 : SIMD elements (DMA tiling) : 187826 : cycles : 0.01 : SIMD elements (DMA tiling)/cycle : 187.83 : cycles/SIMD elements (DMA tiling)
PERF_LOG : dequantize_asym8s : 1000 : elements (HW-optimized, no DMA) : 296 : cycles : 3.38 : elements (HW-optimized, no DMA)/cycle : 0.30 : cycles/elements (HW-optimized, no DMA)
Output 0: tensor(sizes=[1, 1000], [
  -0.91418, -0.609454, 0., 0.853235, 0.548508, -0.609454, -0.121891, -0.853235, 0.365672, -0.0609454, 
  2.0112, 3.04727, 3.10821, 2.13309, 2.49876, 2.43781, 4.20523, 1.21891, 3.47389, 2.37687, 
  0.91418, 5.48508, 3.35199, 3.71767, 2.62065, -0.670399, -0.79229, -1.09702, -1.3408, -0.304727, 
  -0.243781, -0.670399, -0.91418, 0.243781, 0.731344, -1.03607, -0.670399, -1.64552, 0.182836, -0.91418, 
  -0.243781, -0.121891, 0.609454, 0., -0.487563, -0.121891, -0.0609454, 0., -0.426617, -1.3408, 
  -0.243781, -0.0609454, -0.548508, -0.243781, 0.79229, -0.609454, 0.487563, -0.487563, 1.15796, 0.548508, 
  -0.609454, 0.121891, -0.243781, 0.91418, 0., 0.670399, 0.487563, 0.609454, 1.58458, 1.09702, 
  -0.670399, -0.365672, -0.121891, 0.670399, 0.0609454, 0., -0.426617, -0.304727, 1.21891, 1.03607, 
  1.15796, 1.95025, 1.88931, 2.31592, 0.426617, 4.26617, 1.64552, 3.59578, 0.487563, 2.80349, 
  0.548508, 2.07214, 4.50996, 1.58458, 3.71767, 0.426617, 1.27985, 0.975126, 0.365672, 1.76742, 
  0.365672, -0.548508, 0.670399, 1.40174, 0., 0.182836, -0.609454, 1.58458, -0.853235, -0.304727, 
  -0.0609454, 7.13061, 0.79229, -0.487563, 0.426617, -1.15796, 0., 0.365672, -0.91418, -0.0609454, 
  0.365672, -0.91418, -1.09702, -1.27985, -1.15796, 0.548508, 0.609454, 3.53483, 2.6816, 2.37687, 
  -0.975126, 1.40174, 1.82836, 2.0112, 2.13309, 1.58458, -0.121891, 0.853235, 1.95025, 1.64552, 
  2.07214, 2.19403, 1.3408, 1.52363, 2.62065, 0.548508, 3.2301, 0.182836, -0.121891, -1.21891, 
  -0.182836, 0.243781, -0.79229, 0.548508, 0., 0.182836, 0.487563, -0.121891, 0.304727, 0.182836, 
  -1.15796, 0.975126, 2.80349, -0.731344, -0.243781, -1.3408, -0.182836, 0., 0.365672, 0.426617, 
  0.121891, 2.37687, 1.40174, 0.487563, -0.426617, -0.487563, -0.79229, -0.487563, 1.46269, 0., 
  1.76742, -0.487563, 0.548508, -1.03607, -0.426617, -0.304727, -0.243781, 0., -0.121891, 0.731344, 
  -0.548508, -1.52363, 0.121891, 0.0609454, -0.426617, 0.304727, 0., -1.52363, -0.79229, 0.243781, 
  0.0609454, -1.21891, 0.548508, 2.74254, 0.365672, -1.52363, -1.09702, 0.609454, 0.548508, 0.0609454, 
  0., -1.70647, 0.91418, -0.609454, -1.40174, 1.46269, -0.121891, 0.91418, 0.304727, 0.121891, 
  -1.58458, -0.548508, -0.426617, -1.15796, -1.88931, -0.975126, -1.03607, -0.853235, -0.670399, -0.853235, 
  0.426617, -0.304727, -0.670399, -1.46269, -2.37687, -0.91418, 0.182836, -0.365672, 0.426617, -1.76742, 
  0.365672, -0.853235, 0.243781, -0.853235, -2.25498, 1.27985, -0.182836, -0.365672, 0.487563, 0.609454, 
  0.121891, 1.76742, -0.548508, 0.548508, 0.975126, -2.6816, -0.365672, 0.121891, 0.243781, 0.182836, 
  -0.670399, -0.548508, -1.52363, 0.731344, 0.79229, 0.0609454, -0.121891, -0.670399, -1.58458, -0.975126, 
  -0.670399, -0.975126, -1.03607, 0., -1.52363, 0., 0.853235, -0.731344, -0.79229, -0.426617, 
  -0.365672, 0.182836, -0.670399, -0.182836, 1.88931, 1.88931, -0.487563, -0.243781, 1.52363, -1.64552, 
  -0.0609454, -0.853235, -1.52363, 1.40174, -0.426617, -1.09702, -1.15796, -1.21891, 2.0112, 2.86443, 
  -0.548508, 0.91418, -0.426617, 0., -0.304727, 0.487563, 0.426617, 1.03607, -0.182836, -0.91418, 
  -0.121891, -0.304727, -0.548508, 0.609454, -0.0609454, 0.304727, 0.0609454, 0.182836, 0.975126, 1.03607, 
  0.426617, -0.609454, -0.853235, 0.182836, -0.731344, -0.79229, -0.0609454, 1.88931, 0.182836, -0.182836, 
  -0.365672, 0.487563, -0.975126, -0.304727, 0.365672, -0.0609454, -0.121891, 0.365672, 0.548508, -1.40174, 
  -0.609454, -0.79229, -0.304727, -1.21891, -0.91418, -1.70647, -0.670399, -1.40174, 0.0609454, 0.670399, 
  2.19403, -0.182836, -0.731344, -0.0609454, 0.182836, -0.79229, 0.243781, -0.853235, 0.121891, 0.243781, 
  -0.182836, -0.182836, 0.548508, 2.31592, 1.58458, -0.975126, -0.365672, -1.46269, -0.121891, -0.853235, 
  1.03607, -0.79229, -0.426617, -0.182836, 0.365672, -0.426617, -0.365672, 0., -1.15796, -0.731344, 
  0.182836, -0.670399, 0.182836, 0.365672, -0.487563, -1.09702, -0.91418, -0.670399, -1.03607, -0.670399, 
  0.121891, -0.670399, -1.15796, -0.487563, -0.670399, -0.548508, -1.03607, 0.609454, -0.670399, 0.243781, 
  -1.21891, -1.09702, 0.365672, -0.365672, 1.46269, 2.0112, -0.487563, -0.426617, -1.40174, 0.426617, 
  -0.853235, 0.975126, 0.548508, -0.0609454, -0.243781, -1.27985, -0.975126, 0.731344, 2.07214, 0.487563, 
  0.79229, 0.304727, -1.27985, -1.40174, -2.07214, -0.243781, 0., -0.487563, -0.79229, -0.0609454, 
  0.304727, -0.670399, 0.121891, -0.365672, -0.365672, -1.82836, -0.853235, 0.91418, 0.121891, -1.03607, 
  0.304727, -1.27985, 1.21891, 3.2301, -0.609454, -1.21891, 3.2301, 0.121891, 0.853235, -1.46269, 
  -1.09702, 0.731344, 1.21891, -1.21891, -0.426617, 1.27985, -0.365672, 0.121891, 1.15796, 0.365672, 
  0.487563, -0.243781, -0.975126, -0.731344, -0.0609454, -1.3408, -0.79229, -1.70647, -0.487563, -0.243781, 
  0., -0.91418, -0.79229, 0.609454, 2.37687, -0.609454, -1.09702, 0.0609454, 0., -1.03607, 
  0.121891, 0.79229, -0.91418, -0.670399, 0.487563, -0.304727, 0., -0.0609454, 2.98632, -0.975126, 
  5.2413, -1.27985, -0.365672, -1.21891, 0.609454, -1.3408, 0.670399, 0.243781, 0.487563, -0.365672, 
  -1.46269, -1.03607, -0.426617, -0.0609454, -0.426617, -0.79229, 0.182836, 0.548508, 0.304727, -1.09702, 
  -0.121891, -0.91418, 1.64552, 0.304727, -0.609454, 0.0609454, -1.09702, 1.46269, -0.975126, -1.46269, 
  -0.609454, -0.609454, -0.79229, -0.0609454, -1.03607, -0.975126, 0., -0.182836, 0.182836, -0.365672, 
  0.548508, -0.731344, -1.21891, 0.670399, -0.487563, -0.548508, -1.3408, -0.487563, 0.609454, 1.64552, 
  1.03607, 0., 0.121891, 0.182836, -1.09702, 2.43781, 0.121891, -0.79229, -0.548508, 2.5597, 
  -0.609454, 0.182836, -0.79229, 0.79229, -0.365672, -0.426617, 1.64552, 1.70647, -0.243781, -0.731344, 
  -0.0609454, -1.3408, -0.426617, 2.43781, -0.79229, -0.548508, -0.426617, -0.487563, -1.46269, -0.853235, 
  0., -0.548508, 0.853235, -0.304727, 1.21891, -1.15796, -0.670399, -0.79229, -0.731344, -0.670399, 
  -0.548508, -1.15796, -0.79229, -0.487563, 1.27985, -0.79229, -0.426617, 1.03607, 0.243781, 0.243781, 
  -1.58458, -0.121891, 1.88931, -0.548508, -0.79229, -0.609454, -0.426617, 0.182836, 0., 0.487563, 
  2.5597, -0.304727, -0.304727, -1.27985, -0.304727, 0.548508, 0.487563, 0., 0., -0.121891, 
  0.304727, 1.09702, -1.21891, 0.975126, -1.46269, -0.365672, 1.64552, -0.91418, 0.79229, 0.365672, 
  0.426617, -1.21891, 1.64552, 1.27985, -0.975126, -0.243781, 0.670399, -0.670399, 0.548508, 0.91418, 
  0.304727, 0.304727, 2.49876, 0.670399, -1.40174, -0.121891, 0.853235, -0.853235, 0.243781, -0.487563, 
  0.731344, -0.365672, -0.182836, 0.548508, 1.09702, -0.304727, -0.91418, -0.182836, -0.121891, -0.731344, 
  4.08334, -1.09702, -0.975126, -0.670399, -1.3408, 0.426617, -0.79229, 1.76742, 0.975126, -0.121891, 
  -0.609454, -1.27985, 1.09702, -0.731344, -0.487563, -0.731344, -0.91418, -0.79229, 2.25498, -0.79229, 
  -1.21891, -0.853235, -1.15796, 0.243781, 0.243781, -1.15796, -0.731344, 0.426617, -0.548508, 3.9005, 
  -0.487563, 0.426617, 2.80349, 0.121891, -0.0609454, 0.304727, -1.03607, -1.40174, 0.121891, -1.40174, 
  -1.15796, -1.15796, 0.243781, 0.609454, -0.853235, -0.731344, 1.09702, 0.426617, -0.548508, -1.27985, 
  0.670399, 2.62065, 0.121891, -0.0609454, -1.15796, -0.853235, -0.426617, -1.3408, 0.365672, 1.40174, 
  0.91418, 0.609454, 0.609454, -0.79229, 1.15796, -0.975126, -0.304727, -0.91418, 0.548508, 0.121891, 
  0.609454, 2.62065, 1.03607, 0.121891, 0., -0.670399, -0.731344, 0.609454, -0.731344, -0.365672, 
  -0.731344, -0.0609454, 0.670399, 0.731344, -0.365672, 2.19403, -0.609454, 0.426617, 0.304727, -1.27985, 
  0., 0.426617, 0.182836, -1.3408, 1.3408, 0.243781, -0.731344, -1.21891, 0.91418, 0.609454, 
  -0.609454, -1.21891, -0.548508, -0.426617, 0.91418, 1.03607, -0.365672, -0.853235, 0., 0.853235, 
  0.426617, 0.79229, -1.15796, 1.09702, 0.121891, 0.487563, -1.95025, 0.975126, -0.609454, 2.37687, 
  1.09702, 0.853235, 1.58458, -0.0609454, 1.09702, -0.609454, 0.975126, 1.40174, -0.304727, -0.731344, 
  -0.0609454, -0.365672, -0.731344, 1.88931, 1.40174, -0.670399, 0., -0.79229, 0.182836, -1.03607, 
  -0.79229, -0.975126, -0.304727, 0.548508, 0.182836, 0.853235, 2.13309, 0.304727, -0.243781, -0.365672, 
  -1.52363, -0.91418, -0.365672, -0.365672, 1.27985, 0.0609454, 0.182836, -0.304727, -0.426617, -1.09702, 
  -0.243781, 1.15796, 2.62065, 0.365672, -0.670399, 0.670399, 0.609454, -1.27985, 1.09702, -1.27985, 
  -0.670399, -0.731344, -0.670399, 0.609454, 0.365672, -1.82836, -1.09702, -0.121891, 0.609454, -0.670399, 
  -0.243781, -1.09702, 0.731344, -0.731344, -0.243781, -0.853235, -0.121891, -0.304727, -0.487563, -0.365672, 
  -0.609454, -0.670399, -0.853235, -0.548508, 2.98632, 1.40174, 0.304727, -0.79229, -0.182836, 0.243781, 
  0.731344, -0.609454, 0.670399, -0.426617, -1.27985, 1.03607, -0.548508, -1.03607, -0.0609454, -0.243781, 
  -1.58458, 0.365672, 1.27985, 0.609454, -1.09702, -1.58458, -1.46269, -0.79229, 0.853235, -1.46269, 
  -0.365672, -0.121891, 0.548508, -0.243781, -1.64552, -0.670399, -0.426617, -1.27985, -0.365672, 0.121891, 
  0.121891, -1.03607, 0.365672, -0.731344, -0.487563, -1.64552, -1.3408, -1.27985, -1.15796, -0.487563, 
  -0.487563, -0.487563, 2.07214, 3.2301, -0.975126, 2.43781, 0.243781, -0.182836, 0.365672, 0., 
  1.70647, -1.03607, 0.487563, -0.548508, 1.52363, -0.365672, -0.121891, 0.182836, 1.58458, -0.853235, 
  1.27985, -0.670399, -1.03607, 0.609454, -0.487563, -0.975126, -0.121891, -0.121891, -0.0609454, 0.670399, 
  0.426617, 1.03607, 0.365672, -0.487563, -0.91418, 0.0609454, -1.21891, -0.426617, -0.182836, 0.0609454, 
  -1.09702, -1.09702, -0.426617, -1.15796, -1.09702, -0.91418, -1.03607, -0.426617, -0.853235, -0.243781, 
  -0.91418, -0.670399, -0.609454, -1.03607, -1.27985, -0.548508, -0.548508, -0.79229, -0.79229, -0.548508, 
  -0.91418, 0.365672, -0.79229, -0.487563, 0.304727, -0.548508, -0.975126, -0.731344, 0.426617, -0.670399, 
  -0.548508, -0.487563, -0.731344, -0.79229, -0.853235, -1.3408, -0.975126, -0.0609454, -0.487563, -0.609454, 
  -1.3408, -1.03607, -0.79229, -1.52363, -0.365672, -0.121891, -0.243781, 0.79229, -0.548508, -1.40174, 
  -0.365672, -0.731344, -2.13309, -0.670399, -0.304727, -0.731344, -1.3408, -1.3408, -0.121891, 0.243781, 
  -1.03607, -0.79229, -0.853235, -0.91418, -0.853235, -0.426617, -0.853235, -0.79229, -1.27985, 2.0112, 
])
