PERF_LOG : quantize_per_tensor : 12288 : elements : 639277 : cycles : 0.02 : elements/cycle : 52.02 : cycles/elements
PERF_LOG : quantized_conv2d_nchw : 65536 : elements : 171255025 : cycles : 0.00 : elements/cycle : 2613.14 : cycles/elements
PERF_LOG : quantized_relu_per_tensor : 65536 : elements : 6768466 : cycles : 0.01 : elements/cycle : 103.28 : cycles/elements
PERF_LOG : dequantize_per_tensor : 65536 : elements : 1245274 : cycles : 0.05 : elements/cycle : 19.00 : cycles/elements
PERF_LOG : max_pool2d : 16384 : elements : 10016621 : cycles : 0.00 : elements/cycle : 611.37 : cycles/elements
PERF_LOG : quantize_per_tensor : 16384 : elements : 852273 : cycles : 0.02 : elements/cycle : 52.02 : cycles/elements
PERF_LOG : quantized_conv2d_nchw : 65536 : elements : 97659391 : cycles : 0.00 : elements/cycle : 1490.16 : cycles/elements
PERF_LOG : quantized_conv2d_nchw : 16384 : elements : 24415039 : cycles : 0.00 : elements/cycle : 1490.18 : cycles/elements
PERF_LOG : quantized_relu_per_tensor : 16384 : elements : 1517320 : cycles : 0.01 : elements/cycle : 92.61 : cycles/elements
PERF_LOG : quantized_conv2d_nchw : 16384 : elements : 191513463 : cycles : 0.00 : elements/cycle : 11689.05 : cycles/elements
PERF_LOG : quantized_relu_per_tensor : 16384 : elements : 1592028 : cycles : 0.01 : elements/cycle : 97.17 : cycles/elements
PERF_LOG : quantized_conv2d_nchw : 65536 : elements : 97659391 : cycles : 0.00 : elements/cycle : 1490.16 : cycles/elements
PERF_LOG : dequantize_per_tensor : 65536 : elements : 1245274 : cycles : 0.05 : elements/cycle : 19.00 : cycles/elements
PERF_LOG : dequantize_per_tensor : 65536 : elements : 1245274 : cycles : 0.05 : elements/cycle : 19.00 : cycles/elements
PERF_LOG : add : 65536 : elements : 18547601 : cycles : 0.00 : elements/cycle : 283.01 : cycles/elements
PERF_LOG : quantize_per_tensor : 65536 : elements : 3408173 : cycles : 0.02 : elements/cycle : 52.00 : cycles/elements
PERF_LOG : quantized_relu_per_tensor : 65536 : elements : 6055362 : cycles : 0.01 : elements/cycle : 92.40 : cycles/elements
PERF_LOG : quantized_conv2d_nchw : 16384 : elements : 93621055 : cycles : 0.00 : elements/cycle : 5714.18 : cycles/elements
PERF_LOG : quantized_relu_per_tensor : 16384 : elements : 1520988 : cycles : 0.01 : elements/cycle : 92.83 : cycles/elements
PERF_LOG : quantized_conv2d_nchw : 16384 : elements : 191513463 : cycles : 0.00 : elements/cycle : 11689.05 : cycles/elements
PERF_LOG : quantized_relu_per_tensor : 16384 : elements : 1610812 : cycles : 0.01 : elements/cycle : 98.32 : cycles/elements
PERF_LOG : quantized_conv2d_nchw : 65536 : elements : 97659391 : cycles : 0.00 : elements/cycle : 1490.16 : cycles/elements
PERF_LOG : dequantize_per_tensor : 65536 : elements : 1245274 : cycles : 0.05 : elements/cycle : 19.00 : cycles/elements
PERF_LOG : dequantize_per_tensor : 65536 : elements : 1245274 : cycles : 0.05 : elements/cycle : 19.00 : cycles/elements
PERF_LOG : add : 65536 : elements : 18547601 : cycles : 0.00 : elements/cycle : 283.01 : cycles/elements
PERF_LOG : quantize_per_tensor : 65536 : elements : 3408175 : cycles : 0.02 : elements/cycle : 52.00 : cycles/elements
PERF_LOG : quantized_relu_per_tensor : 65536 : elements : 6205920 : cycles : 0.01 : elements/cycle : 94.69 : cycles/elements
PERF_LOG : quantized_conv2d_nchw : 16384 : elements : 93621055 : cycles : 0.00 : elements/cycle : 5714.18 : cycles/elements
PERF_LOG : quantized_relu_per_tensor : 16384 : elements : 1566296 : cycles : 0.01 : elements/cycle : 95.60 : cycles/elements
PERF_LOG : quantized_conv2d_nchw : 16384 : elements : 191513463 : cycles : 0.00 : elements/cycle : 11689.05 : cycles/elements
PERF_LOG : quantized_relu_per_tensor : 16384 : elements : 1537260 : cycles : 0.01 : elements/cycle : 93.83 : cycles/elements
PERF_LOG : quantized_conv2d_nchw : 65536 : elements : 97659391 : cycles : 0.00 : elements/cycle : 1490.16 : cycles/elements
PERF_LOG : dequantize_per_tensor : 65536 : elements : 1245274 : cycles : 0.05 : elements/cycle : 19.00 : cycles/elements
PERF_LOG : dequantize_per_tensor : 65536 : elements : 1245274 : cycles : 0.05 : elements/cycle : 19.00 : cycles/elements
PERF_LOG : add : 65536 : elements : 18547601 : cycles : 0.00 : elements/cycle : 283.01 : cycles/elements
PERF_LOG : quantize_per_tensor : 65536 : elements : 3408182 : cycles : 0.02 : elements/cycle : 52.00 : cycles/elements
PERF_LOG : quantized_relu_per_tensor : 65536 : elements : 6218432 : cycles : 0.01 : elements/cycle : 94.89 : cycles/elements
PERF_LOG : quantized_conv2d_nchw : 32768 : elements : 187282178 : cycles : 0.00 : elements/cycle : 5715.40 : cycles/elements
PERF_LOG : quantized_conv2d_nchw : 32768 : elements : 187241855 : cycles : 0.00 : elements/cycle : 5714.17 : cycles/elements
PERF_LOG : quantized_relu_per_tensor : 32768 : elements : 2853266 : cycles : 0.01 : elements/cycle : 87.07 : cycles/elements
PERF_LOG : quantized_conv2d_nchw : 8192 : elements : 190216153 : cycles : 0.00 : elements/cycle : 23219.75 : cycles/elements
PERF_LOG : quantized_relu_per_tensor : 8192 : elements : 798616 : cycles : 0.01 : elements/cycle : 97.49 : cycles/elements
PERF_LOG : quantized_conv2d_nchw : 32768 : elements : 95007490 : cycles : 0.00 : elements/cycle : 2899.40 : cycles/elements
PERF_LOG : dequantize_per_tensor : 32768 : elements : 622682 : cycles : 0.05 : elements/cycle : 19.00 : cycles/elements
PERF_LOG : dequantize_per_tensor : 32768 : elements : 622682 : cycles : 0.05 : elements/cycle : 19.00 : cycles/elements
PERF_LOG : add : 32768 : elements : 9274257 : cycles : 0.00 : elements/cycle : 283.03 : cycles/elements
PERF_LOG : quantize_per_tensor : 32768 : elements : 1704236 : cycles : 0.02 : elements/cycle : 52.01 : cycles/elements
PERF_LOG : quantized_relu_per_tensor : 32768 : elements : 3083596 : cycles : 0.01 : elements/cycle : 94.10 : cycles/elements
PERF_LOG : quantized_conv2d_nchw : 8192 : elements : 92958082 : cycles : 0.00 : elements/cycle : 11347.42 : cycles/elements
PERF_LOG : quantized_relu_per_tensor : 8192 : elements : 747120 : cycles : 0.01 : elements/cycle : 91.20 : cycles/elements
PERF_LOG : quantized_conv2d_nchw : 8192 : elements : 181106647 : cycles : 0.00 : elements/cycle : 22107.74 : cycles/elements
PERF_LOG : quantized_relu_per_tensor : 8192 : elements : 753112 : cycles : 0.01 : elements/cycle : 91.93 : cycles/elements
PERF_LOG : quantized_conv2d_nchw : 32768 : elements : 95007490 : cycles : 0.00 : elements/cycle : 2899.40 : cycles/elements
PERF_LOG : dequantize_per_tensor : 32768 : elements : 622682 : cycles : 0.05 : elements/cycle : 19.00 : cycles/elements
PERF_LOG : dequantize_per_tensor : 32768 : elements : 622682 : cycles : 0.05 : elements/cycle : 19.00 : cycles/elements
PERF_LOG : add : 32768 : elements : 9274257 : cycles : 0.00 : elements/cycle : 283.03 : cycles/elements
PERF_LOG : quantize_per_tensor : 32768 : elements : 1704236 : cycles : 0.02 : elements/cycle : 52.01 : cycles/elements
PERF_LOG : quantized_relu_per_tensor : 32768 : elements : 3071556 : cycles : 0.01 : elements/cycle : 93.74 : cycles/elements
PERF_LOG : quantized_conv2d_nchw : 8192 : elements : 92958082 : cycles : 0.00 : elements/cycle : 11347.42 : cycles/elements
PERF_LOG : quantized_relu_per_tensor : 8192 : elements : 735670 : cycles : 0.01 : elements/cycle : 89.80 : cycles/elements
PERF_LOG : quantized_conv2d_nchw : 8192 : elements : 181106647 : cycles : 0.00 : elements/cycle : 22107.74 : cycles/elements
PERF_LOG : quantized_relu_per_tensor : 8192 : elements : 752972 : cycles : 0.01 : elements/cycle : 91.92 : cycles/elements
PERF_LOG : quantized_conv2d_nchw : 32768 : elements : 95007490 : cycles : 0.00 : elements/cycle : 2899.40 : cycles/elements
PERF_LOG : dequantize_per_tensor : 32768 : elements : 622682 : cycles : 0.05 : elements/cycle : 19.00 : cycles/elements
PERF_LOG : dequantize_per_tensor : 32768 : elements : 622682 : cycles : 0.05 : elements/cycle : 19.00 : cycles/elements
PERF_LOG : add : 32768 : elements : 9274257 : cycles : 0.00 : elements/cycle : 283.03 : cycles/elements
PERF_LOG : quantize_per_tensor : 32768 : elements : 1704243 : cycles : 0.02 : elements/cycle : 52.01 : cycles/elements
PERF_LOG : quantized_relu_per_tensor : 32768 : elements : 3025804 : cycles : 0.01 : elements/cycle : 92.34 : cycles/elements
PERF_LOG : quantized_conv2d_nchw : 8192 : elements : 92958082 : cycles : 0.00 : elements/cycle : 11347.42 : cycles/elements
PERF_LOG : quantized_relu_per_tensor : 8192 : elements : 737854 : cycles : 0.01 : elements/cycle : 90.07 : cycles/elements
PERF_LOG : quantized_conv2d_nchw : 8192 : elements : 181106647 : cycles : 0.00 : elements/cycle : 22107.74 : cycles/elements
PERF_LOG : quantized_relu_per_tensor : 8192 : elements : 747740 : cycles : 0.01 : elements/cycle : 91.28 : cycles/elements
PERF_LOG : quantized_conv2d_nchw : 32768 : elements : 95007490 : cycles : 0.00 : elements/cycle : 2899.40 : cycles/elements
PERF_LOG : dequantize_per_tensor : 32768 : elements : 622682 : cycles : 0.05 : elements/cycle : 19.00 : cycles/elements
PERF_LOG : dequantize_per_tensor : 32768 : elements : 622682 : cycles : 0.05 : elements/cycle : 19.00 : cycles/elements
PERF_LOG : add : 32768 : elements : 9274257 : cycles : 0.00 : elements/cycle : 283.03 : cycles/elements
PERF_LOG : quantize_per_tensor : 32768 : elements : 1704236 : cycles : 0.02 : elements/cycle : 52.01 : cycles/elements
PERF_LOG : quantized_relu_per_tensor : 32768 : elements : 2992932 : cycles : 0.01 : elements/cycle : 91.34 : cycles/elements
PERF_LOG : quantized_conv2d_nchw : 16384 : elements : 185959685 : cycles : 0.00 : elements/cycle : 11350.08 : cycles/elements
PERF_LOG : quantized_conv2d_nchw : 16384 : elements : 185915906 : cycles : 0.00 : elements/cycle : 11347.41 : cycles/elements
PERF_LOG : quantized_relu_per_tensor : 16384 : elements : 1358394 : cycles : 0.01 : elements/cycle : 82.91 : cycles/elements
PERF_LOG : quantized_conv2d_nchw : 4096 : elements : 179605657 : cycles : 0.00 : elements/cycle : 43849.04 : cycles/elements
PERF_LOG : quantized_relu_per_tensor : 4096 : elements : 418554 : cycles : 0.01 : elements/cycle : 102.19 : cycles/elements
PERF_LOG : quantized_conv2d_nchw : 16384 : elements : 93684994 : cycles : 0.00 : elements/cycle : 5718.08 : cycles/elements
PERF_LOG : dequantize_per_tensor : 16384 : elements : 311386 : cycles : 0.05 : elements/cycle : 19.01 : cycles/elements
PERF_LOG : dequantize_per_tensor : 16384 : elements : 311386 : cycles : 0.05 : elements/cycle : 19.01 : cycles/elements
PERF_LOG : add : 16384 : elements : 4637585 : cycles : 0.00 : elements/cycle : 283.06 : cycles/elements
PERF_LOG : quantize_per_tensor : 16384 : elements : 852272 : cycles : 0.02 : elements/cycle : 52.02 : cycles/elements
PERF_LOG : quantized_relu_per_tensor : 16384 : elements : 1453648 : cycles : 0.01 : elements/cycle : 88.72 : cycles/elements
PERF_LOG : quantized_conv2d_nchw : 4096 : elements : 92627458 : cycles : 0.00 : elements/cycle : 22614.13 : cycles/elements
PERF_LOG : quantized_relu_per_tensor : 4096 : elements : 356200 : cycles : 0.01 : elements/cycle : 86.96 : cycles/elements
PERF_LOG : quantized_conv2d_nchw : 4096 : elements : 162566295 : cycles : 0.00 : elements/cycle : 39689.04 : cycles/elements
PERF_LOG : quantized_relu_per_tensor : 4096 : elements : 363954 : cycles : 0.01 : elements/cycle : 88.86 : cycles/elements
PERF_LOG : quantized_conv2d_nchw : 16384 : elements : 93684994 : cycles : 0.00 : elements/cycle : 5718.08 : cycles/elements
PERF_LOG : dequantize_per_tensor : 16384 : elements : 311386 : cycles : 0.05 : elements/cycle : 19.01 : cycles/elements
PERF_LOG : dequantize_per_tensor : 16384 : elements : 311386 : cycles : 0.05 : elements/cycle : 19.01 : cycles/elements
PERF_LOG : add : 16384 : elements : 4637585 : cycles : 0.00 : elements/cycle : 283.06 : cycles/elements
PERF_LOG : quantize_per_tensor : 16384 : elements : 852271 : cycles : 0.02 : elements/cycle : 52.02 : cycles/elements
PERF_LOG : quantized_relu_per_tensor : 16384 : elements : 1499038 : cycles : 0.01 : elements/cycle : 91.49 : cycles/elements
PERF_LOG : quantized_conv2d_nchw : 4096 : elements : 92627458 : cycles : 0.00 : elements/cycle : 22614.13 : cycles/elements
PERF_LOG : quantized_relu_per_tensor : 4096 : elements : 349758 : cycles : 0.01 : elements/cycle : 85.39 : cycles/elements
PERF_LOG : quantized_conv2d_nchw : 4096 : elements : 162566295 : cycles : 0.00 : elements/cycle : 39689.04 : cycles/elements
PERF_LOG : quantized_relu_per_tensor : 4096 : elements : 365186 : cycles : 0.01 : elements/cycle : 89.16 : cycles/elements
PERF_LOG : quantized_conv2d_nchw : 16384 : elements : 93684994 : cycles : 0.00 : elements/cycle : 5718.08 : cycles/elements
PERF_LOG : dequantize_per_tensor : 16384 : elements : 311386 : cycles : 0.05 : elements/cycle : 19.01 : cycles/elements
PERF_LOG : dequantize_per_tensor : 16384 : elements : 311386 : cycles : 0.05 : elements/cycle : 19.01 : cycles/elements
PERF_LOG : add : 16384 : elements : 4637585 : cycles : 0.00 : elements/cycle : 283.06 : cycles/elements
PERF_LOG : quantize_per_tensor : 16384 : elements : 852268 : cycles : 0.02 : elements/cycle : 52.02 : cycles/elements
PERF_LOG : quantized_relu_per_tensor : 16384 : elements : 1512952 : cycles : 0.01 : elements/cycle : 92.34 : cycles/elements
PERF_LOG : quantized_conv2d_nchw : 4096 : elements : 92627458 : cycles : 0.00 : elements/cycle : 22614.13 : cycles/elements
PERF_LOG : quantized_relu_per_tensor : 4096 : elements : 357458 : cycles : 0.01 : elements/cycle : 87.27 : cycles/elements
PERF_LOG : quantized_conv2d_nchw : 4096 : elements : 162566295 : cycles : 0.00 : elements/cycle : 39689.04 : cycles/elements
PERF_LOG : quantized_relu_per_tensor : 4096 : elements : 363366 : cycles : 0.01 : elements/cycle : 88.71 : cycles/elements
PERF_LOG : quantized_conv2d_nchw : 16384 : elements : 93684994 : cycles : 0.00 : elements/cycle : 5718.08 : cycles/elements
PERF_LOG : dequantize_per_tensor : 16384 : elements : 311386 : cycles : 0.05 : elements/cycle : 19.01 : cycles/elements
PERF_LOG : dequantize_per_tensor : 16384 : elements : 311386 : cycles : 0.05 : elements/cycle : 19.01 : cycles/elements
