PERF_LOG : quantize_asym8s : 12288 : elements (DMA ping-pong) : 6669 : cycles : 1.84 : elements (DMA ping-pong)/cycle : 0.54 : cycles/elements (DMA ping-pong)
PERF_LOG : conv2d : 12288 : elements : 248264 : cycles : 0.05 : elements/cycle : 20.20 : cycles/elements
PERF_LOG : quantized_relu : 65536 : elements (DMA ping-pong) : 23590 : cycles : 2.78 : elements (DMA ping-pong)/cycle : 0.36 : cycles/elements (DMA ping-pong)
PERF_LOG : dequantize_asym8s : 65536 : elements (DMA ping-pong) : 21994 : cycles : 2.98 : elements (DMA ping-pong)/cycle : 0.34 : cycles/elements (DMA ping-pong)
PERF_LOG : maxpool : 65536 : floats : 128876 : cycles : 0.51 : floats/cycle : 1.97 : cycles/floats
PERF_LOG : quantize_asym8s : 16384 : elements (DMA ping-pong) : 8291 : cycles : 1.98 : elements (DMA ping-pong)/cycle : 0.51 : cycles/elements (DMA ping-pong)
PERF_LOG : conv2d : 16384 : elements : 142615 : cycles : 0.11 : elements/cycle : 8.70 : cycles/elements
PERF_LOG : conv2d : 16384 : elements : 38092 : cycles : 0.43 : elements/cycle : 2.32 : cycles/elements
PERF_LOG : quantized_relu : 16384 : elements (DMA ping-pong) : 7508 : cycles : 2.18 : elements (DMA ping-pong)/cycle : 0.46 : cycles/elements (DMA ping-pong)
PERF_LOG : conv2d : 16384 : elements : 246200 : cycles : 0.07 : elements/cycle : 15.03 : cycles/elements
PERF_LOG : quantized_relu : 16384 : elements (DMA ping-pong) : 7508 : cycles : 2.18 : elements (DMA ping-pong)/cycle : 0.46 : cycles/elements (DMA ping-pong)
PERF_LOG : conv2d : 16384 : elements : 142600 : cycles : 0.11 : elements/cycle : 8.70 : cycles/elements
PERF_LOG : dequantize_asym8s : 65536 : elements (DMA ping-pong) : 21994 : cycles : 2.98 : elements (DMA ping-pong)/cycle : 0.34 : cycles/elements (DMA ping-pong)
PERF_LOG : dequantize_asym8s : 65536 : elements (DMA ping-pong) : 21994 : cycles : 2.98 : elements (DMA ping-pong)/cycle : 0.34 : cycles/elements (DMA ping-pong)
PERF_LOG : add_float : 65536 : elements (DMA ping-pong) : 40689 : cycles : 1.61 : elements (DMA ping-pong)/cycle : 0.62 : cycles/elements (DMA ping-pong)
PERF_LOG : quantize_asym8s : 65536 : elements (DMA ping-pong) : 23851 : cycles : 2.75 : elements (DMA ping-pong)/cycle : 0.36 : cycles/elements (DMA ping-pong)
PERF_LOG : quantized_relu : 65536 : elements (DMA ping-pong) : 23590 : cycles : 2.78 : elements (DMA ping-pong)/cycle : 0.36 : cycles/elements (DMA ping-pong)
PERF_LOG : conv2d : 65536 : elements : 103233 : cycles : 0.63 : elements/cycle : 1.58 : cycles/elements
PERF_LOG : quantized_relu : 16384 : elements (DMA ping-pong) : 7508 : cycles : 2.18 : elements (DMA ping-pong)/cycle : 0.46 : cycles/elements (DMA ping-pong)
PERF_LOG : conv2d : 16384 : elements : 246204 : cycles : 0.07 : elements/cycle : 15.03 : cycles/elements
PERF_LOG : quantized_relu : 16384 : elements (DMA ping-pong) : 7508 : cycles : 2.18 : elements (DMA ping-pong)/cycle : 0.46 : cycles/elements (DMA ping-pong)
PERF_LOG : conv2d : 16384 : elements : 142527 : cycles : 0.11 : elements/cycle : 8.70 : cycles/elements
PERF_LOG : dequantize_asym8s : 65536 : elements (DMA ping-pong) : 21994 : cycles : 2.98 : elements (DMA ping-pong)/cycle : 0.34 : cycles/elements (DMA ping-pong)
PERF_LOG : dequantize_asym8s : 65536 : elements (DMA ping-pong) : 21994 : cycles : 2.98 : elements (DMA ping-pong)/cycle : 0.34 : cycles/elements (DMA ping-pong)
PERF_LOG : add_float : 65536 : elements (DMA ping-pong) : 40689 : cycles : 1.61 : elements (DMA ping-pong)/cycle : 0.62 : cycles/elements (DMA ping-pong)
PERF_LOG : quantize_asym8s : 65536 : elements (DMA ping-pong) : 23851 : cycles : 2.75 : elements (DMA ping-pong)/cycle : 0.36 : cycles/elements (DMA ping-pong)
PERF_LOG : quantized_relu : 65536 : elements (DMA ping-pong) : 23590 : cycles : 2.78 : elements (DMA ping-pong)/cycle : 0.36 : cycles/elements (DMA ping-pong)
PERF_LOG : conv2d : 65536 : elements : 103238 : cycles : 0.63 : elements/cycle : 1.58 : cycles/elements
PERF_LOG : quantized_relu : 16384 : elements (DMA ping-pong) : 7508 : cycles : 2.18 : elements (DMA ping-pong)/cycle : 0.46 : cycles/elements (DMA ping-pong)
PERF_LOG : conv2d : 16384 : elements : 246201 : cycles : 0.07 : elements/cycle : 15.03 : cycles/elements
PERF_LOG : quantized_relu : 16384 : elements (DMA ping-pong) : 7508 : cycles : 2.18 : elements (DMA ping-pong)/cycle : 0.46 : cycles/elements (DMA ping-pong)
PERF_LOG : conv2d : 16384 : elements : 142602 : cycles : 0.11 : elements/cycle : 8.70 : cycles/elements
PERF_LOG : dequantize_asym8s : 65536 : elements (DMA ping-pong) : 21994 : cycles : 2.98 : elements (DMA ping-pong)/cycle : 0.34 : cycles/elements (DMA ping-pong)
PERF_LOG : dequantize_asym8s : 65536 : elements (DMA ping-pong) : 21994 : cycles : 2.98 : elements (DMA ping-pong)/cycle : 0.34 : cycles/elements (DMA ping-pong)
PERF_LOG : add_float : 65536 : elements (DMA ping-pong) : 40689 : cycles : 1.61 : elements (DMA ping-pong)/cycle : 0.62 : cycles/elements (DMA ping-pong)
PERF_LOG : quantize_asym8s : 65536 : elements (DMA ping-pong) : 23851 : cycles : 2.75 : elements (DMA ping-pong)/cycle : 0.36 : cycles/elements (DMA ping-pong)
PERF_LOG : quantized_relu : 65536 : elements (DMA ping-pong) : 23590 : cycles : 2.78 : elements (DMA ping-pong)/cycle : 0.36 : cycles/elements (DMA ping-pong)
PERF_LOG : conv2d : 65536 : elements : 1007177 : cycles : 0.07 : elements/cycle : 15.37 : cycles/elements
PERF_LOG : conv2d : 65536 : elements : 195438 : cycles : 0.34 : elements/cycle : 2.98 : cycles/elements
PERF_LOG : quantized_relu : 32768 : elements (DMA ping-pong) : 13204 : cycles : 2.48 : elements (DMA ping-pong)/cycle : 0.40 : cycles/elements (DMA ping-pong)
PERF_LOG : conv2d : 32768 : elements : 852766 : cycles : 0.04 : elements/cycle : 26.02 : cycles/elements
PERF_LOG : quantized_relu : 8192 : elements (DMA ping-pong) : 4634 : cycles : 1.77 : elements (DMA ping-pong)/cycle : 0.57 : cycles/elements (DMA ping-pong)
PERF_LOG : conv2d : 8192 : elements : 395821 : cycles : 0.02 : elements/cycle : 48.32 : cycles/elements
PERF_LOG : dequantize_asym8s : 32768 : elements (DMA ping-pong) : 11988 : cycles : 2.73 : elements (DMA ping-pong)/cycle : 0.37 : cycles/elements (DMA ping-pong)
PERF_LOG : dequantize_asym8s : 32768 : elements (DMA ping-pong) : 11988 : cycles : 2.73 : elements (DMA ping-pong)/cycle : 0.37 : cycles/elements (DMA ping-pong)
PERF_LOG : add_float : 32768 : elements (DMA ping-pong) : 21639 : cycles : 1.51 : elements (DMA ping-pong)/cycle : 0.66 : cycles/elements (DMA ping-pong)
PERF_LOG : quantize_asym8s : 32768 : elements (DMA ping-pong) : 13407 : cycles : 2.44 : elements (DMA ping-pong)/cycle : 0.41 : cycles/elements (DMA ping-pong)
PERF_LOG : quantized_relu : 32768 : elements (DMA ping-pong) : 13204 : cycles : 2.48 : elements (DMA ping-pong)/cycle : 0.40 : cycles/elements (DMA ping-pong)
PERF_LOG : conv2d : 32768 : elements : 326241 : cycles : 0.10 : elements/cycle : 9.96 : cycles/elements
PERF_LOG : quantized_relu : 8192 : elements (DMA ping-pong) : 4634 : cycles : 1.77 : elements (DMA ping-pong)/cycle : 0.57 : cycles/elements (DMA ping-pong)
PERF_LOG : conv2d : 8192 : elements : 770359 : cycles : 0.01 : elements/cycle : 94.04 : cycles/elements
PERF_LOG : quantized_relu : 8192 : elements (DMA ping-pong) : 4634 : cycles : 1.77 : elements (DMA ping-pong)/cycle : 0.57 : cycles/elements (DMA ping-pong)
PERF_LOG : conv2d : 8192 : elements : 395966 : cycles : 0.02 : elements/cycle : 48.34 : cycles/elements
PERF_LOG : dequantize_asym8s : 32768 : elements (DMA ping-pong) : 11988 : cycles : 2.73 : elements (DMA ping-pong)/cycle : 0.37 : cycles/elements (DMA ping-pong)
PERF_LOG : dequantize_asym8s : 32768 : elements (DMA ping-pong) : 11988 : cycles : 2.73 : elements (DMA ping-pong)/cycle : 0.37 : cycles/elements (DMA ping-pong)
PERF_LOG : add_float : 32768 : elements (DMA ping-pong) : 21639 : cycles : 1.51 : elements (DMA ping-pong)/cycle : 0.66 : cycles/elements (DMA ping-pong)
PERF_LOG : quantize_asym8s : 32768 : elements (DMA ping-pong) : 13407 : cycles : 2.44 : elements (DMA ping-pong)/cycle : 0.41 : cycles/elements (DMA ping-pong)
PERF_LOG : quantized_relu : 32768 : elements (DMA ping-pong) : 13204 : cycles : 2.48 : elements (DMA ping-pong)/cycle : 0.40 : cycles/elements (DMA ping-pong)
PERF_LOG : conv2d : 32768 : elements : 326074 : cycles : 0.10 : elements/cycle : 9.95 : cycles/elements
PERF_LOG : quantized_relu : 8192 : elements (DMA ping-pong) : 4634 : cycles : 1.77 : elements (DMA ping-pong)/cycle : 0.57 : cycles/elements (DMA ping-pong)
PERF_LOG : conv2d : 8192 : elements : 770188 : cycles : 0.01 : elements/cycle : 94.02 : cycles/elements
PERF_LOG : quantized_relu : 8192 : elements (DMA ping-pong) : 4634 : cycles : 1.77 : elements (DMA ping-pong)/cycle : 0.57 : cycles/elements (DMA ping-pong)
PERF_LOG : conv2d : 8192 : elements : 395881 : cycles : 0.02 : elements/cycle : 48.33 : cycles/elements
PERF_LOG : dequantize_asym8s : 32768 : elements (DMA ping-pong) : 11988 : cycles : 2.73 : elements (DMA ping-pong)/cycle : 0.37 : cycles/elements (DMA ping-pong)
PERF_LOG : dequantize_asym8s : 32768 : elements (DMA ping-pong) : 11988 : cycles : 2.73 : elements (DMA ping-pong)/cycle : 0.37 : cycles/elements (DMA ping-pong)
PERF_LOG : add_float : 32768 : elements (DMA ping-pong) : 21639 : cycles : 1.51 : elements (DMA ping-pong)/cycle : 0.66 : cycles/elements (DMA ping-pong)
PERF_LOG : quantize_asym8s : 32768 : elements (DMA ping-pong) : 13407 : cycles : 2.44 : elements (DMA ping-pong)/cycle : 0.41 : cycles/elements (DMA ping-pong)
PERF_LOG : quantized_relu : 32768 : elements (DMA ping-pong) : 13204 : cycles : 2.48 : elements (DMA ping-pong)/cycle : 0.40 : cycles/elements (DMA ping-pong)
PERF_LOG : conv2d : 32768 : elements : 326243 : cycles : 0.10 : elements/cycle : 9.96 : cycles/elements
PERF_LOG : quantized_relu : 8192 : elements (DMA ping-pong) : 4634 : cycles : 1.77 : elements (DMA ping-pong)/cycle : 0.57 : cycles/elements (DMA ping-pong)
PERF_LOG : conv2d : 8192 : elements : 770272 : cycles : 0.01 : elements/cycle : 94.03 : cycles/elements
PERF_LOG : quantized_relu : 8192 : elements (DMA ping-pong) : 4634 : cycles : 1.77 : elements (DMA ping-pong)/cycle : 0.57 : cycles/elements (DMA ping-pong)
PERF_LOG : conv2d : 8192 : elements : 395801 : cycles : 0.02 : elements/cycle : 48.32 : cycles/elements
PERF_LOG : dequantize_asym8s : 32768 : elements (DMA ping-pong) : 11988 : cycles : 2.73 : elements (DMA ping-pong)/cycle : 0.37 : cycles/elements (DMA ping-pong)
PERF_LOG : dequantize_asym8s : 32768 : elements (DMA ping-pong) : 11988 : cycles : 2.73 : elements (DMA ping-pong)/cycle : 0.37 : cycles/elements (DMA ping-pong)
PERF_LOG : add_float : 32768 : elements (DMA ping-pong) : 21639 : cycles : 1.51 : elements (DMA ping-pong)/cycle : 0.66 : cycles/elements (DMA ping-pong)
PERF_LOG : quantize_asym8s : 32768 : elements (DMA ping-pong) : 13407 : cycles : 2.44 : elements (DMA ping-pong)/cycle : 0.41 : cycles/elements (DMA ping-pong)
PERF_LOG : quantized_relu : 32768 : elements (DMA ping-pong) : 13204 : cycles : 2.48 : elements (DMA ping-pong)/cycle : 0.40 : cycles/elements (DMA ping-pong)
PERF_LOG : conv2d : 32768 : elements : 2718590 : cycles : 0.01 : elements/cycle : 82.96 : cycles/elements
PERF_LOG : conv2d : 32768 : elements : 645776 : cycles : 0.05 : elements/cycle : 19.71 : cycles/elements
PERF_LOG : quantized_relu : 16384 : elements (DMA ping-pong) : 7508 : cycles : 2.18 : elements (DMA ping-pong)/cycle : 0.46 : cycles/elements (DMA ping-pong)
PERF_LOG : conv2d : 16384 : elements : 2803267 : cycles : 0.01 : elements/cycle : 171.10 : cycles/elements
PERF_LOG : quantized_relu : 4096 : elements (DMA ping-pong) : 3191 : cycles : 1.28 : elements (DMA ping-pong)/cycle : 0.78 : cycles/elements (DMA ping-pong)
PERF_LOG : conv2d : 4096 : elements : 1133795 : cycles : 0.00 : elements/cycle : 276.81 : cycles/elements
PERF_LOG : dequantize_asym8s : 16384 : elements (DMA ping-pong) : 7293 : cycles : 2.25 : elements (DMA ping-pong)/cycle : 0.45 : cycles/elements (DMA ping-pong)
PERF_LOG : dequantize_asym8s : 16384 : elements (DMA ping-pong) : 7293 : cycles : 2.25 : elements (DMA ping-pong)/cycle : 0.45 : cycles/elements (DMA ping-pong)
PERF_LOG : add_float : 16384 : elements (DMA ping-pong) : 12115 : cycles : 1.35 : elements (DMA ping-pong)/cycle : 0.74 : cycles/elements (DMA ping-pong)
PERF_LOG : quantize_asym8s : 16384 : elements (DMA ping-pong) : 8291 : cycles : 1.98 : elements (DMA ping-pong)/cycle : 0.51 : cycles/elements (DMA ping-pong)
PERF_LOG : quantized_relu : 16384 : elements (DMA ping-pong) : 7508 : cycles : 2.18 : elements (DMA ping-pong)/cycle : 0.46 : cycles/elements (DMA ping-pong)
PERF_LOG : conv2d : 16384 : elements : 1031029 : cycles : 0.02 : elements/cycle : 62.93 : cycles/elements
PERF_LOG : quantized_relu : 4096 : elements (DMA ping-pong) : 3191 : cycles : 1.28 : elements (DMA ping-pong)/cycle : 0.78 : cycles/elements (DMA ping-pong)
PERF_LOG : conv2d : 4096 : elements : 2579653 : cycles : 0.00 : elements/cycle : 629.80 : cycles/elements
PERF_LOG : quantized_relu : 4096 : elements (DMA ping-pong) : 3191 : cycles : 1.28 : elements (DMA ping-pong)/cycle : 0.78 : cycles/elements (DMA ping-pong)
PERF_LOG : conv2d : 4096 : elements : 1133785 : cycles : 0.00 : elements/cycle : 276.80 : cycles/elements
PERF_LOG : dequantize_asym8s : 16384 : elements (DMA ping-pong) : 7293 : cycles : 2.25 : elements (DMA ping-pong)/cycle : 0.45 : cycles/elements (DMA ping-pong)
PERF_LOG : dequantize_asym8s : 16384 : elements (DMA ping-pong) : 7293 : cycles : 2.25 : elements (DMA ping-pong)/cycle : 0.45 : cycles/elements (DMA ping-pong)
PERF_LOG : add_float : 16384 : elements (DMA ping-pong) : 12115 : cycles : 1.35 : elements (DMA ping-pong)/cycle : 0.74 : cycles/elements (DMA ping-pong)
PERF_LOG : quantize_asym8s : 16384 : elements (DMA ping-pong) : 8291 : cycles : 1.98 : elements (DMA ping-pong)/cycle : 0.51 : cycles/elements (DMA ping-pong)
PERF_LOG : quantized_relu : 16384 : elements (DMA ping-pong) : 7508 : cycles : 2.18 : elements (DMA ping-pong)/cycle : 0.46 : cycles/elements (DMA ping-pong)
PERF_LOG : conv2d : 16384 : elements : 1030944 : cycles : 0.02 : elements/cycle : 62.92 : cycles/elements
PERF_LOG : quantized_relu : 4096 : elements (DMA ping-pong) : 3191 : cycles : 1.28 : elements (DMA ping-pong)/cycle : 0.78 : cycles/elements (DMA ping-pong)
PERF_LOG : conv2d : 4096 : elements : 2580228 : cycles : 0.00 : elements/cycle : 629.94 : cycles/elements
PERF_LOG : quantized_relu : 4096 : elements (DMA ping-pong) : 3191 : cycles : 1.28 : elements (DMA ping-pong)/cycle : 0.78 : cycles/elements (DMA ping-pong)
PERF_LOG : conv2d : 4096 : elements : 1133619 : cycles : 0.00 : elements/cycle : 276.76 : cycles/elements
PERF_LOG : dequantize_asym8s : 16384 : elements (DMA ping-pong) : 7293 : cycles : 2.25 : elements (DMA ping-pong)/cycle : 0.45 : cycles/elements (DMA ping-pong)
PERF_LOG : dequantize_asym8s : 16384 : elements (DMA ping-pong) : 7293 : cycles : 2.25 : elements (DMA ping-pong)/cycle : 0.45 : cycles/elements (DMA ping-pong)
PERF_LOG : add_float : 16384 : elements (DMA ping-pong) : 12115 : cycles : 1.35 : elements (DMA ping-pong)/cycle : 0.74 : cycles/elements (DMA ping-pong)
PERF_LOG : quantize_asym8s : 16384 : elements (DMA ping-pong) : 8291 : cycles : 1.98 : elements (DMA ping-pong)/cycle : 0.51 : cycles/elements (DMA ping-pong)
PERF_LOG : quantized_relu : 16384 : elements (DMA ping-pong) : 7508 : cycles : 2.18 : elements (DMA ping-pong)/cycle : 0.46 : cycles/elements (DMA ping-pong)
PERF_LOG : conv2d : 16384 : elements : 1031115 : cycles : 0.02 : elements/cycle : 62.93 : cycles/elements
PERF_LOG : quantized_relu : 4096 : elements (DMA ping-pong) : 3191 : cycles : 1.28 : elements (DMA ping-pong)/cycle : 0.78 : cycles/elements (DMA ping-pong)
PERF_LOG : conv2d : 4096 : elements : 2580068 : cycles : 0.00 : elements/cycle : 629.90 : cycles/elements
PERF_LOG : quantized_relu : 4096 : elements (DMA ping-pong) : 3191 : cycles : 1.28 : elements (DMA ping-pong)/cycle : 0.78 : cycles/elements (DMA ping-pong)
PERF_LOG : conv2d : 4096 : elements : 1133785 : cycles : 0.00 : elements/cycle : 276.80 : cycles/elements
PERF_LOG : dequantize_asym8s : 16384 : elements (DMA ping-pong) : 7293 : cycles : 2.25 : elements (DMA ping-pong)/cycle : 0.45 : cycles/elements (DMA ping-pong)
PERF_LOG : dequantize_asym8s : 16384 : elements (DMA ping-pong) : 7293 : cycles : 2.25 : elements (DMA ping-pong)/cycle : 0.45 : cycles/elements (DMA ping-pong)
PERF_LOG : add_float : 16384 : elements (DMA ping-pong) : 12115 : cycles : 1.35 : elements (DMA ping-pong)/cycle : 0.74 : cycles/elements (DMA ping-pong)
PERF_LOG : quantize_asym8s : 16384 : elements (DMA ping-pong) : 8291 : cycles : 1.98 : elements (DMA ping-pong)/cycle : 0.51 : cycles/elements (DMA ping-pong)
PERF_LOG : quantized_relu : 16384 : elements (DMA ping-pong) : 7508 : cycles : 2.18 : elements (DMA ping-pong)/cycle : 0.46 : cycles/elements (DMA ping-pong)
PERF_LOG : conv2d : 16384 : elements : 1030951 : cycles : 0.02 : elements/cycle : 62.92 : cycles/elements
PERF_LOG : quantized_relu : 4096 : elements (DMA ping-pong) : 3191 : cycles : 1.28 : elements (DMA ping-pong)/cycle : 0.78 : cycles/elements (DMA ping-pong)
PERF_LOG : conv2d : 4096 : elements : 2579654 : cycles : 0.00 : elements/cycle : 629.80 : cycles/elements
PERF_LOG : quantized_relu : 4096 : elements (DMA ping-pong) : 3191 : cycles : 1.28 : elements (DMA ping-pong)/cycle : 0.78 : cycles/elements (DMA ping-pong)
PERF_LOG : conv2d : 4096 : elements : 1133789 : cycles : 0.00 : elements/cycle : 276.80 : cycles/elements
PERF_LOG : dequantize_asym8s : 16384 : elements (DMA ping-pong) : 7293 : cycles : 2.25 : elements (DMA ping-pong)/cycle : 0.45 : cycles/elements (DMA ping-pong)
PERF_LOG : dequantize_asym8s : 16384 : elements (DMA ping-pong) : 7293 : cycles : 2.25 : elements (DMA ping-pong)/cycle : 0.45 : cycles/elements (DMA ping-pong)
PERF_LOG : add_float : 16384 : elements (DMA ping-pong) : 12115 : cycles : 1.35 : elements (DMA ping-pong)/cycle : 0.74 : cycles/elements (DMA ping-pong)
PERF_LOG : quantize_asym8s : 16384 : elements (DMA ping-pong) : 8291 : cycles : 1.98 : elements (DMA ping-pong)/cycle : 0.51 : cycles/elements (DMA ping-pong)
PERF_LOG : quantized_relu : 16384 : elements (DMA ping-pong) : 7508 : cycles : 2.18 : elements (DMA ping-pong)/cycle : 0.46 : cycles/elements (DMA ping-pong)
PERF_LOG : conv2d : 16384 : elements : 1031033 : cycles : 0.02 : elements/cycle : 62.93 : cycles/elements
PERF_LOG : quantized_relu : 4096 : elements (DMA ping-pong) : 3191 : cycles : 1.28 : elements (DMA ping-pong)/cycle : 0.78 : cycles/elements (DMA ping-pong)
PERF_LOG : conv2d : 4096 : elements : 2580149 : cycles : 0.00 : elements/cycle : 629.92 : cycles/elements
PERF_LOG : quantized_relu : 4096 : elements (DMA ping-pong) : 3191 : cycles : 1.28 : elements (DMA ping-pong)/cycle : 0.78 : cycles/elements (DMA ping-pong)
PERF_LOG : conv2d : 4096 : elements : 1133706 : cycles : 0.00 : elements/cycle : 276.78 : cycles/elements
PERF_LOG : dequantize_asym8s : 16384 : elements (DMA ping-pong) : 7293 : cycles : 2.25 : elements (DMA ping-pong)/cycle : 0.45 : cycles/elements (DMA ping-pong)
PERF_LOG : dequantize_asym8s : 16384 : elements (DMA ping-pong) : 7293 : cycles : 2.25 : elements (DMA ping-pong)/cycle : 0.45 : cycles/elements (DMA ping-pong)
PERF_LOG : add_float : 16384 : elements (DMA ping-pong) : 12115 : cycles : 1.35 : elements (DMA ping-pong)/cycle : 0.74 : cycles/elements (DMA ping-pong)
PERF_LOG : quantize_asym8s : 16384 : elements (DMA ping-pong) : 8291 : cycles : 1.98 : elements (DMA ping-pong)/cycle : 0.51 : cycles/elements (DMA ping-pong)
PERF_LOG : quantized_relu : 16384 : elements (DMA ping-pong) : 7508 : cycles : 2.18 : elements (DMA ping-pong)/cycle : 0.46 : cycles/elements (DMA ping-pong)
PERF_LOG : conv2d : 16384 : elements : 8526818 : cycles : 0.00 : elements/cycle : 520.44 : cycles/elements
PERF_LOG : conv2d : 16384 : elements : 2054813 : cycles : 0.01 : elements/cycle : 125.42 : cycles/elements
PERF_LOG : quantized_relu : 8192 : elements (DMA ping-pong) : 4634 : cycles : 1.77 : elements (DMA ping-pong)/cycle : 0.57 : cycles/elements (DMA ping-pong)
PERF_LOG : conv2d : 8192 : elements : 9897428 : cycles : 0.00 : elements/cycle : 1208.18 : cycles/elements
PERF_LOG : quantized_relu : 2048 : elements (DMA ping-pong) : 2466 : cycles : 0.83 : elements (DMA ping-pong)/cycle : 1.20 : cycles/elements (DMA ping-pong)
PERF_LOG : conv2d : 2048 : elements : 3802458 : cycles : 0.00 : elements/cycle : 1856.67 : cycles/elements
PERF_LOG : dequantize_asym8s : 8192 : elements (DMA ping-pong) : 4566 : cycles : 1.79 : elements (DMA ping-pong)/cycle : 0.56 : cycles/elements (DMA ping-pong)
PERF_LOG : dequantize_asym8s : 8192 : elements (DMA ping-pong) : 4566 : cycles : 1.79 : elements (DMA ping-pong)/cycle : 0.56 : cycles/elements (DMA ping-pong)
PERF_LOG : add_float : 8192 : elements (DMA ping-pong) : 6869 : cycles : 1.19 : elements (DMA ping-pong)/cycle : 0.84 : cycles/elements (DMA ping-pong)
PERF_LOG : quantize_asym8s : 8192 : elements (DMA ping-pong) : 5051 : cycles : 1.62 : elements (DMA ping-pong)/cycle : 0.62 : cycles/elements (DMA ping-pong)
PERF_LOG : quantized_relu : 8192 : elements (DMA ping-pong) : 4634 : cycles : 1.77 : elements (DMA ping-pong)/cycle : 0.57 : cycles/elements (DMA ping-pong)
PERF_LOG : conv2d : 8192 : elements : 3632541 : cycles : 0.00 : elements/cycle : 443.43 : cycles/elements
PERF_LOG : quantized_relu : 2048 : elements (DMA ping-pong) : 2466 : cycles : 0.83 : elements (DMA ping-pong)/cycle : 1.20 : cycles/elements (DMA ping-pong)
PERF_LOG : conv2d : 2048 : elements : 9229791 : cycles : 0.00 : elements/cycle : 4506.73 : cycles/elements
PERF_LOG : quantized_relu : 2048 : elements (DMA ping-pong) : 2466 : cycles : 0.83 : elements (DMA ping-pong)/cycle : 1.20 : cycles/elements (DMA ping-pong)
PERF_LOG : conv2d : 2048 : elements : 3802380 : cycles : 0.00 : elements/cycle : 1856.63 : cycles/elements
PERF_LOG : dequantize_asym8s : 8192 : elements (DMA ping-pong) : 4566 : cycles : 1.79 : elements (DMA ping-pong)/cycle : 0.56 : cycles/elements (DMA ping-pong)
PERF_LOG : dequantize_asym8s : 8192 : elements (DMA ping-pong) : 4566 : cycles : 1.79 : elements (DMA ping-pong)/cycle : 0.56 : cycles/elements (DMA ping-pong)
PERF_LOG : add_float : 8192 : elements (DMA ping-pong) : 6869 : cycles : 1.19 : elements (DMA ping-pong)/cycle : 0.84 : cycles/elements (DMA ping-pong)
PERF_LOG : quantize_asym8s : 8192 : elements (DMA ping-pong) : 5051 : cycles : 1.62 : elements (DMA ping-pong)/cycle : 0.62 : cycles/elements (DMA ping-pong)
PERF_LOG : quantized_relu : 8192 : elements (DMA ping-pong) : 4634 : cycles : 1.77 : elements (DMA ping-pong)/cycle : 0.57 : cycles/elements (DMA ping-pong)
PERF_LOG : conv2d : 8192 : elements : 3632545 : cycles : 0.00 : elements/cycle : 443.43 : cycles/elements
PERF_LOG : quantized_relu : 2048 : elements (DMA ping-pong) : 2466 : cycles : 0.83 : elements (DMA ping-pong)/cycle : 1.20 : cycles/elements (DMA ping-pong)
PERF_LOG : conv2d : 2048 : elements : 9229788 : cycles : 0.00 : elements/cycle : 4506.73 : cycles/elements
PERF_LOG : quantized_relu : 2048 : elements (DMA ping-pong) : 2466 : cycles : 0.83 : elements (DMA ping-pong)/cycle : 1.20 : cycles/elements (DMA ping-pong)
PERF_LOG : conv2d : 2048 : elements : 3802201 : cycles : 0.00 : elements/cycle : 1856.54 : cycles/elements
PERF_LOG : dequantize_asym8s : 8192 : elements (DMA ping-pong) : 4566 : cycles : 1.79 : elements (DMA ping-pong)/cycle : 0.56 : cycles/elements (DMA ping-pong)
PERF_LOG : dequantize_asym8s : 8192 : elements (DMA ping-pong) : 4566 : cycles : 1.79 : elements (DMA ping-pong)/cycle : 0.56 : cycles/elements (DMA ping-pong)
PERF_LOG : add_float : 8192 : elements (DMA ping-pong) : 6869 : cycles : 1.19 : elements (DMA ping-pong)/cycle : 0.84 : cycles/elements (DMA ping-pong)
PERF_LOG : quantize_asym8s : 8192 : elements (DMA ping-pong) : 5051 : cycles : 1.62 : elements (DMA ping-pong)/cycle : 0.62 : cycles/elements (DMA ping-pong)
PERF_LOG : quantized_relu : 8192 : elements (DMA ping-pong) : 4634 : cycles : 1.77 : elements (DMA ping-pong)/cycle : 0.57 : cycles/elements (DMA ping-pong)
PERF_LOG : dequantize_asym8s : 8192 : elements (DMA ping-pong) : 4566 : cycles : 1.79 : elements (DMA ping-pong)/cycle : 0.56 : cycles/elements (DMA ping-pong)
PERF_LOG : mean_simd_optimized : 2048 : channels (DMA ping-pong) : 2902 : cycles : 0.71 : channels (DMA ping-pong)/cycle : 1.42 : cycles/channels (DMA ping-pong)
PERF_LOG : quantize_asym8s : 2048 : elements (DMA ping-pong) : 2453 : cycles : 0.83 : elements (DMA ping-pong)/cycle : 1.20 : cycles/elements (DMA ping-pong)
PERF_LOG : quantized_linear : 1000 : SIMD elements (DMA tiling) : 254019 : cycles : 0.00 : SIMD elements (DMA tiling)/cycle : 254.02 : cycles/SIMD elements (DMA tiling)
PERF_LOG : dequantize_asym8s : 1000 : elements (HW-optimized, no DMA) : 389 : cycles : 2.57 : elements (HW-optimized, no DMA)/cycle : 0.39 : cycles/elements (HW-optimized, no DMA)
Output 0: tensor(sizes=[1, 1000], [
  0.243781, 12.7985, -2.74254, 1.09702, -0.91418, -2.74254, 0.0609454, -0.182836, -2.74254, -2.31592, 
  0.0609454, -0.487563, -2.31592, -1.21891, -1.09702, 1.40174, -1.88931, -1.64552, -2.74254, 0.121891, 
  -2.74254, 4.81468, -2.0112, 4.02239, -0.426617, 0., 0.0609454, 1.76742, -2.74254, 2.98632, 
  4.02239, 0.670399, 4.08334, -1.21891, -2.6816, 2.07214, 0.121891, -0.182836, 1.88931, -1.88931, 
  0.243781, -1.88931, -2.19403, 1.3408, 0.79229, -1.27985, -2.0112, -0.487563, -2.62065, -0.304727, 
  4.32712, -0.426617, 2.19403, -0.487563, -1.40174, -2.74254, -1.52363, -2.19403, 2.0112, -0.243781, 
  -1.40174, -2.74254, -2.0112, 0.426617, -2.74254, 0.609454, 1.03607, 0., -1.27985, 1.15796, 
  -0.79229, -2.74254, -2.62065, 0.853235, -2.74254, -1.27985, -2.49876, -0.0609454, 4.26617, 1.40174, 
  -2.13309, -1.40174, -2.31592, -1.88931, 0.243781, -0.0609454, -2.74254, 1.27985, 0.670399, -1.09702, 
  0.365672, 0.609454, -1.76742, -0.426617, -0.0609454, -1.03607, 0.426617, 0.853235, -2.74254, 2.07214, 
  -0.243781, -1.09702, 0.548508, -0.426617, 2.62065, 1.58458, -1.70647, -0.182836, 0.426617, -1.3408, 
  -0.853235, 9.26369, 1.15796, -0.487563, 0.79229, -0.548508, -2.19403, -2.62065, 8.34951, 10.7264, 
  5.66792, 7.06966, 3.2301, -0.609454, 1.46269, 0.426617, 3.35199, 3.35199, 2.5597, -2.74254, 
  -1.09702, 1.40174, -2.74254, 2.5597, 0.609454, 5.05846, -0.121891, 1.88931, 0.182836, -1.82836, 
  -0.609454, -0.670399, -0.79229, -2.5597, 2.43781, -2.25498, 2.80349, 0.731344, -2.74254, -1.88931, 
  -2.43781, -2.74254, 0.426617, -2.74254, -1.95025, 0.426617, -1.03607, -2.49876, -2.37687, 1.82836, 
  2.98632, -1.52363, 3.77861, -0.91418, 1.70647, -2.74254, -1.3408, 0.487563, -1.70647, -2.74254, 
  1.27985, -2.74254, 0.182836, 0.182836, 1.88931, -0.304727, -1.46269, 2.98632, 0., 4.50996, 
  5.9117, -2.0112, -2.37687, 11.4577, -0.609454, -2.74254, -1.70647, 0.243781, -2.74254, -2.74254, 
  -2.74254, 1.09702, 2.07214, 0.182836, -0.731344, -1.58458, -0.121891, -1.76742, 2.74254, 0.548508, 
  -2.74254, -2.74254, -2.74254, -2.74254, -2.74254, 1.15796, -2.6816, 0.79229, 2.62065, 0.365672, 
  -2.74254, 0.426617, -2.0112, -2.6816, -0.548508, -0.243781, 1.3408, 0.670399, -1.76742, 3.04727, 
  -0.731344, -1.27985, -2.74254, 1.88931, 3.71767, 3.35199, -2.43781, 3.53483, -1.52363, 1.82836, 
  -0.670399, -0.304727, 0.609454, 4.50996, 1.88931, 0.91418, -1.09702, -1.27985, -1.82836, -2.74254, 
  3.29105, -1.76742, -0.853235, -0.91418, -1.95025, 1.76742, 1.88931, 1.21891, 1.58458, 0., 
  -2.74254, -1.46269, -1.70647, 1.46269, -2.74254, 1.09702, -2.74254, 0.426617, -2.74254, -2.0112, 
  -0.487563, 3.04727, -2.74254, -1.95025, 3.77861, 1.95025, 4.5709, -0.670399, -0.182836, -2.74254, 
  -2.0112, -2.37687, -2.74254, -0.304727, 1.46269, -1.70647, 0.121891, -1.21891, -1.27985, 0.91418, 
  -0.79229, -2.49876, 0.91418, -1.03607, -0.121891, -1.09702, -0.670399, -1.09702, -2.74254, -1.95025, 
  -0.121891, -0.121891, -1.70647, -1.03607, -1.76742, -2.74254, -1.58458, 0.731344, -1.52363, -2.74254, 
  -2.19403, 0.548508, 1.58458, 0.853235, -2.62065, -1.03607, -1.64552, -2.49876, -2.6816, -1.03607, 
  0.731344, -2.62065, 1.15796, -0.121891, -2.74254, -2.6816, -2.74254, -2.74254, -1.82836, -0.609454, 
  0.426617, 0.487563, -1.40174, -1.46269, -0.426617, -0.731344, -2.74254, 1.15796, -1.09702, -0.243781, 
  -2.74254, -0.243781, -1.27985, -2.74254, -1.09702, 0.79229, -0.79229, -2.74254, 0.670399, -0.121891, 
  -1.70647, -1.70647, -2.74254, -1.3408, 3.16916, 0.975126, -0.91418, -2.62065, -1.15796, -1.76742, 
  -1.21891, -1.88931, -2.74254, -2.74254, 12.7985, -1.52363, -1.52363, -2.49876, 0.79229, 0.79229, 
  -1.09702, 10.6654, 0.365672, -1.03607, 0.731344, -2.74254, -0.0609454, -2.74254, -2.74254, 0.0609454, 
  -0.243781, -2.74254, -2.74254, -2.13309, -0.548508, -2.31592, -0.548508, -0.243781, 0.731344, -1.15796, 
  -2.74254, -2.74254, -1.95025, -1.15796, -2.25498, 0.243781, -0.0609454, 1.03607, -1.46269, -1.95025, 
  -1.76742, -0.975126, 0., -0.975126, -1.3408, -0.609454, -1.95025, -2.74254, 2.19403, -1.40174, 
  0.182836, -2.43781, 2.5597, -1.76742, -1.27985, -2.13309, 2.37687, -0.609454, -1.58458, -0.609454, 
  -0.670399, 2.19403, -0.731344, 1.46269, 11.0311, -2.74254, 1.88931, 1.15796, 5.18036, 7.80101, 
  -0.243781, -1.27985, -2.74254, 1.03607, -0.304727, -2.74254, 7.86195, 2.80349, -2.5597, 2.43781, 
  -2.74254, -1.58458, -0.0609454, 1.88931, -1.64552, -1.21891, -1.46269, -2.74254, -0.182836, 2.5597, 
  7.31344, 1.21891, -2.74254, -1.40174, -0.0609454, -0.853235, 8.65424, 8.5933, -0.487563, -2.43781, 
  -2.74254, 3.16916, 1.76742, 1.76742, -1.52363, 1.64552, 1.82836, 3.9005, 2.80349, -0.304727, 
  -2.74254, 9.08086, -2.74254, 1.64552, 8.77613, 0.426617, 0.365672, -2.74254, -2.74254, 0.304727, 
  -2.0112, 1.46269, -1.70647, -0.91418, 4.20523, -0.121891, -2.6816, 2.31592, 0., 0.853235, 
  9.44653, 0.670399, -0.243781, -2.31592, -2.74254, 0.243781, 0.731344, -0.79229, -0.365672, -0.731344, 
  5.05846, 0.243781, 6.33832, -1.46269, -1.46269, -2.31592, -2.74254, -2.74254, 3.41294, 5.2413, 
  -2.19403, 0.79229, -1.88931, 1.82836, 3.47389, -1.09702, -2.74254, 3.16916, -1.58458, -0.609454, 
  -2.74254, 2.31592, 3.65672, -2.74254, -2.49876, 2.80349, -0.853235, -1.88931, 10.056, 6.09454, 
  -0.487563, -1.27985, 4.32712, -2.74254, 2.13309, -2.74254, 2.0112, 1.52363, -0.426617, -0.243781, 
  0.975126, -0.304727, 3.29105, 1.40174, -2.74254, -1.21891, -2.74254, 0.243781, -2.74254, -1.46269, 
  -1.88931, 0.731344, 3.77861, -0.731344, 5.05846, 1.15796, 2.92538, -0.975126, -0.426617, 2.5597, 
  1.82836, 6.39926, -1.64552, 4.02239, -2.49876, -0.975126, -0.91418, -2.74254, 1.95025, 2.74254, 
  -0.609454, -2.62065, -1.15796, -0.121891, 1.3408, -2.74254, 0.975126, 4.69279, -1.21891, -2.74254, 
  4.69279, -1.64552, 0.548508, -0.243781, -1.03607, 0.121891, -2.74254, 1.52363, 1.3408, -0.487563, 
  -1.27985, 3.47389, -1.21891, -0.121891, 10.4217, 8.10573, -2.74254, 4.20523, 1.03607, 1.21891, 
  0., 0.0609454, 1.3408, -1.15796, -0.609454, -2.74254, 2.6816, 1.46269, -2.13309, -2.43781, 
  0.670399, 0.79229, 4.69279, 12.7985, -0.0609454, -1.76742, -2.25498, -0.304727, -1.15796, -2.6816, 
  -0.853235, -0.121891, -2.74254, 3.77861, 2.43781, 0.609454, -1.09702, 3.53483, 0.79229, 1.76742, 
  7.67911, 0.365672, 3.9005, 9.01991, -2.74254, -2.62065, 2.0112, -2.74254, -2.62065, 0.548508, 
  -2.74254, 5.72886, -1.76742, 7.37439, -1.58458, -2.62065, 0., -2.31592, 2.13309, 3.04727, 
  -1.82836, 3.53483, -1.27985, 0.426617, 5.36319, 2.86443, -0.609454, 1.88931, -0.426617, -2.49876, 
  0.548508, -1.52363, 8.34951, -1.46269, -2.74254, -2.74254, -1.03607, -1.40174, 2.07214, -2.74254, 
  -0.91418, 0.670399, -0.243781, -2.74254, -0.91418, -2.74254, 0.548508, 4.63185, -0.365672, -1.64552, 
  -2.13309, -2.13309, -2.74254, 5.11941, 1.52363, -2.74254, 6.70399, -0.731344, 1.58458, 4.32712, 
  1.82836, -1.76742, -2.74254, 5.85075, 2.86443, -2.74254, 0.548508, -0.487563, 0.853235, -0.853235, 
  1.09702, -1.46269, 7.43533, -2.74254, -2.07214, -1.82836, 0.121891, -0.487563, -2.74254, 2.25498, 
  3.71767, 12.7985, -2.07214, -2.5597, -2.5597, -0.0609454, -1.27985, -0.243781, -2.31592, 4.87563, 
  3.10821, 6.09454, 1.09702, -1.58458, 4.44901, 4.20523, -2.74254, -2.37687, -2.07214, -2.13309, 
  2.07214, -0.487563, 5.66792, 5.42414, -1.82836, 0.670399, 1.95025, 2.07214, 0.487563, 0., 
  1.46269, 0.548508, 3.04727, -1.88931, -2.74254, 3.10821, 1.03607, 1.52363, -0.121891, -0.304727, 
  -1.21891, -1.82836, 1.64552, 4.63185, -1.3408, -2.25498, 4.63185, 3.29105, 1.21891, 0.975126, 
  -1.95025, 0.731344, 0., -1.3408, -2.0112, -0.304727, 1.40174, -2.74254, 2.74254, 2.98632, 
  0.365672, -0.487563, 0.365672, 7.55722, 3.35199, 0., -1.40174, 3.96145, 1.3408, 2.43781, 
  -2.62065, 2.25498, 8.28857, -2.74254, 3.41294, -2.13309, 2.80349, 0.609454, -2.74254, -0.0609454, 
  -2.43781, 0.243781, 2.98632, 0.79229, 5.9117, 0.487563, 2.6816, 6.76493, -2.74254, 1.88931, 
  -2.74254, -1.46269, 1.64552, -0.243781, -1.70647, -1.46269, 2.6816, 0.365672, -1.82836, -2.43781, 
  1.46269, -1.58458, -1.3408, -0.182836, -0.670399, 1.15796, 1.64552, 0., -0.91418, 0.426617, 
  0.91418, -1.88931, 2.6816, 3.41294, -2.74254, -0.731344, 4.38807, 6.70399, -2.74254, -2.74254, 
  -1.09702, -2.74254, -1.09702, 7.2525, 8.04479, -2.74254, -0.670399, -0.548508, 0.731344, -2.74254, 
  -2.74254, -1.40174, -2.07214, -2.74254, 1.58458, -2.74254, 4.87563, 4.14428, 12.7985, -1.70647, 
  -2.74254, 10.2388, 0.182836, -1.64552, -1.88931, -1.82836, -0.853235, -1.52363, -2.74254, 0.121891, 
  1.21891, 0.304727, 0.731344, -1.52363, 0.182836, 1.64552, 2.92538, 0.487563, -1.09702, 0.426617, 
  -1.46269, 0.670399, -2.74254, -2.31592, -2.74254, -0.0609454, -1.21891, -0.304727, 3.65672, 2.37687, 
  1.09702, 0.426617, 5.60697, -2.74254, -0.426617, -2.74254, -0.79229, -0.731344, -0.731344, -2.74254, 
  -0.79229, -0.0609454, -1.40174, -2.74254, 0.670399, 2.43781, 1.52363, -2.25498, -2.74254, -1.40174, 
  -1.3408, 2.25498, 2.6816, 1.95025, 0.304727, -1.03607, 3.35199, -2.5597, 4.50996, -0.426617, 
  0.79229, 0.487563, 3.16916, 0.79229, -0.853235, 1.15796, 1.52363, -2.43781, -2.74254, -1.03607, 
  4.44901, 10.6045, 2.25498, -1.58458, -2.19403, -2.49876, -0.609454, -0.609454, -0.731344, -2.74254, 
  -2.74254, -2.74254, -1.3408, -0.670399, 10.7264, 0.975126, 2.07214, 2.13309, -0.548508, 2.49876, 
  -2.74254, -1.64552, 2.49876, -2.74254, -1.09702, -2.07214, 1.76742, 2.49876, 4.99752, -0.670399, 
  -0.79229, -2.43781, -2.74254, 0., -2.37687, 2.19403, -2.74254, 4.5709, -0.670399, 10.9092, 
  -2.6816, 2.31592, -2.74254, -0.609454, 0.304727, -0.609454, 0.182836, -1.58458, 0.243781, -0.243781, 
  -0.243781, -2.0112, -0.548508, -0.853235, 1.09702, -2.13309, -0.731344, 0.670399, -2.49876, -0.365672, 
  -2.74254, 2.13309, -0.79229, 2.62065, -2.74254, -2.74254, -2.74254, -2.74254, -1.46269, -2.25498, 
  1.03607, -0.365672, 0.182836, -0.731344, 1.27985, -1.82836, -1.27985, -0.487563, 12.4329, -0.121891, 
  0.121891, -2.37687, -2.74254, -0.0609454, -2.74254, -0.731344, -2.74254, 3.96145, 1.27985, -2.07214, 
])
