PERF_LOG : quantize_asym8s : 12288 : elements (DMA ping-pong) : 6679 : cycles : 1.84 : elements (DMA ping-pong)/cycle : 0.54 : cycles/elements (DMA ping-pong)
LAYER_DUMP : quantize_per_tensor : 12288 : dtype=1 : first=[21,25,36,22,38,23,15,13,24,29,20,18,13,23,39,42] : sum=323620 : min=10 : max=43
PERF_LOG : conv2d : 12288 : elements : 248217 : cycles : 0.05 : elements/cycle : 20.20 : cycles/elements
LAYER_DUMP : conv2d : 65536 : dtype=1 : first=[-11,-16,-19,-13,-8,-10,-17,-22,-19,-7,-7,-15,-17,-12,-14,-18] : sum=-110644 : min=-45 : max=41
PERF_LOG : quantized_relu : 65536 : elements (DMA ping-pong) : 23574 : cycles : 2.78 : elements (DMA ping-pong)/cycle : 0.36 : cycles/elements (DMA ping-pong)
LAYER_DUMP : quantized_relu : 65536 : dtype=1 : first=[-128,-128,-128,-128,-128,-128,-128,-128,-128,-126,-126,-128,-128,-128,-128,-128] : sum=-7297077 : min=-128 : max=-36
PERF_LOG : dequantize_asym8s : 65536 : elements (DMA ping-pong) : 22003 : cycles : 2.98 : elements (DMA ping-pong)/cycle : 0.34 : cycles/elements (DMA ping-pong)
LAYER_DUMP : dequantize_per_tensor : 65536 : dtype=6 : first=[0.000000,0.000000,0.000000,0.000000,0.000000,0.000000,0.000000,0.000000,0.000000,0.029482,0.029482,0.000000,0.000000,0.000000,0.000000,0.000000] : sum=16090.4940 : min=0.000000 : max=1.356192
PERF_LOG : maxpool : 65536 : floats : 128885 : cycles : 0.51 : floats/cycle : 1.97 : cycles/floats
LAYER_DUMP : max_pool2d : 16384 : dtype=6 : first=[0.191636,0.383272,0.383272,0.383272,0.383272,0.383272,0.633872,0.339048,0.560166,0.560166,0.412754,0.368530,0.442236,0.412754,0.191636,0.501201] : sum=5801.9214 : min=0.000000 : max=1.356192
PERF_LOG : quantize_asym8s : 16384 : elements (DMA ping-pong) : 8304 : cycles : 1.97 : elements (DMA ping-pong)/cycle : 0.51 : cycles/elements (DMA ping-pong)
LAYER_DUMP : quantize_per_tensor : 16384 : dtype=1 : first=[-115,-103,-103,-103,-103,-103,-87,-106,-91,-91,-101,-104,-99,-101,-115,-95] : sum=-1717382 : min=-128 : max=-39
PERF_LOG : conv2d : 16384 : elements : 246153 : cycles : 0.07 : elements/cycle : 15.02 : cycles/elements
LAYER_DUMP : conv2d : 16384 : dtype=1 : first=[45,40,50,34,40,51,39,48,41,45,53,42,46,49,52,41] : sum=813830 : min=-11 : max=95
PERF_LOG : quantized_relu : 16384 : elements (DMA ping-pong) : 7495 : cycles : 2.19 : elements (DMA ping-pong)/cycle : 0.46 : cycles/elements (DMA ping-pong)
LAYER_DUMP : quantized_relu : 16384 : dtype=1 : first=[-128,-128,-128,-128,-128,-128,-128,-128,-128,-128,-121,-128,-128,-128,-125,-128] : sum=-1786592 : min=-128 : max=23
PERF_LOG : conv2d : 16384 : elements : 246230 : cycles : 0.07 : elements/cycle : 15.03 : cycles/elements
LAYER_DUMP : conv2d : 16384 : dtype=1 : first=[-8,-8,-11,-12,-13,-15,-12,-12,-10,-9,-12,-12,-15,-15,-11,-14] : sum=-432165 : min=-114 : max=83
PERF_LOG : dequantize_asym8s : 16384 : elements (DMA ping-pong) : 7294 : cycles : 2.25 : elements (DMA ping-pong)/cycle : 0.45 : cycles/elements (DMA ping-pong)
LAYER_DUMP : dequantize_per_tensor : 16384 : dtype=6 : first=[0.321734,0.321734,0.270934,0.254001,0.237067,0.203201,0.254001,0.254001,0.287867,0.304801,0.254001,0.254001,0.203201,0.203201,0.270934,0.220134] : sum=172.7713 : min=-1.473204 : max=1.862672
PERF_LOG : add_float : 16384 : elements (DMA ping-pong) : 12102 : cycles : 1.35 : elements (DMA ping-pong)/cycle : 0.74 : cycles/elements (DMA ping-pong)
LAYER_DUMP : add : 16384 : dtype=6 : first=[0.513370,0.705006,0.654206,0.637272,0.620339,0.586472,0.887873,0.593049,0.848034,0.864967,0.666755,0.622531,0.645437,0.615955,0.462570,0.721335] : sum=5974.6927 : min=-1.222603 : max=2.393356
PERF_LOG : quantize_asym8s : 16384 : elements (DMA ping-pong) : 8304 : cycles : 1.97 : elements (DMA ping-pong)/cycle : 0.51 : cycles/elements (DMA ping-pong)
LAYER_DUMP : quantize_per_tensor : 16384 : dtype=1 : first=[-29,-21,-23,-24,-24,-26,-12,-26,-14,-13,-22,-24,-23,-25,-31,-20] : sum=-585556 : min=-106 : max=55
PERF_LOG : quantized_relu : 16384 : elements (DMA ping-pong) : 7495 : cycles : 2.19 : elements (DMA ping-pong)/cycle : 0.46 : cycles/elements (DMA ping-pong)
LAYER_DUMP : quantized_relu : 16384 : dtype=1 : first=[-95,-84,-87,-88,-88,-91,-71,-91,-74,-73,-85,-88,-87,-90,-98,-82] : sum=-1679729 : min=-128 : max=24
PERF_LOG : conv2d : 16384 : elements : 246320 : cycles : 0.07 : elements/cycle : 15.03 : cycles/elements
LAYER_DUMP : conv2d : 16384 : dtype=1 : first=[25,24,18,24,15,14,20,19,25,20,15,25,28,18,21,14] : sum=91677 : min=-84 : max=108
PERF_LOG : quantized_relu : 16384 : elements (DMA ping-pong) : 7495 : cycles : 2.19 : elements (DMA ping-pong)/cycle : 0.46 : cycles/elements (DMA ping-pong)
LAYER_DUMP : quantized_relu : 16384 : dtype=1 : first=[-90,-92,-105,-92,-111,-113,-100,-102,-90,-100,-111,-90,-83,-105,-98,-113] : sum=-1912215 : min=-128 : max=87
PERF_LOG : conv2d : 16384 : elements : 246064 : cycles : 0.07 : elements/cycle : 15.02 : cycles/elements
LAYER_DUMP : conv2d : 16384 : dtype=1 : first=[38,46,43,40,36,40,43,43,43,40,38,37,39,39,44,41] : sum=675773 : min=-38 : max=113
PERF_LOG : dequantize_asym8s : 16384 : elements (DMA ping-pong) : 7294 : cycles : 2.25 : elements (DMA ping-pong)/cycle : 0.45 : cycles/elements (DMA ping-pong)
LAYER_DUMP : dequantize_per_tensor : 16384 : dtype=6 : first=[0.520318,0.693757,0.646456,0.630689,0.630689,0.583387,0.898731,0.583387,0.851430,0.867197,0.677990,0.630689,0.646456,0.599154,0.473016,0.725292] : sum=6581.5974 : min=0.000000 : max=2.396616
PERF_LOG : dequantize_asym8s : 16384 : elements (DMA ping-pong) : 7294 : cycles : 2.25 : elements (DMA ping-pong)/cycle : 0.45 : cycles/elements (DMA ping-pong)
LAYER_DUMP : dequantize_per_tensor : 16384 : dtype=6 : first=[-0.025420,0.177940,0.101680,0.025420,-0.076260,0.025420,0.101680,0.101680,0.101680,0.025420,-0.025420,-0.050840,0.000000,0.000000,0.127100,0.050840] : sum=935.3810 : min=-1.957343 : max=1.881083
PERF_LOG : add_float : 16384 : elements (DMA ping-pong) : 12102 : cycles : 1.35 : elements (DMA ping-pong)/cycle : 0.74 : cycles/elements (DMA ping-pong)
LAYER_DUMP : add : 16384 : dtype=6 : first=[0.494898,0.871698,0.748136,0.656109,0.554428,0.608807,1.000411,0.685067,0.953110,0.892617,0.652570,0.579848,0.646456,0.599154,0.600117,0.776132] : sum=7516.9784 : min=-1.641998 : max=3.070389
PERF_LOG : quantize_asym8s : 16384 : elements (DMA ping-pong) : 8304 : cycles : 1.97 : elements (DMA ping-pong)/cycle : 0.51 : cycles/elements (DMA ping-pong)
LAYER_DUMP : quantize_per_tensor : 16384 : dtype=1 : first=[4,15,11,8,5,7,18,9,17,15,8,6,8,7,7,12] : sum=40267 : min=-59 : max=79
PERF_LOG : quantized_relu : 16384 : elements (DMA ping-pong) : 7495 : cycles : 2.19 : elements (DMA ping-pong)/cycle : 0.46 : cycles/elements (DMA ping-pong)
LAYER_DUMP : quantized_relu : 16384 : dtype=1 : first=[-102,-83,-90,-95,-100,-97,-77,-93,-79,-83,-95,-98,-95,-97,-97,-88] : sum=-1673013 : min=-128 : max=29
PERF_LOG : conv2d : 16384 : elements : 89982 : cycles : 0.18 : elements/cycle : 5.49 : cycles/elements
LAYER_DUMP : conv2d : 8192 : dtype=1 : first=[10,22,3,-4,20,11,24,9,6,26,14,19,-11,30,7,4] : sum=69685 : min=-57 : max=92
PERF_LOG : conv2d : 16384 : elements : 420347 : cycles : 0.04 : elements/cycle : 25.66 : cycles/elements
LAYER_DUMP : conv2d : 8192 : dtype=1 : first=[-6,-14,-9,3,-9,-2,-14,-3,3,13,5,-5,13,17,5,-12] : sum=61437 : min=-65 : max=80
PERF_LOG : quantized_relu : 8192 : elements (DMA ping-pong) : 4621 : cycles : 1.77 : elements (DMA ping-pong)/cycle : 0.56 : cycles/elements (DMA ping-pong)
LAYER_DUMP : quantized_relu : 8192 : dtype=1 : first=[-128,-128,-128,-128,-128,-128,-128,-128,-128,-119,-128,-128,-119,-111,-128,-128] : sum=-948239 : min=-128 : max=25
PERF_LOG : conv2d : 8192 : elements : 770190 : cycles : 0.01 : elements/cycle : 94.02 : cycles/elements
LAYER_DUMP : conv2d : 8192 : dtype=1 : first=[-7,-9,3,-5,-11,-5,-11,8,-5,-21,-10,-20,-33,-19,-17,-12] : sum=-104224 : min=-67 : max=110
PERF_LOG : dequantize_asym8s : 8192 : elements (DMA ping-pong) : 4558 : cycles : 1.80 : elements (DMA ping-pong)/cycle : 0.56 : cycles/elements (DMA ping-pong)
LAYER_DUMP : dequantize_per_tensor : 8192 : dtype=6 : first=[0.058254,0.291268,-0.077672,-0.213597,0.252433,0.077672,0.330104,0.038836,-0.019418,0.368940,0.135925,0.233015,-0.349522,0.446611,0.000000,-0.058254] : sum=239.6361 : min=-1.242745 : max=1.650520
PERF_LOG : dequantize_asym8s : 8192 : elements (DMA ping-pong) : 4558 : cycles : 1.80 : elements (DMA ping-pong)/cycle : 0.56 : cycles/elements (DMA ping-pong)
LAYER_DUMP : dequantize_per_tensor : 8192 : dtype=6 : first=[0.155844,0.121212,0.329003,0.190476,0.086580,0.190476,0.086580,0.415583,0.190476,-0.086580,0.103896,-0.069264,-0.294371,-0.051948,-0.017316,0.069264] : sum=464.8990 : min=-0.883114 : max=2.181812
PERF_LOG : add_float : 8192 : elements (DMA ping-pong) : 6857 : cycles : 1.19 : elements (DMA ping-pong)/cycle : 0.84 : cycles/elements (DMA ping-pong)
LAYER_DUMP : add : 8192 : dtype=6 : first=[0.214097,0.412480,0.251332,-0.023121,0.339012,0.268147,0.416684,0.454419,0.171058,0.282360,0.239821,0.163751,-0.643893,0.394663,-0.017316,0.011010] : sum=704.5352 : min=-1.398588 : max=2.414826
PERF_LOG : quantize_asym8s : 8192 : elements (DMA ping-pong) : 5076 : cycles : 1.61 : elements (DMA ping-pong)/cycle : 0.62 : cycles/elements (DMA ping-pong)
LAYER_DUMP : quantize_per_tensor : 8192 : dtype=1 : first=[20,29,22,10,25,22,29,30,18,23,21,18,-16,28,10,11] : sum=120000 : min=-48 : max=113
PERF_LOG : quantized_relu : 8192 : elements (DMA ping-pong) : 4621 : cycles : 1.77 : elements (DMA ping-pong)/cycle : 0.56 : cycles/elements (DMA ping-pong)
LAYER_DUMP : quantized_relu : 8192 : dtype=1 : first=[-108,-88,-104,-128,-97,-104,-88,-86,-113,-102,-106,-113,-128,-91,-128,-128] : sum=-905303 : min=-128 : max=96
PERF_LOG : conv2d : 8192 : elements : 770255 : cycles : 0.01 : elements/cycle : 94.03 : cycles/elements
LAYER_DUMP : conv2d : 8192 : dtype=1 : first=[26,17,15,17,15,5,8,2,11,-10,7,4,-7,11,16,16] : sum=70172 : min=-86 : max=104
PERF_LOG : quantized_relu : 8192 : elements (DMA ping-pong) : 4621 : cycles : 1.77 : elements (DMA ping-pong)/cycle : 0.56 : cycles/elements (DMA ping-pong)
LAYER_DUMP : quantized_relu : 8192 : dtype=1 : first=[-107,-128,-128,-128,-128,-128,-128,-128,-128,-128,-128,-128,-128,-128,-128,-128] : sum=-988756 : min=-128 : max=74
PERF_LOG : conv2d : 8192 : elements : 770098 : cycles : 0.01 : elements/cycle : 94.01 : cycles/elements
LAYER_DUMP : conv2d : 8192 : dtype=1 : first=[19,20,19,13,11,11,16,17,21,25,17,9,2,10,18,17] : sum=76652 : min=-110 : max=127
PERF_LOG : dequantize_asym8s : 8192 : elements (DMA ping-pong) : 4558 : cycles : 1.80 : elements (DMA ping-pong)/cycle : 0.56 : cycles/elements (DMA ping-pong)
LAYER_DUMP : dequantize_per_tensor : 8192 : dtype=6 : first=[0.214466,0.428931,0.257359,0.000000,0.332422,0.257359,0.428931,0.450378,0.160849,0.278805,0.235912,0.160849,0.000000,0.396761,0.000000,0.000000] : sum=1536.3561 : min=0.000000 : max=2.402014
PERF_LOG : dequantize_asym8s : 8192 : elements (DMA ping-pong) : 4558 : cycles : 1.80 : elements (DMA ping-pong)/cycle : 0.56 : cycles/elements (DMA ping-pong)
LAYER_DUMP : dequantize_per_tensor : 8192 : dtype=6 : first=[0.013537,0.027074,0.013537,-0.067684,-0.094758,-0.094758,-0.027074,-0.013537,0.040611,0.094758,-0.013537,-0.121832,-0.216590,-0.108295,0.000000,-0.013537] : sum=-958.4654 : min=-1.732721 : max=1.475520
PERF_LOG : add_float : 8192 : elements (DMA ping-pong) : 6857 : cycles : 1.19 : elements (DMA ping-pong)/cycle : 0.84 : cycles/elements (DMA ping-pong)
LAYER_DUMP : add : 8192 : dtype=6 : first=[0.228002,0.456005,0.270896,-0.067684,0.237663,0.162600,0.401857,0.436841,0.201460,0.373563,0.222375,0.039017,-0.216590,0.288466,0.000000,-0.013537] : sum=577.8907 : min=-1.610889 : max=3.593260
PERF_LOG : quantize_asym8s : 8192 : elements (DMA ping-pong) : 5076 : cycles : 1.61 : elements (DMA ping-pong)/cycle : 0.62 : cycles/elements (DMA ping-pong)
LAYER_DUMP : quantize_per_tensor : 8192 : dtype=1 : first=[-31,-20,-29,-44,-30,-34,-23,-21,-32,-24,-31,-39,-51,-28,-41,-42] : sum=-309537 : min=-114 : max=123
PERF_LOG : quantized_relu : 8192 : elements (DMA ping-pong) : 4621 : cycles : 1.77 : elements (DMA ping-pong)/cycle : 0.56 : cycles/elements (DMA ping-pong)
LAYER_DUMP : quantized_relu : 8192 : dtype=1 : first=[-113,-96,-110,-128,-111,-117,-101,-98,-114,-102,-113,-125,-128,-108,-128,-128] : sum=-949940 : min=-128 : max=120
PERF_LOG : conv2d : 8192 : elements : 206945 : cycles : 0.04 : elements/cycle : 25.26 : cycles/elements
LAYER_DUMP : conv2d : 4096 : dtype=1 : first=[8,30,27,24,14,43,42,39,18,35,40,30,24,36,36,33] : sum=97330 : min=-128 : max=81
PERF_LOG : conv2d : 8192 : elements : 1310208 : cycles : 0.01 : elements/cycle : 159.94 : cycles/elements
LAYER_DUMP : conv2d : 4096 : dtype=1 : first=[30,34,36,50,25,26,6,27,11,22,8,34,33,33,12,43] : sum=69948 : min=-85 : max=127
PERF_LOG : quantized_relu : 4096 : elements (DMA ping-pong) : 3175 : cycles : 1.29 : elements (DMA ping-pong)/cycle : 0.78 : cycles/elements (DMA ping-pong)
LAYER_DUMP : quantized_relu : 4096 : dtype=1 : first=[-109,-99,-94,-60,-121,-118,-128,-116,-128,-128,-128,-99,-101,-101,-128,-77] : sum=-451991 : min=-128 : max=127
PERF_LOG : conv2d : 4096 : elements : 2580376 : cycles : 0.00 : elements/cycle : 629.97 : cycles/elements
LAYER_DUMP : conv2d : 4096 : dtype=1 : first=[17,11,26,16,9,1,8,-7,20,10,29,14,16,6,23,10] : sum=-33420 : min=-72 : max=127
PERF_LOG : dequantize_asym8s : 4096 : elements (DMA ping-pong) : 3056 : cycles : 1.34 : elements (DMA ping-pong)/cycle : 0.75 : cycles/elements (DMA ping-pong)
LAYER_DUMP : dequantize_per_tensor : 4096 : dtype=6 : first=[-0.118839,0.000000,-0.016205,-0.032411,-0.086428,0.070223,0.064821,0.048616,-0.064821,0.027009,0.054018,0.000000,-0.032411,0.032411,0.032411,0.016205] : sum=-138.0150 : min=-0.853478 : max=0.275490
PERF_LOG : dequantize_asym8s : 4096 : elements (DMA ping-pong) : 3056 : cycles : 1.34 : elements (DMA ping-pong)/cycle : 0.75 : cycles/elements (DMA ping-pong)
LAYER_DUMP : dequantize_per_tensor : 4096 : dtype=6 : first=[0.380916,0.293012,0.512771,0.366265,0.263711,0.146506,0.249060,0.029301,0.424867,0.278361,0.556723,0.336964,0.366265,0.219759,0.468819,0.278361] : sum=50.4567 : min=-0.922988 : max=1.992481
PERF_LOG : add_float : 4096 : elements (DMA ping-pong) : 4459 : cycles : 0.92 : elements (DMA ping-pong)/cycle : 1.09 : cycles/elements (DMA ping-pong)
LAYER_DUMP : add : 4096 : dtype=6 : first=[0.262077,0.293012,0.496566,0.333854,0.177283,0.216729,0.313881,0.077917,0.360046,0.305370,0.610740,0.336964,0.333854,0.252170,0.501230,0.294567] : sum=-87.5583 : min=-1.355208 : max=1.581948
PERF_LOG : quantize_asym8s : 4096 : elements (DMA ping-pong) : 3339 : cycles : 1.23 : elements (DMA ping-pong)/cycle : 0.82 : cycles/elements (DMA ping-pong)
LAYER_DUMP : quantize_per_tensor : 4096 : dtype=1 : first=[45,47,59,49,40,42,48,34,51,48,66,49,49,44,59,47] : sum=113496 : min=-53 : max=125
PERF_LOG : quantized_relu : 4096 : elements (DMA ping-pong) : 3175 : cycles : 1.29 : elements (DMA ping-pong)/cycle : 0.78 : cycles/elements (DMA ping-pong)
LAYER_DUMP : quantized_relu : 4096 : dtype=1 : first=[-86,-81,-50,-76,-99,-94,-79,-115,-71,-79,-32,-76,-76,-89,-50,-81] : sum=-451280 : min=-128 : max=121
PERF_LOG : conv2d : 4096 : elements : 2580379 : cycles : 0.00 : elements/cycle : 629.98 : cycles/elements
LAYER_DUMP : conv2d : 4096 : dtype=1 : first=[85,81,84,62,56,20,27,31,67,34,40,42,78,56,65,66] : sum=99957 : min=-128 : max=127
PERF_LOG : quantized_relu : 4096 : elements (DMA ping-pong) : 3175 : cycles : 1.29 : elements (DMA ping-pong)/cycle : 0.78 : cycles/elements (DMA ping-pong)
LAYER_DUMP : quantized_relu : 4096 : dtype=1 : first=[11,0,8,-52,-68,-128,-128,-128,-38,-128,-112,-106,-8,-68,-44,-41] : sum=-462538 : min=-128 : max=125
PERF_LOG : conv2d : 4096 : elements : 2580210 : cycles : 0.00 : elements/cycle : 629.93 : cycles/elements
LAYER_DUMP : conv2d : 4096 : dtype=1 : first=[30,26,37,34,34,24,45,30,52,54,79,63,48,33,53,37] : sum=154821 : min=-120 : max=127
PERF_LOG : dequantize_asym8s : 4096 : elements (DMA ping-pong) : 3056 : cycles : 1.34 : elements (DMA ping-pong)/cycle : 0.75 : cycles/elements (DMA ping-pong)
LAYER_DUMP : dequantize_per_tensor : 4096 : dtype=6 : first=[0.266418,0.298135,0.494776,0.329851,0.183955,0.215672,0.310821,0.082463,0.361567,0.310821,0.608956,0.329851,0.329851,0.247388,0.494776,0.298135] : sum=463.1108 : min=0.000000 : max=1.579479
PERF_LOG : dequantize_asym8s : 4096 : elements (DMA ping-pong) : 3056 : cycles : 1.34 : elements (DMA ping-pong)/cycle : 0.75 : cycles/elements (DMA ping-pong)
LAYER_DUMP : dequantize_per_tensor : 4096 : dtype=6 : first=[-0.223960,-0.273729,-0.136864,-0.174191,-0.174191,-0.298613,-0.037327,-0.223960,0.049769,0.074653,0.385708,0.186633,0.000000,-0.186633,0.062211,-0.136864] : sum=-519.9224 : min=-2.090291 : max=0.982934
PERF_LOG : add_float : 4096 : elements (DMA ping-pong) : 4459 : cycles : 0.92 : elements (DMA ping-pong)/cycle : 1.09 : cycles/elements (DMA ping-pong)
LAYER_DUMP : add : 4096 : dtype=6 : first=[0.042458,0.024406,0.357912,0.155660,0.009764,-0.082941,0.273495,-0.141497,0.411336,0.385474,0.994664,0.516484,0.329851,0.060755,0.556988,0.161270] : sum=-56.8116 : min=-2.090291 : max=1.712901
PERF_LOG : quantize_asym8s : 4096 : elements (DMA ping-pong) : 3339 : cycles : 1.23 : elements (DMA ping-pong)/cycle : 0.82 : cycles/elements (DMA ping-pong)
LAYER_DUMP : quantize_per_tensor : 4096 : dtype=1 : first=[34,33,57,42,32,25,51,21,61,59,103,69,55,35,72,43] : sum=122725 : min=-121 : max=127
PERF_LOG : quantized_relu : 4096 : elements (DMA ping-pong) : 3175 : cycles : 1.29 : elements (DMA ping-pong)/cycle : 0.78 : cycles/elements (DMA ping-pong)
LAYER_DUMP : quantized_relu : 4096 : dtype=1 : first=[-120,-123,-59,-99,-125,-128,-75,-128,-49,-54,63,-27,-64,-117,-19,-96] : sum=-431097 : min=-128 : max=126
PERF_LOG : conv2d : 4096 : elements : 587626 : cycles : 0.01 : elements/cycle : 143.46 : cycles/elements
LAYER_DUMP : conv2d : 2048 : dtype=1 : first=[-26,-27,-6,-11,-104,-109,-28,-50,39,35,-4,-25,32,51,-2,20] : sum=-18530 : min=-118 : max=121
PERF_LOG : conv2d : 4096 : elements : 4622033 : cycles : 0.00 : elements/cycle : 1128.43 : cycles/elements
LAYER_DUMP : conv2d : 2048 : dtype=1 : first=[20,29,22,47,3,20,43,74,-1,10,8,1,-18,9,-9,5] : sum=23165 : min=-110 : max=127
PERF_LOG : quantized_relu : 2048 : elements (DMA ping-pong) : 2455 : cycles : 0.83 : elements (DMA ping-pong)/cycle : 1.20 : cycles/elements (DMA ping-pong)
LAYER_DUMP : quantized_relu : 2048 : dtype=1 : first=[-121,-101,-117,-59,-128,-121,-69,2,-128,-128,-128,-128,-128,-128,-128,-128] : sum=-211516 : min=-128 : max=123
PERF_LOG : conv2d : 2048 : elements : 9230652 : cycles : 0.00 : elements/cycle : 4507.15 : cycles/elements
LAYER_DUMP : conv2d : 2048 : dtype=1 : first=[-29,-27,-32,-23,46,45,-14,-13,-121,-111,-47,-37,-52,-68,-38,-41] : sum=-74704 : min=-128 : max=89
PERF_LOG : dequantize_asym8s : 2048 : elements (DMA ping-pong) : 2302 : cycles : 0.89 : elements (DMA ping-pong)/cycle : 1.12 : cycles/elements (DMA ping-pong)
LAYER_DUMP : dequantize_per_tensor : 2048 : dtype=6 : first=[-0.350333,-0.360637,-0.144255,-0.195774,-1.154039,-1.205558,-0.370941,-0.597627,0.319421,0.278206,-0.123647,-0.340029,0.247294,0.443068,-0.103039,0.123647] : sum=-359.7509 : min=-1.298293 : max=1.164342
PERF_LOG : dequantize_asym8s : 2048 : elements (DMA ping-pong) : 2302 : cycles : 0.89 : elements (DMA ping-pong)/cycle : 1.12 : cycles/elements (DMA ping-pong)
LAYER_DUMP : dequantize_per_tensor : 2048 : dtype=6 : first=[-0.012096,0.012096,-0.048382,0.060478,0.895073,0.882978,0.169338,0.181434,-1.124889,-1.003934,-0.229816,-0.108860,-0.290294,-0.483823,-0.120956,-0.157243] : sum=-209.9794 : min=-1.209559 : max=1.415184
PERF_LOG : add_float : 2048 : elements (DMA ping-pong) : 2997 : cycles : 0.68 : elements (DMA ping-pong)/cycle : 1.46 : cycles/elements (DMA ping-pong)
LAYER_DUMP : add : 2048 : dtype=6 : first=[-0.362429,-0.348541,-0.192637,-0.135296,-0.258965,-0.322580,-0.201603,-0.416193,-0.805468,-0.725728,-0.353463,-0.448889,-0.043000,-0.040755,-0.223995,-0.033596] : sum=-569.7303 : min=-1.554970 : max=1.903512
PERF_LOG : quantize_asym8s : 2048 : elements (DMA ping-pong) : 2466 : cycles : 0.83 : elements (DMA ping-pong)/cycle : 1.20 : cycles/elements (DMA ping-pong)
LAYER_DUMP : quantize_per_tensor : 2048 : dtype=1 : first=[-31,-30,-20,-17,-25,-29,-21,-35,-59,-54,-31,-37,-11,-11,-22,-10] : sum=-52789 : min=-107 : max=114
PERF_LOG : quantized_relu : 2048 : elements (DMA ping-pong) : 2455 : cycles : 0.83 : elements (DMA ping-pong)/cycle : 1.20 : cycles/elements (DMA ping-pong)
LAYER_DUMP : quantized_relu : 2048 : dtype=1 : first=[-128,-128,-128,-128,-128,-128,-128,-128,-128,-128,-128,-128,-128,-128,-128,-128] : sum=-247048 : min=-128 : max=102
PERF_LOG : conv2d : 2048 : elements : 9230157 : cycles : 0.00 : elements/cycle : 4506.91 : cycles/elements
LAYER_DUMP : conv2d : 2048 : dtype=1 : first=[-4,-10,9,1,21,18,29,22,4,4,-1,10,-15,-11,2,22] : sum=8141 : min=-82 : max=72
PERF_LOG : quantized_relu : 2048 : elements (DMA ping-pong) : 2455 : cycles : 0.83 : elements (DMA ping-pong)/cycle : 1.20 : cycles/elements (DMA ping-pong)
LAYER_DUMP : quantized_relu : 2048 : dtype=1 : first=[-128,-128,-128,-128,-123,-128,-104,-121,-128,-128,-128,-128,-128,-128,-128,-121] : sum=-243408 : min=-128 : max=-2
PERF_LOG : conv2d : 2048 : elements : 9230161 : cycles : 0.00 : elements/cycle : 4506.91 : cycles/elements
LAYER_DUMP : conv2d : 2048 : dtype=1 : first=[-58,-59,-54,-58,-79,-78,-85,-85,-70,-68,-75,-71,6,-5,1,-7] : sum=-97586 : min=-108 : max=92
PERF_LOG : dequantize_asym8s : 2048 : elements (DMA ping-pong) : 2302 : cycles : 0.89 : elements (DMA ping-pong)/cycle : 1.12 : cycles/elements (DMA ping-pong)
LAYER_DUMP : dequantize_per_tensor : 2048 : dtype=6 : first=[0.000000,0.000000,0.000000,0.000000,0.000000,0.000000,0.000000,0.000000,0.000000,0.000000,0.000000,0.000000,0.000000,0.000000,0.000000,0.000000] : sum=125.3024 : min=0.000000 : max=1.909085
PERF_LOG : dequantize_asym8s : 2048 : elements (DMA ping-pong) : 2302 : cycles : 0.89 : elements (DMA ping-pong)/cycle : 1.12 : cycles/elements (DMA ping-pong)
LAYER_DUMP : dequantize_per_tensor : 2048 : dtype=6 : first=[-0.745633,-0.787057,-0.579936,-0.745633,-1.615537,-1.574113,-1.864082,-1.864082,-1.242721,-1.159873,-1.449841,-1.284145,1.905506,1.449841,1.698385,1.366993] : sum=-648.9489 : min=-2.816834 : max=5.467972
PERF_LOG : add_float : 2048 : elements (DMA ping-pong) : 2997 : cycles : 0.68 : elements (DMA ping-pong)/cycle : 1.46 : cycles/elements (DMA ping-pong)
LAYER_DUMP : add : 2048 : dtype=6 : first=[-0.745633,-0.787057,-0.579936,-0.745633,-1.615537,-1.574113,-1.864082,-1.864082,-1.242721,-1.159873,-1.449841,-1.284145,1.905506,1.449841,1.698385,1.366993] : sum=-523.6465 : min=-2.816834 : max=6.414760
PERF_LOG : quantize_asym8s : 2048 : elements (DMA ping-pong) : 2466 : cycles : 0.83 : elements (DMA ping-pong)/cycle : 1.20 : cycles/elements (DMA ping-pong)
LAYER_DUMP : quantize_per_tensor : 2048 : dtype=1 : first=[-64,-65,-61,-64,-83,-83,-89,-89,-75,-73,-80,-76,-6,-16,-11,-18] : sum=-109815 : min=-110 : max=93
PERF_LOG : quantized_relu : 2048 : elements (DMA ping-pong) : 2455 : cycles : 0.83 : elements (DMA ping-pong)/cycle : 1.20 : cycles/elements (DMA ping-pong)
LAYER_DUMP : quantized_relu : 2048 : dtype=1 : first=[-128,-128,-128,-128,-128,-128,-128,-128,-128,-128,-128,-128,-67,-82,-74,-84] : sum=-244321 : min=-128 : max=77
PERF_LOG : dequantize_asym8s : 2048 : elements (DMA ping-pong) : 2302 : cycles : 0.89 : elements (DMA ping-pong)/cycle : 1.12 : cycles/elements (DMA ping-pong)
LAYER_DUMP : dequantize_per_tensor : 2048 : dtype=6 : first=[0.000000,0.000000,0.000000,0.000000,0.000000,0.000000,0.000000,0.000000,0.000000,0.000000,0.000000,0.000000,1.912840,1.442470,1.693334,1.379754] : sum=558.8944 : min=0.000000 : max=6.428399
PERF_LOG : mean_simd_optimized : 512 : channels (DMA ping-pong) : 1554 : cycles : 0.33 : channels (DMA ping-pong)/cycle : 3.04 : cycles/channels (DMA ping-pong)
LAYER_DUMP : mean : 512 : dtype=6 : first=[0.000000,0.000000,0.000000,1.607100,0.000000,0.000000,0.000000,0.697716,0.101914,0.000000,0.000000,0.000000,0.000000,0.000000,0.000000,0.000000] : sum=139.7236 : min=0.000000 : max=6.350003
PERF_LOG : quantize_asym8s : 512 : elements (HW-optimized, no DMA) : 253 : cycles : 2.02 : elements (HW-optimized, no DMA)/cycle : 0.49 : cycles/elements (HW-optimized, no DMA)
LAYER_DUMP : quantize_per_tensor : 512 : dtype=1 : first=[-128,-128,-128,-75,-128,-128,-128,-105,-125,-128,-128,-128,-128,-128,-128,-128] : sum=-60938 : min=-128 : max=81
PERF_LOG : quantized_linear : 1000 : SIMD elements (DMA tiling) : 155041 : cycles : 0.01 : SIMD elements (DMA tiling)/cycle : 155.04 : cycles/SIMD elements (DMA tiling)
PERF_LOG : dequantize_asym8s : 1000 : elements (HW-optimized, no DMA) : 388 : cycles : 2.58 : elements (HW-optimized, no DMA)/cycle : 0.39 : cycles/elements (HW-optimized, no DMA)
LAYER_DUMP : dequantize_per_tensor : 1000 : dtype=6 : first=[-1.158831,0.651842,1.593392,1.738246,1.810673,0.434561,1.448538,0.289708,-1.593392,-0.941550,0.072427,1.738246,0.579415,2.317661,2.462515,0.289708] : sum=0.7243 : min=-4.780176 : max=5.866580
Output 0: tensor(sizes=[1, 1000], [
  -1.15883, 0.651842, 1.59339, 1.73825, 1.81067, 0.434561, 1.44854, 0.289708, -1.59339, -0.94155, 
  0.0724269, 1.73825, 0.579415, 2.31766, 2.46252, 0.289708, -0.144854, -0.144854, 0.94155, 1.01398, 
  -0.434561, -0.144854, 0.362135, 0.579415, -0.869123, 0., 0.289708, 0.217281, -0.289708, -0.796696, 
  -0.362135, -0.0724269, -0.362135, 2.10038, 4.20076, -0.434561, -0.434561, 0.506988, 1.37611, 0.579415, 
  1.37611, 0.869123, 1.44854, 0.869123, 1.37611, 1.01398, 1.23126, -1.01398, 0.0724269, -0.144854, 
  2.02795, -0.724269, 1.44854, 1.30368, 0.506988, 1.01398, 0.289708, -0.0724269, 1.44854, 1.30368, 
  1.37611, 1.01398, 0., -0.289708, 0.434561, 3.40407, 0.579415, -0.724269, 0.796696, 2.89708, 
  0.94155, 2.89708, 0.0724269, 2.82465, 0.362135, 2.31766, 2.02795, 1.95553, 4.12833, 3.40407, 
  -0.651842, 1.59339, 0.144854, -1.66582, -0.724269, 1.37611, -0.0724269, 2.60737, 0.217281, 1.44854, 
  -0.796696, -0.434561, 2.17281, -0.579415, 1.59339, -2.17281, -0.0724269, -1.15883, -0.796696, 0.651842, 
  0.0724269, -2.9695, -0.651842, 2.10038, 0.434561, -1.15883, -0.506988, 4.27319, -0.0724269, 1.01398, 
  -0.217281, 5.86658, 2.02795, 1.37611, 2.02795, -1.23126, -0.506988, 1.30368, 1.0864, 0.0724269, 
  0.579415, -0.869123, -0.289708, -0.434561, 1.44854, 2.82465, 2.17281, -0.362135, 0., 0.217281, 
  -0.434561, 0.144854, 0.94155, 0.289708, 1.0864, -1.59339, -0.362135, 0.217281, 0.289708, 1.66582, 
  1.30368, 0.869123, -0.434561, 0.506988, 0.144854, -0.362135, -0.94155, -0.434561, -1.15883, -0.289708, 
  -1.59339, 0.579415, -2.31766, 0.724269, 0.651842, 0.869123, -0.434561, -0.796696, 0.289708, -0.651842, 
  -1.52097, 1.15883, 1.30368, 0.579415, 0.94155, -1.37611, -0.0724269, -2.75222, 0., -0.796696, 
  -1.23126, 0.869123, -0.0724269, 0.217281, -0.289708, -2.53494, -1.01398, -2.31766, -0.0724269, -0.506988, 
  0.579415, -1.15883, -0.217281, -1.01398, -1.15883, -1.59339, -1.37611, 0.94155, -1.52097, -0.0724269, 
  -0.579415, -0.724269, 0.217281, -1.81067, -1.81067, 0.434561, 0.289708, -2.46252, -1.37611, -0.94155, 
  -1.73825, -0.0724269, 0.434561, 1.66582, 0.94155, -1.81067, -1.73825, 0.289708, -0.362135, 1.23126, 
  -0.869123, -1.52097, 0.0724269, -0.869123, -1.44854, 0.506988, -1.0864, 0.434561, 0.0724269, 0.0724269, 
  -3.04193, -1.59339, -1.59339, 0.144854, -1.44854, 0., -1.23126, -1.15883, -2.31766, -0.94155, 
  0.796696, -1.44854, -0.724269, -3.54892, -0.869123, -0.434561, -1.01398, 0., 0.362135, -0.362135, 
  -1.01398, -0.651842, 0.144854, -0.579415, -3.91105, 1.23126, -1.0864, -0.506988, -0.289708, -0.289708, 
  -0.289708, -0.0724269, -2.60737, -0.0724269, 0.0724269, -3.40407, -1.95553, -0.651842, -0.217281, 0.289708, 
  -1.66582, -1.30368, -3.25921, 1.30368, -0.144854, 0., -0.217281, -2.31766, -2.17281, -2.46252, 
  -1.30368, -2.17281, -0.0724269, -0.362135, -2.46252, -1.15883, -0.869123, -0.94155, -1.44854, -1.01398, 
  0.144854, 0.724269, 0.434561, -0.506988, 0.94155, 0., -2.24523, -2.39009, -2.60737, -3.11436, 
  -3.18678, -2.10038, -1.66582, -1.81067, -2.24523, -1.66582, -0.869123, -3.47649, 0.217281, -0.869123, 
  -0.796696, 2.24523, 0.869123, 1.73825, 0.651842, 1.95553, 1.73825, 1.59339, 1.81067, -0.0724269, 
  2.17281, 1.81067, 1.73825, 2.9695, 2.82465, 1.95553, 3.18678, 3.40407, 3.62135, 2.10038, 
  1.95553, -1.44854, -2.46252, -0.796696, 0., -0.724269, 0.94155, 3.40407, 0.651842, 0.289708, 
  0., 0., -1.0864, -0.869123, -0.651842, -0.434561, -0.94155, -0.94155, -0.651842, -2.6798, 
  -2.53494, -3.7662, -2.17281, -1.30368, -1.59339, -2.53494, -1.8831, -1.73825, -2.75222, -0.796696, 
  -1.01398, -1.30368, -2.39009, -0.94155, -1.59339, -3.54892, 0.869123, -0.434561, 0.289708, 1.30368, 
  -1.30368, 2.24523, 0.362135, 1.37611, -0.869123, -2.17281, -3.40407, -1.0864, -2.89708, -2.75222, 
  -0.579415, -2.24523, -1.8831, -1.30368, -0.94155, -1.8831, -0.651842, -0.0724269, -2.10038, -2.31766, 
  -2.10038, -1.23126, -1.37611, -0.94155, -2.6798, -3.11436, -2.53494, -2.39009, -3.04193, -1.0864, 
  0.796696, 0.434561, -1.01398, -0.796696, -0.289708, 1.66582, 1.44854, 1.66582, -0.651842, -0.94155, 
  -2.82465, -1.01398, 2.17281, 1.15883, 0.579415, 2.10038, -1.01398, -1.95553, -2.53494, 0.796696, 
  -0.94155, -0.796696, 1.0864, 0.579415, -0.434561, -2.9695, 0.144854, 1.44854, 4.5629, 3.18678, 
  1.81067, -0.362135, 1.0864, -2.31766, -2.60737, -1.0864, 0.579415, -0.289708, -0.94155, 1.8831, 
  -0.724269, -1.01398, 1.8831, -0.724269, -0.289708, -2.17281, -0.579415, 0.144854, -0.579415, -1.8831, 
  1.59339, 1.37611, -1.44854, 1.52097, 0.796696, -1.44854, 2.60737, -0.362135, -0.0724269, -1.30368, 
  -1.15883, 3.25921, -0.579415, -0.362135, -1.23126, 3.18678, 0.0724269, 0.506988, 2.82465, 0.869123, 
  1.73825, -0.289708, 0.651842, 0.362135, 2.10038, -1.01398, -1.81067, -3.69377, -0.506988, -1.37611, 
  1.73825, 0.289708, -0.796696, 2.39009, 1.0864, -1.15883, -4.5629, -0.796696, 2.02795, -0.217281, 
  1.15883, 2.02795, 0.144854, -0.651842, -0.217281, 1.73825, 0., 1.0864, 2.46252, -0.434561, 
  0.651842, 1.30368, 0.579415, -1.95553, -0.362135, -1.0864, 0.579415, -1.15883, -0.144854, 0.724269, 
  -0.724269, -0.724269, 1.30368, 0.506988, 0.869123, 1.0864, 0.289708, 1.52097, 1.23126, -3.25921, 
  0., -1.66582, 2.17281, 0.869123, 0.362135, 0.506988, -1.81067, 0.434561, -0.796696, -0.724269, 
  -2.10038, -1.01398, -0.144854, 2.31766, -2.02795, -1.0864, -0.362135, -1.59339, -0.506988, 0.434561, 
  1.37611, 0.289708, -1.37611, 0.869123, -0.94155, -0.796696, -1.23126, -0.506988, 0.651842, 1.01398, 
  0.289708, 1.0864, 2.82465, 0.869123, -0.144854, 1.52097, -0.217281, -2.9695, 0., 3.91105, 
  -2.6798, -0.724269, 0.289708, 1.59339, -0.724269, -1.59339, -0.724269, -0.217281, 1.0864, 1.0864, 
  -0.434561, -0.724269, -0.144854, 4.20076, -2.24523, -0.506988, 0.362135, 0.869123, -2.02795, -1.66582, 
  -0.724269, -2.39009, 1.81067, 0.217281, 2.9695, -1.8831, -3.54892, -0.651842, -1.81067, -0.724269, 
  -2.9695, -1.59339, -3.18678, -0.796696, 2.60737, 0.796696, -1.01398, 2.24523, -0.579415, 0.724269, 
  -1.66582, 1.66582, 0.94155, 1.95553, 0.506988, -1.95553, 1.01398, 2.17281, 0.579415, -0.869123, 
  2.9695, 0.144854, -0.217281, -2.46252, 1.30368, 2.17281, 1.66582, -0.0724269, 2.17281, -2.31766, 
  0.796696, 4.27319, -2.02795, 2.60737, -0.94155, 1.23126, 4.41804, -1.0864, 2.24523, 1.15883, 
  3.18678, -1.15883, 2.89708, 2.9695, 0.217281, -1.30368, 2.24523, -0.0724269, 1.01398, 2.53494, 
  0.869123, 1.01398, 1.73825, 1.30368, -4.5629, 1.23126, -1.23126, 0.579415, -0.506988, -1.15883, 
  2.6798, 0.651842, -1.0864, 0.217281, 4.41804, -1.66582, 0.651842, 1.15883, -2.10038, -0.869123, 
  2.17281, -1.73825, -0.796696, -0.362135, -1.73825, 0.869123, -1.44854, 3.25921, 0.724269, 0.289708, 
  -0.651842, -1.95553, 2.10038, -1.95553, 1.81067, 0.796696, 1.37611, -0.144854, -0.651842, -0.434561, 
  -1.66582, -1.01398, 0., 1.8831, 2.46252, -1.66582, -1.23126, 3.47649, -0.144854, 3.7662, 
  1.23126, 2.75222, 2.24523, 1.01398, 1.73825, 1.23126, 0.651842, -2.9695, 1.52097, -1.95553, 
  -3.18678, 0.0724269, 1.44854, 0.217281, -0.796696, 1.95553, 1.59339, 0.362135, -1.44854, 0.651842, 
  2.17281, 2.53494, -0.289708, -0.144854, 1.01398, -2.10038, -0.144854, -0.651842, -1.01398, 1.37611, 
  2.39009, 0.94155, 1.23126, -1.44854, 3.83863, -1.23126, 0.651842, -2.53494, 0.362135, 0.796696, 
  2.6798, 0.724269, 3.40407, 1.30368, -0.506988, 1.44854, 0.434561, 1.73825, 0.796696, -1.52097, 
  -1.44854, 1.81067, -0.506988, 1.8831, -2.39009, 1.01398, 1.8831, 1.73825, 0.796696, -3.54892, 
  0.651842, -0.217281, -0.579415, -1.0864, 2.53494, 0.579415, 1.23126, -1.15883, 0.144854, 3.11436, 
  -1.23126, -1.23126, 2.6798, 1.23126, -0.651842, 0.651842, -1.30368, -1.30368, 0.0724269, 0.579415, 
  -0.434561, 1.95553, -2.39009, 3.91105, 0.579415, 0.506988, -3.69377, 4.34561, -0.651842, 3.7662, 
  2.46252, 1.73825, 2.39009, 1.81067, 2.82465, -0.144854, 0.289708, 3.11436, -1.44854, -1.52097, 
  -0.144854, -0.579415, 2.10038, 3.83863, 3.40407, -0.217281, -0.362135, -0.796696, -2.02795, -0.796696, 
  -1.59339, 1.95553, 0.289708, 0.651842, -0.796696, 1.73825, 0.724269, -0.724269, 2.53494, -0.144854, 
  -2.02795, 0.94155, -1.73825, -0.796696, 1.95553, 1.0864, 1.52097, -0.94155, -0.362135, 0.869123, 
  -1.0864, 1.81067, 2.46252, 1.66582, 0.434561, 1.44854, 2.17281, -2.6798, 2.60737, -0.94155, 
  -3.47649, -1.01398, -1.15883, -0.0724269, -0.217281, -2.24523, 1.30368, -2.17281, 2.10038, -2.6798, 
  -0.651842, -0.94155, -1.23126, 0.724269, 0.796696, 0.651842, -0.651842, 0.796696, 0.796696, -0.434561, 
  0.869123, -0.434561, -0.0724269, -0.579415, 3.7662, 5.21474, 1.44854, -2.02795, 1.0864, 0.434561, 
  -0.434561, 1.95553, 4.34561, -1.23126, -1.30368, 2.82465, -4.27319, -2.10038, -0.869123, -0.0724269, 
  -2.89708, 0.217281, 1.59339, -0.796696, -1.59339, -4.78018, -1.73825, -1.37611, 0.506988, -0.434561, 
  1.37611, -0.289708, 2.60737, 0.144854, -3.7662, -0.362135, -1.30368, -1.8831, -2.02795, 1.01398, 
  1.59339, -1.15883, 1.8831, 1.30368, -0.724269, 0.506988, -1.15883, -2.24523, -1.0864, -0.217281, 
  -0.506988, -0.434561, 3.47649, 2.6798, -1.73825, 0.506988, -1.52097, -2.53494, 2.10038, 0.434561, 
  -0.579415, 0.362135, 3.04193, 0.0724269, 1.23126, -1.23126, -0.217281, 0.651842, 2.46252, 0.0724269, 
  1.66582, 0., -2.82465, 1.0864, -1.44854, -2.17281, -0.94155, -0.0724269, 0.506988, 0., 
  1.01398, 1.81067, 0.724269, -1.37611, -1.23126, -0.796696, -3.7662, 0.0724269, 0.434561, 1.73825, 
  -1.66582, -0.94155, 0.289708, -1.95553, -1.66582, -1.44854, -2.31766, -0.289708, -1.95553, -0.144854, 
  -0.217281, -1.52097, -1.15883, -1.37611, -1.95553, 0.0724269, -2.75222, -2.31766, 1.66582, 1.0864, 
  1.59339, 1.81067, 1.23126, 0.0724269, 1.01398, -0.144854, -1.66582, -0.0724269, -0.869123, -0.217281, 
  -0.651842, 0.724269, -1.37611, 0., -1.81067, -2.46252, 0.217281, 1.23126, 1.15883, -0.506988, 
  -0.579415, 0.94155, 0.0724269, 0.0724269, -0.579415, 1.8831, 1.15883, 3.47649, 1.95553, -0.144854, 
  1.73825, 1.01398, -1.73825, 0.724269, -0.434561, -0.362135, -1.23126, 0.724269, 1.23126, 0.0724269, 
  0.796696, -2.10038, -1.81067, -2.53494, -2.24523, -1.73825, -2.75222, -0.579415, 0.144854, 2.6798, 
])
