PERF_LOG : quantize_per_tensor : 12288 : elements : 639275 : cycles : 0.02 : elements/cycle : 52.02 : cycles/elements
PERF_LOG : quantized_conv2d_nchw : 65536 : elements : 171255025 : cycles : 0.00 : elements/cycle : 2613.14 : cycles/elements
PERF_LOG : quantized_relu_per_tensor : 65536 : elements : 6445038 : cycles : 0.01 : elements/cycle : 98.34 : cycles/elements
PERF_LOG : dequantize_per_tensor : 65536 : elements : 1245274 : cycles : 0.05 : elements/cycle : 19.00 : cycles/elements
PERF_LOG : max_pool2d : 16384 : elements : 10016621 : cycles : 0.00 : elements/cycle : 611.37 : cycles/elements
PERF_LOG : quantize_per_tensor : 16384 : elements : 852267 : cycles : 0.02 : elements/cycle : 52.02 : cycles/elements
PERF_LOG : quantized_conv2d_nchw : 16384 : elements : 191513463 : cycles : 0.00 : elements/cycle : 11689.05 : cycles/elements
PERF_LOG : quantized_relu_per_tensor : 16384 : elements : 1526030 : cycles : 0.01 : elements/cycle : 93.14 : cycles/elements
PERF_LOG : quantized_conv2d_nchw : 16384 : elements : 191513463 : cycles : 0.00 : elements/cycle : 11689.05 : cycles/elements
PERF_LOG : dequantize_per_tensor : 16384 : elements : 311386 : cycles : 0.05 : elements/cycle : 19.01 : cycles/elements
PERF_LOG : add : 16384 : elements : 4637585 : cycles : 0.00 : elements/cycle : 283.06 : cycles/elements
PERF_LOG : quantize_per_tensor : 16384 : elements : 852267 : cycles : 0.02 : elements/cycle : 52.02 : cycles/elements
PERF_LOG : quantized_relu_per_tensor : 16384 : elements : 1671630 : cycles : 0.01 : elements/cycle : 102.03 : cycles/elements
PERF_LOG : quantized_conv2d_nchw : 16384 : elements : 191513463 : cycles : 0.00 : elements/cycle : 11689.05 : cycles/elements
PERF_LOG : quantized_relu_per_tensor : 16384 : elements : 1518694 : cycles : 0.01 : elements/cycle : 92.69 : cycles/elements
PERF_LOG : quantized_conv2d_nchw : 16384 : elements : 191513463 : cycles : 0.00 : elements/cycle : 11689.05 : cycles/elements
PERF_LOG : dequantize_per_tensor : 16384 : elements : 311386 : cycles : 0.05 : elements/cycle : 19.01 : cycles/elements
PERF_LOG : dequantize_per_tensor : 16384 : elements : 311386 : cycles : 0.05 : elements/cycle : 19.01 : cycles/elements
PERF_LOG : add : 16384 : elements : 4637585 : cycles : 0.00 : elements/cycle : 283.06 : cycles/elements
PERF_LOG : quantize_per_tensor : 16384 : elements : 852273 : cycles : 0.02 : elements/cycle : 52.02 : cycles/elements
PERF_LOG : quantized_relu_per_tensor : 16384 : elements : 1666394 : cycles : 0.01 : elements/cycle : 101.71 : cycles/elements
PERF_LOG : quantized_conv2d_nchw : 8192 : elements : 12217727 : cycles : 0.00 : elements/cycle : 1491.42 : cycles/elements
PERF_LOG : quantized_conv2d_nchw : 8192 : elements : 95459289 : cycles : 0.00 : elements/cycle : 11652.75 : cycles/elements
PERF_LOG : quantized_relu_per_tensor : 8192 : elements : 750596 : cycles : 0.01 : elements/cycle : 91.63 : cycles/elements
PERF_LOG : quantized_conv2d_nchw : 8192 : elements : 181106647 : cycles : 0.00 : elements/cycle : 22107.74 : cycles/elements
PERF_LOG : dequantize_per_tensor : 8192 : elements : 155738 : cycles : 0.05 : elements/cycle : 19.01 : cycles/elements
PERF_LOG : dequantize_per_tensor : 8192 : elements : 155738 : cycles : 0.05 : elements/cycle : 19.01 : cycles/elements
PERF_LOG : add : 8192 : elements : 2319249 : cycles : 0.00 : elements/cycle : 283.11 : cycles/elements
PERF_LOG : quantize_per_tensor : 8192 : elements : 426284 : cycles : 0.02 : elements/cycle : 52.04 : cycles/elements
PERF_LOG : quantized_relu_per_tensor : 8192 : elements : 787246 : cycles : 0.01 : elements/cycle : 96.10 : cycles/elements
PERF_LOG : quantized_conv2d_nchw : 8192 : elements : 181106647 : cycles : 0.00 : elements/cycle : 22107.74 : cycles/elements
PERF_LOG : quantized_relu_per_tensor : 8192 : elements : 716602 : cycles : 0.01 : elements/cycle : 87.48 : cycles/elements
PERF_LOG : quantized_conv2d_nchw : 8192 : elements : 181106647 : cycles : 0.00 : elements/cycle : 22107.74 : cycles/elements
PERF_LOG : dequantize_per_tensor : 8192 : elements : 155738 : cycles : 0.05 : elements/cycle : 19.01 : cycles/elements
PERF_LOG : dequantize_per_tensor : 8192 : elements : 155738 : cycles : 0.05 : elements/cycle : 19.01 : cycles/elements
PERF_LOG : add : 8192 : elements : 2319249 : cycles : 0.00 : elements/cycle : 283.11 : cycles/elements
PERF_LOG : quantize_per_tensor : 8192 : elements : 426286 : cycles : 0.02 : elements/cycle : 52.04 : cycles/elements
PERF_LOG : quantized_relu_per_tensor : 8192 : elements : 778228 : cycles : 0.01 : elements/cycle : 95.00 : cycles/elements
PERF_LOG : quantized_conv2d_nchw : 4096 : elements : 11887103 : cycles : 0.00 : elements/cycle : 2902.12 : cycles/elements
PERF_LOG : quantized_conv2d_nchw : 4096 : elements : 89985177 : cycles : 0.00 : elements/cycle : 21969.04 : cycles/elements
PERF_LOG : quantized_relu_per_tensor : 4096 : elements : 370366 : cycles : 0.01 : elements/cycle : 90.42 : cycles/elements
PERF_LOG : quantized_conv2d_nchw : 4096 : elements : 162566295 : cycles : 0.00 : elements/cycle : 39689.04 : cycles/elements
PERF_LOG : dequantize_per_tensor : 4096 : elements : 77914 : cycles : 0.05 : elements/cycle : 19.02 : cycles/elements
PERF_LOG : dequantize_per_tensor : 4096 : elements : 77914 : cycles : 0.05 : elements/cycle : 19.02 : cycles/elements
PERF_LOG : add : 4096 : elements : 1160081 : cycles : 0.00 : elements/cycle : 283.22 : cycles/elements
PERF_LOG : quantize_per_tensor : 4096 : elements : 213315 : cycles : 0.02 : elements/cycle : 52.08 : cycles/elements
PERF_LOG : quantized_relu_per_tensor : 4096 : elements : 379576 : cycles : 0.01 : elements/cycle : 92.67 : cycles/elements
PERF_LOG : quantized_conv2d_nchw : 4096 : elements : 162566295 : cycles : 0.00 : elements/cycle : 39689.04 : cycles/elements
PERF_LOG : quantized_relu_per_tensor : 4096 : elements : 362020 : cycles : 0.01 : elements/cycle : 88.38 : cycles/elements
PERF_LOG : quantized_conv2d_nchw : 4096 : elements : 162566295 : cycles : 0.00 : elements/cycle : 39689.04 : cycles/elements
PERF_LOG : dequantize_per_tensor : 4096 : elements : 77914 : cycles : 0.05 : elements/cycle : 19.02 : cycles/elements
PERF_LOG : dequantize_per_tensor : 4096 : elements : 77914 : cycles : 0.05 : elements/cycle : 19.02 : cycles/elements
PERF_LOG : add : 4096 : elements : 1160081 : cycles : 0.00 : elements/cycle : 283.22 : cycles/elements
PERF_LOG : quantize_per_tensor : 4096 : elements : 213299 : cycles : 0.02 : elements/cycle : 52.07 : cycles/elements
PERF_LOG : quantized_relu_per_tensor : 4096 : elements : 378680 : cycles : 0.01 : elements/cycle : 92.45 : cycles/elements
PERF_LOG : quantized_conv2d_nchw : 2048 : elements : 11723522 : cycles : 0.00 : elements/cycle : 5724.38 : cycles/elements
PERF_LOG : quantized_conv2d_nchw : 2048 : elements : 80284188 : cycles : 0.00 : elements/cycle : 39201.26 : cycles/elements
PERF_LOG : quantized_relu_per_tensor : 2048 : elements : 185558 : cycles : 0.01 : elements/cycle : 90.60 : cycles/elements
PERF_LOG : quantized_conv2d_nchw : 2048 : elements : 131009053 : cycles : 0.00 : elements/cycle : 63969.26 : cycles/elements
PERF_LOG : dequantize_per_tensor : 2048 : elements : 39002 : cycles : 0.05 : elements/cycle : 19.04 : cycles/elements
PERF_LOG : dequantize_per_tensor : 2048 : elements : 39002 : cycles : 0.05 : elements/cycle : 19.04 : cycles/elements
PERF_LOG : add : 2048 : elements : 580497 : cycles : 0.00 : elements/cycle : 283.45 : cycles/elements
PERF_LOG : quantize_per_tensor : 2048 : elements : 106807 : cycles : 0.02 : elements/cycle : 52.15 : cycles/elements
PERF_LOG : quantized_relu_per_tensor : 2048 : elements : 175450 : cycles : 0.01 : elements/cycle : 85.67 : cycles/elements
PERF_LOG : quantized_conv2d_nchw : 2048 : elements : 131009053 : cycles : 0.00 : elements/cycle : 63969.26 : cycles/elements
PERF_LOG : quantized_relu_per_tensor : 2048 : elements : 176654 : cycles : 0.01 : elements/cycle : 86.26 : cycles/elements
PERF_LOG : quantized_conv2d_nchw : 2048 : elements : 131009053 : cycles : 0.00 : elements/cycle : 63969.26 : cycles/elements
PERF_LOG : dequantize_per_tensor : 2048 : elements : 39002 : cycles : 0.05 : elements/cycle : 19.04 : cycles/elements
PERF_LOG : dequantize_per_tensor : 2048 : elements : 39002 : cycles : 0.05 : elements/cycle : 19.04 : cycles/elements
PERF_LOG : add : 2048 : elements : 580497 : cycles : 0.00 : elements/cycle : 283.45 : cycles/elements
PERF_LOG : quantize_per_tensor : 2048 : elements : 106800 : cycles : 0.02 : elements/cycle : 52.15 : cycles/elements
PERF_LOG : quantized_relu_per_tensor : 2048 : elements : 180518 : cycles : 0.01 : elements/cycle : 88.14 : cycles/elements
PERF_LOG : dequantize_per_tensor : 2048 : elements : 39002 : cycles : 0.05 : elements/cycle : 19.04 : cycles/elements
PERF_LOG : mean : 512 : elements : 422431 : cycles : 0.00 : elements/cycle : 825.06 : cycles/elements
PERF_LOG : quantize_per_tensor : 512 : elements : 26927 : cycles : 0.02 : elements/cycle : 52.59 : cycles/elements
PERF_LOG : quantized_linear_per_tensor : 1000 : elements : 1498886 : cycles : 0.00 : elements/cycle : 1498.89 : cycles/elements
PERF_LOG : dequantize_per_tensor : 1000 : elements : 19090 : cycles : 0.05 : elements/cycle : 19.09 : cycles/elements
Output 0: tensor(sizes=[1, 1000], [
  -1.37611, 0.506988, 1.52097, 1.73825, 1.81067, 0.362135, 1.37611, 0.289708, -1.66582, -0.869123, 
  -0.144854, 1.59339, 0.506988, 2.24523, 2.31766, 0.217281, -0.144854, -0.217281, 0.94155, 0.796696, 
  -0.579415, -0.144854, 0.362135, 0.651842, -1.01398, 0., 0.217281, 0.289708, -0.362135, -0.869123, 
  -0.506988, -0.0724269, -0.506988, 2.10038, 4.20076, -0.651842, -0.651842, 0.362135, 1.30368, 0.579415, 
  1.44854, 0.94155, 1.37611, 0.651842, 1.52097, 1.01398, 1.37611, -1.01398, 0., -0.144854, 
  2.02795, -0.796696, 1.44854, 1.23126, 0.434561, 1.01398, 0.217281, -0.144854, 1.30368, 1.30368, 
  1.30368, 0.869123, -0.217281, -0.362135, 0.289708, 3.40407, 0.579415, -0.796696, 0.724269, 2.89708, 
  1.0864, 2.9695, 0., 2.82465, 0.434561, 2.31766, 1.95553, 2.02795, 4.12833, 3.54892, 
  -0.796696, 1.52097, 0.144854, -1.8831, -0.651842, 1.30368, -0.217281, 2.46252, 0.217281, 1.44854, 
  -0.724269, -0.506988, 2.24523, -0.506988, 1.44854, -2.31766, 0., -1.44854, -0.94155, 0.506988, 
  -0.0724269, -3.04193, -0.651842, 2.02795, 0.506988, -1.0864, -0.434561, 4.20076, -0.144854, 0.869123, 
  -0.217281, 5.93901, 2.17281, 1.30368, 2.02795, -1.23126, -0.651842, 1.37611, 1.01398, 0.0724269, 
  0.506988, -0.94155, -0.362135, -0.434561, 1.37611, 2.75222, 2.17281, -0.362135, -0.144854, 0.0724269, 
  -0.506988, 0., 0.796696, 0.0724269, 1.01398, -1.66582, -0.434561, 0.0724269, 0.289708, 1.52097, 
  1.23126, 0.796696, -0.579415, 0.506988, 0., -0.289708, -0.94155, -0.506988, -1.23126, -0.289708, 
  -1.59339, 0.579415, -2.39009, 0.796696, 0.579415, 0.796696, -0.434561, -0.869123, 0.217281, -0.506988, 
  -1.52097, 1.15883, 1.23126, 0.506988, 0.869123, -1.37611, -0.144854, -2.75222, -0.0724269, -0.724269, 
  -1.15883, 0.869123, 0., 0.289708, -0.289708, -2.53494, -0.94155, -2.31766, -0.0724269, -0.579415, 
  0.579415, -1.23126, -0.144854, -1.0864, -1.15883, -1.52097, -1.37611, 0.94155, -1.59339, 0., 
  -0.579415, -0.724269, 0.217281, -1.95553, -1.81067, 0.434561, 0.217281, -2.46252, -1.44854, -0.869123, 
  -1.81067, -0.144854, 0.434561, 1.66582, 0.796696, -1.81067, -1.66582, 0.289708, -0.362135, 1.15883, 
  -1.01398, -1.59339, 0.0724269, -0.869123, -1.44854, 0.434561, -1.23126, 0.362135, 0., 0., 
  -3.11436, -1.59339, -1.44854, 0.217281, -1.37611, 0., -1.23126, -1.15883, -2.17281, -0.869123, 
  0.796696, -1.37611, -0.724269, -3.47649, -0.94155, -0.362135, -0.94155, -0.0724269, 0.362135, -0.434561, 
  -1.01398, -0.651842, 0., -0.651842, -3.91105, 1.23126, -1.01398, -0.506988, -0.217281, -0.217281, 
  -0.217281, 0., -2.60737, -0.144854, 0.0724269, -3.40407, -1.95553, -0.579415, -0.144854, 0.362135, 
  -1.59339, -1.23126, -3.25921, 1.23126, -0.144854, 0.0724269, -0.217281, -2.31766, -2.10038, -2.31766, 
  -1.23126, -2.24523, 0., -0.217281, -2.46252, -1.30368, -0.796696, -1.01398, -1.44854, -1.01398, 
  0.0724269, 0.579415, 0.362135, -0.506988, 0.869123, 0.0724269, -2.17281, -2.39009, -2.6798, -3.04193, 
  -3.18678, -2.10038, -1.81067, -1.81067, -2.31766, -1.66582, -0.869123, -3.47649, 0.0724269, -0.869123, 
  -0.724269, 2.31766, 0.94155, 1.81067, 0.724269, 2.02795, 1.59339, 1.59339, 1.95553, -0.144854, 
  2.31766, 1.73825, 1.81067, 3.11436, 2.89708, 2.10038, 3.33164, 3.40407, 3.7662, 2.17281, 
  2.10038, -1.37611, -2.53494, -0.796696, 0., -0.796696, 1.01398, 3.33164, 0.651842, 0.289708, 
  0., -0.0724269, -1.0864, -0.869123, -0.724269, -0.506988, -1.0864, -1.0864, -0.796696, -2.6798, 
  -2.53494, -3.7662, -2.24523, -1.30368, -1.59339, -2.53494, -2.02795, -1.66582, -2.75222, -0.724269, 
  -0.869123, -1.37611, -2.46252, -0.869123, -1.52097, -3.47649, 0.796696, -0.506988, 0.217281, 1.23126, 
  -1.37611, 2.10038, 0.217281, 1.30368, -1.01398, -2.10038, -3.25921, -0.94155, -2.82465, -2.75222, 
  -0.651842, -2.24523, -1.73825, -1.23126, -0.94155, -1.8831, -0.724269, -0.217281, -2.10038, -2.31766, 
  -2.17281, -1.23126, -1.44854, -0.94155, -2.6798, -3.11436, -2.53494, -2.46252, -2.9695, -1.15883, 
  0.651842, 0.362135, -1.15883, -0.869123, -0.434561, 1.52097, 1.52097, 1.66582, -0.796696, -0.869123, 
  -2.82465, -1.0864, 2.24523, 1.30368, 0.579415, 2.17281, -1.0864, -1.8831, -2.46252, 0.94155, 
  -1.0864, -0.869123, 1.15883, 0.724269, -0.362135, -2.9695, 0., 1.44854, 4.63532, 3.18678, 
  1.81067, -0.217281, 0.94155, -2.31766, -2.6798, -1.01398, 0.651842, -0.289708, -0.94155, 1.95553, 
  -0.796696, -1.0864, 1.95553, -0.869123, -0.434561, -2.24523, -0.434561, 0.289708, -0.579415, -1.81067, 
  1.59339, 1.37611, -1.37611, 1.44854, 0.869123, -1.37611, 2.60737, -0.362135, -0.144854, -1.23126, 
  -1.15883, 3.18678, -0.724269, -0.362135, -1.15883, 3.18678, 0.0724269, 0.362135, 2.82465, 0.869123, 
  1.81067, -0.434561, 0.651842, 0.217281, 1.95553, -1.01398, -1.81067, -3.7662, -0.579415, -1.44854, 
  1.59339, 0.362135, -0.724269, 2.24523, 1.01398, -1.01398, -4.5629, -0.869123, 2.17281, -0.0724269, 
  1.15883, 2.02795, 0.217281, -0.651842, -0.0724269, 1.81067, 0., 1.23126, 2.31766, -0.362135, 
  0.362135, 1.37611, 0.434561, -2.02795, -0.434561, -1.23126, 0.506988, -1.01398, 0., 0.724269, 
  -0.579415, -0.724269, 1.0864, 0.506988, 0.94155, 1.15883, 0.434561, 1.30368, 1.37611, -3.33164, 
  0., -1.44854, 2.17281, 0.869123, 0.362135, 0.506988, -1.8831, 0.506988, -0.869123, -0.796696, 
  -2.24523, -1.0864, -0.144854, 2.31766, -2.10038, -1.0864, -0.289708, -1.44854, -0.506988, 0.362135, 
  1.44854, 0.506988, -1.37611, 0.651842, -1.01398, -0.724269, -1.23126, -0.506988, 0.724269, 0.94155, 
  0.289708, 1.0864, 2.89708, 0.869123, -0.217281, 1.52097, -0.144854, -2.9695, 0.144854, 4.05591, 
  -2.60737, -0.651842, 0.217281, 1.59339, -0.724269, -1.59339, -0.724269, -0.144854, 1.15883, 1.0864, 
  -0.506988, -0.651842, -0.0724269, 4.34561, -2.24523, -0.579415, 0.434561, 0.724269, -2.02795, -1.59339, 
  -0.724269, -2.24523, 1.73825, 0.217281, 3.04193, -1.81067, -3.69377, -0.724269, -1.8831, -0.651842, 
  -2.89708, -1.44854, -3.11436, -0.796696, 2.46252, 0.724269, -0.94155, 2.24523, -0.651842, 0.724269, 
  -1.59339, 1.66582, 1.01398, 1.8831, 0.506988, -1.95553, 1.0864, 2.24523, 0.796696, -0.94155, 
  2.9695, 0.0724269, -0.289708, -2.39009, 1.30368, 2.31766, 1.52097, -0.0724269, 2.17281, -2.17281, 
  0.869123, 4.20076, -1.95553, 2.60737, -0.94155, 1.15883, 4.27319, -1.0864, 2.17281, 1.23126, 
  3.33164, -1.15883, 3.04193, 3.04193, 0.289708, -1.23126, 2.24523, 0.0724269, 1.15883, 2.60737, 
  0.94155, 1.01398, 1.81067, 1.30368, -4.41804, 1.15883, -1.23126, 0.506988, -0.434561, -1.15883, 
  2.6798, 0.579415, -1.0864, 0.144854, 4.49047, -1.52097, 0.724269, 1.01398, -2.24523, -0.796696, 
  2.17281, -1.73825, -0.724269, -0.506988, -1.66582, 0.869123, -1.30368, 3.47649, 0.579415, 0.217281, 
  -0.506988, -1.8831, 2.17281, -1.81067, 1.95553, 0.869123, 1.23126, -0.0724269, -0.579415, -0.506988, 
  -1.59339, -1.0864, 0.144854, 2.02795, 2.39009, -1.59339, -1.30368, 3.47649, -0.289708, 3.91105, 
  1.0864, 2.9695, 2.39009, 1.0864, 1.59339, 1.37611, 0.579415, -2.89708, 1.59339, -2.02795, 
  -3.18678, 0., 1.52097, 0.144854, -0.796696, 1.81067, 1.59339, 0.217281, -1.37611, 0.651842, 
  2.17281, 2.53494, -0.434561, -0.144854, 1.0864, -2.10038, 0.0724269, -0.579415, -1.01398, 1.37611, 
  2.46252, 1.01398, 1.23126, -1.37611, 4.05591, -1.23126, 0.651842, -2.46252, 0.434561, 0.724269, 
  2.6798, 0.724269, 3.40407, 1.37611, -0.506988, 1.44854, 0.289708, 1.8831, 0.724269, -1.59339, 
  -1.44854, 1.81067, -0.289708, 1.8831, -2.31766, 0.869123, 1.81067, 1.73825, 0.796696, -3.7662, 
  0.651842, -0.362135, -0.434561, -1.01398, 2.60737, 0.724269, 1.23126, -1.15883, 0.0724269, 3.18678, 
  -1.23126, -1.0864, 2.82465, 1.15883, -0.506988, 0.869123, -1.23126, -1.15883, 0.0724269, 0.724269, 
  -0.362135, 1.95553, -2.31766, 3.98348, 0.724269, 0.506988, -3.69377, 4.41804, -0.579415, 3.7662, 
  2.31766, 1.66582, 2.39009, 1.73825, 2.75222, -0.217281, 0.362135, 3.11436, -1.44854, -1.59339, 
  -0.144854, -0.506988, 2.31766, 3.91105, 3.40407, -0.0724269, -0.362135, -0.94155, -2.10038, -0.724269, 
  -1.59339, 1.81067, 0.289708, 0.506988, -0.796696, 1.73825, 0.506988, -0.796696, 2.60737, 0., 
  -2.17281, 0.94155, -1.73825, -0.796696, 1.8831, 1.15883, 1.44854, -0.651842, -0.362135, 0.869123, 
  -0.869123, 1.73825, 2.53494, 1.59339, 0.506988, 1.52097, 2.31766, -2.53494, 2.6798, -0.796696, 
  -3.40407, -0.94155, -1.15883, -0.144854, -0.362135, -2.24523, 1.44854, -2.24523, 1.95553, -2.60737, 
  -0.651842, -1.01398, -1.15883, 0.796696, 0.796696, 0.796696, -0.579415, 0.94155, 0.869123, -0.362135, 
  0.796696, -0.289708, -0.0724269, -0.506988, 3.7662, 5.28716, 1.44854, -1.8831, 1.15883, 0.362135, 
  -0.434561, 2.10038, 4.34561, -1.15883, -1.30368, 2.82465, -4.27319, -2.24523, -0.869123, -0.144854, 
  -2.9695, 0.144854, 1.59339, -0.724269, -1.52097, -4.92503, -1.66582, -1.23126, 0.362135, -0.362135, 
  1.37611, -0.289708, 2.75222, 0.217281, -3.62135, -0.362135, -1.37611, -1.8831, -1.95553, 1.15883, 
  1.66582, -1.23126, 1.81067, 1.23126, -0.651842, 0.506988, -1.23126, -2.39009, -1.15883, -0.144854, 
  -0.362135, -0.579415, 3.62135, 2.75222, -1.81067, 0.579415, -1.52097, -2.53494, 2.10038, 0.434561, 
  -0.506988, 0.362135, 2.9695, 0., 1.37611, -1.0864, -0.362135, 0.724269, 2.53494, 0.0724269, 
  1.66582, 0., -2.89708, 1.23126, -1.44854, -2.10038, -0.651842, -0.0724269, 0.651842, 0.0724269, 
  1.15883, 1.95553, 0.724269, -1.37611, -1.23126, -0.94155, -3.91105, -0.0724269, 0.434561, 1.66582, 
  -1.66582, -0.869123, 0.217281, -1.95553, -1.66582, -1.44854, -2.24523, -0.217281, -1.8831, -0.0724269, 
  -0.289708, -1.59339, -1.23126, -1.23126, -1.81067, 0., -2.6798, -2.31766, 1.73825, 1.15883, 
  1.81067, 1.8831, 1.30368, 0.144854, 1.0864, -0.217281, -1.52097, -0.0724269, -0.796696, -0.289708, 
  -0.724269, 0.724269, -1.44854, 0.0724269, -1.73825, -2.39009, 0.362135, 1.30368, 1.30368, -0.579415, 
  -0.506988, 1.0864, 0.0724269, 0.0724269, -0.434561, 1.8831, 1.15883, 3.62135, 2.02795, -0.144854, 
  1.81067, 1.15883, -1.59339, 0.724269, -0.579415, -0.434561, -1.37611, 0.651842, 1.30368, 0.0724269, 
  0.869123, -2.17281, -1.8831, -2.60737, -2.39009, -1.81067, -2.89708, -0.579415, 0.0724269, 2.6798, 
])
