============================================================
  ResNet18 Output Comparison: Generic vs Optimized
============================================================
  Generic log : resnet18_generic.log
  Optimized log: resnet18_quant_48k.log
  Output size  : 1000 values
  Quant step   : 0.0724200
============================================================

Category                  Count   Percent
------------------------------------------
Exact match                   8      0.8%
Off-by-1 level               18      1.8%
Off-by-2 levels              18      1.8%
>2 levels                   956     95.6%
Total                      1000

  Max absolute diff : 10.0673440  (139.0 levels)  at index 920
  Mean absolute diff: 2.5579014  (35.32 levels)

  Top 10 largest differences:
    [ 920]  gen=  9.922490  opt= -0.144854  diff=10.067344 (139.0 levels)
    [ 781]  gen=  7.025410  opt= -3.041930  diff=10.067340 (139.0 levels)
    [ 816]  gen= -3.404070  opt=  5.576870  diff=8.980940 (124.0 levels)
    [ 916]  gen=  8.618800  opt= -0.362135  diff=8.980935 (124.0 levels)
    [ 756]  gen= -2.390090  opt=  6.446000  diff=8.836090 (122.0 levels)
    [ 308]  gen=  2.824650  opt= -5.794150  diff=8.618800 (119.0 levels)
    [ 839]  gen=  3.983480  opt= -4.562900  diff=8.546380 (118.0 levels)
    [ 428]  gen= -3.259210  opt=  4.780180  diff=8.039390 (111.0 levels)
    [ 319]  gen=  2.100380  opt= -5.866580  diff=7.966960 (110.0 levels)
    [ 320]  gen=  1.448540  opt= -6.518420  diff=7.966960 (110.0 levels)

============================================================
  Top-K Classification Comparison
============================================================
  Generic  Top-1: class  920  (score 9.9225)
  Optimized Top-1: class  412  (score 9.1258)
  Top-1 match: NO
  Generic  Top-5: [920, 530, 644, 916, 409]
  Optimized Top-5: [412, 813, 744, 666, 463]
  Top-5 overlap : 0/5

============================================================
  Performance (PERF_LOG cycles)
============================================================
  Generic  conv2d total: 2,128,989,606 cycles  (20 layers)
  Optimized conv2d total:   40,621,559 cycles  (20 layers)
  Speedup: 52.4x

============================================================
