============================================================
  ResNet18 Output Comparison: Generic vs Optimized
============================================================
  Generic log : resnet18_quant_cache.log
  Optimized log: resnet18_quant_bm.log
  Output size  : 1000 values
  Quant step   : 0.0724200
============================================================

Category                  Count   Percent
------------------------------------------
Exact match                1000    100.0%
Off-by-1 level                0      0.0%
Off-by-2 levels               0      0.0%
>2 levels                     0      0.0%
Total                      1000

  Max absolute diff : 0.0000000  (0.0 levels)  at index 0
  Mean absolute diff: 0.0000000  (0.00 levels)

  Top 10 largest differences:
    [   0]  gen= -1.593390  opt= -1.593390  diff=0.000000 (0.0 levels)
    [   1]  gen=  0.506988  opt=  0.506988  diff=0.000000 (0.0 levels)
    [   2]  gen= -0.072427  opt= -0.072427  diff=0.000000 (0.0 levels)
    [   3]  gen= -0.796696  opt= -0.796696  diff=0.000000 (0.0 levels)
    [   4]  gen=  0.941550  opt=  0.941550  diff=0.000000 (0.0 levels)
    [   5]  gen=  2.534940  opt=  2.534940  diff=0.000000 (0.0 levels)
    [   6]  gen= -1.231260  opt= -1.231260  diff=0.000000 (0.0 levels)
    [   7]  gen= -1.086400  opt= -1.086400  diff=0.000000 (0.0 levels)
    [   8]  gen= -1.013980  opt= -1.013980  diff=0.000000 (0.0 levels)
    [   9]  gen= -3.114360  opt= -3.114360  diff=0.000000 (0.0 levels)

============================================================
  Top-K Classification Comparison
============================================================
  Generic  Top-1: class  920  (score 10.1398)
  Optimized Top-1: class  920  (score 10.1398)
  Top-1 match: YES
  Generic  Top-5: [920, 530, 644, 916, 818]
  Optimized Top-5: [920, 530, 644, 916, 818]
  Top-5 overlap : 5/5

============================================================
  Performance (PERF_LOG cycles)
============================================================
  Generic  conv2d total:   62,488,098 cycles  (20 layers)
  Optimized conv2d total:   62,483,246 cycles  (20 layers)
  Speedup: 1.0x

============================================================
