============================================================
  ResNet18 Output Comparison: Generic vs Optimized
============================================================
  Generic log : resnet50_generic_mem_model.log
  Optimized log: resnet50_quant_64k_mem_model.log
  Output size  : 1000 values
  Quant step   : 0.0609400
============================================================

Category                  Count   Percent
------------------------------------------
Exact match                  47      4.7%
Off-by-1 level               59      5.9%
Off-by-2 levels              46      4.6%
>2 levels                   848     84.8%
Total                      1000

  Max absolute diff : 10.7872810  (177.0 levels)  at index 686
  Mean absolute diff: 0.8428743  (13.83 levels)

  Top 10 largest differences:
    [ 686]  gen= -0.243781  opt= 10.543500  diff=10.787281 (177.0 levels)
    [  28]  gen=  4.692790  opt= -2.742540  diff=7.435330 (122.0 levels)
    [ 858]  gen= -0.304727  opt=  6.521150  diff=6.825877 (112.0 levels)
    [ 581]  gen= -0.304727  opt=  6.277370  diff=6.582097 (108.0 levels)
    [  23]  gen=  9.995040  opt=  3.534830  diff=6.460210 (106.0 levels)
    [ 599]  gen= -0.609454  opt=  4.814680  diff=5.424134 (89.0 levels)
    [ 539]  gen=  0.243781  opt=  4.205230  diff=3.961449 (65.0 levels)
    [ 727]  gen= -0.975126  opt=  2.925380  diff=3.900506 (64.0 levels)
    [   6]  gen=  1.157960  opt= -2.742540  diff=3.900500 (64.0 levels)
    [  19]  gen=  2.864430  opt= -0.853235  diff=3.717665 (61.0 levels)

============================================================
  Top-K Classification Comparison
============================================================
  Generic  Top-1: class   23  (score 9.9950)
  Optimized Top-1: class  686  (score 10.5435)
  Top-1 match: NO
  Generic  Top-5: [23, 15, 28, 416, 644]
  Optimized Top-5: [686, 858, 581, 599, 539]
  Top-5 overlap : 0/5

============================================================
  Performance (PERF_LOG cycles)
============================================================
  Generic  conv2d total: 6,955,958,765 cycles  (53 layers)
  Optimized conv2d total:  160,468,920 cycles  (53 layers)
  Speedup: 43.3x

============================================================
