PERF_LOG : quantize_asym8s : 12288 : elements (DMA ping-pong) : 3642 : cycles : 3.37 : elements (DMA ping-pong)/cycle : 0.30 : cycles/elements (DMA ping-pong)
=== conv_layer_config_t dump ===
  layer_id:          0
  layer_name:        conv1
  kernel_name:       7x7j2d1
  config_key:        3_64_64_64_7_7_32_32_2_2_3_1
  --- Source (DRAM) ---
  src_dim1_size:     64
  src_dim2_size:     64
  src_dim3_size:     3
  src_dim1_pitch:    64
  src_dim2_pitch:    4096
  --- Destination (DRAM) ---
  dst_dim1_size:     32
  dst_dim2_size:     32
  dst_dim3_size:     64
  dst_dim1_pitch:    32
  dst_dim2_pitch:    1024
  --- Input tile (local memory) ---
  in_dim1_size:      64
  in_dim1_pitch:     70
  in_dim2_size:      11
  in_dim2_pitch:     770
  in_dim1_edge1:     3
  in_dim1_edge2:     3
  in_dim2_edge1:     3
  in_dim2_edge2:     3
  in_dim3_edge1:     0
  in_dim3_edge2:     0
  in_data_offset:    213
  in_rows_firstdma:  8
  --- Output tile (local memory) ---
  out_dim1_size:     32
  out_dim1_pitch:    32
  out_dim2_size:     3
  out_dim2_pitch:    96
  out_dim3_size:     64
  --- Coefficient tile ---
  coeff_dim1_size:   7
  coeff_dim2_size:   7
  coeff_dim3_size:   3
  coeff_dim4_size:   64
  coeff_dim1_pitch:  7
  coeff_dim2_pitch:  49
  coeff_dim3_pitch:  147
  --- Bias ---
  bias_dim1_size:    64
  bias_dim2_size:    1
  --- Output scale ---
  outscale_dim1_size:64
  outscale_dim2_size:1
  --- Buffer sizes (bytes) ---
  input_buffer_size: 2310
  coeff_buffer_size: 9408
  output_buffer_size:6144
  bias_buffer_size:  256
  outscale_buf_size: 128
  --- Buffer DRAM placement ---
  input_ping_dram:   0
  input_pong_dram:   0
  coeff_dram:        0
  output_ping_dram:  1
  output_pong_dram:  1
  bias_dram:         1
  outscale_dram:     1
  --- Tiling parameters ---
  n_tile_size:       64
  n_tiles:           1
  n_tile_size_last:  64
  height_tiles:      11
  output_rows:       3
  input_rows:        11
  --- Convolution parameters ---
  kernel_w:          7
  kernel_h:          7
  stride_x:          2
  stride_y:          2
  padding:           3
  dilation:          1
  accum_shift:       4
  relu_max:          127
  relu_min:          -128
  output_shift:      20
  output_scale:      57213
  flags:             0
  input_zero_point:  10
===============================
PERF_LOG : conv2d : 12288 : elements : 553405 : cycles : 0.02 : elements/cycle : 45.04 : cycles/elements
PERF_LOG : quantized_relu : 65536 : elements (DMA ping-pong) : 19580 : cycles : 3.35 : elements (DMA ping-pong)/cycle : 0.30 : cycles/elements (DMA ping-pong)
PERF_LOG : dequantize_asym8s : 65536 : elements (DMA ping-pong) : 13604 : cycles : 4.82 : elements (DMA ping-pong)/cycle : 0.21 : cycles/elements (DMA ping-pong)
PERF_LOG : maxpool : 65536 : floats : 41900 : cycles : 1.56 : floats/cycle : 0.64 : cycles/floats
PERF_LOG : quantize_asym8s : 16384 : elements (DMA ping-pong) : 4864 : cycles : 3.37 : elements (DMA ping-pong)/cycle : 0.30 : cycles/elements (DMA ping-pong)
=== conv_layer_config_t dump ===
  layer_id:          1
  layer_name:        conv2.1
  kernel_name:       3x3j1d1
  config_key:        64_16_16_64_3_3_16_16_1_1_1_1
  --- Source (DRAM) ---
  src_dim1_size:     16
  src_dim2_size:     16
  src_dim3_size:     64
  src_dim1_pitch:    16
  src_dim2_pitch:    256
  --- Destination (DRAM) ---
  dst_dim1_size:     16
  dst_dim2_size:     16
  dst_dim3_size:     64
  dst_dim1_pitch:    16
  dst_dim2_pitch:    256
  --- Input tile (local memory) ---
  in_dim1_size:      16
  in_dim1_pitch:     18
  in_dim2_size:      4
  in_dim2_pitch:     72
  in_dim1_edge1:     1
  in_dim1_edge2:     1
  in_dim2_edge1:     1
  in_dim2_edge2:     1
  in_dim3_edge1:     0
  in_dim3_edge2:     0
  in_data_offset:    19
  in_rows_firstdma:  3
  --- Output tile (local memory) ---
  out_dim1_size:     16
  out_dim1_pitch:    16
  out_dim2_size:     2
  out_dim2_pitch:    32
  out_dim3_size:     16
  --- Coefficient tile ---
  coeff_dim1_size:   3
  coeff_dim2_size:   3
  coeff_dim3_size:   64
  coeff_dim4_size:   64
  coeff_dim1_pitch:  3
  coeff_dim2_pitch:  9
  coeff_dim3_pitch:  576
  --- Bias ---
  bias_dim1_size:    64
  bias_dim2_size:    1
  --- Output scale ---
  outscale_dim1_size:64
  outscale_dim2_size:1
  --- Buffer sizes (bytes) ---
  input_buffer_size: 4608
  coeff_buffer_size: 9216
  output_buffer_size:512
  bias_buffer_size:  256
  outscale_buf_size: 128
  --- Buffer DRAM placement ---
  input_ping_dram:   0
  input_pong_dram:   0
  coeff_dram:        1
  output_ping_dram:  1
  output_pong_dram:  1
  bias_dram:         1
  outscale_dram:     1
  --- Tiling parameters ---
  n_tile_size:       16
  n_tiles:           4
  n_tile_size_last:  16
  height_tiles:      8
  output_rows:       2
  input_rows:        4
  --- Convolution parameters ---
  kernel_w:          3
  kernel_h:          3
  stride_x:          1
  stride_y:          1
  padding:           1
  dilation:          1
  accum_shift:       5
  relu_max:          127
  relu_min:          -128
  output_shift:      19
  output_scale:      42145
  flags:             0
  input_zero_point:  -128
===============================
PERF_LOG : conv2d : 16384 : elements : 666137 : cycles : 0.02 : elements/cycle : 40.66 : cycles/elements
PERF_LOG : quantized_relu : 16384 : elements (DMA ping-pong) : 5720 : cycles : 2.86 : elements (DMA ping-pong)/cycle : 0.35 : cycles/elements (DMA ping-pong)
=== conv_layer_config_t dump ===
  layer_id:          1
  layer_name:        conv2.1
  kernel_name:       3x3j1d1
  config_key:        64_16_16_64_3_3_16_16_1_1_1_1
  --- Source (DRAM) ---
  src_dim1_size:     16
  src_dim2_size:     16
  src_dim3_size:     64
  src_dim1_pitch:    16
  src_dim2_pitch:    256
  --- Destination (DRAM) ---
  dst_dim1_size:     16
  dst_dim2_size:     16
  dst_dim3_size:     64
  dst_dim1_pitch:    16
  dst_dim2_pitch:    256
  --- Input tile (local memory) ---
  in_dim1_size:      16
  in_dim1_pitch:     18
  in_dim2_size:      4
  in_dim2_pitch:     72
  in_dim1_edge1:     1
  in_dim1_edge2:     1
  in_dim2_edge1:     1
  in_dim2_edge2:     1
  in_dim3_edge1:     0
  in_dim3_edge2:     0
  in_data_offset:    19
  in_rows_firstdma:  3
  --- Output tile (local memory) ---
  out_dim1_size:     16
  out_dim1_pitch:    16
  out_dim2_size:     2
  out_dim2_pitch:    32
  out_dim3_size:     16
  --- Coefficient tile ---
  coeff_dim1_size:   3
  coeff_dim2_size:   3
  coeff_dim3_size:   64
  coeff_dim4_size:   64
  coeff_dim1_pitch:  3
  coeff_dim2_pitch:  9
  coeff_dim3_pitch:  576
  --- Bias ---
  bias_dim1_size:    64
  bias_dim2_size:    1
  --- Output scale ---
  outscale_dim1_size:64
  outscale_dim2_size:1
  --- Buffer sizes (bytes) ---
  input_buffer_size: 4608
  coeff_buffer_size: 9216
  output_buffer_size:512
  bias_buffer_size:  256
  outscale_buf_size: 128
  --- Buffer DRAM placement ---
  input_ping_dram:   0
  input_pong_dram:   0
  coeff_dram:        1
  output_ping_dram:  1
  output_pong_dram:  1
  bias_dram:         1
  outscale_dram:     1
  --- Tiling parameters ---
  n_tile_size:       16
  n_tiles:           4
  n_tile_size_last:  16
  height_tiles:      8
  output_rows:       2
  input_rows:        4
  --- Convolution parameters ---
  kernel_w:          3
  kernel_h:          3
  stride_x:          1
  stride_y:          1
  padding:           1
  dilation:          1
  accum_shift:       6
  relu_max:          127
  relu_min:          -128
  output_shift:      19
  output_scale:      62280
  flags:             0
  input_zero_point:  -128
===============================
PERF_LOG : conv2d : 16384 : elements : 666182 : cycles : 0.02 : elements/cycle : 40.66 : cycles/elements
PERF_LOG : dequantize_asym8s : 16384 : elements (DMA ping-pong) : 4100 : cycles : 4.00 : elements (DMA ping-pong)/cycle : 0.25 : cycles/elements (DMA ping-pong)
PERF_LOG : add_float : 16384 : elements (DMA ping-pong) : 6532 : cycles : 2.51 : elements (DMA ping-pong)/cycle : 0.40 : cycles/elements (DMA ping-pong)
PERF_LOG : quantize_asym8s : 16384 : elements (DMA ping-pong) : 4864 : cycles : 3.37 : elements (DMA ping-pong)/cycle : 0.30 : cycles/elements (DMA ping-pong)
PERF_LOG : quantized_relu : 16384 : elements (DMA ping-pong) : 5720 : cycles : 2.86 : elements (DMA ping-pong)/cycle : 0.35 : cycles/elements (DMA ping-pong)
=== conv_layer_config_t dump ===
  layer_id:          1
  layer_name:        conv2.1
  kernel_name:       3x3j1d1
  config_key:        64_16_16_64_3_3_16_16_1_1_1_1
  --- Source (DRAM) ---
  src_dim1_size:     16
  src_dim2_size:     16
  src_dim3_size:     64
  src_dim1_pitch:    16
  src_dim2_pitch:    256
  --- Destination (DRAM) ---
  dst_dim1_size:     16
  dst_dim2_size:     16
  dst_dim3_size:     64
  dst_dim1_pitch:    16
  dst_dim2_pitch:    256
  --- Input tile (local memory) ---
  in_dim1_size:      16
  in_dim1_pitch:     18
  in_dim2_size:      4
  in_dim2_pitch:     72
  in_dim1_edge1:     1
  in_dim1_edge2:     1
  in_dim2_edge1:     1
  in_dim2_edge2:     1
  in_dim3_edge1:     0
  in_dim3_edge2:     0
  in_data_offset:    19
  in_rows_firstdma:  3
  --- Output tile (local memory) ---
  out_dim1_size:     16
  out_dim1_pitch:    16
  out_dim2_size:     2
  out_dim2_pitch:    32
  out_dim3_size:     16
  --- Coefficient tile ---
  coeff_dim1_size:   3
  coeff_dim2_size:   3
  coeff_dim3_size:   64
  coeff_dim4_size:   64
  coeff_dim1_pitch:  3
  coeff_dim2_pitch:  9
  coeff_dim3_pitch:  576
  --- Bias ---
  bias_dim1_size:    64
  bias_dim2_size:    1
  --- Output scale ---
  outscale_dim1_size:64
  outscale_dim2_size:1
  --- Buffer sizes (bytes) ---
  input_buffer_size: 4608
  coeff_buffer_size: 9216
  output_buffer_size:512
  bias_buffer_size:  256
  outscale_buf_size: 128
  --- Buffer DRAM placement ---
  input_ping_dram:   0
  input_pong_dram:   0
  coeff_dram:        1
  output_ping_dram:  1
  output_pong_dram:  1
  bias_dram:         1
  outscale_dram:     1
  --- Tiling parameters ---
  n_tile_size:       16
  n_tiles:           4
  n_tile_size_last:  16
  height_tiles:      8
  output_rows:       2
  input_rows:        4
  --- Convolution parameters ---
  kernel_w:          3
  kernel_h:          3
  stride_x:          1
  stride_y:          1
  padding:           1
  dilation:          1
  accum_shift:       5
  relu_max:          127
  relu_min:          -128
  output_shift:      20
  output_scale:      64554
  flags:             0
  input_zero_point:  -128
===============================
PERF_LOG : conv2d : 16384 : elements : 666247 : cycles : 0.02 : elements/cycle : 40.66 : cycles/elements
PERF_LOG : quantized_relu : 16384 : elements (DMA ping-pong) : 5720 : cycles : 2.86 : elements (DMA ping-pong)/cycle : 0.35 : cycles/elements (DMA ping-pong)
=== conv_layer_config_t dump ===
  layer_id:          1
  layer_name:        conv2.1
  kernel_name:       3x3j1d1
  config_key:        64_16_16_64_3_3_16_16_1_1_1_1
  --- Source (DRAM) ---
  src_dim1_size:     16
  src_dim2_size:     16
  src_dim3_size:     64
  src_dim1_pitch:    16
  src_dim2_pitch:    256
  --- Destination (DRAM) ---
  dst_dim1_size:     16
  dst_dim2_size:     16
  dst_dim3_size:     64
  dst_dim1_pitch:    16
  dst_dim2_pitch:    256
  --- Input tile (local memory) ---
  in_dim1_size:      16
  in_dim1_pitch:     18
  in_dim2_size:      4
  in_dim2_pitch:     72
  in_dim1_edge1:     1
  in_dim1_edge2:     1
  in_dim2_edge1:     1
  in_dim2_edge2:     1
  in_dim3_edge1:     0
  in_dim3_edge2:     0
  in_data_offset:    19
  in_rows_firstdma:  3
  --- Output tile (local memory) ---
  out_dim1_size:     16
  out_dim1_pitch:    16
  out_dim2_size:     2
  out_dim2_pitch:    32
  out_dim3_size:     16
  --- Coefficient tile ---
  coeff_dim1_size:   3
  coeff_dim2_size:   3
  coeff_dim3_size:   64
  coeff_dim4_size:   64
  coeff_dim1_pitch:  3
  coeff_dim2_pitch:  9
  coeff_dim3_pitch:  576
  --- Bias ---
  bias_dim1_size:    64
  bias_dim2_size:    1
  --- Output scale ---
  outscale_dim1_size:64
  outscale_dim2_size:1
  --- Buffer sizes (bytes) ---
  input_buffer_size: 4608
  coeff_buffer_size: 9216
  output_buffer_size:512
  bias_buffer_size:  256
  outscale_buf_size: 128
  --- Buffer DRAM placement ---
  input_ping_dram:   0
  input_pong_dram:   0
  coeff_dram:        1
  output_ping_dram:  1
  output_pong_dram:  1
  bias_dram:         1
  outscale_dram:     1
  --- Tiling parameters ---
  n_tile_size:       16
  n_tiles:           4
  n_tile_size_last:  16
  height_tiles:      8
  output_rows:       2
  input_rows:        4
  --- Convolution parameters ---
  kernel_w:          3
  kernel_h:          3
  stride_x:          1
  stride_y:          1
  padding:           1
  dilation:          1
  accum_shift:       6
  relu_max:          127
  relu_min:          -128
  output_shift:      18
  output_scale:      45907
  flags:             0
  input_zero_point:  -128
===============================
PERF_LOG : conv2d : 16384 : elements : 666080 : cycles : 0.02 : elements/cycle : 40.65 : cycles/elements
PERF_LOG : dequantize_asym8s : 16384 : elements (DMA ping-pong) : 4100 : cycles : 4.00 : elements (DMA ping-pong)/cycle : 0.25 : cycles/elements (DMA ping-pong)
PERF_LOG : dequantize_asym8s : 16384 : elements (DMA ping-pong) : 4100 : cycles : 4.00 : elements (DMA ping-pong)/cycle : 0.25 : cycles/elements (DMA ping-pong)
PERF_LOG : add_float : 16384 : elements (DMA ping-pong) : 6532 : cycles : 2.51 : elements (DMA ping-pong)/cycle : 0.40 : cycles/elements (DMA ping-pong)
PERF_LOG : quantize_asym8s : 16384 : elements (DMA ping-pong) : 4864 : cycles : 3.37 : elements (DMA ping-pong)/cycle : 0.30 : cycles/elements (DMA ping-pong)
PERF_LOG : quantized_relu : 16384 : elements (DMA ping-pong) : 5720 : cycles : 2.86 : elements (DMA ping-pong)/cycle : 0.35 : cycles/elements (DMA ping-pong)
=== conv_layer_config_t dump ===
  layer_id:          4
  layer_name:        conv4a.1
  kernel_name:       1x1j2d1
  config_key:        64_16_16_128_1_1_8_8_2_2_0_1
  --- Source (DRAM) ---
  src_dim1_size:     16
  src_dim2_size:     16
  src_dim3_size:     64
  src_dim1_pitch:    16
  src_dim2_pitch:    256
  --- Destination (DRAM) ---
  dst_dim1_size:     8
  dst_dim2_size:     8
  dst_dim3_size:     128
  dst_dim1_pitch:    8
  dst_dim2_pitch:    64
  --- Input tile (local memory) ---
  in_dim1_size:      16
  in_dim1_pitch:     16
  in_dim2_size:      5
  in_dim2_pitch:     80
  in_dim1_edge1:     0
  in_dim1_edge2:     0
  in_dim2_edge1:     0
  in_dim2_edge2:     0
  in_dim3_edge1:     0
  in_dim3_edge2:     0
  in_data_offset:    0
  in_rows_firstdma:  5
  --- Output tile (local memory) ---
  out_dim1_size:     8
  out_dim1_pitch:    8
  out_dim2_size:     3
  out_dim2_pitch:    24
  out_dim3_size:     128
  --- Coefficient tile ---
  coeff_dim1_size:   1
  coeff_dim2_size:   1
  coeff_dim3_size:   64
  coeff_dim4_size:   128
  coeff_dim1_pitch:  1
  coeff_dim2_pitch:  1
  coeff_dim3_pitch:  64
  --- Bias ---
  bias_dim1_size:    128
  bias_dim2_size:    1
  --- Output scale ---
  outscale_dim1_size:128
  outscale_dim2_size:1
  --- Buffer sizes (bytes) ---
  input_buffer_size: 5120
  coeff_buffer_size: 8192
  output_buffer_size:3072
  bias_buffer_size:  512
  outscale_buf_size: 256
  --- Buffer DRAM placement ---
  input_ping_dram:   0
  input_pong_dram:   0
  coeff_dram:        1
  output_ping_dram:  1
  output_pong_dram:  1
  bias_dram:         1
  outscale_dram:     1
  --- Tiling parameters ---
  n_tile_size:       128
  n_tiles:           1
  n_tile_size_last:  128
  height_tiles:      3
  output_rows:       3
  input_rows:        5
  --- Convolution parameters ---
  kernel_w:          1
  kernel_h:          1
  stride_x:          2
  stride_y:          2
  padding:           0
  dilation:          1
  accum_shift:       3
  relu_max:          127
  relu_min:          -128
  output_shift:      20
  output_scale:      45825
  flags:             0
  input_zero_point:  -128
===============================
PERF_LOG : conv2d : 16384 : elements : 417609 : cycles : 0.04 : elements/cycle : 25.49 : cycles/elements
=== conv_layer_config_t dump ===
  layer_id:          2
  layer_name:        conv4b.1
  kernel_name:       3x3j2d1
  config_key:        64_16_16_128_3_3_8_8_2_2_1_1
  --- Source (DRAM) ---
  src_dim1_size:     16
  src_dim2_size:     16
  src_dim3_size:     64
  src_dim1_pitch:    16
  src_dim2_pitch:    256
  --- Destination (DRAM) ---
  dst_dim1_size:     8
  dst_dim2_size:     8
  dst_dim3_size:     128
  dst_dim1_pitch:    8
  dst_dim2_pitch:    64
  --- Input tile (local memory) ---
  in_dim1_size:      16
  in_dim1_pitch:     18
  in_dim2_size:      5
  in_dim2_pitch:     90
  in_dim1_edge1:     1
  in_dim1_edge2:     1
  in_dim2_edge1:     1
  in_dim2_edge2:     1
  in_dim3_edge1:     0
  in_dim3_edge2:     0
  in_data_offset:    19
  in_rows_firstdma:  4
  --- Output tile (local memory) ---
  out_dim1_size:     8
  out_dim1_pitch:    8
  out_dim2_size:     2
  out_dim2_pitch:    16
  out_dim3_size:     16
  --- Coefficient tile ---
  coeff_dim1_size:   3
  coeff_dim2_size:   3
  coeff_dim3_size:   64
  coeff_dim4_size:   128
  coeff_dim1_pitch:  3
  coeff_dim2_pitch:  9
  coeff_dim3_pitch:  576
  --- Bias ---
  bias_dim1_size:    128
  bias_dim2_size:    1
  --- Output scale ---
  outscale_dim1_size:128
  outscale_dim2_size:1
  --- Buffer sizes (bytes) ---
  input_buffer_size: 5760
  coeff_buffer_size: 9216
  output_buffer_size:256
  bias_buffer_size:  512
  outscale_buf_size: 256
  --- Buffer DRAM placement ---
  input_ping_dram:   0
  input_pong_dram:   0
  coeff_dram:        1
  output_ping_dram:  1
  output_pong_dram:  1
  bias_dram:         1
  outscale_dram:     1
  --- Tiling parameters ---
  n_tile_size:       16
  n_tiles:           8
  n_tile_size_last:  16
  height_tiles:      4
  output_rows:       2
  input_rows:        5
  --- Convolution parameters ---
  kernel_w:          3
  kernel_h:          3
  stride_x:          2
  stride_y:          2
  padding:           1
  dilation:          1
  accum_shift:       5
  relu_max:          127
  relu_min:          -128
  output_shift:      19
  output_scale:      33483
  flags:             0
  input_zero_point:  -128
===============================
Processing N-tile 1/8, H-tile 1/4
Prefetching input tile for next iteration (if needed)
DMAing input tile: src offset 48, dst offset -17, rows 5
Updated tile descriptors for current iteration
Waiting for DMAs to complete before processing tile
Invalidating cached copies of DMA-written input buffer
Performing edge extension and convolution for current tile
Running convolution for current tile
Writing output tile to system memory using DMA
Processing N-tile 1/8, H-tile 2/4
Prefetching input tile for next iteration (if needed)
DMAing input tile: src offset 112, dst offset -53, rows 5
Updated tile descriptors for current iteration
Waiting for DMAs to complete before processing tile
Invalidating cached copies of DMA-written input buffer
Performing edge extension and convolution for current tile
Running convolution for current tile
Writing output tile to system memory using DMA
Processing N-tile 1/8, H-tile 3/4
Prefetching input tile for next iteration (if needed)
DMAing input tile: src offset 176, dst offset -89, rows 5
Updated tile descriptors for current iteration
Waiting for DMAs to complete before processing tile
Invalidating cached copies of DMA-written input buffer
Performing edge extension and convolution for current tile
Running convolution for current tile
Writing output tile to system memory using DMA
Processing N-tile 1/8, H-tile 4/4
Prefetching input tile for next iteration (if needed)
DMAing input tile: src offset 0, dst offset 19, rows 4
Updated tile descriptors for current iteration
Waiting for DMAs to complete before processing tile
Invalidating cached copies of DMA-written input buffer
Performing edge extension and convolution for current tile
Running convolution for current tile
Prefetching coefficient tile for next iteration
src coeff ptr: 0x60b67b00, dst coeff ptr: 0x3ffd0000
DMAing coefficient tile: src offset 9216, dst offset 0, size 9216
DMA issued for coefficient tile prefetch
Writing output tile to system memory using DMA
Processing N-tile 2/8, H-tile 1/4
Prefetching input tile for next iteration (if needed)
DMAing input tile: src offset 48, dst offset -17, rows 5
Updated tile descriptors for current iteration
Waiting for DMAs to complete before processing tile
Invalidating cached copies of DMA-written input buffer
Performing edge extension and convolution for current tile
Running convolution for current tile
Writing output tile to system memory using DMA
Processing N-tile 2/8, H-tile 2/4
Prefetching input tile for next iteration (if needed)
DMAing input tile: src offset 112, dst offset -53, rows 5
Updated tile descriptors for current iteration
Waiting for DMAs to complete before processing tile
Invalidating cached copies of DMA-written input buffer
Performing edge extension and convolution for current tile
Running convolution for current tile
Writing output tile to system memory using DMA
Processing N-tile 2/8, H-tile 3/4
Prefetching input tile for next iteration (if needed)
DMAing input tile: src offset 176, dst offset -89, rows 5
Updated tile descriptors for current iteration
Waiting for DMAs to complete before processing tile
Invalidating cached copies of DMA-written input buffer
Performing edge extension and convolution for current tile
Running convolution for current tile
Writing output tile to system memory using DMA
Processing N-tile 2/8, H-tile 4/4
Prefetching input tile for next iteration (if needed)
DMAing input tile: src offset 0, dst offset 19, rows 4
Updated tile descriptors for current iteration
Waiting for DMAs to complete before processing tile
Invalidating cached copies of DMA-written input buffer
Performing edge extension and convolution for current tile
Running convolution for current tile
Prefetching coefficient tile for next iteration
src coeff ptr: 0x60b69f00, dst coeff ptr: 0x3ffd0000
DMAing coefficient tile: src offset 18432, dst offset 0, size 9216
DMA issued for coefficient tile prefetch
Writing output tile to system memory using DMA
Processing N-tile 3/8, H-tile 1/4
Prefetching input tile for next iteration (if needed)
DMAing input tile: src offset 48, dst offset -17, rows 5
Updated tile descriptors for current iteration
Waiting for DMAs to complete before processing tile
Invalidating cached copies of DMA-written input buffer
Performing edge extension and convolution for current tile
Running convolution for current tile
Writing output tile to system memory using DMA
Processing N-tile 3/8, H-tile 2/4
Prefetching input tile for next iteration (if needed)
DMAing input tile: src offset 112, dst offset -53, rows 5
Updated tile descriptors for current iteration
Waiting for DMAs to complete before processing tile
Invalidating cached copies of DMA-written input buffer
Performing edge extension and convolution for current tile
Running convolution for current tile
Writing output tile to system memory using DMA
Processing N-tile 3/8, H-tile 3/4
Prefetching input tile for next iteration (if needed)
DMAing input tile: src offset 176, dst offset -89, rows 5
Updated tile descriptors for current iteration
Waiting for DMAs to complete before processing tile
Invalidating cached copies of DMA-written input buffer
Performing edge extension and convolution for current tile
Running convolution for current tile
Writing output tile to system memory using DMA
Processing N-tile 3/8, H-tile 4/4
Prefetching input tile for next iteration (if needed)
DMAing input tile: src offset 0, dst offset 19, rows 4
Updated tile descriptors for current iteration
Waiting for DMAs to complete before processing tile
Invalidating cached copies of DMA-written input buffer
Performing edge extension and convolution for current tile
Running convolution for current tile
Prefetching coefficient tile for next iteration
src coeff ptr: 0x60b6c300, dst coeff ptr: 0x3ffd0000
DMAing coefficient tile: src offset 27648, dst offset 0, size 9216
DMA issued for coefficient tile prefetch
Writing output tile to system memory using DMA
Processing N-tile 4/8, H-tile 1/4
Prefetching input tile for next iteration (if needed)
DMAing input tile: src offset 48, dst offset -17, rows 5
Updated tile descriptors for current iteration
Waiting for DMAs to complete before processing tile
Invalidating cached copies of DMA-written input buffer
Performing edge extension and convolution for current tile
Running convolution for current tile
Writing output tile to system memory using DMA
Processing N-tile 4/8, H-tile 2/4
Prefetching input tile for next iteration (if needed)
DMAing input tile: src offset 112, dst offset -53, rows 5
Updated tile descriptors for current iteration
Waiting for DMAs to complete before processing tile
Invalidating cached copies of DMA-written input buffer
Performing edge extension and convolution for current tile
Running convolution for current tile
Writing output tile to system memory using DMA
Processing N-tile 4/8, H-tile 3/4
Prefetching input tile for next iteration (if needed)
DMAing input tile: src offset 176, dst offset -89, rows 5
Updated tile descriptors for current iteration
Waiting for DMAs to complete before processing tile
Invalidating cached copies of DMA-written input buffer
Performing edge extension and convolution for current tile
Running convolution for current tile
Writing output tile to system memory using DMA
Processing N-tile 4/8, H-tile 4/4
Prefetching input tile for next iteration (if needed)
DMAing input tile: src offset 0, dst offset 19, rows 4
Updated tile descriptors for current iteration
Waiting for DMAs to complete before processing tile
Invalidating cached copies of DMA-written input buffer
Performing edge extension and convolution for current tile
Running convolution for current tile
Prefetching coefficient tile for next iteration
src coeff ptr: 0x60b6e700, dst coeff ptr: 0x3ffd0000
DMAing coefficient tile: src offset 36864, dst offset 0, size 9216
DMA issued for coefficient tile prefetch
Writing output tile to system memory using DMA
Processing N-tile 5/8, H-tile 1/4
Prefetching input tile for next iteration (if needed)
DMAing input tile: src offset 48, dst offset -17, rows 5
Updated tile descriptors for current iteration
Waiting for DMAs to complete before processing tile
Invalidating cached copies of DMA-written input buffer
Performing edge extension and convolution for current tile
Running convolution for current tile
Writing output tile to system memory using DMA
Processing N-tile 5/8, H-tile 2/4
Prefetching input tile for next iteration (if needed)
DMAing input tile: src offset 112, dst offset -53, rows 5
Updated tile descriptors for current iteration
Waiting for DMAs to complete before processing tile
Invalidating cached copies of DMA-written input buffer
Performing edge extension and convolution for current tile
Running convolution for current tile
Writing output tile to system memory using DMA
Processing N-tile 5/8, H-tile 3/4
Prefetching input tile for next iteration (if needed)
DMAing input tile: src offset 176, dst offset -89, rows 5
Updated tile descriptors for current iteration
Waiting for DMAs to complete before processing tile
Invalidating cached copies of DMA-written input buffer
Performing edge extension and convolution for current tile
Running convolution for current tile
Writing output tile to system memory using DMA
Processing N-tile 5/8, H-tile 4/4
Prefetching input tile for next iteration (if needed)
DMAing input tile: src offset 0, dst offset 19, rows 4
Updated tile descriptors for current iteration
Waiting for DMAs to complete before processing tile
Invalidating cached copies of DMA-written input buffer
Performing edge extension and convolution for current tile
Running convolution for current tile
Prefetching coefficient tile for next iteration
src coeff ptr: 0x60b70b00, dst coeff ptr: 0x3ffd0000
DMAing coefficient tile: src offset 46080, dst offset 0, size 9216
DMA issued for coefficient tile prefetch
Writing output tile to system memory using DMA
Processing N-tile 6/8, H-tile 1/4
Prefetching input tile for next iteration (if needed)
DMAing input tile: src offset 48, dst offset -17, rows 5
Updated tile descriptors for current iteration
Waiting for DMAs to complete before processing tile
Invalidating cached copies of DMA-written input buffer
Performing edge extension and convolution for current tile
Running convolution for current tile
Writing output tile to system memory using DMA
Processing N-tile 6/8, H-tile 2/4
Prefetching input tile for next iteration (if needed)
DMAing input tile: src offset 112, dst offset -53, rows 5
Updated tile descriptors for current iteration
Waiting for DMAs to complete before processing tile
Invalidating cached copies of DMA-written input buffer
Performing edge extension and convolution for current tile
Running convolution for current tile
Writing output tile to system memory using DMA
Processing N-tile 6/8, H-tile 3/4
Prefetching input tile for next iteration (if needed)
DMAing input tile: src offset 176, dst offset -89, rows 5
Updated tile descriptors for current iteration
Waiting for DMAs to complete before processing tile
Invalidating cached copies of DMA-written input buffer
Performing edge extension and convolution for current tile
Running convolution for current tile
Writing output tile to system memory using DMA
Processing N-tile 6/8, H-tile 4/4
Prefetching input tile for next iteration (if needed)
DMAing input tile: src offset 0, dst offset 19, rows 4
Updated tile descriptors for current iteration
Waiting for DMAs to complete before processing tile
Invalidating cached copies of DMA-written input buffer
Performing edge extension and convolution for current tile
Running convolution for current tile
Prefetching coefficient tile for next iteration
src coeff ptr: 0x60b72f00, dst coeff ptr: 0x3ffd0000
DMAing coefficient tile: src offset 55296, dst offset 0, size 9216
DMA issued for coefficient tile prefetch
Writing output tile to system memory using DMA
Processing N-tile 7/8, H-tile 1/4
Prefetching input tile for next iteration (if needed)
DMAing input tile: src offset 48, dst offset -17, rows 5
Updated tile descriptors for current iteration
Waiting for DMAs to complete before processing tile
Invalidating cached copies of DMA-written input buffer
Performing edge extension and convolution for current tile
Running convolution for current tile
Writing output tile to system memory using DMA
Processing N-tile 7/8, H-tile 2/4
Prefetching input tile for next iteration (if needed)
DMAing input tile: src offset 112, dst offset -53, rows 5
Updated tile descriptors for current iteration
Waiting for DMAs to complete before processing tile
Invalidating cached copies of DMA-written input buffer
Performing edge extension and convolution for current tile
Running convolution for current tile
Writing output tile to system memory using DMA
Processing N-tile 7/8, H-tile 3/4
Prefetching input tile for next iteration (if needed)
DMAing input tile: src offset 176, dst offset -89, rows 5
Updated tile descriptors for current iteration
Waiting for DMAs to complete before processing tile
Invalidating cached copies of DMA-written input buffer
Performing edge extension and convolution for current tile
Running convolution for current tile
Writing output tile to system memory using DMA
Processing N-tile 7/8, H-tile 4/4
Prefetching input tile for next iteration (if needed)
DMAing input tile: src offset 0, dst offset 19, rows 4
Updated tile descriptors for current iteration
Waiting for DMAs to complete before processing tile
Invalidating cached copies of DMA-written input buffer
Performing edge extension and convolution for current tile
Running convolution for current tile
Prefetching coefficient tile for next iteration
src coeff ptr: 0x60b75300, dst coeff ptr: 0x3ffd0000
DMAing coefficient tile: src offset 64512, dst offset 0, size 9216
DMA issued for coefficient tile prefetch
Writing output tile to system memory using DMA
Processing N-tile 8/8, H-tile 1/4
Prefetching input tile for next iteration (if needed)
DMAing input tile: src offset 48, dst offset -17, rows 5
Updated tile descriptors for current iteration
Waiting for DMAs to complete before processing tile
Invalidating cached copies of DMA-written input buffer
Performing edge extension and convolution for current tile
Running convolution for current tile
Writing output tile to system memory using DMA
Processing N-tile 8/8, H-tile 2/4
Prefetching input tile for next iteration (if needed)
DMAing input tile: src offset 112, dst offset -53, rows 5
Updated tile descriptors for current iteration
Waiting for DMAs to complete before processing tile
Invalidating cached copies of DMA-written input buffer
Performing edge extension and convolution for current tile
Running convolution for current tile
Writing output tile to system memory using DMA
Processing N-tile 8/8, H-tile 3/4
Prefetching input tile for next iteration (if needed)
DMAing input tile: src offset 176, dst offset -89, rows 5
Updated tile descriptors for current iteration
Waiting for DMAs to complete before processing tile
Invalidating cached copies of DMA-written input buffer
Performing edge extension and convolution for current tile
Running convolution for current tile
Writing output tile to system memory using DMA
Processing N-tile 8/8, H-tile 4/4
Prefetching input tile for next iteration (if needed)
Updated tile descriptors for current iteration
Waiting for DMAs to complete before processing tile
Invalidating cached copies of DMA-written input buffer
Performing edge extension and convolution for current tile
Running convolution for current tile
Writing output tile to system memory using DMA
Waiting for final output DMA to complete before returning
PERF_LOG : conv2d : 16384 : elements : 1669071 : cycles : 0.01 : elements/cycle : 101.87 : cycles/elements
PERF_LOG : quantized_relu : 8192 : elements (DMA ping-pong) : 3410 : cycles : 2.40 : elements (DMA ping-pong)/cycle : 0.42 : cycles/elements (DMA ping-pong)
=== conv_layer_config_t dump ===
  layer_id:          3
  layer_name:        conv4b.2
  kernel_name:       3x3j1d1
  config_key:        128_8_8_128_3_3_8_8_1_1_1_1
  --- Source (DRAM) ---
  src_dim1_size:     8
  src_dim2_size:     8
  src_dim3_size:     128
  src_dim1_pitch:    8
  src_dim2_pitch:    64
  --- Destination (DRAM) ---
  dst_dim1_size:     8
  dst_dim2_size:     8
  dst_dim3_size:     128
  dst_dim1_pitch:    8
  dst_dim2_pitch:    64
  --- Input tile (local memory) ---
  in_dim1_size:      8
  in_dim1_pitch:     10
  in_dim2_size:      4
  in_dim2_pitch:     40
  in_dim1_edge1:     1
  in_dim1_edge2:     1
  in_dim2_edge1:     1
  in_dim2_edge2:     1
  in_dim3_edge1:     0
  in_dim3_edge2:     0
  in_data_offset:    11
  in_rows_firstdma:  3
  --- Output tile (local memory) ---
  out_dim1_size:     8
  out_dim1_pitch:    8
  out_dim2_size:     2
  out_dim2_pitch:    16
  out_dim3_size:     8
  --- Coefficient tile ---
  coeff_dim1_size:   3
  coeff_dim2_size:   3
  coeff_dim3_size:   128
  coeff_dim4_size:   128
  coeff_dim1_pitch:  3
  coeff_dim2_pitch:  9
  coeff_dim3_pitch:  1152
  --- Bias ---
  bias_dim1_size:    128
  bias_dim2_size:    1
  --- Output scale ---
  outscale_dim1_size:128
  outscale_dim2_size:1
  --- Buffer sizes (bytes) ---
  input_buffer_size: 5120
  coeff_buffer_size: 9216
  output_buffer_size:128
  bias_buffer_size:  512
  outscale_buf_size: 256
  --- Buffer DRAM placement ---
  input_ping_dram:   0
  input_pong_dram:   0
  coeff_dram:        1
  output_ping_dram:  1
  output_pong_dram:  1
  bias_dram:         1
  outscale_dram:     1
  --- Tiling parameters ---
  n_tile_size:       8
  n_tiles:           16
  n_tile_size_last:  8
  height_tiles:      4
  output_rows:       2
  input_rows:        4
  --- Convolution parameters ---
  kernel_w:          3
  kernel_h:          3
  stride_x:          1
  stride_y:          1
  padding:           1
  dilation:          1
  accum_shift:       6
  relu_max:          127
  relu_min:          -128
  output_shift:      18
  output_scale:      41668
  flags:             0
  input_zero_point:  -128
===============================
PERF_LOG : conv2d : 8192 : elements : 1350127 : cycles : 0.01 : elements/cycle : 164.81 : cycles/elements
PERF_LOG : dequantize_asym8s : 8192 : elements (DMA ping-pong) : 2438 : cycles : 3.36 : elements (DMA ping-pong)/cycle : 0.30 : cycles/elements (DMA ping-pong)
PERF_LOG : dequantize_asym8s : 8192 : elements (DMA ping-pong) : 2438 : cycles : 3.36 : elements (DMA ping-pong)/cycle : 0.30 : cycles/elements (DMA ping-pong)
PERF_LOG : add_float : 8192 : elements (DMA ping-pong) : 3796 : cycles : 2.16 : elements (DMA ping-pong)/cycle : 0.46 : cycles/elements (DMA ping-pong)
PERF_LOG : quantize_asym8s : 8192 : elements (DMA ping-pong) : 2822 : cycles : 2.90 : elements (DMA ping-pong)/cycle : 0.34 : cycles/elements (DMA ping-pong)
PERF_LOG : quantized_relu : 8192 : elements (DMA ping-pong) : 3410 : cycles : 2.40 : elements (DMA ping-pong)/cycle : 0.42 : cycles/elements (DMA ping-pong)
=== conv_layer_config_t dump ===
  layer_id:          3
  layer_name:        conv4b.2
  kernel_name:       3x3j1d1
  config_key:        128_8_8_128_3_3_8_8_1_1_1_1
  --- Source (DRAM) ---
  src_dim1_size:     8
  src_dim2_size:     8
  src_dim3_size:     128
  src_dim1_pitch:    8
  src_dim2_pitch:    64
  --- Destination (DRAM) ---
  dst_dim1_size:     8
  dst_dim2_size:     8
  dst_dim3_size:     128
  dst_dim1_pitch:    8
  dst_dim2_pitch:    64
  --- Input tile (local memory) ---
  in_dim1_size:      8
  in_dim1_pitch:     10
  in_dim2_size:      4
  in_dim2_pitch:     40
  in_dim1_edge1:     1
  in_dim1_edge2:     1
  in_dim2_edge1:     1
  in_dim2_edge2:     1
  in_dim3_edge1:     0
  in_dim3_edge2:     0
  in_data_offset:    11
  in_rows_firstdma:  3
  --- Output tile (local memory) ---
  out_dim1_size:     8
  out_dim1_pitch:    8
  out_dim2_size:     2
  out_dim2_pitch:    16
  out_dim3_size:     8
  --- Coefficient tile ---
  coeff_dim1_size:   3
  coeff_dim2_size:   3
  coeff_dim3_size:   128
  coeff_dim4_size:   128
  coeff_dim1_pitch:  3
  coeff_dim2_pitch:  9
  coeff_dim3_pitch:  1152
  --- Bias ---
  bias_dim1_size:    128
  bias_dim2_size:    1
  --- Output scale ---
  outscale_dim1_size:128
  outscale_dim2_size:1
  --- Buffer sizes (bytes) ---
  input_buffer_size: 5120
  coeff_buffer_size: 9216
  output_buffer_size:128
  bias_buffer_size:  512
  outscale_buf_size: 256
  --- Buffer DRAM placement ---
  input_ping_dram:   0
  input_pong_dram:   0
  coeff_dram:        1
  output_ping_dram:  1
  output_pong_dram:  1
  bias_dram:         1
  outscale_dram:     1
  --- Tiling parameters ---
  n_tile_size:       8
  n_tiles:           16
  n_tile_size_last:  8
  height_tiles:      4
  output_rows:       2
  input_rows:        4
  --- Convolution parameters ---
  kernel_w:          3
  kernel_h:          3
  stride_x:          1
  stride_y:          1
  padding:           1
  dilation:          1
  accum_shift:       7
  relu_max:          127
  relu_min:          -128
  output_shift:      18
  output_scale:      59143
  flags:             0
  input_zero_point:  -128
===============================
PERF_LOG : conv2d : 8192 : elements : 1350159 : cycles : 0.01 : elements/cycle : 164.81 : cycles/elements
PERF_LOG : quantized_relu : 8192 : elements (DMA ping-pong) : 3410 : cycles : 2.40 : elements (DMA ping-pong)/cycle : 0.42 : cycles/elements (DMA ping-pong)
=== conv_layer_config_t dump ===
  layer_id:          3
  layer_name:        conv4b.2
  kernel_name:       3x3j1d1
  config_key:        128_8_8_128_3_3_8_8_1_1_1_1
  --- Source (DRAM) ---
  src_dim1_size:     8
  src_dim2_size:     8
  src_dim3_size:     128
  src_dim1_pitch:    8
  src_dim2_pitch:    64
  --- Destination (DRAM) ---
  dst_dim1_size:     8
  dst_dim2_size:     8
  dst_dim3_size:     128
  dst_dim1_pitch:    8
  dst_dim2_pitch:    64
  --- Input tile (local memory) ---
  in_dim1_size:      8
  in_dim1_pitch:     10
  in_dim2_size:      4
  in_dim2_pitch:     40
  in_dim1_edge1:     1
  in_dim1_edge2:     1
  in_dim2_edge1:     1
  in_dim2_edge2:     1
  in_dim3_edge1:     0
  in_dim3_edge2:     0
  in_data_offset:    11
  in_rows_firstdma:  3
  --- Output tile (local memory) ---
  out_dim1_size:     8
  out_dim1_pitch:    8
  out_dim2_size:     2
  out_dim2_pitch:    16
  out_dim3_size:     8
  --- Coefficient tile ---
  coeff_dim1_size:   3
  coeff_dim2_size:   3
  coeff_dim3_size:   128
  coeff_dim4_size:   128
  coeff_dim1_pitch:  3
  coeff_dim2_pitch:  9
  coeff_dim3_pitch:  1152
  --- Bias ---
  bias_dim1_size:    128
  bias_dim2_size:    1
  --- Output scale ---
  outscale_dim1_size:128
  outscale_dim2_size:1
  --- Buffer sizes (bytes) ---
  input_buffer_size: 5120
  coeff_buffer_size: 9216
  output_buffer_size:128
  bias_buffer_size:  512
  outscale_buf_size: 256
  --- Buffer DRAM placement ---
  input_ping_dram:   0
  input_pong_dram:   0
  coeff_dram:        1
  output_ping_dram:  1
  output_pong_dram:  1
  bias_dram:         1
  outscale_dram:     1
  --- Tiling parameters ---
  n_tile_size:       8
  n_tiles:           16
  n_tile_size_last:  8
  height_tiles:      4
  output_rows:       2
  input_rows:        4
  --- Convolution parameters ---
  kernel_w:          3
  kernel_h:          3
  stride_x:          1
  stride_y:          1
  padding:           1
  dilation:          1
  accum_shift:       7
  relu_max:          127
  relu_min:          -128
  output_shift:      17
  output_scale:      54558
  flags:             0
  input_zero_point:  -128
===============================
PERF_LOG : conv2d : 8192 : elements : 1350066 : cycles : 0.01 : elements/cycle : 164.80 : cycles/elements
PERF_LOG : dequantize_asym8s : 8192 : elements (DMA ping-pong) : 2438 : cycles : 3.36 : elements (DMA ping-pong)/cycle : 0.30 : cycles/elements (DMA ping-pong)
PERF_LOG : dequantize_asym8s : 8192 : elements (DMA ping-pong) : 2438 : cycles : 3.36 : elements (DMA ping-pong)/cycle : 0.30 : cycles/elements (DMA ping-pong)
PERF_LOG : add_float : 8192 : elements (DMA ping-pong) : 3796 : cycles : 2.16 : elements (DMA ping-pong)/cycle : 0.46 : cycles/elements (DMA ping-pong)
PERF_LOG : quantize_asym8s : 8192 : elements (DMA ping-pong) : 2822 : cycles : 2.90 : elements (DMA ping-pong)/cycle : 0.34 : cycles/elements (DMA ping-pong)
PERF_LOG : quantized_relu : 8192 : elements (DMA ping-pong) : 3410 : cycles : 2.40 : elements (DMA ping-pong)/cycle : 0.42 : cycles/elements (DMA ping-pong)
=== conv_layer_config_t dump ===
  layer_id:          7
  layer_name:        conv6a.1
  kernel_name:       1x1j2d1
  config_key:        128_8_8_256_1_1_4_4_2_2_0_1
  --- Source (DRAM) ---
  src_dim1_size:     8
  src_dim2_size:     8
  src_dim3_size:     128
  src_dim1_pitch:    8
  src_dim2_pitch:    64
  --- Destination (DRAM) ---
  dst_dim1_size:     4
  dst_dim2_size:     4
  dst_dim3_size:     256
  dst_dim1_pitch:    4
  dst_dim2_pitch:    16
  --- Input tile (local memory) ---
  in_dim1_size:      8
  in_dim1_pitch:     8
  in_dim2_size:      3
  in_dim2_pitch:     24
  in_dim1_edge1:     0
  in_dim1_edge2:     0
  in_dim2_edge1:     0
  in_dim2_edge2:     0
  in_dim3_edge1:     0
  in_dim3_edge2:     0
  in_data_offset:    0
  in_rows_firstdma:  3
  --- Output tile (local memory) ---
  out_dim1_size:     4
  out_dim1_pitch:    4
  out_dim2_size:     2
  out_dim2_pitch:    8
  out_dim3_size:     64
  --- Coefficient tile ---
  coeff_dim1_size:   1
  coeff_dim2_size:   1
  coeff_dim3_size:   128
  coeff_dim4_size:   256
  coeff_dim1_pitch:  1
  coeff_dim2_pitch:  1
  coeff_dim3_pitch:  128
  --- Bias ---
  bias_dim1_size:    256
  bias_dim2_size:    1
  --- Output scale ---
  outscale_dim1_size:256
  outscale_dim2_size:1
  --- Buffer sizes (bytes) ---
  input_buffer_size: 3072
  coeff_buffer_size: 8192
  output_buffer_size:512
  bias_buffer_size:  1024
  outscale_buf_size: 512
  --- Buffer DRAM placement ---
  input_ping_dram:   0
  input_pong_dram:   0
  coeff_dram:        0
  output_ping_dram:  1
  output_pong_dram:  1
  bias_dram:         1
  outscale_dram:     1
  --- Tiling parameters ---
  n_tile_size:       64
  n_tiles:           4
  n_tile_size_last:  64
  height_tiles:      2
  output_rows:       2
  input_rows:        3
  --- Convolution parameters ---
  kernel_w:          1
  kernel_h:          1
  stride_x:          2
  stride_y:          2
  padding:           0
  dilation:          1
  accum_shift:       4
  relu_max:          127
  relu_min:          -128
  output_shift:      18
  output_scale:      36073
  flags:             0
  input_zero_point:  -128
===============================
PERF_LOG : conv2d : 8192 : elements : 536094 : cycles : 0.02 : elements/cycle : 65.44 : cycles/elements
=== conv_layer_config_t dump ===
  layer_id:          5
  layer_name:        conv6b.1
  kernel_name:       3x3j2d1
  config_key:        128_8_8_256_3_3_4_4_2_2_1_1
  --- Source (DRAM) ---
  src_dim1_size:     8
  src_dim2_size:     8
  src_dim3_size:     128
  src_dim1_pitch:    8
  src_dim2_pitch:    64
  --- Destination (DRAM) ---
  dst_dim1_size:     4
  dst_dim2_size:     4
  dst_dim3_size:     256
  dst_dim1_pitch:    4
  dst_dim2_pitch:    16
  --- Input tile (local memory) ---
  in_dim1_size:      8
  in_dim1_pitch:     10
  in_dim2_size:      5
  in_dim2_pitch:     50
  in_dim1_edge1:     1
  in_dim1_edge2:     1
  in_dim2_edge1:     1
  in_dim2_edge2:     1
  in_dim3_edge1:     0
  in_dim3_edge2:     0
  in_data_offset:    11
  in_rows_firstdma:  4
  --- Output tile (local memory) ---
  out_dim1_size:     4
  out_dim1_pitch:    4
  out_dim2_size:     2
  out_dim2_pitch:    8
  out_dim3_size:     8
  --- Coefficient tile ---
  coeff_dim1_size:   3
  coeff_dim2_size:   3
  coeff_dim3_size:   128
  coeff_dim4_size:   256
  coeff_dim1_pitch:  3
  coeff_dim2_pitch:  9
  coeff_dim3_pitch:  1152
  --- Bias ---
  bias_dim1_size:    256
  bias_dim2_size:    1
  --- Output scale ---
  outscale_dim1_size:256
  outscale_dim2_size:1
  --- Buffer sizes (bytes) ---
  input_buffer_size: 6400
  coeff_buffer_size: 9216
  output_buffer_size:64
  bias_buffer_size:  1024
  outscale_buf_size: 512
  --- Buffer DRAM placement ---
  input_ping_dram:   0
  input_pong_dram:   0
  coeff_dram:        1
  output_ping_dram:  1
  output_pong_dram:  1
  bias_dram:         1
  outscale_dram:     1
  --- Tiling parameters ---
  n_tile_size:       8
  n_tiles:           32
  n_tile_size_last:  8
  height_tiles:      2
  output_rows:       2
  input_rows:        5
  --- Convolution parameters ---
  kernel_w:          3
  kernel_h:          3
  stride_x:          2
  stride_y:          2
  padding:           1
  dilation:          1
  accum_shift:       6
  relu_max:          127
  relu_min:          -128
  output_shift:      18
  output_scale:      40823
  flags:             0
  input_zero_point:  -128
===============================
Processing N-tile 1/32, H-tile 1/2
Prefetching input tile for next iteration (if needed)
DMAing input tile: src offset 24, dst offset -9, rows 5
Updated tile descriptors for current iteration
Waiting for DMAs to complete before processing tile
Invalidating cached copies of DMA-written input buffer
Performing edge extension and convolution for current tile
Running convolution for current tile
Writing output tile to system memory using DMA
Processing N-tile 1/32, H-tile 2/2
Prefetching input tile for next iteration (if needed)
DMAing input tile: src offset 0, dst offset 11, rows 4
Updated tile descriptors for current iteration
Waiting for DMAs to complete before processing tile
Invalidating cached copies of DMA-written input buffer
Performing edge extension and convolution for current tile
Running convolution for current tile
Prefetching coefficient tile for next iteration
src coeff ptr: 0x60be7b00, dst coeff ptr: 0x3ffd0000
DMAing coefficient tile: src offset 9216, dst offset 0, size 9216
DMA issued for coefficient tile prefetch
Writing output tile to system memory using DMA
Processing N-tile 2/32, H-tile 1/2
Prefetching input tile for next iteration (if needed)
DMAing input tile: src offset 24, dst offset -9, rows 5
Updated tile descriptors for current iteration
Waiting for DMAs to complete before processing tile
Invalidating cached copies of DMA-written input buffer
Performing edge extension and convolution for current tile
Running convolution for current tile
Writing output tile to system memory using DMA
Processing N-tile 2/32, H-tile 2/2
Prefetching input tile for next iteration (if needed)
DMAing input tile: src offset 0, dst offset 11, rows 4
Updated tile descriptors for current iteration
Waiting for DMAs to complete before processing tile
Invalidating cached copies of DMA-written input buffer
Performing edge extension and convolution for current tile
Running convolution for current tile
Prefetching coefficient tile for next iteration
src coeff ptr: 0x60be9f00, dst coeff ptr: 0x3ffd0000
DMAing coefficient tile: src offset 18432, dst offset 0, size 9216
DMA issued for coefficient tile prefetch
Writing output tile to system memory using DMA
Processing N-tile 3/32, H-tile 1/2
Prefetching input tile for next iteration (if needed)
DMAing input tile: src offset 24, dst offset -9, rows 5
Updated tile descriptors for current iteration
Waiting for DMAs to complete before processing tile
Invalidating cached copies of DMA-written input buffer
Performing edge extension and convolution for current tile
Running convolution for current tile
Writing output tile to system memory using DMA
Processing N-tile 3/32, H-tile 2/2
Prefetching input tile for next iteration (if needed)
DMAing input tile: src offset 0, dst offset 11, rows 4
Updated tile descriptors for current iteration
Waiting for DMAs to complete before processing tile
Invalidating cached copies of DMA-written input buffer
Performing edge extension and convolution for current tile
Running convolution for current tile
Prefetching coefficient tile for next iteration
src coeff ptr: 0x60bec300, dst coeff ptr: 0x3ffd0000
DMAing coefficient tile: src offset 27648, dst offset 0, size 9216
DMA issued for coefficient tile prefetch
Writing output tile to system memory using DMA
Processing N-tile 4/32, H-tile 1/2
Prefetching input tile for next iteration (if needed)
DMAing input tile: src offset 24, dst offset -9, rows 5
Updated tile descriptors for current iteration
Waiting for DMAs to complete before processing tile
Invalidating cached copies of DMA-written input buffer
Performing edge extension and convolution for current tile
Running convolution for current tile
Writing output tile to system memory using DMA
Processing N-tile 4/32, H-tile 2/2
Prefetching input tile for next iteration (if needed)
DMAing input tile: src offset 0, dst offset 11, rows 4
Updated tile descriptors for current iteration
Waiting for DMAs to complete before processing tile
Invalidating cached copies of DMA-written input buffer
Performing edge extension and convolution for current tile
Running convolution for current tile
Prefetching coefficient tile for next iteration
src coeff ptr: 0x60bee700, dst coeff ptr: 0x3ffd0000
DMAing coefficient tile: src offset 36864, dst offset 0, size 9216
DMA issued for coefficient tile prefetch
Writing output tile to system memory using DMA
Processing N-tile 5/32, H-tile 1/2
Prefetching input tile for next iteration (if needed)
DMAing input tile: src offset 24, dst offset -9, rows 5
Updated tile descriptors for current iteration
Waiting for DMAs to complete before processing tile
Invalidating cached copies of DMA-written input buffer
Performing edge extension and convolution for current tile
Running convolution for current tile
Writing output tile to system memory using DMA
Processing N-tile 5/32, H-tile 2/2
Prefetching input tile for next iteration (if needed)
DMAing input tile: src offset 0, dst offset 11, rows 4
Updated tile descriptors for current iteration
Waiting for DMAs to complete before processing tile
Invalidating cached copies of DMA-written input buffer
Performing edge extension and convolution for current tile
Running convolution for current tile
Prefetching coefficient tile for next iteration
src coeff ptr: 0x60bf0b00, dst coeff ptr: 0x3ffd0000
DMAing coefficient tile: src offset 46080, dst offset 0, size 9216
DMA issued for coefficient tile prefetch
Writing output tile to system memory using DMA
Processing N-tile 6/32, H-tile 1/2
Prefetching input tile for next iteration (if needed)
DMAing input tile: src offset 24, dst offset -9, rows 5
Updated tile descriptors for current iteration
Waiting for DMAs to complete before processing tile
Invalidating cached copies of DMA-written input buffer
Performing edge extension and convolution for current tile
Running convolution for current tile
Writing output tile to system memory using DMA
Processing N-tile 6/32, H-tile 2/2
Prefetching input tile for next iteration (if needed)
DMAing input tile: src offset 0, dst offset 11, rows 4
Updated tile descriptors for current iteration
Waiting for DMAs to complete before processing tile
Invalidating cached copies of DMA-written input buffer
Performing edge extension and convolution for current tile
Running convolution for current tile
Prefetching coefficient tile for next iteration
src coeff ptr: 0x60bf2f00, dst coeff ptr: 0x3ffd0000
DMAing coefficient tile: src offset 55296, dst offset 0, size 9216
DMA issued for coefficient tile prefetch
Writing output tile to system memory using DMA
Processing N-tile 7/32, H-tile 1/2
Prefetching input tile for next iteration (if needed)
DMAing input tile: src offset 24, dst offset -9, rows 5
Updated tile descriptors for current iteration
Waiting for DMAs to complete before processing tile
Invalidating cached copies of DMA-written input buffer
Performing edge extension and convolution for current tile
Running convolution for current tile
Writing output tile to system memory using DMA
Processing N-tile 7/32, H-tile 2/2
Prefetching input tile for next iteration (if needed)
DMAing input tile: src offset 0, dst offset 11, rows 4
Updated tile descriptors for current iteration
Waiting for DMAs to complete before processing tile
Invalidating cached copies of DMA-written input buffer
Performing edge extension and convolution for current tile
Running convolution for current tile
Prefetching coefficient tile for next iteration
src coeff ptr: 0x60bf5300, dst coeff ptr: 0x3ffd0000
DMAing coefficient tile: src offset 64512, dst offset 0, size 9216
DMA issued for coefficient tile prefetch
Writing output tile to system memory using DMA
Processing N-tile 8/32, H-tile 1/2
Prefetching input tile for next iteration (if needed)
DMAing input tile: src offset 24, dst offset -9, rows 5
Updated tile descriptors for current iteration
Waiting for DMAs to complete before processing tile
Invalidating cached copies of DMA-written input buffer
Performing edge extension and convolution for current tile
Running convolution for current tile
Writing output tile to system memory using DMA
Processing N-tile 8/32, H-tile 2/2
Prefetching input tile for next iteration (if needed)
DMAing input tile: src offset 0, dst offset 11, rows 4
Updated tile descriptors for current iteration
Waiting for DMAs to complete before processing tile
Invalidating cached copies of DMA-written input buffer
Performing edge extension and convolution for current tile
Running convolution for current tile
Prefetching coefficient tile for next iteration
src coeff ptr: 0x60bf7700, dst coeff ptr: 0x3ffd0000
DMAing coefficient tile: src offset 73728, dst offset 0, size 9216
DMA issued for coefficient tile prefetch
Writing output tile to system memory using DMA
Processing N-tile 9/32, H-tile 1/2
Prefetching input tile for next iteration (if needed)
DMAing input tile: src offset 24, dst offset -9, rows 5
Updated tile descriptors for current iteration
Waiting for DMAs to complete before processing tile
Invalidating cached copies of DMA-written input buffer
Performing edge extension and convolution for current tile
Running convolution for current tile
Writing output tile to system memory using DMA
Processing N-tile 9/32, H-tile 2/2
Prefetching input tile for next iteration (if needed)
DMAing input tile: src offset 0, dst offset 11, rows 4
Updated tile descriptors for current iteration
Waiting for DMAs to complete before processing tile
Invalidating cached copies of DMA-written input buffer
Performing edge extension and convolution for current tile
Running convolution for current tile
Prefetching coefficient tile for next iteration
src coeff ptr: 0x60bf9b00, dst coeff ptr: 0x3ffd0000
DMAing coefficient tile: src offset 82944, dst offset 0, size 9216
DMA issued for coefficient tile prefetch
Writing output tile to system memory using DMA
Processing N-tile 10/32, H-tile 1/2
Prefetching input tile for next iteration (if needed)
DMAing input tile: src offset 24, dst offset -9, rows 5
Updated tile descriptors for current iteration
Waiting for DMAs to complete before processing tile
Invalidating cached copies of DMA-written input buffer
Performing edge extension and convolution for current tile
Running convolution for current tile
Writing output tile to system memory using DMA
Processing N-tile 10/32, H-tile 2/2
Prefetching input tile for next iteration (if needed)
DMAing input tile: src offset 0, dst offset 11, rows 4
Updated tile descriptors for current iteration
Waiting for DMAs to complete before processing tile
Invalidating cached copies of DMA-written input buffer
Performing edge extension and convolution for current tile
Running convolution for current tile
Prefetching coefficient tile for next iteration
src coeff ptr: 0x60bfbf00, dst coeff ptr: 0x3ffd0000
DMAing coefficient tile: src offset 92160, dst offset 0, size 9216
DMA issued for coefficient tile prefetch
Writing output tile to system memory using DMA
Processing N-tile 11/32, H-tile 1/2
Prefetching input tile for next iteration (if needed)
DMAing input tile: src offset 24, dst offset -9, rows 5
Updated tile descriptors for current iteration
Waiting for DMAs to complete before processing tile
Invalidating cached copies of DMA-written input buffer
Performing edge extension and convolution for current tile
Running convolution for current tile
Writing output tile to system memory using DMA
Processing N-tile 11/32, H-tile 2/2
Prefetching input tile for next iteration (if needed)
DMAing input tile: src offset 0, dst offset 11, rows 4
Updated tile descriptors for current iteration
Waiting for DMAs to complete before processing tile
Invalidating cached copies of DMA-written input buffer
Performing edge extension and convolution for current tile
Running convolution for current tile
Prefetching coefficient tile for next iteration
src coeff ptr: 0x60bfe300, dst coeff ptr: 0x3ffd0000
DMAing coefficient tile: src offset 101376, dst offset 0, size 9216
DMA issued for coefficient tile prefetch
Writing output tile to system memory using DMA
Processing N-tile 12/32, H-tile 1/2
Prefetching input tile for next iteration (if needed)
DMAing input tile: src offset 24, dst offset -9, rows 5
Updated tile descriptors for current iteration
Waiting for DMAs to complete before processing tile
Invalidating cached copies of DMA-written input buffer
Performing edge extension and convolution for current tile
Running convolution for current tile
Writing output tile to system memory using DMA
Processing N-tile 12/32, H-tile 2/2
Prefetching input tile for next iteration (if needed)
DMAing input tile: src offset 0, dst offset 11, rows 4
Updated tile descriptors for current iteration
Waiting for DMAs to complete before processing tile
Invalidating cached copies of DMA-written input buffer
Performing edge extension and convolution for current tile
Running convolution for current tile
Prefetching coefficient tile for next iteration
src coeff ptr: 0x60c00700, dst coeff ptr: 0x3ffd0000
DMAing coefficient tile: src offset 110592, dst offset 0, size 9216
DMA issued for coefficient tile prefetch
Writing output tile to system memory using DMA
Processing N-tile 13/32, H-tile 1/2
Prefetching input tile for next iteration (if needed)
DMAing input tile: src offset 24, dst offset -9, rows 5
Updated tile descriptors for current iteration
Waiting for DMAs to complete before processing tile
Invalidating cached copies of DMA-written input buffer
Performing edge extension and convolution for current tile
Running convolution for current tile
Writing output tile to system memory using DMA
Processing N-tile 13/32, H-tile 2/2
Prefetching input tile for next iteration (if needed)
DMAing input tile: src offset 0, dst offset 11, rows 4
Updated tile descriptors for current iteration
Waiting for DMAs to complete before processing tile
Invalidating cached copies of DMA-written input buffer
Performing edge extension and convolution for current tile
Running convolution for current tile
Prefetching coefficient tile for next iteration
src coeff ptr: 0x60c02b00, dst coeff ptr: 0x3ffd0000
DMAing coefficient tile: src offset 119808, dst offset 0, size 9216
DMA issued for coefficient tile prefetch
Writing output tile to system memory using DMA
Processing N-tile 14/32, H-tile 1/2
Prefetching input tile for next iteration (if needed)
DMAing input tile: src offset 24, dst offset -9, rows 5
Updated tile descriptors for current iteration
Waiting for DMAs to complete before processing tile
Invalidating cached copies of DMA-written input buffer
Performing edge extension and convolution for current tile
Running convolution for current tile
Writing output tile to system memory using DMA
Processing N-tile 14/32, H-tile 2/2
Prefetching input tile for next iteration (if needed)
DMAing input tile: src offset 0, dst offset 11, rows 4
Updated tile descriptors for current iteration
Waiting for DMAs to complete before processing tile
Invalidating cached copies of DMA-written input buffer
Performing edge extension and convolution for current tile
Running convolution for current tile
Prefetching coefficient tile for next iteration
src coeff ptr: 0x60c04f00, dst coeff ptr: 0x3ffd0000
DMAing coefficient tile: src offset 129024, dst offset 0, size 9216
DMA issued for coefficient tile prefetch
Writing output tile to system memory using DMA
Processing N-tile 15/32, H-tile 1/2
Prefetching input tile for next iteration (if needed)
DMAing input tile: src offset 24, dst offset -9, rows 5
Updated tile descriptors for current iteration
Waiting for DMAs to complete before processing tile
Invalidating cached copies of DMA-written input buffer
Performing edge extension and convolution for current tile
Running convolution for current tile
Writing output tile to system memory using DMA
Processing N-tile 15/32, H-tile 2/2
Prefetching input tile for next iteration (if needed)
DMAing input tile: src offset 0, dst offset 11, rows 4
Updated tile descriptors for current iteration
Waiting for DMAs to complete before processing tile
Invalidating cached copies of DMA-written input buffer
Performing edge extension and convolution for current tile
Running convolution for current tile
Prefetching coefficient tile for next iteration
src coeff ptr: 0x60c07300, dst coeff ptr: 0x3ffd0000
DMAing coefficient tile: src offset 138240, dst offset 0, size 9216
DMA issued for coefficient tile prefetch
Writing output tile to system memory using DMA
Processing N-tile 16/32, H-tile 1/2
Prefetching input tile for next iteration (if needed)
DMAing input tile: src offset 24, dst offset -9, rows 5
Updated tile descriptors for current iteration
Waiting for DMAs to complete before processing tile
Invalidating cached copies of DMA-written input buffer
Performing edge extension and convolution for current tile
Running convolution for current tile
Writing output tile to system memory using DMA
Processing N-tile 16/32, H-tile 2/2
Prefetching input tile for next iteration (if needed)
DMAing input tile: src offset 0, dst offset 11, rows 4
Updated tile descriptors for current iteration
Waiting for DMAs to complete before processing tile
Invalidating cached copies of DMA-written input buffer
Performing edge extension and convolution for current tile
Running convolution for current tile
Prefetching coefficient tile for next iteration
src coeff ptr: 0x60c09700, dst coeff ptr: 0x3ffd0000
DMAing coefficient tile: src offset 147456, dst offset 0, size 9216
DMA issued for coefficient tile prefetch
Writing output tile to system memory using DMA
Processing N-tile 17/32, H-tile 1/2
Prefetching input tile for next iteration (if needed)
DMAing input tile: src offset 24, dst offset -9, rows 5
Updated tile descriptors for current iteration
Waiting for DMAs to complete before processing tile
Invalidating cached copies of DMA-written input buffer
Performing edge extension and convolution for current tile
Running convolution for current tile
Writing output tile to system memory using DMA
Processing N-tile 17/32, H-tile 2/2
Prefetching input tile for next iteration (if needed)
DMAing input tile: src offset 0, dst offset 11, rows 4
Updated tile descriptors for current iteration
Waiting for DMAs to complete before processing tile
Invalidating cached copies of DMA-written input buffer
Performing edge extension and convolution for current tile
Running convolution for current tile
Prefetching coefficient tile for next iteration
src coeff ptr: 0x60c0bb00, dst coeff ptr: 0x3ffd0000
DMAing coefficient tile: src offset 156672, dst offset 0, size 9216
DMA issued for coefficient tile prefetch
Writing output tile to system memory using DMA
Processing N-tile 18/32, H-tile 1/2
Prefetching input tile for next iteration (if needed)
DMAing input tile: src offset 24, dst offset -9, rows 5
Updated tile descriptors for current iteration
Waiting for DMAs to complete before processing tile
Invalidating cached copies of DMA-written input buffer
Performing edge extension and convolution for current tile
Running convolution for current tile
Writing output tile to system memory using DMA
Processing N-tile 18/32, H-tile 2/2
Prefetching input tile for next iteration (if needed)
DMAing input tile: src offset 0, dst offset 11, rows 4
Updated tile descriptors for current iteration
Waiting for DMAs to complete before processing tile
Invalidating cached copies of DMA-written input buffer
Performing edge extension and convolution for current tile
Running convolution for current tile
Prefetching coefficient tile for next iteration
src coeff ptr: 0x60c0df00, dst coeff ptr: 0x3ffd0000
DMAing coefficient tile: src offset 165888, dst offset 0, size 9216
DMA issued for coefficient tile prefetch
Writing output tile to system memory using DMA
Processing N-tile 19/32, H-tile 1/2
Prefetching input tile for next iteration (if needed)
DMAing input tile: src offset 24, dst offset -9, rows 5
Updated tile descriptors for current iteration
Waiting for DMAs to complete before processing tile
Invalidating cached copies of DMA-written input buffer
Performing edge extension and convolution for current tile
Running convolution for current tile
Writing output tile to system memory using DMA
Processing N-tile 19/32, H-tile 2/2
Prefetching input tile for next iteration (if needed)
DMAing input tile: src offset 0, dst offset 11, rows 4
Updated tile descriptors for current iteration
Waiting for DMAs to complete before processing tile
Invalidating cached copies of DMA-written input buffer
Performing edge extension and convolution for current tile
Running convolution for current tile
Prefetching coefficient tile for next iteration
src coeff ptr: 0x60c10300, dst coeff ptr: 0x3ffd0000
DMAing coefficient tile: src offset 175104, dst offset 0, size 9216
DMA issued for coefficient tile prefetch
Writing output tile to system memory using DMA
Processing N-tile 20/32, H-tile 1/2
Prefetching input tile for next iteration (if needed)
DMAing input tile: src offset 24, dst offset -9, rows 5
Updated tile descriptors for current iteration
Waiting for DMAs to complete before processing tile
Invalidating cached copies of DMA-written input buffer
Performing edge extension and convolution for current tile
Running convolution for current tile
Writing output tile to system memory using DMA
Processing N-tile 20/32, H-tile 2/2
Prefetching input tile for next iteration (if needed)
DMAing input tile: src offset 0, dst offset 11, rows 4
Updated tile descriptors for current iteration
Waiting for DMAs to complete before processing tile
Invalidating cached copies of DMA-written input buffer
Performing edge extension and convolution for current tile
Running convolution for current tile
Prefetching coefficient tile for next iteration
src coeff ptr: 0x60c12700, dst coeff ptr: 0x3ffd0000
DMAing coefficient tile: src offset 184320, dst offset 0, size 9216
DMA issued for coefficient tile prefetch
Writing output tile to system memory using DMA
Processing N-tile 21/32, H-tile 1/2
Prefetching input tile for next iteration (if needed)
DMAing input tile: src offset 24, dst offset -9, rows 5
Updated tile descriptors for current iteration
Waiting for DMAs to complete before processing tile
Invalidating cached copies of DMA-written input buffer
Performing edge extension and convolution for current tile
Running convolution for current tile
Writing output tile to system memory using DMA
Processing N-tile 21/32, H-tile 2/2
Prefetching input tile for next iteration (if needed)
DMAing input tile: src offset 0, dst offset 11, rows 4
Updated tile descriptors for current iteration
Waiting for DMAs to complete before processing tile
Invalidating cached copies of DMA-written input buffer
Performing edge extension and convolution for current tile
Running convolution for current tile
Prefetching coefficient tile for next iteration
src coeff ptr: 0x60c14b00, dst coeff ptr: 0x3ffd0000
DMAing coefficient tile: src offset 193536, dst offset 0, size 9216
DMA issued for coefficient tile prefetch
Writing output tile to system memory using DMA
Processing N-tile 22/32, H-tile 1/2
Prefetching input tile for next iteration (if needed)
DMAing input tile: src offset 24, dst offset -9, rows 5
Updated tile descriptors for current iteration
Waiting for DMAs to complete before processing tile
Invalidating cached copies of DMA-written input buffer
Performing edge extension and convolution for current tile
Running convolution for current tile
Writing output tile to system memory using DMA
Processing N-tile 22/32, H-tile 2/2
Prefetching input tile for next iteration (if needed)
DMAing input tile: src offset 0, dst offset 11, rows 4
Updated tile descriptors for current iteration
Waiting for DMAs to complete before processing tile
Invalidating cached copies of DMA-written input buffer
Performing edge extension and convolution for current tile
Running convolution for current tile
Prefetching coefficient tile for next iteration
src coeff ptr: 0x60c16f00, dst coeff ptr: 0x3ffd0000
DMAing coefficient tile: src offset 202752, dst offset 0, size 9216
DMA issued for coefficient tile prefetch
Writing output tile to system memory using DMA
Processing N-tile 23/32, H-tile 1/2
Prefetching input tile for next iteration (if needed)
DMAing input tile: src offset 24, dst offset -9, rows 5
Updated tile descriptors for current iteration
Waiting for DMAs to complete before processing tile
Invalidating cached copies of DMA-written input buffer
Performing edge extension and convolution for current tile
Running convolution for current tile
Writing output tile to system memory using DMA
Processing N-tile 23/32, H-tile 2/2
Prefetching input tile for next iteration (if needed)
DMAing input tile: src offset 0, dst offset 11, rows 4
Updated tile descriptors for current iteration
Waiting for DMAs to complete before processing tile
Invalidating cached copies of DMA-written input buffer
Performing edge extension and convolution for current tile
Running convolution for current tile
Prefetching coefficient tile for next iteration
src coeff ptr: 0x60c19300, dst coeff ptr: 0x3ffd0000
DMAing coefficient tile: src offset 211968, dst offset 0, size 9216
DMA issued for coefficient tile prefetch
Writing output tile to system memory using DMA
Processing N-tile 24/32, H-tile 1/2
Prefetching input tile for next iteration (if needed)
DMAing input tile: src offset 24, dst offset -9, rows 5
Updated tile descriptors for current iteration
Waiting for DMAs to complete before processing tile
Invalidating cached copies of DMA-written input buffer
Performing edge extension and convolution for current tile
Running convolution for current tile
Writing output tile to system memory using DMA
Processing N-tile 24/32, H-tile 2/2
Prefetching input tile for next iteration (if needed)
DMAing input tile: src offset 0, dst offset 11, rows 4
Updated tile descriptors for current iteration
Waiting for DMAs to complete before processing tile
Invalidating cached copies of DMA-written input buffer
Performing edge extension and convolution for current tile
Running convolution for current tile
Prefetching coefficient tile for next iteration
src coeff ptr: 0x60c1b700, dst coeff ptr: 0x3ffd0000
DMAing coefficient tile: src offset 221184, dst offset 0, size 9216
DMA issued for coefficient tile prefetch
Writing output tile to system memory using DMA
Processing N-tile 25/32, H-tile 1/2
Prefetching input tile for next iteration (if needed)
DMAing input tile: src offset 24, dst offset -9, rows 5
Updated tile descriptors for current iteration
Waiting for DMAs to complete before processing tile
Invalidating cached copies of DMA-written input buffer
Performing edge extension and convolution for current tile
Running convolution for current tile
Writing output tile to system memory using DMA
Processing N-tile 25/32, H-tile 2/2
Prefetching input tile for next iteration (if needed)
DMAing input tile: src offset 0, dst offset 11, rows 4
Updated tile descriptors for current iteration
Waiting for DMAs to complete before processing tile
Invalidating cached copies of DMA-written input buffer
Performing edge extension and convolution for current tile
Running convolution for current tile
Prefetching coefficient tile for next iteration
src coeff ptr: 0x60c1db00, dst coeff ptr: 0x3ffd0000
DMAing coefficient tile: src offset 230400, dst offset 0, size 9216
DMA issued for coefficient tile prefetch
Writing output tile to system memory using DMA
Processing N-tile 26/32, H-tile 1/2
Prefetching input tile for next iteration (if needed)
DMAing input tile: src offset 24, dst offset -9, rows 5
Updated tile descriptors for current iteration
Waiting for DMAs to complete before processing tile
Invalidating cached copies of DMA-written input buffer
Performing edge extension and convolution for current tile
Running convolution for current tile
Writing output tile to system memory using DMA
Processing N-tile 26/32, H-tile 2/2
Prefetching input tile for next iteration (if needed)
DMAing input tile: src offset 0, dst offset 11, rows 4
Updated tile descriptors for current iteration
Waiting for DMAs to complete before processing tile
Invalidating cached copies of DMA-written input buffer
Performing edge extension and convolution for current tile
Running convolution for current tile
Prefetching coefficient tile for next iteration
src coeff ptr: 0x60c1ff00, dst coeff ptr: 0x3ffd0000
DMAing coefficient tile: src offset 239616, dst offset 0, size 9216
DMA issued for coefficient tile prefetch
Writing output tile to system memory using DMA
Processing N-tile 27/32, H-tile 1/2
Prefetching input tile for next iteration (if needed)
DMAing input tile: src offset 24, dst offset -9, rows 5
Updated tile descriptors for current iteration
Waiting for DMAs to complete before processing tile
Invalidating cached copies of DMA-written input buffer
Performing edge extension and convolution for current tile
Running convolution for current tile
Writing output tile to system memory using DMA
Processing N-tile 27/32, H-tile 2/2
Prefetching input tile for next iteration (if needed)
DMAing input tile: src offset 0, dst offset 11, rows 4
Updated tile descriptors for current iteration
Waiting for DMAs to complete before processing tile
Invalidating cached copies of DMA-written input buffer
Performing edge extension and convolution for current tile
Running convolution for current tile
Prefetching coefficient tile for next iteration
src coeff ptr: 0x60c22300, dst coeff ptr: 0x3ffd0000
DMAing coefficient tile: src offset 248832, dst offset 0, size 9216
DMA issued for coefficient tile prefetch
Writing output tile to system memory using DMA
Processing N-tile 28/32, H-tile 1/2
Prefetching input tile for next iteration (if needed)
DMAing input tile: src offset 24, dst offset -9, rows 5
Updated tile descriptors for current iteration
Waiting for DMAs to complete before processing tile
Invalidating cached copies of DMA-written input buffer
Performing edge extension and convolution for current tile
Running convolution for current tile
Writing output tile to system memory using DMA
Processing N-tile 28/32, H-tile 2/2
Prefetching input tile for next iteration (if needed)
DMAing input tile: src offset 0, dst offset 11, rows 4
Updated tile descriptors for current iteration
Waiting for DMAs to complete before processing tile
Invalidating cached copies of DMA-written input buffer
Performing edge extension and convolution for current tile
Running convolution for current tile
Prefetching coefficient tile for next iteration
src coeff ptr: 0x60c24700, dst coeff ptr: 0x3ffd0000
DMAing coefficient tile: src offset 258048, dst offset 0, size 9216
DMA issued for coefficient tile prefetch
Writing output tile to system memory using DMA
Processing N-tile 29/32, H-tile 1/2
Prefetching input tile for next iteration (if needed)
DMAing input tile: src offset 24, dst offset -9, rows 5
Updated tile descriptors for current iteration
Waiting for DMAs to complete before processing tile
Invalidating cached copies of DMA-written input buffer
Performing edge extension and convolution for current tile
Running convolution for current tile
Writing output tile to system memory using DMA
Processing N-tile 29/32, H-tile 2/2
Prefetching input tile for next iteration (if needed)
DMAing input tile: src offset 0, dst offset 11, rows 4
Updated tile descriptors for current iteration
Waiting for DMAs to complete before processing tile
Invalidating cached copies of DMA-written input buffer
Performing edge extension and convolution for current tile
Running convolution for current tile
Prefetching coefficient tile for next iteration
src coeff ptr: 0x60c26b00, dst coeff ptr: 0x3ffd0000
DMAing coefficient tile: src offset 267264, dst offset 0, size 9216
DMA issued for coefficient tile prefetch
Writing output tile to system memory using DMA
Processing N-tile 30/32, H-tile 1/2
Prefetching input tile for next iteration (if needed)
DMAing input tile: src offset 24, dst offset -9, rows 5
Updated tile descriptors for current iteration
Waiting for DMAs to complete before processing tile
Invalidating cached copies of DMA-written input buffer
Performing edge extension and convolution for current tile
Running convolution for current tile
Writing output tile to system memory using DMA
Processing N-tile 30/32, H-tile 2/2
Prefetching input tile for next iteration (if needed)
DMAing input tile: src offset 0, dst offset 11, rows 4
Updated tile descriptors for current iteration
Waiting for DMAs to complete before processing tile
Invalidating cached copies of DMA-written input buffer
Performing edge extension and convolution for current tile
Running convolution for current tile
Prefetching coefficient tile for next iteration
src coeff ptr: 0x60c28f00, dst coeff ptr: 0x3ffd0000
DMAing coefficient tile: src offset 276480, dst offset 0, size 9216
DMA issued for coefficient tile prefetch
Writing output tile to system memory using DMA
Processing N-tile 31/32, H-tile 1/2
Prefetching input tile for next iteration (if needed)
DMAing input tile: src offset 24, dst offset -9, rows 5
Updated tile descriptors for current iteration
Waiting for DMAs to complete before processing tile
Invalidating cached copies of DMA-written input buffer
Performing edge extension and convolution for current tile
Running convolution for current tile
Writing output tile to system memory using DMA
Processing N-tile 31/32, H-tile 2/2
Prefetching input tile for next iteration (if needed)
DMAing input tile: src offset 0, dst offset 11, rows 4
Updated tile descriptors for current iteration
Waiting for DMAs to complete before processing tile
Invalidating cached copies of DMA-written input buffer
Performing edge extension and convolution for current tile
Running convolution for current tile
Prefetching coefficient tile for next iteration
src coeff ptr: 0x60c2b300, dst coeff ptr: 0x3ffd0000
DMAing coefficient tile: src offset 285696, dst offset 0, size 9216
DMA issued for coefficient tile prefetch
Writing output tile to system memory using DMA
Processing N-tile 32/32, H-tile 1/2
Prefetching input tile for next iteration (if needed)
DMAing input tile: src offset 24, dst offset -9, rows 5
Updated tile descriptors for current iteration
Waiting for DMAs to complete before processing tile
Invalidating cached copies of DMA-written input buffer
Performing edge extension and convolution for current tile
Running convolution for current tile
Writing output tile to system memory using DMA
Processing N-tile 32/32, H-tile 2/2
Prefetching input tile for next iteration (if needed)
Updated tile descriptors for current iteration
Waiting for DMAs to complete before processing tile
Invalidating cached copies of DMA-written input buffer
Performing edge extension and convolution for current tile
Running convolution for current tile
Writing output tile to system memory using DMA
Waiting for final output DMA to complete before returning
PERF_LOG : conv2d : 8192 : elements : 3952237 : cycles : 0.00 : elements/cycle : 482.45 : cycles/elements
PERF_LOG : quantized_relu : 4096 : elements (DMA ping-pong) : 2123 : cycles : 1.93 : elements (DMA ping-pong)/cycle : 0.52 : cycles/elements (DMA ping-pong)
=== conv_layer_config_t dump ===
  layer_id:          6
  layer_name:        conv6b.2
  kernel_name:       3x3j1d1
  config_key:        256_4_4_256_3_3_4_4_1_1_1_1
  --- Source (DRAM) ---
  src_dim1_size:     4
  src_dim2_size:     4
  src_dim3_size:     256
  src_dim1_pitch:    4
  src_dim2_pitch:    16
  --- Destination (DRAM) ---
  dst_dim1_size:     4
  dst_dim2_size:     4
  dst_dim3_size:     256
  dst_dim1_pitch:    4
  dst_dim2_pitch:    16
  --- Input tile (local memory) ---
  in_dim1_size:      4
  in_dim1_pitch:     6
  in_dim2_size:      4
  in_dim2_pitch:     24
  in_dim1_edge1:     1
  in_dim1_edge2:     1
  in_dim2_edge1:     1
  in_dim2_edge2:     1
  in_dim3_edge1:     0
  in_dim3_edge2:     0
  in_data_offset:    7
  in_rows_firstdma:  3
  --- Output tile (local memory) ---
  out_dim1_size:     4
  out_dim1_pitch:    4
  out_dim2_size:     2
  out_dim2_pitch:    8
  out_dim3_size:     4
  --- Coefficient tile ---
  coeff_dim1_size:   3
  coeff_dim2_size:   3
  coeff_dim3_size:   256
  coeff_dim4_size:   256
  coeff_dim1_pitch:  3
  coeff_dim2_pitch:  9
  coeff_dim3_pitch:  2304
  --- Bias ---
  bias_dim1_size:    256
  bias_dim2_size:    1
  --- Output scale ---
  outscale_dim1_size:256
  outscale_dim2_size:1
  --- Buffer sizes (bytes) ---
  input_buffer_size: 6144
  coeff_buffer_size: 9216
  output_buffer_size:32
  bias_buffer_size:  1024
  outscale_buf_size: 512
  --- Buffer DRAM placement ---
  input_ping_dram:   0
  input_pong_dram:   0
  coeff_dram:        1
  output_ping_dram:  1
  output_pong_dram:  1
  bias_dram:         1
  outscale_dram:     1
  --- Tiling parameters ---
  n_tile_size:       4
  n_tiles:           64
  n_tile_size_last:  4
  height_tiles:      2
  output_rows:       2
  input_rows:        4
  --- Convolution parameters ---
  kernel_w:          3
  kernel_h:          3
  stride_x:          1
  stride_y:          1
  padding:           1
  dilation:          1
  accum_shift:       7
  relu_max:          127
  relu_min:          -128
  output_shift:      18
  output_scale:      45858
  flags:             0
  input_zero_point:  -128
===============================
PERF_LOG : conv2d : 4096 : elements : 3825747 : cycles : 0.00 : elements/cycle : 934.02 : cycles/elements
PERF_LOG : dequantize_asym8s : 4096 : elements (DMA ping-pong) : 1724 : cycles : 2.38 : elements (DMA ping-pong)/cycle : 0.42 : cycles/elements (DMA ping-pong)
PERF_LOG : dequantize_asym8s : 4096 : elements (DMA ping-pong) : 1724 : cycles : 2.38 : elements (DMA ping-pong)/cycle : 0.42 : cycles/elements (DMA ping-pong)
PERF_LOG : add_float : 4096 : elements (DMA ping-pong) : 2428 : cycles : 1.69 : elements (DMA ping-pong)/cycle : 0.59 : cycles/elements (DMA ping-pong)
PERF_LOG : quantize_asym8s : 4096 : elements (DMA ping-pong) : 1928 : cycles : 2.12 : elements (DMA ping-pong)/cycle : 0.47 : cycles/elements (DMA ping-pong)
PERF_LOG : quantized_relu : 4096 : elements (DMA ping-pong) : 2123 : cycles : 1.93 : elements (DMA ping-pong)/cycle : 0.52 : cycles/elements (DMA ping-pong)
=== conv_layer_config_t dump ===
  layer_id:          6
  layer_name:        conv6b.2
  kernel_name:       3x3j1d1
  config_key:        256_4_4_256_3_3_4_4_1_1_1_1
  --- Source (DRAM) ---
  src_dim1_size:     4
  src_dim2_size:     4
  src_dim3_size:     256
  src_dim1_pitch:    4
  src_dim2_pitch:    16
  --- Destination (DRAM) ---
  dst_dim1_size:     4
  dst_dim2_size:     4
  dst_dim3_size:     256
  dst_dim1_pitch:    4
  dst_dim2_pitch:    16
  --- Input tile (local memory) ---
  in_dim1_size:      4
  in_dim1_pitch:     6
  in_dim2_size:      4
  in_dim2_pitch:     24
  in_dim1_edge1:     1
  in_dim1_edge2:     1
  in_dim2_edge1:     1
  in_dim2_edge2:     1
  in_dim3_edge1:     0
  in_dim3_edge2:     0
  in_data_offset:    7
  in_rows_firstdma:  3
  --- Output tile (local memory) ---
  out_dim1_size:     4
  out_dim1_pitch:    4
  out_dim2_size:     2
  out_dim2_pitch:    8
  out_dim3_size:     4
  --- Coefficient tile ---
  coeff_dim1_size:   3
  coeff_dim2_size:   3
  coeff_dim3_size:   256
  coeff_dim4_size:   256
  coeff_dim1_pitch:  3
  coeff_dim2_pitch:  9
  coeff_dim3_pitch:  2304
  --- Bias ---
  bias_dim1_size:    256
  bias_dim2_size:    1
  --- Output scale ---
  outscale_dim1_size:256
  outscale_dim2_size:1
  --- Buffer sizes (bytes) ---
  input_buffer_size: 6144
  coeff_buffer_size: 9216
  output_buffer_size:32
  bias_buffer_size:  1024
  outscale_buf_size: 512
  --- Buffer DRAM placement ---
  input_ping_dram:   0
  input_pong_dram:   0
  coeff_dram:        1
  output_ping_dram:  1
  output_pong_dram:  1
  bias_dram:         1
  outscale_dram:     1
  --- Tiling parameters ---
  n_tile_size:       4
  n_tiles:           64
  n_tile_size_last:  4
  height_tiles:      2
  output_rows:       2
  input_rows:        4
  --- Convolution parameters ---
  kernel_w:          3
  kernel_h:          3
  stride_x:          1
  stride_y:          1
  padding:           1
  dilation:          1
  accum_shift:       7
  relu_max:          127
  relu_min:          -128
  output_shift:      18
  output_scale:      49746
  flags:             0
  input_zero_point:  -128
===============================
PERF_LOG : conv2d : 4096 : elements : 3825746 : cycles : 0.00 : elements/cycle : 934.02 : cycles/elements
PERF_LOG : quantized_relu : 4096 : elements (DMA ping-pong) : 2123 : cycles : 1.93 : elements (DMA ping-pong)/cycle : 0.52 : cycles/elements (DMA ping-pong)
=== conv_layer_config_t dump ===
  layer_id:          6
  layer_name:        conv6b.2
  kernel_name:       3x3j1d1
  config_key:        256_4_4_256_3_3_4_4_1_1_1_1
  --- Source (DRAM) ---
  src_dim1_size:     4
  src_dim2_size:     4
  src_dim3_size:     256
  src_dim1_pitch:    4
  src_dim2_pitch:    16
  --- Destination (DRAM) ---
  dst_dim1_size:     4
  dst_dim2_size:     4
  dst_dim3_size:     256
  dst_dim1_pitch:    4
  dst_dim2_pitch:    16
  --- Input tile (local memory) ---
  in_dim1_size:      4
  in_dim1_pitch:     6
  in_dim2_size:      4
  in_dim2_pitch:     24
  in_dim1_edge1:     1
  in_dim1_edge2:     1
  in_dim2_edge1:     1
  in_dim2_edge2:     1
  in_dim3_edge1:     0
  in_dim3_edge2:     0
  in_data_offset:    7
  in_rows_firstdma:  3
  --- Output tile (local memory) ---
  out_dim1_size:     4
  out_dim1_pitch:    4
  out_dim2_size:     2
  out_dim2_pitch:    8
  out_dim3_size:     4
  --- Coefficient tile ---
  coeff_dim1_size:   3
  coeff_dim2_size:   3
  coeff_dim3_size:   256
  coeff_dim4_size:   256
  coeff_dim1_pitch:  3
  coeff_dim2_pitch:  9
  coeff_dim3_pitch:  2304
  --- Bias ---
  bias_dim1_size:    256
  bias_dim2_size:    1
  --- Output scale ---
  outscale_dim1_size:256
  outscale_dim2_size:1
  --- Buffer sizes (bytes) ---
  input_buffer_size: 6144
  coeff_buffer_size: 9216
  output_buffer_size:32
  bias_buffer_size:  1024
  outscale_buf_size: 512
  --- Buffer DRAM placement ---
  input_ping_dram:   0
  input_pong_dram:   0
  coeff_dram:        1
  output_ping_dram:  1
  output_pong_dram:  1
  bias_dram:         1
  outscale_dram:     1
  --- Tiling parameters ---
  n_tile_size:       4
  n_tiles:           64
  n_tile_size_last:  4
  height_tiles:      2
  output_rows:       2
  input_rows:        4
  --- Convolution parameters ---
  kernel_w:          3
  kernel_h:          3
  stride_x:          1
  stride_y:          1
  padding:           1
  dilation:          1
  accum_shift:       7
  relu_max:          127
  relu_min:          -128
  output_shift:      17
  output_scale:      34404
  flags:             0
  input_zero_point:  -128
===============================
PERF_LOG : conv2d : 4096 : elements : 3825646 : cycles : 0.00 : elements/cycle : 934.00 : cycles/elements
PERF_LOG : dequantize_asym8s : 4096 : elements (DMA ping-pong) : 1724 : cycles : 2.38 : elements (DMA ping-pong)/cycle : 0.42 : cycles/elements (DMA ping-pong)
PERF_LOG : dequantize_asym8s : 4096 : elements (DMA ping-pong) : 1724 : cycles : 2.38 : elements (DMA ping-pong)/cycle : 0.42 : cycles/elements (DMA ping-pong)
PERF_LOG : add_float : 4096 : elements (DMA ping-pong) : 2428 : cycles : 1.69 : elements (DMA ping-pong)/cycle : 0.59 : cycles/elements (DMA ping-pong)
PERF_LOG : quantize_asym8s : 4096 : elements (DMA ping-pong) : 1928 : cycles : 2.12 : elements (DMA ping-pong)/cycle : 0.47 : cycles/elements (DMA ping-pong)
PERF_LOG : quantized_relu : 4096 : elements (DMA ping-pong) : 2123 : cycles : 1.93 : elements (DMA ping-pong)/cycle : 0.52 : cycles/elements (DMA ping-pong)
=== conv_layer_config_t dump ===
  layer_id:          10
  layer_name:        conv8a.1
  kernel_name:       1x1j2d1
  config_key:        256_4_4_512_1_1_2_2_2_2_0_1
  --- Source (DRAM) ---
  src_dim1_size:     4
  src_dim2_size:     4
  src_dim3_size:     256
  src_dim1_pitch:    4
  src_dim2_pitch:    16
  --- Destination (DRAM) ---
  dst_dim1_size:     2
  dst_dim2_size:     2
  dst_dim3_size:     512
  dst_dim1_pitch:    2
  dst_dim2_pitch:    4
  --- Input tile (local memory) ---
  in_dim1_size:      4
  in_dim1_pitch:     4
  in_dim2_size:      3
  in_dim2_pitch:     12
  in_dim1_edge1:     0
  in_dim1_edge2:     0
  in_dim2_edge1:     0
  in_dim2_edge2:     0
  in_dim3_edge1:     0
  in_dim3_edge2:     0
  in_data_offset:    0
  in_rows_firstdma:  3
  --- Output tile (local memory) ---
  out_dim1_size:     2
  out_dim1_pitch:    2
  out_dim2_size:     2
  out_dim2_pitch:    4
  out_dim3_size:     32
  --- Coefficient tile ---
  coeff_dim1_size:   1
  coeff_dim2_size:   1
  coeff_dim3_size:   256
  coeff_dim4_size:   512
  coeff_dim1_pitch:  1
  coeff_dim2_pitch:  1
  coeff_dim3_pitch:  256
  --- Bias ---
  bias_dim1_size:    512
  bias_dim2_size:    1
  --- Output scale ---
  outscale_dim1_size:512
  outscale_dim2_size:1
  --- Buffer sizes (bytes) ---
  input_buffer_size: 3072
  coeff_buffer_size: 8192
  output_buffer_size:128
  bias_buffer_size:  2048
  outscale_buf_size: 1024
  --- Buffer DRAM placement ---
  input_ping_dram:   0
  input_pong_dram:   0
  coeff_dram:        0
  output_ping_dram:  1
  output_pong_dram:  1
  bias_dram:         1
  outscale_dram:     1
  --- Tiling parameters ---
  n_tile_size:       32
  n_tiles:           16
  n_tile_size_last:  32
  height_tiles:      1
  output_rows:       2
  input_rows:        3
  --- Convolution parameters ---
  kernel_w:          1
  kernel_h:          1
  stride_x:          2
  stride_y:          2
  padding:           0
  dilation:          1
  accum_shift:       4
  relu_max:          127
  relu_min:          -128
  output_shift:      19
  output_scale:      33076
  flags:             0
  input_zero_point:  -128
===============================
PERF_LOG : conv2d : 4096 : elements : 915466 : cycles : 0.00 : elements/cycle : 223.50 : cycles/elements
=== conv_layer_config_t dump ===
  layer_id:          8
  layer_name:        conv8b.1
  kernel_name:       3x3j2d1
  config_key:        256_4_4_512_3_3_2_2_2_2_1_1
  --- Source (DRAM) ---
  src_dim1_size:     4
  src_dim2_size:     4
  src_dim3_size:     256
  src_dim1_pitch:    4
  src_dim2_pitch:    16
  --- Destination (DRAM) ---
  dst_dim1_size:     2
  dst_dim2_size:     2
  dst_dim3_size:     512
  dst_dim1_pitch:    2
  dst_dim2_pitch:    4
  --- Input tile (local memory) ---
  in_dim1_size:      4
  in_dim1_pitch:     6
  in_dim2_size:      5
  in_dim2_pitch:     30
  in_dim1_edge1:     1
  in_dim1_edge2:     1
  in_dim2_edge1:     1
  in_dim2_edge2:     1
  in_dim3_edge1:     0
  in_dim3_edge2:     0
  in_data_offset:    7
  in_rows_firstdma:  4
  --- Output tile (local memory) ---
  out_dim1_size:     2
  out_dim1_pitch:    2
  out_dim2_size:     2
  out_dim2_pitch:    4
  out_dim3_size:     4
  --- Coefficient tile ---
  coeff_dim1_size:   3
  coeff_dim2_size:   3
  coeff_dim3_size:   256
  coeff_dim4_size:   512
  coeff_dim1_pitch:  3
  coeff_dim2_pitch:  9
  coeff_dim3_pitch:  2304
  --- Bias ---
  bias_dim1_size:    512
  bias_dim2_size:    1
  --- Output scale ---
  outscale_dim1_size:512
  outscale_dim2_size:1
  --- Buffer sizes (bytes) ---
  input_buffer_size: 7680
  coeff_buffer_size: 9216
  output_buffer_size:16
  bias_buffer_size:  2048
  outscale_buf_size: 1024
  --- Buffer DRAM placement ---
  input_ping_dram:   0
  input_pong_dram:   0
  coeff_dram:        1
  output_ping_dram:  1
  output_pong_dram:  1
  bias_dram:         1
  outscale_dram:     1
  --- Tiling parameters ---
  n_tile_size:       4
  n_tiles:           128
  n_tile_size_last:  4
  height_tiles:      1
  output_rows:       2
  input_rows:        5
  --- Convolution parameters ---
  kernel_w:          3
  kernel_h:          3
  stride_x:          2
  stride_y:          2
  padding:           1
  dilation:          1
  accum_shift:       7
  relu_max:          127
  relu_min:          -128
  output_shift:      17
  output_scale:      37495
  flags:             0
  input_zero_point:  -128
===============================
Processing N-tile 1/128, H-tile 1/1
Prefetching input tile for next iteration (if needed)
DMAing input tile: src offset 0, dst offset 7, rows 5
Updated tile descriptors for current iteration
Waiting for DMAs to complete before processing tile
Invalidating cached copies of DMA-written input buffer
Performing edge extension and convolution for current tile
Running convolution for current tile
Prefetching coefficient tile for next iteration
src coeff ptr: 0x60de7b00, dst coeff ptr: 0x3ffd0000
DMAing coefficient tile: src offset 9216, dst offset 0, size 9216
