PERF_LOG : quantize_asym8s : 12288 : elements (DMA ping-pong) : 11081 : cycles : 1.11 : elements (DMA ping-pong)/cycle : 0.90 : cycles/elements (DMA ping-pong)
PERF_LOG : conv2d : 12288 : elements : 1276770785 : cycles : 0.00 : elements/cycle : 103903.87 : cycles/elements
PERF_LOG : quantized_relu : 65536 : elements (DMA ping-pong) : 26882 : cycles : 2.44 : elements (DMA ping-pong)/cycle : 0.41 : cycles/elements (DMA ping-pong)
PERF_LOG : dequantize_asym8s : 65536 : elements (DMA ping-pong) : 20064 : cycles : 3.27 : elements (DMA ping-pong)/cycle : 0.31 : cycles/elements (DMA ping-pong)
PERF_LOG : maxpool : 65536 : floats : 561173 : cycles : 0.12 : floats/cycle : 8.56 : cycles/floats
PERF_LOG : quantize_asym8s : 16384 : elements (DMA ping-pong) : 12076 : cycles : 1.36 : elements (DMA ping-pong)/cycle : 0.74 : cycles/elements (DMA ping-pong)
PERF_LOG : conv2d : 16384 : elements : 1638665690 : cycles : 0.00 : elements/cycle : 100016.22 : cycles/elements
PERF_LOG : quantized_relu : 16384 : elements (DMA ping-pong) : 11656 : cycles : 1.41 : elements (DMA ping-pong)/cycle : 0.71 : cycles/elements (DMA ping-pong)
PERF_LOG : conv2d : 16384 : elements : 1638665594 : cycles : 0.00 : elements/cycle : 100016.21 : cycles/elements
PERF_LOG : dequantize_asym8s : 16384 : elements (DMA ping-pong) : 10200 : cycles : 1.61 : elements (DMA ping-pong)/cycle : 0.62 : cycles/elements (DMA ping-pong)
PERF_LOG : add_float : 16384 : elements (DMA ping-pong) : 16013 : cycles : 1.02 : elements (DMA ping-pong)/cycle : 0.98 : cycles/elements (DMA ping-pong)
PERF_LOG : quantize_asym8s : 16384 : elements (DMA ping-pong) : 11991 : cycles : 1.37 : elements (DMA ping-pong)/cycle : 0.73 : cycles/elements (DMA ping-pong)
PERF_LOG : quantized_relu : 16384 : elements (DMA ping-pong) : 11613 : cycles : 1.41 : elements (DMA ping-pong)/cycle : 0.71 : cycles/elements (DMA ping-pong)
PERF_LOG : conv2d : 16384 : elements : 1638665642 : cycles : 0.00 : elements/cycle : 100016.21 : cycles/elements
PERF_LOG : quantized_relu : 16384 : elements (DMA ping-pong) : 11607 : cycles : 1.41 : elements (DMA ping-pong)/cycle : 0.71 : cycles/elements (DMA ping-pong)
PERF_LOG : conv2d : 16384 : elements : 1638665594 : cycles : 0.00 : elements/cycle : 100016.21 : cycles/elements
PERF_LOG : dequantize_asym8s : 16384 : elements (DMA ping-pong) : 10197 : cycles : 1.61 : elements (DMA ping-pong)/cycle : 0.62 : cycles/elements (DMA ping-pong)
PERF_LOG : dequantize_asym8s : 16384 : elements (DMA ping-pong) : 10149 : cycles : 1.61 : elements (DMA ping-pong)/cycle : 0.62 : cycles/elements (DMA ping-pong)
PERF_LOG : add_float : 16384 : elements (DMA ping-pong) : 16015 : cycles : 1.02 : elements (DMA ping-pong)/cycle : 0.98 : cycles/elements (DMA ping-pong)
PERF_LOG : quantize_asym8s : 16384 : elements (DMA ping-pong) : 11941 : cycles : 1.37 : elements (DMA ping-pong)/cycle : 0.73 : cycles/elements (DMA ping-pong)
PERF_LOG : quantized_relu : 16384 : elements (DMA ping-pong) : 11613 : cycles : 1.41 : elements (DMA ping-pong)/cycle : 0.71 : cycles/elements (DMA ping-pong)
PERF_LOG : conv2d : 16384 : elements : 114583523 : cycles : 0.00 : elements/cycle : 6993.62 : cycles/elements
PERF_LOG : conv2d : 16384 : elements : 817792186 : cycles : 0.00 : elements/cycle : 49914.07 : cycles/elements
PERF_LOG : quantized_relu : 8192 : elements (DMA ping-pong) : 8821 : cycles : 0.93 : elements (DMA ping-pong)/cycle : 1.08 : cycles/elements (DMA ping-pong)
PERF_LOG : conv2d : 8192 : elements : 1553168570 : cycles : 0.00 : elements/cycle : 189595.77 : cycles/elements
PERF_LOG : dequantize_asym8s : 8192 : elements (DMA ping-pong) : 7678 : cycles : 1.07 : elements (DMA ping-pong)/cycle : 0.94 : cycles/elements (DMA ping-pong)
PERF_LOG : dequantize_asym8s : 8192 : elements (DMA ping-pong) : 7630 : cycles : 1.07 : elements (DMA ping-pong)/cycle : 0.93 : cycles/elements (DMA ping-pong)
PERF_LOG : add_float : 8192 : elements (DMA ping-pong) : 10721 : cycles : 0.76 : elements (DMA ping-pong)/cycle : 1.31 : cycles/elements (DMA ping-pong)
PERF_LOG : quantize_asym8s : 8192 : elements (DMA ping-pong) : 8679 : cycles : 0.94 : elements (DMA ping-pong)/cycle : 1.06 : cycles/elements (DMA ping-pong)
PERF_LOG : quantized_relu : 8192 : elements (DMA ping-pong) : 8818 : cycles : 0.93 : elements (DMA ping-pong)/cycle : 1.08 : cycles/elements (DMA ping-pong)
