PERF_LOG : quantize_asym8s : 12288 : elements (HW-optimized, no DMA) : 2000 : cycles : 6.14 : elements (HW-optimized, no DMA)/cycle : 0.16 : cycles/elements (HW-optimized, no DMA)
=== conv_layer_config_t dump ===
  layer_id:          0
  layer_name:        conv1
  kernel_name:       7x7j2d1_cache
  config_key:        3_64_64_64_7_7_32_32_2_2_3_1
  --- Source (DRAM) ---
  src_dim1_size:     64
  src_dim2_size:     64
  src_dim3_size:     3
  src_dim1_pitch:    64
  src_dim2_pitch:    4096
  --- Destination (DRAM) ---
  dst_dim1_size:     32
  dst_dim2_size:     32
  dst_dim3_size:     64
  dst_dim1_pitch:    32
  dst_dim2_pitch:    1024
  --- Input tile (local memory) ---
  in_dim1_size:      64
  in_dim1_pitch:     70
  in_dim2_size:      67
  in_dim2_pitch:     4690
  in_dim1_edge1:     3
  in_dim1_edge2:     3
  in_dim2_edge1:     3
  in_dim2_edge2:     3
  in_dim3_edge1:     0
  in_dim3_edge2:     0
  in_data_offset:    213
  in_rows_firstdma:  64
  --- Output tile (local memory) ---
  out_dim1_size:     32
  out_dim1_pitch:    32
  out_dim2_size:     31
  out_dim2_pitch:    992
  out_dim3_size:     64
  --- Coefficient tile ---
  coeff_dim1_size:   7
  coeff_dim2_size:   7
  coeff_dim3_size:   3
  coeff_dim4_size:   64
  coeff_dim1_pitch:  7
  coeff_dim2_pitch:  49
  coeff_dim3_pitch:  147
  --- Bias ---
  bias_dim1_size:    64
  bias_dim2_size:    1
  --- Output scale ---
  outscale_dim1_size:64
  outscale_dim2_size:1
  --- Buffer sizes (bytes) ---
  input_buffer_size: 14070
  coeff_buffer_size: 9408
  output_buffer_size:63488
  bias_buffer_size:  256
  outscale_buf_size: 128
  --- Buffer DRAM placement ---
  input_ping_dram:   0
  input_pong_dram:   0
  coeff_dram:        0
  output_ping_dram:  1
  output_pong_dram:  1
  bias_dram:         1
  outscale_dram:     1
  --- Tiling parameters ---
  n_tile_size:       64
  n_tiles:           1
  n_tile_size_last:  64
  height_tiles:      2
  output_rows:       31
  input_rows:        67
  --- Convolution parameters ---
  kernel_w:          7
  kernel_h:          7
  stride_x:          2
  stride_y:          2
  padding:           3
  dilation:          1
  accum_shift:       4
  relu_max:          127
  relu_min:          -128
  output_shift:      20
  output_scale:      57213
  flags:             0
  input_zero_point:  10
===============================
=== DIAG layer=conv1 cache_vs_generic (eff_scale=0.003410, izp=10, ozp=-8) ===
  kernel_bias[0]=-39, post_corr[0]=0, accum_shift=4, out_scale=57213, out_shift=20
  [oc=0,px=0] generic=-11 cache=-11 diff=0
  [oc=0,px=1] generic=-16 cache=-16 diff=0
  [oc=1,px=0] generic=-7 cache=-7 diff=0
  [oc=1,px=1] generic=-12 cache=-12 diff=0
  [oc=2,px=0] generic=-8 cache=-8 diff=0
  [oc=2,px=1] generic=-8 cache=-8 diff=0
  [oc=3,px=0] generic=-34 cache=-34 diff=0
  [oc=3,px=1] generic=-36 cache=-36 diff=0
  SUMMARY: checked=16, max_diff=0, >2_count=0, avg_diff=0.00
PERF_LOG : conv2d : 12288 : elements : 646354 : cycles : 0.02 : elements/cycle : 52.60 : cycles/elements
PERF_LOG : quantized_relu : 65536 : elements (HW-optimized, no DMA) : 16547 : cycles : 3.96 : elements (HW-optimized, no DMA)/cycle : 0.25 : cycles/elements (HW-optimized, no DMA)
PERF_LOG : dequantize_asym8s : 65536 : elements (HW-optimized, no DMA) : 7739 : cycles : 8.47 : elements (HW-optimized, no DMA)/cycle : 0.12 : cycles/elements (HW-optimized, no DMA)
PERF_LOG : maxpool : 65536 : floats : 41900 : cycles : 1.56 : floats/cycle : 0.64 : cycles/floats
PERF_LOG : quantize_asym8s : 16384 : elements (HW-optimized, no DMA) : 2640 : cycles : 6.21 : elements (HW-optimized, no DMA)/cycle : 0.16 : cycles/elements (HW-optimized, no DMA)
=== conv_layer_config_t dump ===
  layer_id:          1
  layer_name:        conv2.1
  kernel_name:       3x3j1d1_cache
  config_key:        64_16_16_64_3_3_16_16_1_1_1_1
  --- Source (DRAM) ---
  src_dim1_size:     16
  src_dim2_size:     16
  src_dim3_size:     64
  src_dim1_pitch:    16
  src_dim2_pitch:    256
  --- Destination (DRAM) ---
  dst_dim1_size:     16
  dst_dim2_size:     16
  dst_dim3_size:     64
  dst_dim1_pitch:    16
  dst_dim2_pitch:    256
  --- Input tile (local memory) ---
  in_dim1_size:      16
  in_dim1_pitch:     18
  in_dim2_size:      18
  in_dim2_pitch:     324
  in_dim1_edge1:     1
  in_dim1_edge2:     1
  in_dim2_edge1:     1
  in_dim2_edge2:     1
  in_dim3_edge1:     0
  in_dim3_edge2:     0
  in_data_offset:    19
  in_rows_firstdma:  17
  --- Output tile (local memory) ---
  out_dim1_size:     16
  out_dim1_pitch:    16
  out_dim2_size:     16
  out_dim2_pitch:    256
  out_dim3_size:     64
  --- Coefficient tile ---
  coeff_dim1_size:   3
  coeff_dim2_size:   3
  coeff_dim3_size:   64
  coeff_dim4_size:   64
  coeff_dim1_pitch:  3
  coeff_dim2_pitch:  9
  coeff_dim3_pitch:  576
  --- Bias ---
  bias_dim1_size:    64
  bias_dim2_size:    1
  --- Output scale ---
  outscale_dim1_size:64
  outscale_dim2_size:1
  --- Buffer sizes (bytes) ---
  input_buffer_size: 20736
  coeff_buffer_size: 36864
  output_buffer_size:16384
  bias_buffer_size:  256
  outscale_buf_size: 128
  --- Buffer DRAM placement ---
  input_ping_dram:   0
  input_pong_dram:   0
  coeff_dram:        0
  output_ping_dram:  1
  output_pong_dram:  1
  bias_dram:         1
  outscale_dram:     1
  --- Tiling parameters ---
  n_tile_size:       64
  n_tiles:           1
  n_tile_size_last:  64
  height_tiles:      1
  output_rows:       16
  input_rows:        18
  --- Convolution parameters ---
  kernel_w:          3
  kernel_h:          3
  stride_x:          1
  stride_y:          1
  padding:           1
  dilation:          1
  accum_shift:       5
  relu_max:          127
  relu_min:          -128
  output_shift:      19
  output_scale:      42145
  flags:             0
  input_zero_point:  -128
===============================
=== DIAG layer=conv2.1 cache_vs_generic (eff_scale=0.002512, izp=-128, ozp=51) ===
  kernel_bias[0]=-924, post_corr[0]=0, accum_shift=5, out_scale=42145, out_shift=19
  [oc=0,px=0] generic=64 cache=64 diff=0
  [oc=0,px=1] generic=60 cache=60 diff=0
  [oc=1,px=0] generic=71 cache=71 diff=0
  [oc=1,px=1] generic=71 cache=71 diff=0
  [oc=2,px=0] generic=60 cache=60 diff=0
  [oc=2,px=1] generic=60 cache=60 diff=0
  [oc=3,px=0] generic=68 cache=68 diff=0
  [oc=3,px=1] generic=65 cache=65 diff=0
  SUMMARY: checked=16, max_diff=1, >2_count=0, avg_diff=0.06
PERF_LOG : conv2d : 16384 : elements : 961755 : cycles : 0.02 : elements/cycle : 58.70 : cycles/elements
PERF_LOG : quantized_relu : 16384 : elements (HW-optimized, no DMA) : 4259 : cycles : 3.85 : elements (HW-optimized, no DMA)/cycle : 0.26 : cycles/elements (HW-optimized, no DMA)
=== conv_layer_config_t dump ===
  layer_id:          1
  layer_name:        conv2.1
  kernel_name:       3x3j1d1_cache
  config_key:        64_16_16_64_3_3_16_16_1_1_1_1
  --- Source (DRAM) ---
  src_dim1_size:     16
  src_dim2_size:     16
  src_dim3_size:     64
  src_dim1_pitch:    16
  src_dim2_pitch:    256
  --- Destination (DRAM) ---
  dst_dim1_size:     16
  dst_dim2_size:     16
  dst_dim3_size:     64
  dst_dim1_pitch:    16
  dst_dim2_pitch:    256
  --- Input tile (local memory) ---
  in_dim1_size:      16
  in_dim1_pitch:     18
  in_dim2_size:      18
  in_dim2_pitch:     324
  in_dim1_edge1:     1
  in_dim1_edge2:     1
  in_dim2_edge1:     1
  in_dim2_edge2:     1
  in_dim3_edge1:     0
  in_dim3_edge2:     0
  in_data_offset:    19
  in_rows_firstdma:  17
  --- Output tile (local memory) ---
  out_dim1_size:     16
  out_dim1_pitch:    16
  out_dim2_size:     16
  out_dim2_pitch:    256
  out_dim3_size:     64
  --- Coefficient tile ---
  coeff_dim1_size:   3
  coeff_dim2_size:   3
  coeff_dim3_size:   64
  coeff_dim4_size:   64
  coeff_dim1_pitch:  3
  coeff_dim2_pitch:  9
  coeff_dim3_pitch:  576
  --- Bias ---
  bias_dim1_size:    64
  bias_dim2_size:    1
  --- Output scale ---
  outscale_dim1_size:64
  outscale_dim2_size:1
  --- Buffer sizes (bytes) ---
  input_buffer_size: 20736
  coeff_buffer_size: 36864
  output_buffer_size:16384
  bias_buffer_size:  256
  outscale_buf_size: 128
  --- Buffer DRAM placement ---
  input_ping_dram:   0
  input_pong_dram:   0
  coeff_dram:        0
  output_ping_dram:  1
  output_pong_dram:  1
  bias_dram:         1
  outscale_dram:     1
  --- Tiling parameters ---
  n_tile_size:       64
  n_tiles:           1
  n_tile_size_last:  64
  height_tiles:      1
  output_rows:       16
  input_rows:        18
  --- Convolution parameters ---
  kernel_w:          3
  kernel_h:          3
  stride_x:          1
  stride_y:          1
  padding:           1
  dilation:          1
  accum_shift:       6
  relu_max:          127
  relu_min:          -128
  output_shift:      19
  output_scale:      62280
  flags:             0
  input_zero_point:  -128
===============================
=== DIAG layer=conv2.1 cache_vs_generic (eff_scale=0.001856, izp=-128, ozp=-27) ===
  kernel_bias[0]=3194, post_corr[0]=0, accum_shift=6, out_scale=62280, out_shift=19
  [oc=0,px=0] generic=18 cache=18 diff=0
  [oc=0,px=1] generic=43 cache=43 diff=0
  [oc=1,px=0] generic=-21 cache=-21 diff=0
  [oc=1,px=1] generic=-27 cache=-27 diff=0
  [oc=2,px=0] generic=127 cache=127 diff=0
  [oc=2,px=1] generic=117 cache=117 diff=0
  [oc=3,px=0] generic=-2 cache=-2 diff=0
  [oc=3,px=1] generic=-6 cache=-6 diff=0
  SUMMARY: checked=16, max_diff=0, >2_count=0, avg_diff=0.00
PERF_LOG : conv2d : 16384 : elements : 959588 : cycles : 0.02 : elements/cycle : 58.57 : cycles/elements
PERF_LOG : dequantize_asym8s : 16384 : elements (HW-optimized, no DMA) : 1979 : cycles : 8.28 : elements (HW-optimized, no DMA)/cycle : 0.12 : cycles/elements (HW-optimized, no DMA)
PERF_LOG : add_float : 16384 : elements (HW-optimized, no DMA) : 1568 : cycles : 10.45 : elements (HW-optimized, no DMA)/cycle : 0.10 : cycles/elements (HW-optimized, no DMA)
PERF_LOG : quantize_asym8s : 16384 : elements (HW-optimized, no DMA) : 2640 : cycles : 6.21 : elements (HW-optimized, no DMA)/cycle : 0.16 : cycles/elements (HW-optimized, no DMA)
PERF_LOG : quantized_relu : 16384 : elements (HW-optimized, no DMA) : 4259 : cycles : 3.85 : elements (HW-optimized, no DMA)/cycle : 0.26 : cycles/elements (HW-optimized, no DMA)
=== conv_layer_config_t dump ===
  layer_id:          1
  layer_name:        conv2.1
  kernel_name:       3x3j1d1_cache
  config_key:        64_16_16_64_3_3_16_16_1_1_1_1
  --- Source (DRAM) ---
  src_dim1_size:     16
  src_dim2_size:     16
  src_dim3_size:     64
  src_dim1_pitch:    16
  src_dim2_pitch:    256
  --- Destination (DRAM) ---
  dst_dim1_size:     16
  dst_dim2_size:     16
  dst_dim3_size:     64
  dst_dim1_pitch:    16
  dst_dim2_pitch:    256
  --- Input tile (local memory) ---
  in_dim1_size:      16
  in_dim1_pitch:     18
  in_dim2_size:      18
  in_dim2_pitch:     324
  in_dim1_edge1:     1
  in_dim1_edge2:     1
  in_dim2_edge1:     1
  in_dim2_edge2:     1
  in_dim3_edge1:     0
  in_dim3_edge2:     0
  in_data_offset:    19
  in_rows_firstdma:  17
  --- Output tile (local memory) ---
  out_dim1_size:     16
  out_dim1_pitch:    16
  out_dim2_size:     16
  out_dim2_pitch:    256
  out_dim3_size:     64
  --- Coefficient tile ---
  coeff_dim1_size:   3
  coeff_dim2_size:   3
  coeff_dim3_size:   64
  coeff_dim4_size:   64
  coeff_dim1_pitch:  3
  coeff_dim2_pitch:  9
  coeff_dim3_pitch:  576
  --- Bias ---
  bias_dim1_size:    64
  bias_dim2_size:    1
  --- Output scale ---
  outscale_dim1_size:64
  outscale_dim2_size:1
  --- Buffer sizes (bytes) ---
  input_buffer_size: 20736
  coeff_buffer_size: 36864
  output_buffer_size:16384
  bias_buffer_size:  256
  outscale_buf_size: 128
  --- Buffer DRAM placement ---
  input_ping_dram:   0
  input_pong_dram:   0
  coeff_dram:        0
  output_ping_dram:  1
  output_pong_dram:  1
  bias_dram:         1
  outscale_dram:     1
  --- Tiling parameters ---
  n_tile_size:       64
  n_tiles:           1
  n_tile_size_last:  64
  height_tiles:      1
  output_rows:       16
  input_rows:        18
  --- Convolution parameters ---
  kernel_w:          3
  kernel_h:          3
  stride_x:          1
  stride_y:          1
  padding:           1
  dilation:          1
  accum_shift:       5
  relu_max:          127
  relu_min:          -128
  output_shift:      20
  output_scale:      64554
  flags:             0
  input_zero_point:  -128
===============================
=== DIAG layer=conv2.1 cache_vs_generic (eff_scale=0.001924, izp=-128, ozp=7) ===
  kernel_bias[0]=-42459, post_corr[0]=0, accum_shift=5, out_scale=64554, out_shift=20
  [oc=0,px=0] generic=-1 cache=-1 diff=0
  [oc=0,px=1] generic=-23 cache=-23 diff=0
  [oc=1,px=0] generic=-55 cache=-55 diff=0
  [oc=1,px=1] generic=-38 cache=-38 diff=0
  [oc=2,px=0] generic=8 cache=8 diff=0
  [oc=2,px=1] generic=15 cache=15 diff=0
  [oc=3,px=0] generic=100 cache=100 diff=0
  [oc=3,px=1] generic=127 cache=127 diff=0
  SUMMARY: checked=16, max_diff=0, >2_count=0, avg_diff=0.00
PERF_LOG : conv2d : 16384 : elements : 959623 : cycles : 0.02 : elements/cycle : 58.57 : cycles/elements
PERF_LOG : quantized_relu : 16384 : elements (HW-optimized, no DMA) : 4259 : cycles : 3.85 : elements (HW-optimized, no DMA)/cycle : 0.26 : cycles/elements (HW-optimized, no DMA)
=== conv_layer_config_t dump ===
  layer_id:          1
  layer_name:        conv2.1
  kernel_name:       3x3j1d1_cache
  config_key:        64_16_16_64_3_3_16_16_1_1_1_1
  --- Source (DRAM) ---
  src_dim1_size:     16
  src_dim2_size:     16
  src_dim3_size:     64
  src_dim1_pitch:    16
  src_dim2_pitch:    256
  --- Destination (DRAM) ---
  dst_dim1_size:     16
  dst_dim2_size:     16
  dst_dim3_size:     64
  dst_dim1_pitch:    16
  dst_dim2_pitch:    256
  --- Input tile (local memory) ---
  in_dim1_size:      16
  in_dim1_pitch:     18
  in_dim2_size:      18
  in_dim2_pitch:     324
  in_dim1_edge1:     1
  in_dim1_edge2:     1
  in_dim2_edge1:     1
  in_dim2_edge2:     1
  in_dim3_edge1:     0
  in_dim3_edge2:     0
  in_data_offset:    19
  in_rows_firstdma:  17
  --- Output tile (local memory) ---
  out_dim1_size:     16
  out_dim1_pitch:    16
  out_dim2_size:     16
  out_dim2_pitch:    256
  out_dim3_size:     64
  --- Coefficient tile ---
  coeff_dim1_size:   3
  coeff_dim2_size:   3
  coeff_dim3_size:   64
  coeff_dim4_size:   64
  coeff_dim1_pitch:  3
  coeff_dim2_pitch:  9
  coeff_dim3_pitch:  576
  --- Bias ---
  bias_dim1_size:    64
  bias_dim2_size:    1
  --- Output scale ---
  outscale_dim1_size:64
  outscale_dim2_size:1
  --- Buffer sizes (bytes) ---
  input_buffer_size: 20736
  coeff_buffer_size: 36864
  output_buffer_size:16384
  bias_buffer_size:  256
  outscale_buf_size: 128
  --- Buffer DRAM placement ---
  input_ping_dram:   0
  input_pong_dram:   0
  coeff_dram:        0
  output_ping_dram:  1
  output_pong_dram:  1
  bias_dram:         1
  outscale_dram:     1
  --- Tiling parameters ---
  n_tile_size:       64
  n_tiles:           1
  n_tile_size_last:  64
  height_tiles:      1
  output_rows:       16
  input_rows:        18
  --- Convolution parameters ---
  kernel_w:          3
  kernel_h:          3
  stride_x:          1
  stride_y:          1
  padding:           1
  dilation:          1
  accum_shift:       6
  relu_max:          127
  relu_min:          -128
  output_shift:      18
  output_scale:      45907
  flags:             0
  input_zero_point:  -128
===============================
=== DIAG layer=conv2.1 cache_vs_generic (eff_scale=0.002736, izp=-128, ozp=39) ===
  kernel_bias[0]=-15919, post_corr[0]=0, accum_shift=6, out_scale=45907, out_shift=18
  [oc=0,px=0] generic=9 cache=9 diff=0
  [oc=0,px=1] generic=14 cache=14 diff=0
  [oc=1,px=0] generic=99 cache=99 diff=0
  [oc=1,px=1] generic=93 cache=93 diff=0
  [oc=2,px=0] generic=127 cache=127 diff=0
  [oc=2,px=1] generic=127 cache=127 diff=0
  [oc=3,px=0] generic=119 cache=119 diff=0
  [oc=3,px=1] generic=108 cache=108 diff=0
  SUMMARY: checked=16, max_diff=0, >2_count=0, avg_diff=0.00
PERF_LOG : conv2d : 16384 : elements : 958980 : cycles : 0.02 : elements/cycle : 58.53 : cycles/elements
PERF_LOG : dequantize_asym8s : 16384 : elements (HW-optimized, no DMA) : 1979 : cycles : 8.28 : elements (HW-optimized, no DMA)/cycle : 0.12 : cycles/elements (HW-optimized, no DMA)
PERF_LOG : dequantize_asym8s : 16384 : elements (HW-optimized, no DMA) : 1979 : cycles : 8.28 : elements (HW-optimized, no DMA)/cycle : 0.12 : cycles/elements (HW-optimized, no DMA)
PERF_LOG : add_float : 16384 : elements (HW-optimized, no DMA) : 1568 : cycles : 10.45 : elements (HW-optimized, no DMA)/cycle : 0.10 : cycles/elements (HW-optimized, no DMA)
PERF_LOG : quantize_asym8s : 16384 : elements (HW-optimized, no DMA) : 2640 : cycles : 6.21 : elements (HW-optimized, no DMA)/cycle : 0.16 : cycles/elements (HW-optimized, no DMA)
PERF_LOG : quantized_relu : 16384 : elements (HW-optimized, no DMA) : 4259 : cycles : 3.85 : elements (HW-optimized, no DMA)/cycle : 0.26 : cycles/elements (HW-optimized, no DMA)
=== conv_layer_config_t dump ===
  layer_id:          4
  layer_name:        conv4a.1
  kernel_name:       1x1j2d1_cache
  config_key:        64_16_16_128_1_1_8_8_2_2_0_1
  --- Source (DRAM) ---
  src_dim1_size:     16
  src_dim2_size:     16
  src_dim3_size:     64
  src_dim1_pitch:    16
  src_dim2_pitch:    256
  --- Destination (DRAM) ---
  dst_dim1_size:     8
  dst_dim2_size:     8
  dst_dim3_size:     128
  dst_dim1_pitch:    8
  dst_dim2_pitch:    64
  --- Input tile (local memory) ---
  in_dim1_size:      16
  in_dim1_pitch:     16
  in_dim2_size:      15
  in_dim2_pitch:     240
  in_dim1_edge1:     0
  in_dim1_edge2:     0
  in_dim2_edge1:     0
  in_dim2_edge2:     0
  in_dim3_edge1:     0
  in_dim3_edge2:     0
  in_data_offset:    0
  in_rows_firstdma:  15
  --- Output tile (local memory) ---
  out_dim1_size:     8
  out_dim1_pitch:    8
  out_dim2_size:     8
  out_dim2_pitch:    64
  out_dim3_size:     128
  --- Coefficient tile ---
  coeff_dim1_size:   1
  coeff_dim2_size:   1
  coeff_dim3_size:   64
  coeff_dim4_size:   128
  coeff_dim1_pitch:  1
  coeff_dim2_pitch:  1
  coeff_dim3_pitch:  64
  --- Bias ---
  bias_dim1_size:    128
  bias_dim2_size:    1
  --- Output scale ---
  outscale_dim1_size:128
  outscale_dim2_size:1
  --- Buffer sizes (bytes) ---
  input_buffer_size: 15360
  coeff_buffer_size: 8192
  output_buffer_size:8192
  bias_buffer_size:  512
  outscale_buf_size: 256
  --- Buffer DRAM placement ---
  input_ping_dram:   0
  input_pong_dram:   0
  coeff_dram:        0
  output_ping_dram:  1
  output_pong_dram:  1
  bias_dram:         1
  outscale_dram:     1
  --- Tiling parameters ---
  n_tile_size:       128
  n_tiles:           1
  n_tile_size_last:  128
  height_tiles:      1
  output_rows:       8
  input_rows:        15
  --- Convolution parameters ---
  kernel_w:          1
  kernel_h:          1
  stride_x:          2
  stride_y:          2
  padding:           0
  dilation:          1
  accum_shift:       3
  relu_max:          127
  relu_min:          -128
  output_shift:      20
  output_scale:      45825
  flags:             0
  input_zero_point:  -128
===============================
[DBG-nonVQ] ENTER 1x1j2d1_cache layer=conv4a.1
[DBG-nonVQ]   src=0x616a9ac0 dst=0x616adac0 coeff=0x60bd8fc0 bias=0x7fffd380
[DBG-nonVQ]   src_align=0 dst_align=0 coeff_align=0 bias_align=0
[DBG-nonVQ]   src_dim=16x16x64 dst_dim=8x8x128 stride=2x2 pad=0
[DBG-nonVQ]   dst_d1_pitch=8 dst_d2_pitch=64 needs_output_pad=0
[DBG-nonVQ] padded_input=0x60a2fa80 align=0 input_buffer_size=65536 dim1_pitch=64 dim2_pitch=1024
[DBG-nonVQ] CHECKPOINT 1: memset padded_input done
[DBG-nonVQ] CHECKPOINT 2: calling xaiCopyTile3D
[DBG-nonVQ] CHECKPOINT 3: xaiCopyTile3D done
[DBG-nonVQ] CHECKPOINT 4: calling xaiExtendEdgesConst3D_I8
[DBG-nonVQ] CHECKPOINT 5: xaiExtendEdgesConst3D_I8 done
[DBG-nonVQ] CHECKPOINT 6: using DIRECT dst=0x616adac0 align=0 d1_pitch=8 d2_pitch=64 buf_size=8192
[DBG-nonVQ] CHECKPOINT 7: calling xaiConvolved3D(j2d1) (prestride=0)...
[DBG-nonVQ] CHECKPOINT 8: xaiConvolved3D returned status=0
[DBG-nonVQ] EXIT 1x1j2d1_cache status=0
=== DIAG layer=conv4a.1 cache_vs_generic (eff_scale=0.005463, izp=-128, ozp=7) ===
  kernel_bias[0]=-4536, post_corr[0]=0, accum_shift=3, out_scale=45825, out_shift=20
  [oc=0,px=0] generic=32 cache=32 diff=0
  [oc=0,px=1] generic=23 cache=23 diff=0
  [oc=1,px=0] generic=18 cache=18 diff=0
  [oc=1,px=1] generic=9 cache=9 diff=0
  [oc=2,px=0] generic=-16 cache=-16 diff=0
  [oc=2,px=1] generic=-17 cache=-17 diff=0
  [oc=3,px=0] generic=-8 cache=-8 diff=0
  [oc=3,px=1] generic=21 cache=21 diff=0
  SUMMARY: checked=16, max_diff=0, >2_count=0, avg_diff=0.00
PERF_LOG : conv2d : 16384 : elements : 698286 : cycles : 0.02 : elements/cycle : 42.62 : cycles/elements
=== conv_layer_config_t dump ===
  layer_id:          2
  layer_name:        conv4b.1
  kernel_name:       3x3j2d1_cache
  config_key:        64_16_16_128_3_3_8_8_2_2_1_1
  --- Source (DRAM) ---
  src_dim1_size:     16
  src_dim2_size:     16
  src_dim3_size:     64
  src_dim1_pitch:    16
  src_dim2_pitch:    256
  --- Destination (DRAM) ---
  dst_dim1_size:     8
  dst_dim2_size:     8
  dst_dim3_size:     128
  dst_dim1_pitch:    8
  dst_dim2_pitch:    64
  --- Input tile (local memory) ---
  in_dim1_size:      16
  in_dim1_pitch:     18
  in_dim2_size:      17
  in_dim2_pitch:     306
  in_dim1_edge1:     1
  in_dim1_edge2:     1
  in_dim2_edge1:     1
  in_dim2_edge2:     1
  in_dim3_edge1:     0
  in_dim3_edge2:     0
  in_data_offset:    19
  in_rows_firstdma:  16
  --- Output tile (local memory) ---
  out_dim1_size:     8
  out_dim1_pitch:    8
  out_dim2_size:     8
  out_dim2_pitch:    64
  out_dim3_size:     128
  --- Coefficient tile ---
  coeff_dim1_size:   3
  coeff_dim2_size:   3
  coeff_dim3_size:   64
  coeff_dim4_size:   128
  coeff_dim1_pitch:  3
  coeff_dim2_pitch:  9
  coeff_dim3_pitch:  576
  --- Bias ---
  bias_dim1_size:    128
  bias_dim2_size:    1
  --- Output scale ---
  outscale_dim1_size:128
  outscale_dim2_size:1
  --- Buffer sizes (bytes) ---
  input_buffer_size: 19584
  coeff_buffer_size: 73728
  output_buffer_size:8192
  bias_buffer_size:  512
  outscale_buf_size: 256
  --- Buffer DRAM placement ---
  input_ping_dram:   0
  input_pong_dram:   0
  coeff_dram:        0
  output_ping_dram:  1
  output_pong_dram:  1
  bias_dram:         1
  outscale_dram:     1
  --- Tiling parameters ---
  n_tile_size:       128
  n_tiles:           1
  n_tile_size_last:  128
  height_tiles:      1
  output_rows:       8
  input_rows:        17
  --- Convolution parameters ---
  kernel_w:          3
  kernel_h:          3
  stride_x:          2
  stride_y:          2
  padding:           1
  dilation:          1
  accum_shift:       5
  relu_max:          127
  relu_min:          -128
  output_shift:      19
  output_scale:      33483
  flags:             0
  input_zero_point:  -128
===============================
=== DIAG layer=conv4b.1 cache_vs_generic (eff_scale=0.001996, izp=-128, ozp=9) ===
  kernel_bias[0]=-19849, post_corr[0]=0, accum_shift=5, out_scale=33483, out_shift=19
  [oc=0,px=0] generic=-14 cache=-14 diff=0
  [oc=0,px=1] generic=45 cache=45 diff=0
  [oc=1,px=0] generic=25 cache=25 diff=0
  [oc=1,px=1] generic=-20 cache=-20 diff=0
  [oc=2,px=0] generic=21 cache=21 diff=0
  [oc=2,px=1] generic=16 cache=16 diff=0
  [oc=3,px=0] generic=-31 cache=-31 diff=0
  [oc=3,px=1] generic=-49 cache=-49 diff=0
  SUMMARY: checked=16, max_diff=0, >2_count=0, avg_diff=0.00
PERF_LOG : conv2d : 16384 : elements : 1011747 : cycles : 0.02 : elements/cycle : 61.75 : cycles/elements
PERF_LOG : quantized_relu : 8192 : elements (HW-optimized, no DMA) : 2211 : cycles : 3.71 : elements (HW-optimized, no DMA)/cycle : 0.27 : cycles/elements (HW-optimized, no DMA)
=== conv_layer_config_t dump ===
  layer_id:          3
  layer_name:        conv4b.2
  kernel_name:       3x3j1d1_cache
  config_key:        128_8_8_128_3_3_8_8_1_1_1_1
  --- Source (DRAM) ---
  src_dim1_size:     8
  src_dim2_size:     8
  src_dim3_size:     128
  src_dim1_pitch:    8
  src_dim2_pitch:    64
  --- Destination (DRAM) ---
  dst_dim1_size:     8
  dst_dim2_size:     8
  dst_dim3_size:     128
  dst_dim1_pitch:    8
  dst_dim2_pitch:    64
  --- Input tile (local memory) ---
  in_dim1_size:      8
  in_dim1_pitch:     10
  in_dim2_size:      4
  in_dim2_pitch:     40
  in_dim1_edge1:     1
  in_dim1_edge2:     1
  in_dim2_edge1:     1
  in_dim2_edge2:     1
  in_dim3_edge1:     0
  in_dim3_edge2:     0
  in_data_offset:    11
  in_rows_firstdma:  3
  --- Output tile (local memory) ---
  out_dim1_size:     8
  out_dim1_pitch:    8
  out_dim2_size:     2
  out_dim2_pitch:    16
  out_dim3_size:     64
  --- Coefficient tile ---
  coeff_dim1_size:   3
  coeff_dim2_size:   3
  coeff_dim3_size:   128
  coeff_dim4_size:   128
  coeff_dim1_pitch:  3
  coeff_dim2_pitch:  9
  coeff_dim3_pitch:  1152
  --- Bias ---
  bias_dim1_size:    128
  bias_dim2_size:    1
  --- Output scale ---
  outscale_dim1_size:128
  outscale_dim2_size:1
  --- Buffer sizes (bytes) ---
  input_buffer_size: 5120
  coeff_buffer_size: 73728
  output_buffer_size:1024
  bias_buffer_size:  512
  outscale_buf_size: 256
  --- Buffer DRAM placement ---
  input_ping_dram:   0
  input_pong_dram:   0
  coeff_dram:        0
  output_ping_dram:  1
  output_pong_dram:  1
  bias_dram:         1
  outscale_dram:     1
  --- Tiling parameters ---
  n_tile_size:       64
  n_tiles:           2
  n_tile_size_last:  64
  height_tiles:      4
  output_rows:       2
  input_rows:        4
  --- Convolution parameters ---
  kernel_w:          3
  kernel_h:          3
  stride_x:          1
  stride_y:          1
  padding:           1
  dilation:          1
  accum_shift:       6
  relu_max:          127
  relu_min:          -128
  output_shift:      18
  output_scale:      41668
  flags:             0
  input_zero_point:  -128
===============================
=== DIAG layer=conv4b.2 cache_vs_generic (eff_scale=0.002484, izp=-128, ozp=-16) ===
  kernel_bias[0]=-34342, post_corr[0]=0, accum_shift=6, out_scale=41668, out_shift=18
  [oc=0,px=0] generic=-9 cache=-9 diff=0
  [oc=0,px=1] generic=-21 cache=-21 diff=0
  [oc=1,px=0] generic=2 cache=2 diff=0
  [oc=1,px=1] generic=-23 cache=-23 diff=0
  [oc=2,px=0] generic=7 cache=7 diff=0
  [oc=2,px=1] generic=-28 cache=-28 diff=0
  [oc=3,px=0] generic=-44 cache=-44 diff=0
  [oc=3,px=1] generic=-39 cache=-39 diff=0
  SUMMARY: checked=16, max_diff=1, >2_count=0, avg_diff=0.06
PERF_LOG : conv2d : 8192 : elements : 1646144 : cycles : 0.00 : elements/cycle : 200.95 : cycles/elements
PERF_LOG : dequantize_asym8s : 8192 : elements (HW-optimized, no DMA) : 1019 : cycles : 8.04 : elements (HW-optimized, no DMA)/cycle : 0.12 : cycles/elements (HW-optimized, no DMA)
PERF_LOG : dequantize_asym8s : 8192 : elements (HW-optimized, no DMA) : 1019 : cycles : 8.04 : elements (HW-optimized, no DMA)/cycle : 0.12 : cycles/elements (HW-optimized, no DMA)
PERF_LOG : add_float : 8192 : elements (HW-optimized, no DMA) : 800 : cycles : 10.24 : elements (HW-optimized, no DMA)/cycle : 0.10 : cycles/elements (HW-optimized, no DMA)
PERF_LOG : quantize_asym8s : 8192 : elements (HW-optimized, no DMA) : 1360 : cycles : 6.02 : elements (HW-optimized, no DMA)/cycle : 0.17 : cycles/elements (HW-optimized, no DMA)
PERF_LOG : quantized_relu : 8192 : elements (HW-optimized, no DMA) : 2211 : cycles : 3.71 : elements (HW-optimized, no DMA)/cycle : 0.27 : cycles/elements (HW-optimized, no DMA)
=== conv_layer_config_t dump ===
  layer_id:          3
  layer_name:        conv4b.2
  kernel_name:       3x3j1d1_cache
  config_key:        128_8_8_128_3_3_8_8_1_1_1_1
  --- Source (DRAM) ---
  src_dim1_size:     8
  src_dim2_size:     8
  src_dim3_size:     128
  src_dim1_pitch:    8
  src_dim2_pitch:    64
  --- Destination (DRAM) ---
  dst_dim1_size:     8
  dst_dim2_size:     8
  dst_dim3_size:     128
  dst_dim1_pitch:    8
  dst_dim2_pitch:    64
  --- Input tile (local memory) ---
  in_dim1_size:      8
  in_dim1_pitch:     10
  in_dim2_size:      4
  in_dim2_pitch:     40
  in_dim1_edge1:     1
  in_dim1_edge2:     1
  in_dim2_edge1:     1
  in_dim2_edge2:     1
  in_dim3_edge1:     0
  in_dim3_edge2:     0
  in_data_offset:    11
  in_rows_firstdma:  3
  --- Output tile (local memory) ---
  out_dim1_size:     8
  out_dim1_pitch:    8
  out_dim2_size:     2
  out_dim2_pitch:    16
  out_dim3_size:     64
  --- Coefficient tile ---
  coeff_dim1_size:   3
  coeff_dim2_size:   3
  coeff_dim3_size:   128
  coeff_dim4_size:   128
  coeff_dim1_pitch:  3
  coeff_dim2_pitch:  9
  coeff_dim3_pitch:  1152
  --- Bias ---
  bias_dim1_size:    128
  bias_dim2_size:    1
  --- Output scale ---
  outscale_dim1_size:128
  outscale_dim2_size:1
  --- Buffer sizes (bytes) ---
  input_buffer_size: 5120
  coeff_buffer_size: 73728
  output_buffer_size:1024
  bias_buffer_size:  512
  outscale_buf_size: 256
  --- Buffer DRAM placement ---
  input_ping_dram:   0
  input_pong_dram:   0
  coeff_dram:        0
  output_ping_dram:  1
  output_pong_dram:  1
  bias_dram:         1
  outscale_dram:     1
  --- Tiling parameters ---
  n_tile_size:       64
  n_tiles:           2
  n_tile_size_last:  64
  height_tiles:      4
  output_rows:       2
  input_rows:        4
  --- Convolution parameters ---
  kernel_w:          3
  kernel_h:          3
  stride_x:          1
  stride_y:          1
  padding:           1
  dilation:          1
  accum_shift:       7
  relu_max:          127
  relu_min:          -128
  output_shift:      18
  output_scale:      59143
  flags:             0
  input_zero_point:  -128
===============================
=== DIAG layer=conv4b.2 cache_vs_generic (eff_scale=0.001763, izp=-128, ozp=17) ===
  kernel_bias[0]=-41385, post_corr[0]=0, accum_shift=7, out_scale=59143, out_shift=18
  [oc=0,px=0] generic=29 cache=29 diff=0
  [oc=0,px=1] generic=-20 cache=-20 diff=0
  [oc=1,px=0] generic=29 cache=29 diff=0
  [oc=1,px=1] generic=35 cache=35 diff=0
  [oc=2,px=0] generic=-63 cache=-62 diff=1
  [oc=2,px=1] generic=-80 cache=-80 diff=0
  [oc=3,px=0] generic=-9 cache=-9 diff=0
  [oc=3,px=1] generic=-39 cache=-39 diff=0
  SUMMARY: checked=16, max_diff=1, >2_count=0, avg_diff=0.06
PERF_LOG : conv2d : 8192 : elements : 1646138 : cycles : 0.00 : elements/cycle : 200.94 : cycles/elements
PERF_LOG : quantized_relu : 8192 : elements (HW-optimized, no DMA) : 2211 : cycles : 3.71 : elements (HW-optimized, no DMA)/cycle : 0.27 : cycles/elements (HW-optimized, no DMA)
=== conv_layer_config_t dump ===
  layer_id:          3
  layer_name:        conv4b.2
  kernel_name:       3x3j1d1_cache
  config_key:        128_8_8_128_3_3_8_8_1_1_1_1
  --- Source (DRAM) ---
  src_dim1_size:     8
  src_dim2_size:     8
  src_dim3_size:     128
  src_dim1_pitch:    8
  src_dim2_pitch:    64
  --- Destination (DRAM) ---
  dst_dim1_size:     8
  dst_dim2_size:     8
  dst_dim3_size:     128
  dst_dim1_pitch:    8
  dst_dim2_pitch:    64
  --- Input tile (local memory) ---
  in_dim1_size:      8
  in_dim1_pitch:     10
  in_dim2_size:      4
  in_dim2_pitch:     40
  in_dim1_edge1:     1
  in_dim1_edge2:     1
  in_dim2_edge1:     1
  in_dim2_edge2:     1
  in_dim3_edge1:     0
  in_dim3_edge2:     0
  in_data_offset:    11
  in_rows_firstdma:  3
  --- Output tile (local memory) ---
  out_dim1_size:     8
  out_dim1_pitch:    8
  out_dim2_size:     2
  out_dim2_pitch:    16
  out_dim3_size:     64
  --- Coefficient tile ---
  coeff_dim1_size:   3
  coeff_dim2_size:   3
  coeff_dim3_size:   128
  coeff_dim4_size:   128
  coeff_dim1_pitch:  3
  coeff_dim2_pitch:  9
  coeff_dim3_pitch:  1152
  --- Bias ---
  bias_dim1_size:    128
  bias_dim2_size:    1
  --- Output scale ---
  outscale_dim1_size:128
  outscale_dim2_size:1
  --- Buffer sizes (bytes) ---
  input_buffer_size: 5120
  coeff_buffer_size: 73728
  output_buffer_size:1024
  bias_buffer_size:  512
  outscale_buf_size: 256
  --- Buffer DRAM placement ---
  input_ping_dram:   0
  input_pong_dram:   0
  coeff_dram:        0
  output_ping_dram:  1
  output_pong_dram:  1
  bias_dram:         1
  outscale_dram:     1
  --- Tiling parameters ---
  n_tile_size:       64
  n_tiles:           2
  n_tile_size_last:  64
  height_tiles:      4
  output_rows:       2
  input_rows:        4
  --- Convolution parameters ---
  kernel_w:          3
  kernel_h:          3
  stride_x:          1
  stride_y:          1
  padding:           1
  dilation:          1
  accum_shift:       7
  relu_max:          127
  relu_min:          -128
  output_shift:      17
  output_scale:      54558
  flags:             0
  input_zero_point:  -128
===============================
=== DIAG layer=conv4b.2 cache_vs_generic (eff_scale=0.003252, izp=-128, ozp=18) ===
  kernel_bias[0]=-8565, post_corr[0]=0, accum_shift=7, out_scale=54558, out_shift=17
  [oc=0,px=0] generic=19 cache=19 diff=0
  [oc=0,px=1] generic=17 cache=17 diff=0
  [oc=1,px=0] generic=8 cache=8 diff=0
  [oc=1,px=1] generic=-11 cache=-11 diff=0
  [oc=2,px=0] generic=18 cache=17 diff=-1
  [oc=2,px=1] generic=23 cache=22 diff=-1
  [oc=3,px=0] generic=-57 cache=-57 diff=0
  [oc=3,px=1] generic=-59 cache=-60 diff=-1
  SUMMARY: checked=16, max_diff=1, >2_count=0, avg_diff=0.19
PERF_LOG : conv2d : 8192 : elements : 1645343 : cycles : 0.00 : elements/cycle : 200.85 : cycles/elements
PERF_LOG : dequantize_asym8s : 8192 : elements (HW-optimized, no DMA) : 1019 : cycles : 8.04 : elements (HW-optimized, no DMA)/cycle : 0.12 : cycles/elements (HW-optimized, no DMA)
PERF_LOG : dequantize_asym8s : 8192 : elements (HW-optimized, no DMA) : 1019 : cycles : 8.04 : elements (HW-optimized, no DMA)/cycle : 0.12 : cycles/elements (HW-optimized, no DMA)
PERF_LOG : add_float : 8192 : elements (HW-optimized, no DMA) : 800 : cycles : 10.24 : elements (HW-optimized, no DMA)/cycle : 0.10 : cycles/elements (HW-optimized, no DMA)
PERF_LOG : quantize_asym8s : 8192 : elements (HW-optimized, no DMA) : 1360 : cycles : 6.02 : elements (HW-optimized, no DMA)/cycle : 0.17 : cycles/elements (HW-optimized, no DMA)
PERF_LOG : quantized_relu : 8192 : elements (HW-optimized, no DMA) : 2211 : cycles : 3.71 : elements (HW-optimized, no DMA)/cycle : 0.27 : cycles/elements (HW-optimized, no DMA)
=== conv_layer_config_t dump ===
  layer_id:          7
  layer_name:        conv6a.1
  kernel_name:       1x1j2d1_cache
  config_key:        128_8_8_256_1_1_4_4_2_2_0_1
  --- Source (DRAM) ---
  src_dim1_size:     8
  src_dim2_size:     8
  src_dim3_size:     128
  src_dim1_pitch:    8
  src_dim2_pitch:    64
  --- Destination (DRAM) ---
  dst_dim1_size:     4
  dst_dim2_size:     4
  dst_dim3_size:     256
  dst_dim1_pitch:    4
  dst_dim2_pitch:    16
  --- Input tile (local memory) ---
  in_dim1_size:      8
  in_dim1_pitch:     8
  in_dim2_size:      7
  in_dim2_pitch:     56
  in_dim1_edge1:     0
  in_dim1_edge2:     0
  in_dim2_edge1:     0
  in_dim2_edge2:     0
  in_dim3_edge1:     0
  in_dim3_edge2:     0
  in_data_offset:    0
  in_rows_firstdma:  7
  --- Output tile (local memory) ---
  out_dim1_size:     4
  out_dim1_pitch:    4
  out_dim2_size:     4
  out_dim2_pitch:    16
  out_dim3_size:     256
  --- Coefficient tile ---
  coeff_dim1_size:   1
  coeff_dim2_size:   1
  coeff_dim3_size:   128
  coeff_dim4_size:   256
  coeff_dim1_pitch:  1
  coeff_dim2_pitch:  1
  coeff_dim3_pitch:  128
  --- Bias ---
  bias_dim1_size:    256
  bias_dim2_size:    1
  --- Output scale ---
  outscale_dim1_size:256
  outscale_dim2_size:1
  --- Buffer sizes (bytes) ---
  input_buffer_size: 7168
  coeff_buffer_size: 32768
  output_buffer_size:4096
  bias_buffer_size:  1024
  outscale_buf_size: 512
  --- Buffer DRAM placement ---
  input_ping_dram:   0
  input_pong_dram:   0
  coeff_dram:        0
  output_ping_dram:  1
  output_pong_dram:  1
  bias_dram:         1
  outscale_dram:     1
  --- Tiling parameters ---
  n_tile_size:       256
  n_tiles:           1
  n_tile_size_last:  256
  height_tiles:      1
  output_rows:       4
  input_rows:        7
  --- Convolution parameters ---
  kernel_w:          1
  kernel_h:          1
  stride_x:          2
  stride_y:          2
  padding:           0
  dilation:          1
  accum_shift:       4
  relu_max:          127
  relu_min:          -128
  output_shift:      18
  output_scale:      36073
  flags:             0
  input_zero_point:  -128
===============================
[DBG-nonVQ] ENTER 1x1j2d1_cache layer=conv6a.1
[DBG-nonVQ]   src=0x616a7ac0 dst=0x616a9ac0 coeff=0x60cfafc0 bias=0x7fffd380
[DBG-nonVQ]   src_align=0 dst_align=0 coeff_align=0 bias_align=0
[DBG-nonVQ]   src_dim=8x8x128 dst_dim=4x4x256 stride=2x2 pad=0
[DBG-nonVQ]   dst_d1_pitch=4 dst_d2_pitch=16 needs_output_pad=1
[DBG-nonVQ] padded_input=0x60a2fa80 align=0 input_buffer_size=65536 dim1_pitch=64 dim2_pitch=512
[DBG-nonVQ] CHECKPOINT 1: memset padded_input done
[DBG-nonVQ] CHECKPOINT 2: calling xaiCopyTile3D
[DBG-nonVQ] CHECKPOINT 3: xaiCopyTile3D done
[DBG-nonVQ] CHECKPOINT 4: calling xaiExtendEdgesConst3D_I8
[DBG-nonVQ] CHECKPOINT 5: xaiExtendEdgesConst3D_I8 done
[DBG-nonVQ] PRE-STRIDE: numInCh=128 > 64, pre_input=0x60a3fa80 d1_pitch=64 d2_pitch=256 buf=32768
[DBG-nonVQ] CHECKPOINT 6: using PADDED output buf=0x60b2fa80 align=0 d1_pitch=64 d2_pitch=256 buf_size=65536
[DBG-nonVQ] CHECKPOINT 7: calling xaiConvolved3D(j1d1) (prestride=1)...
[DBG-nonVQ] CHECKPOINT 8: xaiConvolved3D returned status=0
[DBG-nonVQ] CHECKPOINT 9: copy-back done
[DBG-nonVQ] EXIT 1x1j2d1_cache status=0
=== DIAG layer=conv6a.1 cache_vs_generic (eff_scale=0.008601, izp=-128, ozp=30) ===
  kernel_bias[0]=-12105, post_corr[0]=0, accum_shift=4, out_scale=36073, out_shift=18
  [oc=0,px=0] generic=-22 cache=-21 diff=1
  [oc=0,px=1] generic=-11 cache=-11 diff=0
  [oc=1,px=0] generic=-13 cache=-13 diff=0
  [oc=1,px=1] generic=7 cache=6 diff=-1
  [oc=2,px=0] generic=40 cache=40 diff=0
  [oc=2,px=1] generic=29 cache=29 diff=0
  [oc=3,px=0] generic=-22 cache=-22 diff=0
  [oc=3,px=1] generic=25 cache=25 diff=0
  SUMMARY: checked=16, max_diff=1, >2_count=0, avg_diff=0.13
PERF_LOG : conv2d : 8192 : elements : 898853 : cycles : 0.01 : elements/cycle : 109.72 : cycles/elements
=== conv_layer_config_t dump ===
  layer_id:          5
  layer_name:        conv6b.1
  kernel_name:       3x3j2d1_cache
  config_key:        128_8_8_256_3_3_4_4_2_2_1_1
  --- Source (DRAM) ---
  src_dim1_size:     8
  src_dim2_size:     8
  src_dim3_size:     128
  src_dim1_pitch:    8
  src_dim2_pitch:    64
  --- Destination (DRAM) ---
  dst_dim1_size:     4
  dst_dim2_size:     4
  dst_dim3_size:     256
  dst_dim1_pitch:    4
  dst_dim2_pitch:    16
  --- Input tile (local memory) ---
  in_dim1_size:      8
  in_dim1_pitch:     10
  in_dim2_size:      5
  in_dim2_pitch:     50
  in_dim1_edge1:     1
  in_dim1_edge2:     1
  in_dim2_edge1:     1
  in_dim2_edge2:     1
  in_dim3_edge1:     0
  in_dim3_edge2:     0
  in_data_offset:    11
  in_rows_firstdma:  4
  --- Output tile (local memory) ---
  out_dim1_size:     4
  out_dim1_pitch:    4
  out_dim2_size:     2
  out_dim2_pitch:    8
  out_dim3_size:     64
  --- Coefficient tile ---
  coeff_dim1_size:   3
  coeff_dim2_size:   3
  coeff_dim3_size:   128
  coeff_dim4_size:   256
  coeff_dim1_pitch:  3
  coeff_dim2_pitch:  9
  coeff_dim3_pitch:  1152
  --- Bias ---
  bias_dim1_size:    256
  bias_dim2_size:    1
  --- Output scale ---
  outscale_dim1_size:256
  outscale_dim2_size:1
  --- Buffer sizes (bytes) ---
  input_buffer_size: 6400
  coeff_buffer_size: 73728
  output_buffer_size:512
  bias_buffer_size:  1024
  outscale_buf_size: 512
  --- Buffer DRAM placement ---
  input_ping_dram:   0
  input_pong_dram:   0
  coeff_dram:        0
  output_ping_dram:  1
  output_pong_dram:  1
  bias_dram:         1
  outscale_dram:     1
  --- Tiling parameters ---
  n_tile_size:       64
  n_tiles:           4
  n_tile_size_last:  64
  height_tiles:      2
  output_rows:       2
  input_rows:        5
  --- Convolution parameters ---
  kernel_w:          3
  kernel_h:          3
  stride_x:          2
  stride_y:          2
  padding:           1
  dilation:          1
  accum_shift:       6
  relu_max:          127
  relu_min:          -128
  output_shift:      18
  output_scale:      40823
  flags:             0
  input_zero_point:  -128
===============================
=== DIAG layer=conv6b.1 cache_vs_generic (eff_scale=0.002433, izp=-128, ozp=22) ===
  kernel_bias[0]=7267, post_corr[0]=0, accum_shift=6, out_scale=40823, out_shift=18
  [oc=0,px=0] generic=38 cache=38 diff=0
  [oc=0,px=1] generic=54 cache=54 diff=0
  [oc=1,px=0] generic=48 cache=48 diff=0
  [oc=1,px=1] generic=32 cache=32 diff=0
  [oc=2,px=0] generic=-14 cache=-14 diff=0
  [oc=2,px=1] generic=-34 cache=-34 diff=0
  [oc=3,px=0] generic=38 cache=38 diff=0
  [oc=3,px=1] generic=57 cache=57 diff=0
  SUMMARY: checked=16, max_diff=1, >2_count=0, avg_diff=0.06
PERF_LOG : conv2d : 8192 : elements : 1969210 : cycles : 0.00 : elements/cycle : 240.38 : cycles/elements
PERF_LOG : quantized_relu : 4096 : elements (HW-optimized, no DMA) : 1187 : cycles : 3.45 : elements (HW-optimized, no DMA)/cycle : 0.29 : cycles/elements (HW-optimized, no DMA)
=== conv_layer_config_t dump ===
  layer_id:          6
  layer_name:        conv6b.2
  kernel_name:       3x3j1d1_cache
  config_key:        256_4_4_256_3_3_4_4_1_1_1_1
  --- Source (DRAM) ---
  src_dim1_size:     4
  src_dim2_size:     4
  src_dim3_size:     256
  src_dim1_pitch:    4
  src_dim2_pitch:    16
  --- Destination (DRAM) ---
  dst_dim1_size:     4
  dst_dim2_size:     4
  dst_dim3_size:     256
  dst_dim1_pitch:    4
  dst_dim2_pitch:    16
  --- Input tile (local memory) ---
  in_dim1_size:      4
  in_dim1_pitch:     6
  in_dim2_size:      4
  in_dim2_pitch:     24
  in_dim1_edge1:     1
  in_dim1_edge2:     1
  in_dim2_edge1:     1
  in_dim2_edge2:     1
  in_dim3_edge1:     0
  in_dim3_edge2:     0
  in_data_offset:    7
  in_rows_firstdma:  3
  --- Output tile (local memory) ---
  out_dim1_size:     4
  out_dim1_pitch:    4
  out_dim2_size:     2
  out_dim2_pitch:    8
  out_dim3_size:     32
  --- Coefficient tile ---
  coeff_dim1_size:   3
  coeff_dim2_size:   3
  coeff_dim3_size:   256
  coeff_dim4_size:   256
  coeff_dim1_pitch:  3
  coeff_dim2_pitch:  9
  coeff_dim3_pitch:  2304
  --- Bias ---
  bias_dim1_size:    256
  bias_dim2_size:    1
  --- Output scale ---
  outscale_dim1_size:256
  outscale_dim2_size:1
  --- Buffer sizes (bytes) ---
  input_buffer_size: 6144
  coeff_buffer_size: 73728
  output_buffer_size:256
  bias_buffer_size:  1024
  outscale_buf_size: 512
  --- Buffer DRAM placement ---
  input_ping_dram:   0
  input_pong_dram:   0
  coeff_dram:        0
  output_ping_dram:  1
  output_pong_dram:  1
  bias_dram:         1
  outscale_dram:     1
  --- Tiling parameters ---
  n_tile_size:       32
  n_tiles:           8
  n_tile_size_last:  32
  height_tiles:      2
  output_rows:       2
  input_rows:        4
  --- Convolution parameters ---
  kernel_w:          3
  kernel_h:          3
  stride_x:          1
  stride_y:          1
  padding:           1
  dilation:          1
  accum_shift:       7
  relu_max:          127
  relu_min:          -128
  output_shift:      18
  output_scale:      45858
  flags:             0
  input_zero_point:  -128
===============================
=== DIAG layer=conv6b.2 cache_vs_generic (eff_scale=0.001367, izp=-128, ozp=-9) ===
  kernel_bias[0]=-100524, post_corr[0]=0, accum_shift=7, out_scale=45858, out_shift=18
  [oc=0,px=0] generic=10 cache=10 diff=0
  [oc=0,px=1] generic=9 cache=9 diff=0
  [oc=1,px=0] generic=-67 cache=-68 diff=-1
  [oc=1,px=1] generic=-94 cache=-94 diff=0
  [oc=2,px=0] generic=23 cache=23 diff=0
  [oc=2,px=1] generic=17 cache=17 diff=0
  [oc=3,px=0] generic=42 cache=42 diff=0
  [oc=3,px=1] generic=33 cache=33 diff=0
  SUMMARY: checked=16, max_diff=1, >2_count=0, avg_diff=0.06
PERF_LOG : conv2d : 4096 : elements : 3657382 : cycles : 0.00 : elements/cycle : 892.92 : cycles/elements
PERF_LOG : dequantize_asym8s : 4096 : elements (HW-optimized, no DMA) : 539 : cycles : 7.60 : elements (HW-optimized, no DMA)/cycle : 0.13 : cycles/elements (HW-optimized, no DMA)
PERF_LOG : dequantize_asym8s : 4096 : elements (HW-optimized, no DMA) : 539 : cycles : 7.60 : elements (HW-optimized, no DMA)/cycle : 0.13 : cycles/elements (HW-optimized, no DMA)
PERF_LOG : add_float : 4096 : elements (HW-optimized, no DMA) : 416 : cycles : 9.85 : elements (HW-optimized, no DMA)/cycle : 0.10 : cycles/elements (HW-optimized, no DMA)
PERF_LOG : quantize_asym8s : 4096 : elements (HW-optimized, no DMA) : 720 : cycles : 5.69 : elements (HW-optimized, no DMA)/cycle : 0.18 : cycles/elements (HW-optimized, no DMA)
PERF_LOG : quantized_relu : 4096 : elements (HW-optimized, no DMA) : 1187 : cycles : 3.45 : elements (HW-optimized, no DMA)/cycle : 0.29 : cycles/elements (HW-optimized, no DMA)
=== conv_layer_config_t dump ===
  layer_id:          6
  layer_name:        conv6b.2
  kernel_name:       3x3j1d1_cache
  config_key:        256_4_4_256_3_3_4_4_1_1_1_1
  --- Source (DRAM) ---
  src_dim1_size:     4
  src_dim2_size:     4
  src_dim3_size:     256
  src_dim1_pitch:    4
  src_dim2_pitch:    16
  --- Destination (DRAM) ---
  dst_dim1_size:     4
  dst_dim2_size:     4
  dst_dim3_size:     256
  dst_dim1_pitch:    4
  dst_dim2_pitch:    16
  --- Input tile (local memory) ---
  in_dim1_size:      4
  in_dim1_pitch:     6
  in_dim2_size:      4
  in_dim2_pitch:     24
  in_dim1_edge1:     1
  in_dim1_edge2:     1
  in_dim2_edge1:     1
  in_dim2_edge2:     1
  in_dim3_edge1:     0
  in_dim3_edge2:     0
  in_data_offset:    7
  in_rows_firstdma:  3
  --- Output tile (local memory) ---
  out_dim1_size:     4
  out_dim1_pitch:    4
  out_dim2_size:     2
  out_dim2_pitch:    8
  out_dim3_size:     32
  --- Coefficient tile ---
  coeff_dim1_size:   3
  coeff_dim2_size:   3
  coeff_dim3_size:   256
  coeff_dim4_size:   256
  coeff_dim1_pitch:  3
  coeff_dim2_pitch:  9
  coeff_dim3_pitch:  2304
  --- Bias ---
  bias_dim1_size:    256
  bias_dim2_size:    1
  --- Output scale ---
  outscale_dim1_size:256
  outscale_dim2_size:1
  --- Buffer sizes (bytes) ---
  input_buffer_size: 6144
  coeff_buffer_size: 73728
  output_buffer_size:256
  bias_buffer_size:  1024
  outscale_buf_size: 512
  --- Buffer DRAM placement ---
  input_ping_dram:   0
  input_pong_dram:   0
  coeff_dram:        0
  output_ping_dram:  1
  output_pong_dram:  1
  bias_dram:         1
  outscale_dram:     1
  --- Tiling parameters ---
  n_tile_size:       32
  n_tiles:           8
  n_tile_size_last:  32
  height_tiles:      2
  output_rows:       2
  input_rows:        4
  --- Convolution parameters ---
  kernel_w:          3
  kernel_h:          3
  stride_x:          1
  stride_y:          1
  padding:           1
  dilation:          1
  accum_shift:       7
  relu_max:          127
  relu_min:          -128
  output_shift:      18
  output_scale:      49746
  flags:             0
  input_zero_point:  -128
===============================
=== DIAG layer=conv6b.2 cache_vs_generic (eff_scale=0.001483, izp=-128, ozp=34) ===
  kernel_bias[0]=-28807, post_corr[0]=0, accum_shift=7, out_scale=49746, out_shift=18
  [oc=0,px=0] generic=63 cache=63 diff=0
  [oc=0,px=1] generic=71 cache=71 diff=0
  [oc=1,px=0] generic=34 cache=34 diff=0
  [oc=1,px=1] generic=31 cache=31 diff=0
  [oc=2,px=0] generic=1 cache=1 diff=0
  [oc=2,px=1] generic=18 cache=18 diff=0
  [oc=3,px=0] generic=16 cache=17 diff=1
  [oc=3,px=1] generic=-20 cache=-20 diff=0
  SUMMARY: checked=16, max_diff=1, >2_count=0, avg_diff=0.06
PERF_LOG : conv2d : 4096 : elements : 3656519 : cycles : 0.00 : elements/cycle : 892.70 : cycles/elements
PERF_LOG : quantized_relu : 4096 : elements (HW-optimized, no DMA) : 1187 : cycles : 3.45 : elements (HW-optimized, no DMA)/cycle : 0.29 : cycles/elements (HW-optimized, no DMA)
=== conv_layer_config_t dump ===
  layer_id:          6
  layer_name:        conv6b.2
  kernel_name:       3x3j1d1_cache
  config_key:        256_4_4_256_3_3_4_4_1_1_1_1
  --- Source (DRAM) ---
  src_dim1_size:     4
  src_dim2_size:     4
  src_dim3_size:     256
  src_dim1_pitch:    4
  src_dim2_pitch:    16
  --- Destination (DRAM) ---
  dst_dim1_size:     4
  dst_dim2_size:     4
  dst_dim3_size:     256
  dst_dim1_pitch:    4
  dst_dim2_pitch:    16
  --- Input tile (local memory) ---
  in_dim1_size:      4
  in_dim1_pitch:     6
  in_dim2_size:      4
  in_dim2_pitch:     24
  in_dim1_edge1:     1
  in_dim1_edge2:     1
  in_dim2_edge1:     1
  in_dim2_edge2:     1
  in_dim3_edge1:     0
  in_dim3_edge2:     0
  in_data_offset:    7
  in_rows_firstdma:  3
  --- Output tile (local memory) ---
  out_dim1_size:     4
  out_dim1_pitch:    4
  out_dim2_size:     2
  out_dim2_pitch:    8
  out_dim3_size:     32
  --- Coefficient tile ---
  coeff_dim1_size:   3
  coeff_dim2_size:   3
  coeff_dim3_size:   256
  coeff_dim4_size:   256
  coeff_dim1_pitch:  3
  coeff_dim2_pitch:  9
  coeff_dim3_pitch:  2304
  --- Bias ---
  bias_dim1_size:    256
  bias_dim2_size:    1
  --- Output scale ---
  outscale_dim1_size:256
  outscale_dim2_size:1
  --- Buffer sizes (bytes) ---
  input_buffer_size: 6144
  coeff_buffer_size: 73728
  output_buffer_size:256
  bias_buffer_size:  1024
  outscale_buf_size: 512
  --- Buffer DRAM placement ---
  input_ping_dram:   0
  input_pong_dram:   0
  coeff_dram:        0
  output_ping_dram:  1
  output_pong_dram:  1
  bias_dram:         1
  outscale_dram:     1
  --- Tiling parameters ---
  n_tile_size:       32
  n_tiles:           8
  n_tile_size_last:  32
  height_tiles:      2
  output_rows:       2
  input_rows:        4
  --- Convolution parameters ---
  kernel_w:          3
  kernel_h:          3
  stride_x:          1
  stride_y:          1
  padding:           1
  dilation:          1
  accum_shift:       7
  relu_max:          127
  relu_min:          -128
  output_shift:      17
  output_scale:      34404
  flags:             0
  input_zero_point:  -128
===============================
=== DIAG layer=conv6b.2 cache_vs_generic (eff_scale=0.002051, izp=-128, ozp=48) ===
  kernel_bias[0]=-55120, post_corr[0]=0, accum_shift=7, out_scale=34404, out_shift=17
  [oc=0,px=0] generic=28 cache=28 diff=0
  [oc=0,px=1] generic=15 cache=15 diff=0
  [oc=1,px=0] generic=14 cache=14 diff=0
  [oc=1,px=1] generic=-7 cache=-7 diff=0
  [oc=2,px=0] generic=57 cache=57 diff=0
  [oc=2,px=1] generic=34 cache=34 diff=0
  [oc=3,px=0] generic=-5 cache=-5 diff=0
  [oc=3,px=1] generic=-30 cache=-30 diff=0
  SUMMARY: checked=16, max_diff=1, >2_count=0, avg_diff=0.06
PERF_LOG : conv2d : 4096 : elements : 3656728 : cycles : 0.00 : elements/cycle : 892.76 : cycles/elements
PERF_LOG : dequantize_asym8s : 4096 : elements (HW-optimized, no DMA) : 539 : cycles : 7.60 : elements (HW-optimized, no DMA)/cycle : 0.13 : cycles/elements (HW-optimized, no DMA)
PERF_LOG : dequantize_asym8s : 4096 : elements (HW-optimized, no DMA) : 539 : cycles : 7.60 : elements (HW-optimized, no DMA)/cycle : 0.13 : cycles/elements (HW-optimized, no DMA)
PERF_LOG : add_float : 4096 : elements (HW-optimized, no DMA) : 416 : cycles : 9.85 : elements (HW-optimized, no DMA)/cycle : 0.10 : cycles/elements (HW-optimized, no DMA)
PERF_LOG : quantize_asym8s : 4096 : elements (HW-optimized, no DMA) : 720 : cycles : 5.69 : elements (HW-optimized, no DMA)/cycle : 0.18 : cycles/elements (HW-optimized, no DMA)
PERF_LOG : quantized_relu : 4096 : elements (HW-optimized, no DMA) : 1187 : cycles : 3.45 : elements (HW-optimized, no DMA)/cycle : 0.29 : cycles/elements (HW-optimized, no DMA)
=== conv_layer_config_t dump ===
  layer_id:          10
  layer_name:        conv8a.1
  kernel_name:       1x1j2d1_cache
  config_key:        256_4_4_512_1_1_2_2_2_2_0_1
  --- Source (DRAM) ---
  src_dim1_size:     4
  src_dim2_size:     4
  src_dim3_size:     256
  src_dim1_pitch:    4
  src_dim2_pitch:    16
  --- Destination (DRAM) ---
  dst_dim1_size:     2
  dst_dim2_size:     2
  dst_dim3_size:     512
  dst_dim1_pitch:    2
  dst_dim2_pitch:    4
  --- Input tile (local memory) ---
  in_dim1_size:      4
  in_dim1_pitch:     4
  in_dim2_size:      3
  in_dim2_pitch:     12
  in_dim1_edge1:     0
  in_dim1_edge2:     0
  in_dim2_edge1:     0
  in_dim2_edge2:     0
  in_dim3_edge1:     0
  in_dim3_edge2:     0
  in_data_offset:    0
  in_rows_firstdma:  3
  --- Output tile (local memory) ---
  out_dim1_size:     2
  out_dim1_pitch:    2
  out_dim2_size:     2
  out_dim2_pitch:    4
  out_dim3_size:     256
  --- Coefficient tile ---
  coeff_dim1_size:   1
  coeff_dim2_size:   1
  coeff_dim3_size:   256
  coeff_dim4_size:   512
  coeff_dim1_pitch:  1
  coeff_dim2_pitch:  1
  coeff_dim3_pitch:  256
  --- Bias ---
  bias_dim1_size:    512
  bias_dim2_size:    1
  --- Output scale ---
  outscale_dim1_size:512
  outscale_dim2_size:1
  --- Buffer sizes (bytes) ---
  input_buffer_size: 3072
  coeff_buffer_size: 65536
  output_buffer_size:1024
  bias_buffer_size:  2048
  outscale_buf_size: 1024
  --- Buffer DRAM placement ---
  input_ping_dram:   0
  input_pong_dram:   0
  coeff_dram:        0
  output_ping_dram:  1
  output_pong_dram:  1
  bias_dram:         1
  outscale_dram:     1
  --- Tiling parameters ---
  n_tile_size:       256
  n_tiles:           2
  n_tile_size_last:  256
  height_tiles:      1
  output_rows:       2
  input_rows:        3
  --- Convolution parameters ---
  kernel_w:          1
  kernel_h:          1
  stride_x:          2
  stride_y:          2
  padding:           0
  dilation:          1
  accum_shift:       4
  relu_max:          127
  relu_min:          -128
  output_shift:      19
  output_scale:      33076
  flags:             0
  input_zero_point:  -128
===============================
[DBG-nonVQ] ENTER 1x1j2d1_cache layer=conv8a.1
[DBG-nonVQ]   src=0x616a6ac0 dst=0x616a7ac0 coeff=0x61182fc0 bias=0x7fffd380
[DBG-nonVQ]   src_align=0 dst_align=0 coeff_align=0 bias_align=0
[DBG-nonVQ]   src_dim=4x4x256 dst_dim=2x2x512 stride=2x2 pad=0
[DBG-nonVQ]   dst_d1_pitch=2 dst_d2_pitch=4 needs_output_pad=1
[DBG-nonVQ] padded_input=0x60a2fa80 align=0 input_buffer_size=65536 dim1_pitch=64 dim2_pitch=256
[DBG-nonVQ] CHECKPOINT 1: memset padded_input done
[DBG-nonVQ] CHECKPOINT 2: calling xaiCopyTile3D
[DBG-nonVQ] CHECKPOINT 3: xaiCopyTile3D done
[DBG-nonVQ] CHECKPOINT 4: calling xaiExtendEdgesConst3D_I8
[DBG-nonVQ] CHECKPOINT 5: xaiExtendEdgesConst3D_I8 done
[DBG-nonVQ] PRE-STRIDE: numInCh=256 > 64, pre_input=0x60a3fa80 d1_pitch=64 d2_pitch=128 buf=32768
[DBG-nonVQ] CHECKPOINT 6: using PADDED output buf=0x60b2fa80 align=0 d1_pitch=64 d2_pitch=128 buf_size=65536
[DBG-nonVQ] CHECKPOINT 7: calling xaiConvolved3D(j1d1) (prestride=1)...
[DBG-nonVQ] CHECKPOINT 8: xaiConvolved3D returned status=0
[DBG-nonVQ] CHECKPOINT 9: copy-back done
[DBG-nonVQ] EXIT 1x1j2d1_cache status=0
=== DIAG layer=conv8a.1 cache_vs_generic (eff_scale=0.003943, izp=-128, ozp=8) ===
  kernel_bias[0]=-5451, post_corr[0]=0, accum_shift=4, out_scale=33076, out_shift=19
  [oc=0,px=0] generic=-23 cache=-23 diff=0
  [oc=0,px=1] generic=-23 cache=-23 diff=0
  [oc=1,px=0] generic=-128 cache=-128 diff=0
  [oc=1,px=1] generic=-117 cache=-117 diff=0
  [oc=2,px=0] generic=120 cache=120 diff=0
  [oc=2,px=1] generic=89 cache=89 diff=0
  [oc=3,px=0] generic=127 cache=127 diff=0
  [oc=3,px=1] generic=127 cache=127 diff=0
  SUMMARY: checked=16, max_diff=1, >2_count=0, avg_diff=0.06
PERF_LOG : conv2d : 4096 : elements : 1341020 : cycles : 0.00 : elements/cycle : 327.40 : cycles/elements
=== conv_layer_config_t dump ===
  layer_id:          8
  layer_name:        conv8b.1
  kernel_name:       3x3j2d1_cache
  config_key:        256_4_4_512_3_3_2_2_2_2_1_1
  --- Source (DRAM) ---
  src_dim1_size:     4
  src_dim2_size:     4
  src_dim3_size:     256
  src_dim1_pitch:    4
  src_dim2_pitch:    16
  --- Destination (DRAM) ---
  dst_dim1_size:     2
  dst_dim2_size:     2
  dst_dim3_size:     512
  dst_dim1_pitch:    2
  dst_dim2_pitch:    4
  --- Input tile (local memory) ---
  in_dim1_size:      4
  in_dim1_pitch:     6
  in_dim2_size:      5
  in_dim2_pitch:     30
  in_dim1_edge1:     1
  in_dim1_edge2:     1
  in_dim2_edge1:     1
  in_dim2_edge2:     1
  in_dim3_edge1:     0
  in_dim3_edge2:     0
  in_data_offset:    7
  in_rows_firstdma:  4
  --- Output tile (local memory) ---
  out_dim1_size:     2
  out_dim1_pitch:    2
  out_dim2_size:     2
  out_dim2_pitch:    4
  out_dim3_size:     32
  --- Coefficient tile ---
  coeff_dim1_size:   3
  coeff_dim2_size:   3
  coeff_dim3_size:   256
  coeff_dim4_size:   512
  coeff_dim1_pitch:  3
  coeff_dim2_pitch:  9
  coeff_dim3_pitch:  2304
  --- Bias ---
  bias_dim1_size:    512
  bias_dim2_size:    1
  --- Output scale ---
  outscale_dim1_size:512
  outscale_dim2_size:1
  --- Buffer sizes (bytes) ---
  input_buffer_size: 7680
  coeff_buffer_size: 73728
  output_buffer_size:128
  bias_buffer_size:  2048
  outscale_buf_size: 1024
  --- Buffer DRAM placement ---
  input_ping_dram:   0
  input_pong_dram:   0
  coeff_dram:        0
  output_ping_dram:  1
  output_pong_dram:  1
  bias_dram:         1
  outscale_dram:     1
  --- Tiling parameters ---
  n_tile_size:       32
  n_tiles:           16
  n_tile_size_last:  32
  height_tiles:      1
  output_rows:       2
  input_rows:        5
  --- Convolution parameters ---
  kernel_w:          3
  kernel_h:          3
  stride_x:          2
  stride_y:          2
  padding:           1
  dilation:          1
  accum_shift:       7
  relu_max:          127
  relu_min:          -128
  output_shift:      17
  output_scale:      37495
  flags:             0
  input_zero_point:  -128
===============================
=== DIAG layer=conv8b.1 cache_vs_generic (eff_scale=0.002235, izp=-128, ozp=17) ===
  kernel_bias[0]=-105583, post_corr[0]=0, accum_shift=7, out_scale=37495, out_shift=17
  [oc=0,px=0] generic=-29 cache=-29 diff=0
  [oc=0,px=1] generic=11 cache=11 diff=0
  [oc=1,px=0] generic=5 cache=5 diff=0
  [oc=1,px=1] generic=30 cache=30 diff=0
  [oc=2,px=0] generic=-23 cache=-23 diff=0
  [oc=2,px=1] generic=-66 cache=-66 diff=0
  [oc=3,px=0] generic=19 cache=19 diff=0
  [oc=3,px=1] generic=46 cache=46 diff=0
  SUMMARY: checked=16, max_diff=0, >2_count=0, avg_diff=0.00
PERF_LOG : conv2d : 4096 : elements : 5287023 : cycles : 0.00 : elements/cycle : 1290.78 : cycles/elements
PERF_LOG : quantized_relu : 2048 : elements (HW-optimized, no DMA) : 675 : cycles : 3.03 : elements (HW-optimized, no DMA)/cycle : 0.33 : cycles/elements (HW-optimized, no DMA)
=== conv_layer_config_t dump ===
  layer_id:          9
  layer_name:        conv8b.2
  kernel_name:       3x3j1d1_cache
  config_key:        512_2_2_512_3_3_2_2_1_1_1_1
  --- Source (DRAM) ---
  src_dim1_size:     2
  src_dim2_size:     2
  src_dim3_size:     512
  src_dim1_pitch:    2
  src_dim2_pitch:    4
  --- Destination (DRAM) ---
  dst_dim1_size:     2
  dst_dim2_size:     2
  dst_dim3_size:     512
  dst_dim1_pitch:    2
  dst_dim2_pitch:    4
  --- Input tile (local memory) ---
  in_dim1_size:      2
  in_dim1_pitch:     4
  in_dim2_size:      4
  in_dim2_pitch:     16
  in_dim1_edge1:     1
  in_dim1_edge2:     1
  in_dim2_edge1:     1
  in_dim2_edge2:     1
  in_dim3_edge1:     0
  in_dim3_edge2:     0
  in_data_offset:    5
  in_rows_firstdma:  3
  --- Output tile (local memory) ---
  out_dim1_size:     2
  out_dim1_pitch:    2
  out_dim2_size:     2
  out_dim2_pitch:    4
  out_dim3_size:     16
  --- Coefficient tile ---
  coeff_dim1_size:   3
  coeff_dim2_size:   3
  coeff_dim3_size:   512
  coeff_dim4_size:   512
  coeff_dim1_pitch:  3
  coeff_dim2_pitch:  9
  coeff_dim3_pitch:  4608
  --- Bias ---
  bias_dim1_size:    512
  bias_dim2_size:    1
  --- Output scale ---
  outscale_dim1_size:512
  outscale_dim2_size:1
  --- Buffer sizes (bytes) ---
  input_buffer_size: 8192
  coeff_buffer_size: 73728
  output_buffer_size:64
  bias_buffer_size:  2048
  outscale_buf_size: 1024
  --- Buffer DRAM placement ---
  input_ping_dram:   0
  input_pong_dram:   0
  coeff_dram:        0
  output_ping_dram:  1
  output_pong_dram:  1
  bias_dram:         1
  outscale_dram:     1
  --- Tiling parameters ---
  n_tile_size:       16
  n_tiles:           32
  n_tile_size_last:  16
  height_tiles:      1
  output_rows:       2
  input_rows:        4
  --- Convolution parameters ---
  kernel_w:          3
  kernel_h:          3
  stride_x:          1
  stride_y:          1
  padding:           1
  dilation:          1
  accum_shift:       8
  relu_max:          127
  relu_min:          -128
  output_shift:      17
  output_scale:      59827
  flags:             0
  input_zero_point:  -128
===============================
=== DIAG layer=conv8b.2 cache_vs_generic (eff_scale=0.001783, izp=-128, ozp=-28) ===
  kernel_bias[0]=-410562, post_corr[0]=0, accum_shift=8, out_scale=59827, out_shift=17
  [oc=0,px=0] generic=-5 cache=-5 diff=0
  [oc=0,px=1] generic=21 cache=21 diff=0
  [oc=1,px=0] generic=14 cache=14 diff=0
  [oc=1,px=1] generic=3 cache=3 diff=0
  [oc=2,px=0] generic=-70 cache=-70 diff=0
  [oc=2,px=1] generic=-74 cache=-74 diff=0
  [oc=3,px=0] generic=-61 cache=-61 diff=0
  [oc=3,px=1] generic=-69 cache=-69 diff=0
  SUMMARY: checked=16, max_diff=1, >2_count=0, avg_diff=0.06
PERF_LOG : conv2d : 2048 : elements : 10294888 : cycles : 0.00 : elements/cycle : 5026.80 : cycles/elements
PERF_LOG : dequantize_asym8s : 2048 : elements (HW-optimized, no DMA) : 299 : cycles : 6.85 : elements (HW-optimized, no DMA)/cycle : 0.15 : cycles/elements (HW-optimized, no DMA)
PERF_LOG : dequantize_asym8s : 2048 : elements (HW-optimized, no DMA) : 299 : cycles : 6.85 : elements (HW-optimized, no DMA)/cycle : 0.15 : cycles/elements (HW-optimized, no DMA)
PERF_LOG : add_float : 2048 : elements (HW-optimized, no DMA) : 224 : cycles : 9.14 : elements (HW-optimized, no DMA)/cycle : 0.11 : cycles/elements (HW-optimized, no DMA)
PERF_LOG : quantize_asym8s : 2048 : elements (HW-optimized, no DMA) : 400 : cycles : 5.12 : elements (HW-optimized, no DMA)/cycle : 0.20 : cycles/elements (HW-optimized, no DMA)
PERF_LOG : quantized_relu : 2048 : elements (HW-optimized, no DMA) : 675 : cycles : 3.03 : elements (HW-optimized, no DMA)/cycle : 0.33 : cycles/elements (HW-optimized, no DMA)
=== conv_layer_config_t dump ===
  layer_id:          9
  layer_name:        conv8b.2
  kernel_name:       3x3j1d1_cache
  config_key:        512_2_2_512_3_3_2_2_1_1_1_1
  --- Source (DRAM) ---
  src_dim1_size:     2
  src_dim2_size:     2
  src_dim3_size:     512
  src_dim1_pitch:    2
  src_dim2_pitch:    4
  --- Destination (DRAM) ---
  dst_dim1_size:     2
  dst_dim2_size:     2
  dst_dim3_size:     512
  dst_dim1_pitch:    2
  dst_dim2_pitch:    4
  --- Input tile (local memory) ---
  in_dim1_size:      2
  in_dim1_pitch:     4
  in_dim2_size:      4
  in_dim2_pitch:     16
  in_dim1_edge1:     1
  in_dim1_edge2:     1
  in_dim2_edge1:     1
  in_dim2_edge2:     1
  in_dim3_edge1:     0
  in_dim3_edge2:     0
  in_data_offset:    5
  in_rows_firstdma:  3
  --- Output tile (local memory) ---
  out_dim1_size:     2
  out_dim1_pitch:    2
  out_dim2_size:     2
  out_dim2_pitch:    4
  out_dim3_size:     16
  --- Coefficient tile ---
  coeff_dim1_size:   3
  coeff_dim2_size:   3
  coeff_dim3_size:   512
  coeff_dim4_size:   512
  coeff_dim1_pitch:  3
  coeff_dim2_pitch:  9
  coeff_dim3_pitch:  4608
  --- Bias ---
  bias_dim1_size:    512
  bias_dim2_size:    1
  --- Output scale ---
  outscale_dim1_size:512
  outscale_dim2_size:1
  --- Buffer sizes (bytes) ---
  input_buffer_size: 8192
  coeff_buffer_size: 73728
  output_buffer_size:64
  bias_buffer_size:  2048
  outscale_buf_size: 1024
  --- Buffer DRAM placement ---
  input_ping_dram:   0
  input_pong_dram:   0
  coeff_dram:        0
  output_ping_dram:  1
  output_pong_dram:  1
  bias_dram:         1
  outscale_dram:     1
  --- Tiling parameters ---
  n_tile_size:       16
  n_tiles:           32
  n_tile_size_last:  16
  height_tiles:      1
  output_rows:       2
  input_rows:        4
  --- Convolution parameters ---
  kernel_w:          3
  kernel_h:          3
  stride_x:          1
  stride_y:          1
  padding:           1
  dilation:          1
  accum_shift:       8
  relu_max:          127
  relu_min:          -128
  output_shift:      15
  output_scale:      20759
  flags:             0
  input_zero_point:  -128
===============================
=== DIAG layer=conv8b.2 cache_vs_generic (eff_scale=0.002475, izp=-128, ozp=19) ===
  kernel_bias[0]=-352996, post_corr[0]=0, accum_shift=8, out_scale=20759, out_shift=15
  [oc=0,px=0] generic=1 cache=1 diff=0
  [oc=0,px=1] generic=-12 cache=-11 diff=1
  [oc=1,px=0] generic=2 cache=2 diff=0
  [oc=1,px=1] generic=1 cache=1 diff=0
  [oc=2,px=0] generic=34 cache=34 diff=0
  [oc=2,px=1] generic=35 cache=35 diff=0
  [oc=3,px=0] generic=-43 cache=-43 diff=0
  [oc=3,px=1] generic=-38 cache=-37 diff=1
  SUMMARY: checked=16, max_diff=1, >2_count=0, avg_diff=0.13
PERF_LOG : conv2d : 2048 : elements : 10293317 : cycles : 0.00 : elements/cycle : 5026.03 : cycles/elements
PERF_LOG : quantized_relu : 2048 : elements (HW-optimized, no DMA) : 675 : cycles : 3.03 : elements (HW-optimized, no DMA)/cycle : 0.33 : cycles/elements (HW-optimized, no DMA)
=== conv_layer_config_t dump ===
  layer_id:          9
  layer_name:        conv8b.2
  kernel_name:       3x3j1d1_cache
  config_key:        512_2_2_512_3_3_2_2_1_1_1_1
  --- Source (DRAM) ---
  src_dim1_size:     2
  src_dim2_size:     2
  src_dim3_size:     512
  src_dim1_pitch:    2
  src_dim2_pitch:    4
  --- Destination (DRAM) ---
  dst_dim1_size:     2
  dst_dim2_size:     2
  dst_dim3_size:     512
  dst_dim1_pitch:    2
  dst_dim2_pitch:    4
  --- Input tile (local memory) ---
  in_dim1_size:      2
  in_dim1_pitch:     4
  in_dim2_size:      4
  in_dim2_pitch:     16
  in_dim1_edge1:     1
  in_dim1_edge2:     1
  in_dim2_edge1:     1
  in_dim2_edge2:     1
  in_dim3_edge1:     0
  in_dim3_edge2:     0
  in_data_offset:    5
  in_rows_firstdma:  3
  --- Output tile (local memory) ---
  out_dim1_size:     2
  out_dim1_pitch:    2
  out_dim2_size:     2
  out_dim2_pitch:    4
  out_dim3_size:     16
  --- Coefficient tile ---
  coeff_dim1_size:   3
  coeff_dim2_size:   3
  coeff_dim3_size:   512
  coeff_dim4_size:   512
  coeff_dim1_pitch:  3
  coeff_dim2_pitch:  9
  coeff_dim3_pitch:  4608
  --- Bias ---
  bias_dim1_size:    512
  bias_dim2_size:    1
  --- Output scale ---
  outscale_dim1_size:512
  outscale_dim2_size:1
  --- Buffer sizes (bytes) ---
  input_buffer_size: 8192
  coeff_buffer_size: 73728
  output_buffer_size:64
  bias_buffer_size:  2048
  outscale_buf_size: 1024
  --- Buffer DRAM placement ---
  input_ping_dram:   0
  input_pong_dram:   0
  coeff_dram:        0
  output_ping_dram:  1
  output_pong_dram:  1
  bias_dram:         1
  outscale_dram:     1
  --- Tiling parameters ---
  n_tile_size:       16
  n_tiles:           32
  n_tile_size_last:  16
  height_tiles:      1
  output_rows:       2
  input_rows:        4
  --- Convolution parameters ---
  kernel_w:          3
  kernel_h:          3
  stride_x:          1
  stride_y:          1
  padding:           1
  dilation:          1
  accum_shift:       8
  relu_max:          127
  relu_min:          -128
  output_shift:      15
  output_scale:      18874
  flags:             0
  input_zero_point:  -128
===============================
=== DIAG layer=conv8b.2 cache_vs_generic (eff_scale=0.002250, izp=-128, ozp=-40) ===
  kernel_bias[0]=-62956, post_corr[0]=0, accum_shift=8, out_scale=18874, out_shift=15
  [oc=0,px=0] generic=-5 cache=-5 diff=0
  [oc=0,px=1] generic=-3 cache=-3 diff=0
  [oc=1,px=0] generic=-19 cache=-19 diff=0
  [oc=1,px=1] generic=-14 cache=-14 diff=0
  [oc=2,px=0] generic=-22 cache=-21 diff=1
  [oc=2,px=1] generic=-16 cache=-16 diff=0
  [oc=3,px=0] generic=29 cache=29 diff=0
  [oc=3,px=1] generic=30 cache=31 diff=1
  SUMMARY: checked=16, max_diff=1, >2_count=0, avg_diff=0.19
PERF_LOG : conv2d : 2048 : elements : 10294348 : cycles : 0.00 : elements/cycle : 5026.54 : cycles/elements
PERF_LOG : dequantize_asym8s : 2048 : elements (HW-optimized, no DMA) : 299 : cycles : 6.85 : elements (HW-optimized, no DMA)/cycle : 0.15 : cycles/elements (HW-optimized, no DMA)
PERF_LOG : dequantize_asym8s : 2048 : elements (HW-optimized, no DMA) : 299 : cycles : 6.85 : elements (HW-optimized, no DMA)/cycle : 0.15 : cycles/elements (HW-optimized, no DMA)
PERF_LOG : add_float : 2048 : elements (HW-optimized, no DMA) : 224 : cycles : 9.14 : elements (HW-optimized, no DMA)/cycle : 0.11 : cycles/elements (HW-optimized, no DMA)
PERF_LOG : quantize_asym8s : 2048 : elements (HW-optimized, no DMA) : 400 : cycles : 5.12 : elements (HW-optimized, no DMA)/cycle : 0.20 : cycles/elements (HW-optimized, no DMA)
PERF_LOG : quantized_relu : 2048 : elements (HW-optimized, no DMA) : 675 : cycles : 3.03 : elements (HW-optimized, no DMA)/cycle : 0.33 : cycles/elements (HW-optimized, no DMA)
PERF_LOG : dequantize_asym8s : 2048 : elements (HW-optimized, no DMA) : 299 : cycles : 6.85 : elements (HW-optimized, no DMA)/cycle : 0.15 : cycles/elements (HW-optimized, no DMA)
PERF_LOG : quantize_asym8s : 512 : elements (HW-optimized, no DMA) : 160 : cycles : 3.20 : elements (HW-optimized, no DMA)/cycle : 0.31 : cycles/elements (HW-optimized, no DMA)
PERF_LOG : dequantize_asym8s : 1000 : elements (HW-optimized, no DMA) : 204 : cycles : 4.90 : elements (HW-optimized, no DMA)/cycle : 0.20 : cycles/elements (HW-optimized, no DMA)
Output 0: tensor(sizes=[1, 1000], [
  -1.59339, 0.506988, -0.0724269, -0.796696, 0.94155, 2.53494, -1.23126, -1.0864, -1.01398, -3.11436, 
  -0.869123, 0.506988, -0.94155, -2.53494, -1.52097, -0.651842, -0.289708, -2.10038, -0.579415, -2.17281, 
  -4.12833, -2.02795, -1.66582, -2.24523, -2.53494, -0.217281, -0.144854, -0.506988, -0.144854, -1.23126, 
  -0.869123, 1.52097, -1.30368, -3.47649, -2.46252, -4.63532, -1.81067, -3.47649, -1.30368, -0.94155, 
  0.144854, -1.73825, -3.69377, -1.66582, -1.44854, -0.94155, -0.506988, -0.724269, -4.5629, -3.69377, 
  -2.31766, -2.10038, -1.66582, -0.724269, -1.37611, 0.651842, -2.24523, -3.54892, -2.46252, 1.73825, 
  0.144854, -4.20076, -1.59339, -0.869123, 0.651842, -1.30368, 0.144854, -3.18678, -0.869123, -1.23126, 
  0.362135, 2.82465, 2.82465, 3.47649, 2.17281, 1.01398, 0.217281, 0.724269, 0.651842, 1.01398, 
  -1.95553, -1.37611, -1.95553, -2.31766, -5.50445, -1.73825, -2.82465, -3.25921, -2.24523, -1.66582, 
  -2.39009, -2.6798, -0.217281, -1.15883, 0.217281, -2.6798, -2.31766, -5.28716, -5.14231, -4.49047, 
  -2.82465, -3.98348, -2.10038, -1.37611, -2.39009, -4.27319, -0.217281, 4.70775, 0.651842, -1.23126, 
  2.24523, 2.75222, 0.869123, 0.144854, -0.506988, 1.0864, -1.73825, 0.651842, -2.39009, -2.53494, 
  -1.52097, -2.31766, -1.66582, -2.17281, -2.31766, -1.95553, -0.217281, -4.41804, -3.83863, -2.75222, 
  -2.9695, -3.40407, -1.37611, -4.05591, -3.91105, -1.81067, -3.40407, -1.95553, -5.21474, -3.47649, 
  -3.40407, -3.11436, -2.46252, -3.11436, -3.04193, -0.579415, -3.40407, -3.47649, -1.73825, -1.0864, 
  -1.95553, 1.23126, -2.9695, -0.796696, -1.81067, -2.02795, -3.11436, -1.23126, -1.37611, -2.9695, 
  -3.7662, -2.31766, -3.11436, -1.81067, -2.10038, -2.75222, -4.78018, -2.75222, -3.18678, -2.17281, 
  -2.31766, -3.04193, -3.98348, -0.506988, -0.434561, -3.11436, -3.33164, -3.25921, -2.10038, -2.39009, 
  -4.27319, -1.23126, -1.30368, -1.52097, -0.869123, 0.0724269, -0.217281, -0.217281, -3.83863, -2.02795, 
  -2.10038, -3.7662, -2.53494, -2.17281, -1.30368, -0.724269, -1.66582, -2.24523, -0.362135, -0.651842, 
  -3.7662, -1.44854, -1.37611, 1.23126, -0.144854, -2.10038, -1.59339, -0.94155, -1.37611, -4.12833, 
  -4.05591, -2.10038, -3.25921, -1.30368, -2.89708, -2.10038, -1.44854, -3.11436, -3.25921, -1.44854, 
  -0.94155, -2.6798, 0.144854, 0.724269, 1.01398, -1.8831, -1.30368, -1.15883, -2.10038, -2.02795, 
  -4.05591, -2.82465, -1.95553, -0.651842, -1.95553, -0.289708, -2.39009, -2.02795, -3.33164, -3.91105, 
  -2.02795, -2.39009, -1.15883, -2.75222, -1.73825, -0.579415, -1.52097, -2.10038, -0.362135, -1.30368, 
  -0.724269, 0.217281, -0.217281, -1.15883, 1.44854, -1.66582, -2.46252, -1.30368, -1.8831, -1.44854, 
  -2.10038, -1.30368, 1.15883, -2.89708, -1.23126, -0.362135, -2.17281, -1.15883, -1.23126, -0.0724269, 
  -0.506988, -0.94155, -1.66582, -1.81067, -1.37611, -0.796696, -2.46252, -2.02795, -2.46252, 0.724269, 
  -0.579415, 0.579415, 0.362135, 2.31766, -0.144854, 1.73825, -1.44854, -3.11436, 2.31766, 0.289708, 
  -1.44854, -3.18678, -2.17281, -0.289708, -2.46252, -1.52097, -1.0864, -3.54892, -2.53494, -0.94155, 
  0.434561, 0.869123, 0., 2.6798, -0.289708, -2.39009, 0.0724269, 0.289708, 2.9695, 1.30368, 
  2.39009, 0.362135, 0.724269, 1.37611, 0.217281, 3.47649, -2.24523, -0.144854, 2.17281, 2.17281, 
  1.44854, 0.94155, -3.54892, 1.73825, 1.15883, 0.0724269, 0.724269, -0.869123, 0.217281, -1.59339, 
  -0.144854, 0.217281, -1.52097, 2.10038, -1.15883, 0.144854, -1.8831, -0.434561, -2.31766, -2.46252, 
  -1.15883, -3.04193, -3.62135, -3.7662, -3.98348, -3.47649, -5.79415, -4.12833, -4.92503, -3.7662, 
  -3.33164, -4.41804, -2.75222, -2.75222, -1.30368, -1.15883, -0.0724269, -0.579415, -0.362135, -2.17281, 
  -2.02795, -1.01398, -2.53494, -0.651842, -1.15883, -1.01398, -2.24523, -2.10038, -1.81067, -1.52097, 
  -2.60737, -2.89708, -0.724269, -1.81067, -2.89708, -3.69377, -1.37611, -1.37611, -2.82465, -1.73825, 
  -2.10038, -2.10038, -2.17281, -1.59339, -0.289708, -3.40407, -3.33164, -1.81067, -2.10038, -1.81067, 
  -1.30368, -1.81067, 1.73825, -0.144854, -3.33164, -1.30368, 0.0724269, -1.0864, 5.93901, 2.82465, 
  -0.869123, 4.05591, 3.04193, -0.217281, -0.362135, 0.724269, -1.73825, 1.23126, -4.41804, 7.38755, 
  -1.23126, -0.651842, 2.46252, 0.289708, -1.01398, 0.362135, 2.39009, 3.11436, 1.8831, 6.7357, 
  0.144854, 3.47649, -0.796696, 0.434561, 2.82465, 1.23126, 2.10038, -0.362135, -3.25921, 1.0864, 
  -0.0724269, -2.10038, 0.0724269, 0.434561, -2.31766, 0.869123, -3.25921, 2.53494, 3.11436, -1.30368, 
  2.9695, 3.47649, 1.0864, -0.434561, -2.9695, 1.01398, 3.47649, 1.30368, 0.0724269, -0.434561, 
  -2.89708, -1.15883, -3.40407, 0.94155, 0.869123, 0.651842, 1.37611, 0.869123, -0.579415, 3.40407, 
  -2.53494, -0.651842, -0.506988, 1.15883, 1.30368, -0.0724269, 1.15883, -1.44854, 4.20076, -0.0724269, 
  4.63532, -1.0864, -0.869123, 0.0724269, -2.75222, 2.31766, -0.94155, -1.01398, 2.10038, 1.23126, 
  4.70775, 2.6798, 0.869123, 1.8831, -0.506988, 2.17281, 0.796696, 4.34561, 3.98348, 6.22871, 
  2.10038, -0.94155, -2.17281, -1.81067, 2.60737, -2.6798, -0.579415, 3.11436, 5.21474, 2.31766, 
  -1.52097, 0.362135, -0.579415, 0.362135, 3.83863, 0.217281, 4.5629, 3.33164, 5.79415, -0.651842, 
  -0.579415, -1.15883, -0.144854, 1.15883, 0., 2.24523, 0.506988, 3.98348, 0.289708, -1.0864, 
  0.651842, -2.82465, 1.0864, 1.0864, -1.52097, -2.53494, 1.15883, 4.63532, 1.0864, -0.94155, 
  9.56035, 4.34561, -1.59339, -2.31766, -0.434561, 0.506988, 0.289708, -3.54892, 1.15883, 2.6798, 
  -0.144854, 0.506988, 2.39009, 1.15883, -1.01398, 1.0864, 4.41804, -2.17281, -1.15883, 5.6493, 
  0.217281, 2.60737, 0.217281, 2.17281, -2.02795, 1.0864, 3.04193, 3.33164, -0.94155, 2.6798, 
  0.144854, -0.724269, 3.98348, 2.82465, -1.95553, 0.289708, -1.52097, -1.37611, -1.59339, 0.434561, 
  0.796696, 2.17281, 0.434561, -4.20076, 3.47649, -2.9695, -1.95553, 1.37611, 0.869123, 2.53494, 
  0.796696, 2.82465, 0.579415, 2.9695, 1.8831, 3.04193, -5.50445, 1.52097, 0.289708, 1.0864, 
  2.46252, 0.506988, 1.66582, 2.75222, 3.04193, -2.46252, 0., -3.18678, 2.9695, 4.70775, 
  3.04193, -1.73825, 1.37611, -4.49047, 6.80813, 5.06988, 1.73825, 1.73825, 1.15883, -1.66582, 
  2.17281, 4.05591, -2.10038, 2.60737, 1.23126, -0.724269, 2.6798, 1.37611, -0.94155, 4.49047, 
  3.98348, -2.82465, 3.11436, 1.95553, -0.651842, -3.11436, 6.88056, -0.217281, 1.81067, 5.28716, 
  -0.579415, 2.17281, 3.7662, 4.41804, -5.43202, 3.40407, 0.651842, 1.30368, 1.66582, 0.217281, 
  -1.59339, 1.0864, 1.44854, 0.579415, 9.4155, -0.434561, 2.75222, 1.01398, 0.0724269, -1.59339, 
  5.35959, 2.10038, -2.10038, -1.37611, -0.362135, -0.0724269, -0.362135, 2.17281, 0., -1.30368, 
  -0.217281, -4.05591, 2.53494, -0.0724269, 6.446, -2.53494, 2.02795, -0.724269, 1.01398, -1.59339, 
  -2.10038, -1.30368, 0.796696, 2.9695, 3.98348, -0.651842, -2.17281, 1.59339, 0.217281, 1.0864, 
  0.434561, 3.98348, 0.869123, 0.217281, -0.579415, 3.98348, 2.24523, 0.362135, 5.50445, -2.60737, 
  -6.15629, 0.651842, 3.91105, -0.289708, -1.23126, 3.18678, 3.40407, -0.144854, 1.44854, 1.59339, 
  0.724269, 0.579415, -1.30368, 0.362135, 2.31766, -1.8831, -1.30368, 2.31766, -0.94155, 0.796696, 
  1.81067, 6.37357, 2.89708, 0.217281, 5.21474, -3.18678, 4.49047, -2.9695, 2.75222, 1.01398, 
  5.57687, -0.289708, 1.81067, 2.53494, 1.0864, 0.796696, -4.12833, 3.11436, 2.46252, 0.0724269, 
  -2.82465, 1.52097, 2.46252, 3.91105, -1.0864, -1.30368, 2.10038, 1.0864, -0.651842, -1.0864, 
  0.0724269, 0.0724269, 0.796696, 3.04193, 2.46252, 3.69377, 0.434561, 0.289708, -2.17281, 0., 
  0.869123, -1.66582, 0.94155, 0.144854, 3.47649, 2.24523, -2.46252, -0.289708, 1.37611, 2.60737, 
  3.83863, 6.88056, 1.59339, -0.144854, 1.0864, 2.02795, 0.434561, 4.27319, -1.15883, 4.27319, 
  0.506988, 0., 4.20076, 0.289708, -0.144854, -0.724269, 2.82465, -1.37611, 1.73825, 3.54892, 
  1.0864, 7.09784, 6.446, 1.0864, 3.11436, 1.44854, 0.724269, 1.23126, 0.94155, 3.54892, 
  0.0724269, -0.579415, -1.44854, -0.869123, 3.54892, 2.24523, 1.95553, -0.796696, -0.0724269, 3.18678, 
  4.78018, -1.95553, -2.82465, -2.75222, -0.362135, -0.217281, 1.37611, 3.54892, -0.579415, 0.362135, 
  3.40407, 2.60737, 3.69377, 0.289708, -2.39009, 5.57687, -3.40407, 0.289708, 7.45997, 5.35959, 
  -2.10038, 1.66582, 0.0724269, 1.23126, -0.94155, -1.01398, 5.57687, 2.17281, 2.9695, -0.217281, 
  -2.17281, -0.94155, 0.869123, -1.44854, 0.289708, 2.02795, 5.21474, 4.92503, 1.81067, 4.05591, 
  -0.289708, 2.02795, -3.25921, 1.8831, 2.75222, 4.63532, 4.05591, -1.37611, 1.66582, -0.796696, 
  0.434561, 5.86658, 4.27319, -3.69377, 6.66328, 2.89708, -3.83863, 1.15883, 0.0724269, 1.0864, 
  2.89708, 2.24523, 3.04193, -0.362135, -1.52097, -0.651842, -2.60737, 3.18678, 0.869123, -1.37611, 
  -3.18678, -0.506988, 2.75222, 0.796696, 0.651842, 1.95553, 0.651842, 1.23126, 4.05591, 2.24523, 
  -1.81067, 1.8831, 1.44854, -0.289708, -1.30368, -0.651842, 4.92503, -2.24523, 2.46252, 1.01398, 
  -0.724269, -2.89708, 3.98348, 0.869123, 0.144854, -0.362135, 0.651842, 1.59339, 1.95553, 0.506988, 
  2.9695, -2.24523, 0.289708, 0.796696, 4.20076, 6.01143, 2.17281, 3.25921, 4.12833, -0.506988, 
  -0.217281, -2.02795, 0.869123, -0.94155, -1.59339, -1.30368, 8.47395, 4.34561, 6.01143, 6.80813, 
  10.1398, 5.6493, 4.63532, 1.8831, 0.94155, 1.59339, -3.40407, -1.01398, 0.144854, 1.81067, 
  -0.144854, -2.10038, 2.02795, -0.217281, 0.506988, -1.52097, 0.144854, 1.8831, 1.23126, -2.89708, 
  -1.15883, -2.89708, -1.59339, 0.0724269, 0.651842, 0.579415, 2.82465, 2.10038, 1.95553, 1.37611, 
  3.40407, 3.7662, 0.869123, -2.02795, 3.18678, -1.01398, -1.01398, 0.796696, 0., -0.506988, 
  0.289708, -0.651842, -0.651842, -2.6798, -0.796696, -1.66582, 3.54892, 1.95553, 4.05591, 2.39009, 
  0.94155, 3.18678, -1.59339, 0.724269, 0.94155, 1.23126, -1.01398, -1.01398, 2.6798, -0.0724269, 
  2.24523, 0.0724269, 1.59339, 0.94155, 4.49047, 3.33164, -0.0724269, 2.53494, 1.0864, -1.0864, 
  1.0864, -1.66582, -1.66582, -3.33164, -4.12833, -1.73825, -1.73825, -2.75222, 1.01398, 1.30368, 
])
