PERF_LOG : quantize_asym8s : 12288 : elements (HW-optimized, no DMA) : 2000 : cycles : 6.14 : elements (HW-optimized, no DMA)/cycle : 0.16 : cycles/elements (HW-optimized, no DMA)
=== conv_layer_config_t dump ===
  layer_id:          0
  layer_name:        conv1
  kernel_name:       7x7j2d1_cache
  config_key:        3_64_64_64_7_7_32_32_2_2_3_1
  --- Source (DRAM) ---
  src_dim1_size:     64
  src_dim2_size:     64
  src_dim3_size:     3
  src_dim1_pitch:    64
  src_dim2_pitch:    4096
  --- Destination (DRAM) ---
  dst_dim1_size:     32
  dst_dim2_size:     32
  dst_dim3_size:     64
  dst_dim1_pitch:    32
  dst_dim2_pitch:    1024
  --- Input tile (local memory) ---
  in_dim1_size:      64
  in_dim1_pitch:     70
  in_dim2_size:      67
  in_dim2_pitch:     4690
  in_dim1_edge1:     3
  in_dim1_edge2:     3
  in_dim2_edge1:     3
  in_dim2_edge2:     3
  in_dim3_edge1:     0
  in_dim3_edge2:     0
  in_data_offset:    213
  in_rows_firstdma:  64
  --- Output tile (local memory) ---
  out_dim1_size:     32
  out_dim1_pitch:    32
  out_dim2_size:     31
  out_dim2_pitch:    992
  out_dim3_size:     64
  --- Coefficient tile ---
  coeff_dim1_size:   7
  coeff_dim2_size:   7
  coeff_dim3_size:   3
  coeff_dim4_size:   64
  coeff_dim1_pitch:  7
  coeff_dim2_pitch:  49
  coeff_dim3_pitch:  147
  --- Bias ---
  bias_dim1_size:    64
  bias_dim2_size:    1
  --- Output scale ---
  outscale_dim1_size:64
  outscale_dim2_size:1
  --- Buffer sizes (bytes) ---
  input_buffer_size: 14070
  coeff_buffer_size: 9408
  output_buffer_size:63488
  bias_buffer_size:  256
  outscale_buf_size: 128
  --- Buffer DRAM placement ---
  input_ping_dram:   0
  input_pong_dram:   0
  coeff_dram:        0
  output_ping_dram:  1
  output_pong_dram:  1
  bias_dram:         1
  outscale_dram:     1
  --- Tiling parameters ---
  n_tile_size:       64
  n_tiles:           1
  n_tile_size_last:  64
  height_tiles:      2
  output_rows:       31
  input_rows:        67
  --- Convolution parameters ---
  kernel_w:          7
  kernel_h:          7
  stride_x:          2
  stride_y:          2
  padding:           3
  dilation:          1
  accum_shift:       4
  relu_max:          127
  relu_min:          -128
  output_shift:      20
  output_scale:      57213
  flags:             0
  input_zero_point:  10
===============================
=== DIAG layer=conv1 cache_vs_generic (eff_scale=0.003410, izp=10, ozp=-8) ===
  kernel_bias[0]=-39, post_corr[0]=0, accum_shift=4, out_scale=57213, out_shift=20
  [oc=0,px=0] generic=-11 cache=-11 diff=0
  [oc=0,px=1] generic=-16 cache=-16 diff=0
  [oc=1,px=0] generic=-7 cache=-7 diff=0
  [oc=1,px=1] generic=-12 cache=-12 diff=0
  [oc=2,px=0] generic=-8 cache=-8 diff=0
  [oc=2,px=1] generic=-8 cache=-8 diff=0
  [oc=3,px=0] generic=-34 cache=-34 diff=0
  [oc=3,px=1] generic=-36 cache=-36 diff=0
  SUMMARY: checked=16, max_diff=0, >2_count=0, avg_diff=0.00
PERF_LOG : conv2d : 12288 : elements : 641999 : cycles : 0.02 : elements/cycle : 52.25 : cycles/elements
PERF_LOG : quantized_relu : 65536 : elements (HW-optimized, no DMA) : 16547 : cycles : 3.96 : elements (HW-optimized, no DMA)/cycle : 0.25 : cycles/elements (HW-optimized, no DMA)
PERF_LOG : dequantize_asym8s : 65536 : elements (HW-optimized, no DMA) : 7739 : cycles : 8.47 : elements (HW-optimized, no DMA)/cycle : 0.12 : cycles/elements (HW-optimized, no DMA)
PERF_LOG : maxpool : 65536 : floats : 41900 : cycles : 1.56 : floats/cycle : 0.64 : cycles/floats
PERF_LOG : quantize_asym8s : 16384 : elements (HW-optimized, no DMA) : 2640 : cycles : 6.21 : elements (HW-optimized, no DMA)/cycle : 0.16 : cycles/elements (HW-optimized, no DMA)
=== conv_layer_config_t dump ===
  layer_id:          1
  layer_name:        conv2.1
  kernel_name:       3x3j1d1_cache
  config_key:        64_16_16_64_3_3_16_16_1_1_1_1
  --- Source (DRAM) ---
  src_dim1_size:     16
  src_dim2_size:     16
  src_dim3_size:     64
  src_dim1_pitch:    16
  src_dim2_pitch:    256
  --- Destination (DRAM) ---
  dst_dim1_size:     16
  dst_dim2_size:     16
  dst_dim3_size:     64
  dst_dim1_pitch:    16
  dst_dim2_pitch:    256
  --- Input tile (local memory) ---
  in_dim1_size:      16
  in_dim1_pitch:     18
  in_dim2_size:      18
  in_dim2_pitch:     324
  in_dim1_edge1:     1
  in_dim1_edge2:     1
  in_dim2_edge1:     1
  in_dim2_edge2:     1
  in_dim3_edge1:     0
  in_dim3_edge2:     0
  in_data_offset:    19
  in_rows_firstdma:  17
  --- Output tile (local memory) ---
  out_dim1_size:     16
  out_dim1_pitch:    16
  out_dim2_size:     16
  out_dim2_pitch:    256
  out_dim3_size:     64
  --- Coefficient tile ---
  coeff_dim1_size:   3
  coeff_dim2_size:   3
  coeff_dim3_size:   64
  coeff_dim4_size:   64
  coeff_dim1_pitch:  3
  coeff_dim2_pitch:  9
  coeff_dim3_pitch:  576
  --- Bias ---
  bias_dim1_size:    64
  bias_dim2_size:    1
  --- Output scale ---
  outscale_dim1_size:64
  outscale_dim2_size:1
  --- Buffer sizes (bytes) ---
  input_buffer_size: 20736
  coeff_buffer_size: 36864
  output_buffer_size:16384
  bias_buffer_size:  256
  outscale_buf_size: 128
  --- Buffer DRAM placement ---
  input_ping_dram:   0
  input_pong_dram:   0
  coeff_dram:        0
  output_ping_dram:  1
  output_pong_dram:  1
  bias_dram:         1
  outscale_dram:     1
  --- Tiling parameters ---
  n_tile_size:       64
  n_tiles:           1
  n_tile_size_last:  64
  height_tiles:      1
  output_rows:       16
  input_rows:        18
  --- Convolution parameters ---
  kernel_w:          3
  kernel_h:          3
  stride_x:          1
  stride_y:          1
  padding:           1
  dilation:          1
  accum_shift:       5
  relu_max:          127
  relu_min:          -128
  output_shift:      19
  output_scale:      42145
  flags:             0
  input_zero_point:  -128
===============================
=== DIAG layer=conv2.1 cache_vs_generic (eff_scale=0.002512, izp=-128, ozp=51) ===
  kernel_bias[0]=-924, post_corr[0]=0, accum_shift=5, out_scale=42145, out_shift=19
  [oc=0,px=0] generic=64 cache=64 diff=0
  [oc=0,px=1] generic=60 cache=60 diff=0
  [oc=1,px=0] generic=71 cache=71 diff=0
  [oc=1,px=1] generic=71 cache=71 diff=0
  [oc=2,px=0] generic=60 cache=60 diff=0
  [oc=2,px=1] generic=60 cache=60 diff=0
  [oc=3,px=0] generic=68 cache=68 diff=0
  [oc=3,px=1] generic=65 cache=65 diff=0
  SUMMARY: checked=16, max_diff=1, >2_count=0, avg_diff=0.06
PERF_LOG : conv2d : 16384 : elements : 938539 : cycles : 0.02 : elements/cycle : 57.28 : cycles/elements
PERF_LOG : quantized_relu : 16384 : elements (HW-optimized, no DMA) : 4259 : cycles : 3.85 : elements (HW-optimized, no DMA)/cycle : 0.26 : cycles/elements (HW-optimized, no DMA)
=== conv_layer_config_t dump ===
  layer_id:          1
  layer_name:        conv2.1
  kernel_name:       3x3j1d1_cache
  config_key:        64_16_16_64_3_3_16_16_1_1_1_1
  --- Source (DRAM) ---
  src_dim1_size:     16
  src_dim2_size:     16
  src_dim3_size:     64
  src_dim1_pitch:    16
  src_dim2_pitch:    256
  --- Destination (DRAM) ---
  dst_dim1_size:     16
  dst_dim2_size:     16
  dst_dim3_size:     64
  dst_dim1_pitch:    16
  dst_dim2_pitch:    256
  --- Input tile (local memory) ---
  in_dim1_size:      16
  in_dim1_pitch:     18
  in_dim2_size:      18
  in_dim2_pitch:     324
  in_dim1_edge1:     1
  in_dim1_edge2:     1
  in_dim2_edge1:     1
  in_dim2_edge2:     1
  in_dim3_edge1:     0
  in_dim3_edge2:     0
  in_data_offset:    19
  in_rows_firstdma:  17
  --- Output tile (local memory) ---
  out_dim1_size:     16
  out_dim1_pitch:    16
  out_dim2_size:     16
  out_dim2_pitch:    256
  out_dim3_size:     64
  --- Coefficient tile ---
  coeff_dim1_size:   3
  coeff_dim2_size:   3
  coeff_dim3_size:   64
  coeff_dim4_size:   64
  coeff_dim1_pitch:  3
  coeff_dim2_pitch:  9
  coeff_dim3_pitch:  576
  --- Bias ---
  bias_dim1_size:    64
  bias_dim2_size:    1
  --- Output scale ---
  outscale_dim1_size:64
  outscale_dim2_size:1
  --- Buffer sizes (bytes) ---
  input_buffer_size: 20736
  coeff_buffer_size: 36864
  output_buffer_size:16384
  bias_buffer_size:  256
  outscale_buf_size: 128
  --- Buffer DRAM placement ---
  input_ping_dram:   0
  input_pong_dram:   0
  coeff_dram:        0
  output_ping_dram:  1
  output_pong_dram:  1
  bias_dram:         1
  outscale_dram:     1
  --- Tiling parameters ---
  n_tile_size:       64
  n_tiles:           1
  n_tile_size_last:  64
  height_tiles:      1
  output_rows:       16
  input_rows:        18
  --- Convolution parameters ---
  kernel_w:          3
  kernel_h:          3
  stride_x:          1
  stride_y:          1
  padding:           1
  dilation:          1
  accum_shift:       6
  relu_max:          127
  relu_min:          -128
  output_shift:      19
  output_scale:      62280
  flags:             0
  input_zero_point:  -128
===============================
=== DIAG layer=conv2.1 cache_vs_generic (eff_scale=0.001856, izp=-128, ozp=-27) ===
  kernel_bias[0]=3194, post_corr[0]=0, accum_shift=6, out_scale=62280, out_shift=19
  [oc=0,px=0] generic=18 cache=18 diff=0
  [oc=0,px=1] generic=43 cache=43 diff=0
  [oc=1,px=0] generic=-21 cache=-21 diff=0
  [oc=1,px=1] generic=-27 cache=-27 diff=0
  [oc=2,px=0] generic=127 cache=127 diff=0
  [oc=2,px=1] generic=117 cache=117 diff=0
  [oc=3,px=0] generic=-2 cache=-2 diff=0
  [oc=3,px=1] generic=-6 cache=-6 diff=0
  SUMMARY: checked=16, max_diff=0, >2_count=0, avg_diff=0.00
PERF_LOG : conv2d : 16384 : elements : 936372 : cycles : 0.02 : elements/cycle : 57.15 : cycles/elements
PERF_LOG : dequantize_asym8s : 16384 : elements (HW-optimized, no DMA) : 1979 : cycles : 8.28 : elements (HW-optimized, no DMA)/cycle : 0.12 : cycles/elements (HW-optimized, no DMA)
PERF_LOG : add_float : 16384 : elements (HW-optimized, no DMA) : 1568 : cycles : 10.45 : elements (HW-optimized, no DMA)/cycle : 0.10 : cycles/elements (HW-optimized, no DMA)
PERF_LOG : quantize_asym8s : 16384 : elements (HW-optimized, no DMA) : 2640 : cycles : 6.21 : elements (HW-optimized, no DMA)/cycle : 0.16 : cycles/elements (HW-optimized, no DMA)
PERF_LOG : quantized_relu : 16384 : elements (HW-optimized, no DMA) : 4259 : cycles : 3.85 : elements (HW-optimized, no DMA)/cycle : 0.26 : cycles/elements (HW-optimized, no DMA)
=== conv_layer_config_t dump ===
  layer_id:          1
  layer_name:        conv2.1
  kernel_name:       3x3j1d1_cache
  config_key:        64_16_16_64_3_3_16_16_1_1_1_1
  --- Source (DRAM) ---
  src_dim1_size:     16
  src_dim2_size:     16
  src_dim3_size:     64
  src_dim1_pitch:    16
  src_dim2_pitch:    256
  --- Destination (DRAM) ---
  dst_dim1_size:     16
  dst_dim2_size:     16
  dst_dim3_size:     64
  dst_dim1_pitch:    16
  dst_dim2_pitch:    256
  --- Input tile (local memory) ---
  in_dim1_size:      16
  in_dim1_pitch:     18
  in_dim2_size:      18
  in_dim2_pitch:     324
  in_dim1_edge1:     1
  in_dim1_edge2:     1
  in_dim2_edge1:     1
  in_dim2_edge2:     1
  in_dim3_edge1:     0
  in_dim3_edge2:     0
  in_data_offset:    19
  in_rows_firstdma:  17
  --- Output tile (local memory) ---
  out_dim1_size:     16
  out_dim1_pitch:    16
  out_dim2_size:     16
  out_dim2_pitch:    256
  out_dim3_size:     64
  --- Coefficient tile ---
  coeff_dim1_size:   3
  coeff_dim2_size:   3
  coeff_dim3_size:   64
  coeff_dim4_size:   64
  coeff_dim1_pitch:  3
  coeff_dim2_pitch:  9
  coeff_dim3_pitch:  576
  --- Bias ---
  bias_dim1_size:    64
  bias_dim2_size:    1
  --- Output scale ---
  outscale_dim1_size:64
  outscale_dim2_size:1
  --- Buffer sizes (bytes) ---
  input_buffer_size: 20736
  coeff_buffer_size: 36864
  output_buffer_size:16384
  bias_buffer_size:  256
  outscale_buf_size: 128
  --- Buffer DRAM placement ---
  input_ping_dram:   0
  input_pong_dram:   0
  coeff_dram:        0
  output_ping_dram:  1
  output_pong_dram:  1
  bias_dram:         1
  outscale_dram:     1
  --- Tiling parameters ---
  n_tile_size:       64
  n_tiles:           1
  n_tile_size_last:  64
  height_tiles:      1
  output_rows:       16
  input_rows:        18
  --- Convolution parameters ---
  kernel_w:          3
  kernel_h:          3
  stride_x:          1
  stride_y:          1
  padding:           1
  dilation:          1
  accum_shift:       5
  relu_max:          127
  relu_min:          -128
  output_shift:      20
  output_scale:      64554
  flags:             0
  input_zero_point:  -128
===============================
=== DIAG layer=conv2.1 cache_vs_generic (eff_scale=0.001924, izp=-128, ozp=7) ===
  kernel_bias[0]=-42459, post_corr[0]=0, accum_shift=5, out_scale=64554, out_shift=20
  [oc=0,px=0] generic=-1 cache=-1 diff=0
  [oc=0,px=1] generic=-23 cache=-23 diff=0
  [oc=1,px=0] generic=-55 cache=-55 diff=0
  [oc=1,px=1] generic=-38 cache=-38 diff=0
  [oc=2,px=0] generic=8 cache=8 diff=0
  [oc=2,px=1] generic=15 cache=15 diff=0
  [oc=3,px=0] generic=100 cache=100 diff=0
  [oc=3,px=1] generic=127 cache=127 diff=0
  SUMMARY: checked=16, max_diff=0, >2_count=0, avg_diff=0.00
PERF_LOG : conv2d : 16384 : elements : 936407 : cycles : 0.02 : elements/cycle : 57.15 : cycles/elements
PERF_LOG : quantized_relu : 16384 : elements (HW-optimized, no DMA) : 4259 : cycles : 3.85 : elements (HW-optimized, no DMA)/cycle : 0.26 : cycles/elements (HW-optimized, no DMA)
=== conv_layer_config_t dump ===
  layer_id:          1
  layer_name:        conv2.1
  kernel_name:       3x3j1d1_cache
  config_key:        64_16_16_64_3_3_16_16_1_1_1_1
  --- Source (DRAM) ---
  src_dim1_size:     16
  src_dim2_size:     16
  src_dim3_size:     64
  src_dim1_pitch:    16
  src_dim2_pitch:    256
  --- Destination (DRAM) ---
  dst_dim1_size:     16
  dst_dim2_size:     16
  dst_dim3_size:     64
  dst_dim1_pitch:    16
  dst_dim2_pitch:    256
  --- Input tile (local memory) ---
  in_dim1_size:      16
  in_dim1_pitch:     18
  in_dim2_size:      18
  in_dim2_pitch:     324
  in_dim1_edge1:     1
  in_dim1_edge2:     1
  in_dim2_edge1:     1
  in_dim2_edge2:     1
  in_dim3_edge1:     0
  in_dim3_edge2:     0
  in_data_offset:    19
  in_rows_firstdma:  17
  --- Output tile (local memory) ---
  out_dim1_size:     16
  out_dim1_pitch:    16
  out_dim2_size:     16
  out_dim2_pitch:    256
  out_dim3_size:     64
  --- Coefficient tile ---
  coeff_dim1_size:   3
  coeff_dim2_size:   3
  coeff_dim3_size:   64
  coeff_dim4_size:   64
  coeff_dim1_pitch:  3
  coeff_dim2_pitch:  9
  coeff_dim3_pitch:  576
  --- Bias ---
  bias_dim1_size:    64
  bias_dim2_size:    1
  --- Output scale ---
  outscale_dim1_size:64
  outscale_dim2_size:1
  --- Buffer sizes (bytes) ---
  input_buffer_size: 20736
  coeff_buffer_size: 36864
  output_buffer_size:16384
  bias_buffer_size:  256
  outscale_buf_size: 128
  --- Buffer DRAM placement ---
  input_ping_dram:   0
  input_pong_dram:   0
  coeff_dram:        0
  output_ping_dram:  1
  output_pong_dram:  1
  bias_dram:         1
  outscale_dram:     1
  --- Tiling parameters ---
  n_tile_size:       64
  n_tiles:           1
  n_tile_size_last:  64
  height_tiles:      1
  output_rows:       16
  input_rows:        18
  --- Convolution parameters ---
  kernel_w:          3
  kernel_h:          3
  stride_x:          1
  stride_y:          1
  padding:           1
  dilation:          1
  accum_shift:       6
  relu_max:          127
  relu_min:          -128
  output_shift:      18
  output_scale:      45907
  flags:             0
  input_zero_point:  -128
===============================
=== DIAG layer=conv2.1 cache_vs_generic (eff_scale=0.002736, izp=-128, ozp=39) ===
  kernel_bias[0]=-15919, post_corr[0]=0, accum_shift=6, out_scale=45907, out_shift=18
  [oc=0,px=0] generic=9 cache=9 diff=0
  [oc=0,px=1] generic=14 cache=14 diff=0
  [oc=1,px=0] generic=99 cache=99 diff=0
  [oc=1,px=1] generic=93 cache=93 diff=0
  [oc=2,px=0] generic=127 cache=127 diff=0
  [oc=2,px=1] generic=127 cache=127 diff=0
  [oc=3,px=0] generic=119 cache=119 diff=0
  [oc=3,px=1] generic=108 cache=108 diff=0
  SUMMARY: checked=16, max_diff=0, >2_count=0, avg_diff=0.00
PERF_LOG : conv2d : 16384 : elements : 935764 : cycles : 0.02 : elements/cycle : 57.11 : cycles/elements
PERF_LOG : dequantize_asym8s : 16384 : elements (HW-optimized, no DMA) : 1979 : cycles : 8.28 : elements (HW-optimized, no DMA)/cycle : 0.12 : cycles/elements (HW-optimized, no DMA)
PERF_LOG : dequantize_asym8s : 16384 : elements (HW-optimized, no DMA) : 1979 : cycles : 8.28 : elements (HW-optimized, no DMA)/cycle : 0.12 : cycles/elements (HW-optimized, no DMA)
PERF_LOG : add_float : 16384 : elements (HW-optimized, no DMA) : 1568 : cycles : 10.45 : elements (HW-optimized, no DMA)/cycle : 0.10 : cycles/elements (HW-optimized, no DMA)
PERF_LOG : quantize_asym8s : 16384 : elements (HW-optimized, no DMA) : 2640 : cycles : 6.21 : elements (HW-optimized, no DMA)/cycle : 0.16 : cycles/elements (HW-optimized, no DMA)
PERF_LOG : quantized_relu : 16384 : elements (HW-optimized, no DMA) : 4259 : cycles : 3.85 : elements (HW-optimized, no DMA)/cycle : 0.26 : cycles/elements (HW-optimized, no DMA)
=== conv_layer_config_t dump ===
  layer_id:          4
  layer_name:        conv4a.1
  kernel_name:       1x1j2d1_cache
  config_key:        64_16_16_128_1_1_8_8_2_2_0_1
  --- Source (DRAM) ---
  src_dim1_size:     16
  src_dim2_size:     16
  src_dim3_size:     64
  src_dim1_pitch:    16
  src_dim2_pitch:    256
  --- Destination (DRAM) ---
  dst_dim1_size:     8
  dst_dim2_size:     8
  dst_dim3_size:     128
  dst_dim1_pitch:    8
  dst_dim2_pitch:    64
  --- Input tile (local memory) ---
  in_dim1_size:      16
  in_dim1_pitch:     16
  in_dim2_size:      15
  in_dim2_pitch:     240
  in_dim1_edge1:     0
  in_dim1_edge2:     0
  in_dim2_edge1:     0
  in_dim2_edge2:     0
  in_dim3_edge1:     0
  in_dim3_edge2:     0
  in_data_offset:    0
  in_rows_firstdma:  15
  --- Output tile (local memory) ---
  out_dim1_size:     8
  out_dim1_pitch:    8
  out_dim2_size:     8
  out_dim2_pitch:    64
  out_dim3_size:     128
  --- Coefficient tile ---
  coeff_dim1_size:   1
  coeff_dim2_size:   1
  coeff_dim3_size:   64
  coeff_dim4_size:   128
  coeff_dim1_pitch:  1
  coeff_dim2_pitch:  1
  coeff_dim3_pitch:  64
  --- Bias ---
  bias_dim1_size:    128
  bias_dim2_size:    1
  --- Output scale ---
  outscale_dim1_size:128
  outscale_dim2_size:1
  --- Buffer sizes (bytes) ---
  input_buffer_size: 15360
  coeff_buffer_size: 8192
  output_buffer_size:8192
  bias_buffer_size:  512
  outscale_buf_size: 256
  --- Buffer DRAM placement ---
  input_ping_dram:   0
  input_pong_dram:   0
  coeff_dram:        0
  output_ping_dram:  1
  output_pong_dram:  1
  bias_dram:         1
  outscale_dram:     1
  --- Tiling parameters ---
  n_tile_size:       128
  n_tiles:           1
  n_tile_size_last:  128
  height_tiles:      1
  output_rows:       8
  input_rows:        15
  --- Convolution parameters ---
  kernel_w:          1
  kernel_h:          1
  stride_x:          2
  stride_y:          2
  padding:           0
  dilation:          1
  accum_shift:       3
  relu_max:          127
  relu_min:          -128
  output_shift:      20
  output_scale:      45825
  flags:             0
  input_zero_point:  -128
===============================
=== DIAG layer=conv4a.1 cache_vs_generic (eff_scale=0.005463, izp=-128, ozp=7) ===
  kernel_bias[0]=-4536, post_corr[0]=0, accum_shift=3, out_scale=45825, out_shift=20
  [oc=0,px=0] generic=32 cache=32 diff=0
  [oc=0,px=1] generic=23 cache=23 diff=0
  [oc=1,px=0] generic=18 cache=18 diff=0
  [oc=1,px=1] generic=9 cache=9 diff=0
  [oc=2,px=0] generic=-16 cache=-16 diff=0
  [oc=2,px=1] generic=-17 cache=-17 diff=0
  [oc=3,px=0] generic=-8 cache=-8 diff=0
  [oc=3,px=1] generic=21 cache=21 diff=0
  SUMMARY: checked=16, max_diff=0, >2_count=0, avg_diff=0.00
PERF_LOG : conv2d : 16384 : elements : 578948 : cycles : 0.03 : elements/cycle : 35.34 : cycles/elements
=== conv_layer_config_t dump ===
  layer_id:          2
  layer_name:        conv4b.1
  kernel_name:       3x3j2d1_cache
  config_key:        64_16_16_128_3_3_8_8_2_2_1_1
  --- Source (DRAM) ---
  src_dim1_size:     16
  src_dim2_size:     16
  src_dim3_size:     64
  src_dim1_pitch:    16
  src_dim2_pitch:    256
  --- Destination (DRAM) ---
  dst_dim1_size:     8
  dst_dim2_size:     8
  dst_dim3_size:     128
  dst_dim1_pitch:    8
  dst_dim2_pitch:    64
  --- Input tile (local memory) ---
  in_dim1_size:      16
  in_dim1_pitch:     18
  in_dim2_size:      17
  in_dim2_pitch:     306
  in_dim1_edge1:     1
  in_dim1_edge2:     1
  in_dim2_edge1:     1
  in_dim2_edge2:     1
  in_dim3_edge1:     0
  in_dim3_edge2:     0
  in_data_offset:    19
  in_rows_firstdma:  16
  --- Output tile (local memory) ---
  out_dim1_size:     8
  out_dim1_pitch:    8
  out_dim2_size:     8
  out_dim2_pitch:    64
  out_dim3_size:     128
  --- Coefficient tile ---
  coeff_dim1_size:   3
  coeff_dim2_size:   3
  coeff_dim3_size:   64
  coeff_dim4_size:   128
  coeff_dim1_pitch:  3
  coeff_dim2_pitch:  9
  coeff_dim3_pitch:  576
  --- Bias ---
  bias_dim1_size:    128
  bias_dim2_size:    1
  --- Output scale ---
  outscale_dim1_size:128
  outscale_dim2_size:1
  --- Buffer sizes (bytes) ---
  input_buffer_size: 19584
  coeff_buffer_size: 73728
  output_buffer_size:8192
  bias_buffer_size:  512
  outscale_buf_size: 256
  --- Buffer DRAM placement ---
  input_ping_dram:   0
  input_pong_dram:   0
  coeff_dram:        0
  output_ping_dram:  1
  output_pong_dram:  1
  bias_dram:         1
  outscale_dram:     1
  --- Tiling parameters ---
  n_tile_size:       128
  n_tiles:           1
  n_tile_size_last:  128
  height_tiles:      1
  output_rows:       8
  input_rows:        17
  --- Convolution parameters ---
  kernel_w:          3
  kernel_h:          3
  stride_x:          2
  stride_y:          2
  padding:           1
  dilation:          1
  accum_shift:       5
  relu_max:          127
  relu_min:          -128
  output_shift:      19
  output_scale:      33483
  flags:             0
  input_zero_point:  -128
===============================
=== DIAG layer=conv4b.1 cache_vs_generic (eff_scale=0.001996, izp=-128, ozp=9) ===
  kernel_bias[0]=-19849, post_corr[0]=0, accum_shift=5, out_scale=33483, out_shift=19
  [oc=0,px=0] generic=-14 cache=-14 diff=0
  [oc=0,px=1] generic=45 cache=45 diff=0
  [oc=1,px=0] generic=25 cache=25 diff=0
  [oc=1,px=1] generic=-20 cache=-20 diff=0
  [oc=2,px=0] generic=21 cache=21 diff=0
  [oc=2,px=1] generic=16 cache=16 diff=0
  [oc=3,px=0] generic=-31 cache=-31 diff=0
  [oc=3,px=1] generic=-49 cache=-49 diff=0
  SUMMARY: checked=16, max_diff=0, >2_count=0, avg_diff=0.00
PERF_LOG : conv2d : 16384 : elements : 988531 : cycles : 0.02 : elements/cycle : 60.34 : cycles/elements
PERF_LOG : quantized_relu : 8192 : elements (HW-optimized, no DMA) : 2211 : cycles : 3.71 : elements (HW-optimized, no DMA)/cycle : 0.27 : cycles/elements (HW-optimized, no DMA)
=== conv_layer_config_t dump ===
  layer_id:          3
  layer_name:        conv4b.2
  kernel_name:       3x3j1d1_cache
  config_key:        128_8_8_128_3_3_8_8_1_1_1_1
  --- Source (DRAM) ---
  src_dim1_size:     8
  src_dim2_size:     8
  src_dim3_size:     128
  src_dim1_pitch:    8
  src_dim2_pitch:    64
  --- Destination (DRAM) ---
  dst_dim1_size:     8
  dst_dim2_size:     8
  dst_dim3_size:     128
  dst_dim1_pitch:    8
  dst_dim2_pitch:    64
  --- Input tile (local memory) ---
  in_dim1_size:      8
  in_dim1_pitch:     10
  in_dim2_size:      4
  in_dim2_pitch:     40
  in_dim1_edge1:     1
  in_dim1_edge2:     1
  in_dim2_edge1:     1
  in_dim2_edge2:     1
  in_dim3_edge1:     0
  in_dim3_edge2:     0
  in_data_offset:    11
  in_rows_firstdma:  3
  --- Output tile (local memory) ---
  out_dim1_size:     8
  out_dim1_pitch:    8
  out_dim2_size:     2
  out_dim2_pitch:    16
  out_dim3_size:     64
  --- Coefficient tile ---
  coeff_dim1_size:   3
  coeff_dim2_size:   3
  coeff_dim3_size:   128
  coeff_dim4_size:   128
  coeff_dim1_pitch:  3
  coeff_dim2_pitch:  9
  coeff_dim3_pitch:  1152
  --- Bias ---
  bias_dim1_size:    128
  bias_dim2_size:    1
  --- Output scale ---
  outscale_dim1_size:128
  outscale_dim2_size:1
  --- Buffer sizes (bytes) ---
  input_buffer_size: 5120
  coeff_buffer_size: 73728
  output_buffer_size:1024
  bias_buffer_size:  512
  outscale_buf_size: 256
  --- Buffer DRAM placement ---
  input_ping_dram:   0
  input_pong_dram:   0
  coeff_dram:        0
  output_ping_dram:  1
  output_pong_dram:  1
  bias_dram:         1
  outscale_dram:     1
  --- Tiling parameters ---
  n_tile_size:       64
  n_tiles:           2
  n_tile_size_last:  64
  height_tiles:      4
  output_rows:       2
  input_rows:        4
  --- Convolution parameters ---
  kernel_w:          3
  kernel_h:          3
  stride_x:          1
  stride_y:          1
  padding:           1
  dilation:          1
  accum_shift:       6
  relu_max:          127
  relu_min:          -128
  output_shift:      18
  output_scale:      41668
  flags:             0
  input_zero_point:  -128
===============================
=== DIAG layer=conv4b.2 cache_vs_generic (eff_scale=0.002484, izp=-128, ozp=-16) ===
  kernel_bias[0]=-34342, post_corr[0]=0, accum_shift=6, out_scale=41668, out_shift=18
  [oc=0,px=0] generic=-9 cache=-9 diff=0
  [oc=0,px=1] generic=-21 cache=-21 diff=0
  [oc=1,px=0] generic=2 cache=2 diff=0
  [oc=1,px=1] generic=-23 cache=-23 diff=0
  [oc=2,px=0] generic=7 cache=7 diff=0
  [oc=2,px=1] generic=-28 cache=-28 diff=0
  [oc=3,px=0] generic=-44 cache=-44 diff=0
  [oc=3,px=1] generic=-39 cache=-39 diff=0
  SUMMARY: checked=16, max_diff=1, >2_count=0, avg_diff=0.06
PERF_LOG : conv2d : 8192 : elements : 1624144 : cycles : 0.01 : elements/cycle : 198.26 : cycles/elements
PERF_LOG : dequantize_asym8s : 8192 : elements (HW-optimized, no DMA) : 1019 : cycles : 8.04 : elements (HW-optimized, no DMA)/cycle : 0.12 : cycles/elements (HW-optimized, no DMA)
PERF_LOG : dequantize_asym8s : 8192 : elements (HW-optimized, no DMA) : 1019 : cycles : 8.04 : elements (HW-optimized, no DMA)/cycle : 0.12 : cycles/elements (HW-optimized, no DMA)
PERF_LOG : add_float : 8192 : elements (HW-optimized, no DMA) : 800 : cycles : 10.24 : elements (HW-optimized, no DMA)/cycle : 0.10 : cycles/elements (HW-optimized, no DMA)
PERF_LOG : quantize_asym8s : 8192 : elements (HW-optimized, no DMA) : 1360 : cycles : 6.02 : elements (HW-optimized, no DMA)/cycle : 0.17 : cycles/elements (HW-optimized, no DMA)
PERF_LOG : quantized_relu : 8192 : elements (HW-optimized, no DMA) : 2211 : cycles : 3.71 : elements (HW-optimized, no DMA)/cycle : 0.27 : cycles/elements (HW-optimized, no DMA)
=== conv_layer_config_t dump ===
  layer_id:          3
  layer_name:        conv4b.2
  kernel_name:       3x3j1d1_cache
  config_key:        128_8_8_128_3_3_8_8_1_1_1_1
  --- Source (DRAM) ---
  src_dim1_size:     8
  src_dim2_size:     8
  src_dim3_size:     128
  src_dim1_pitch:    8
  src_dim2_pitch:    64
  --- Destination (DRAM) ---
  dst_dim1_size:     8
  dst_dim2_size:     8
  dst_dim3_size:     128
  dst_dim1_pitch:    8
  dst_dim2_pitch:    64
  --- Input tile (local memory) ---
  in_dim1_size:      8
  in_dim1_pitch:     10
  in_dim2_size:      4
  in_dim2_pitch:     40
  in_dim1_edge1:     1
  in_dim1_edge2:     1
  in_dim2_edge1:     1
  in_dim2_edge2:     1
  in_dim3_edge1:     0
  in_dim3_edge2:     0
  in_data_offset:    11
  in_rows_firstdma:  3
  --- Output tile (local memory) ---
  out_dim1_size:     8
  out_dim1_pitch:    8
  out_dim2_size:     2
  out_dim2_pitch:    16
  out_dim3_size:     64
  --- Coefficient tile ---
  coeff_dim1_size:   3
  coeff_dim2_size:   3
  coeff_dim3_size:   128
  coeff_dim4_size:   128
  coeff_dim1_pitch:  3
  coeff_dim2_pitch:  9
  coeff_dim3_pitch:  1152
  --- Bias ---
  bias_dim1_size:    128
  bias_dim2_size:    1
  --- Output scale ---
  outscale_dim1_size:128
  outscale_dim2_size:1
  --- Buffer sizes (bytes) ---
  input_buffer_size: 5120
  coeff_buffer_size: 73728
  output_buffer_size:1024
  bias_buffer_size:  512
  outscale_buf_size: 256
  --- Buffer DRAM placement ---
  input_ping_dram:   0
  input_pong_dram:   0
  coeff_dram:        0
  output_ping_dram:  1
  output_pong_dram:  1
  bias_dram:         1
  outscale_dram:     1
  --- Tiling parameters ---
  n_tile_size:       64
  n_tiles:           2
  n_tile_size_last:  64
  height_tiles:      4
  output_rows:       2
  input_rows:        4
  --- Convolution parameters ---
  kernel_w:          3
  kernel_h:          3
  stride_x:          1
  stride_y:          1
  padding:           1
  dilation:          1
  accum_shift:       7
  relu_max:          127
  relu_min:          -128
  output_shift:      18
  output_scale:      59143
  flags:             0
  input_zero_point:  -128
===============================
=== DIAG layer=conv4b.2 cache_vs_generic (eff_scale=0.001763, izp=-128, ozp=17) ===
  kernel_bias[0]=-41385, post_corr[0]=0, accum_shift=7, out_scale=59143, out_shift=18
  [oc=0,px=0] generic=29 cache=29 diff=0
  [oc=0,px=1] generic=-20 cache=-20 diff=0
  [oc=1,px=0] generic=29 cache=29 diff=0
  [oc=1,px=1] generic=35 cache=35 diff=0
  [oc=2,px=0] generic=-63 cache=-62 diff=1
  [oc=2,px=1] generic=-80 cache=-80 diff=0
  [oc=3,px=0] generic=-9 cache=-9 diff=0
  [oc=3,px=1] generic=-39 cache=-39 diff=0
  SUMMARY: checked=16, max_diff=1, >2_count=0, avg_diff=0.06
PERF_LOG : conv2d : 8192 : elements : 1624138 : cycles : 0.01 : elements/cycle : 198.26 : cycles/elements
PERF_LOG : quantized_relu : 8192 : elements (HW-optimized, no DMA) : 2211 : cycles : 3.71 : elements (HW-optimized, no DMA)/cycle : 0.27 : cycles/elements (HW-optimized, no DMA)
=== conv_layer_config_t dump ===
  layer_id:          3
  layer_name:        conv4b.2
  kernel_name:       3x3j1d1_cache
  config_key:        128_8_8_128_3_3_8_8_1_1_1_1
  --- Source (DRAM) ---
  src_dim1_size:     8
  src_dim2_size:     8
  src_dim3_size:     128
  src_dim1_pitch:    8
  src_dim2_pitch:    64
  --- Destination (DRAM) ---
  dst_dim1_size:     8
  dst_dim2_size:     8
  dst_dim3_size:     128
  dst_dim1_pitch:    8
  dst_dim2_pitch:    64
  --- Input tile (local memory) ---
  in_dim1_size:      8
  in_dim1_pitch:     10
  in_dim2_size:      4
  in_dim2_pitch:     40
  in_dim1_edge1:     1
  in_dim1_edge2:     1
  in_dim2_edge1:     1
  in_dim2_edge2:     1
  in_dim3_edge1:     0
  in_dim3_edge2:     0
  in_data_offset:    11
  in_rows_firstdma:  3
  --- Output tile (local memory) ---
  out_dim1_size:     8
  out_dim1_pitch:    8
  out_dim2_size:     2
  out_dim2_pitch:    16
  out_dim3_size:     64
  --- Coefficient tile ---
  coeff_dim1_size:   3
  coeff_dim2_size:   3
  coeff_dim3_size:   128
  coeff_dim4_size:   128
  coeff_dim1_pitch:  3
  coeff_dim2_pitch:  9
  coeff_dim3_pitch:  1152
  --- Bias ---
  bias_dim1_size:    128
  bias_dim2_size:    1
  --- Output scale ---
  outscale_dim1_size:128
  outscale_dim2_size:1
  --- Buffer sizes (bytes) ---
  input_buffer_size: 5120
  coeff_buffer_size: 73728
  output_buffer_size:1024
  bias_buffer_size:  512
  outscale_buf_size: 256
  --- Buffer DRAM placement ---
  input_ping_dram:   0
  input_pong_dram:   0
  coeff_dram:        0
  output_ping_dram:  1
  output_pong_dram:  1
  bias_dram:         1
  outscale_dram:     1
  --- Tiling parameters ---
  n_tile_size:       64
  n_tiles:           2
  n_tile_size_last:  64
  height_tiles:      4
  output_rows:       2
  input_rows:        4
  --- Convolution parameters ---
  kernel_w:          3
  kernel_h:          3
  stride_x:          1
  stride_y:          1
  padding:           1
  dilation:          1
  accum_shift:       7
  relu_max:          127
  relu_min:          -128
  output_shift:      17
  output_scale:      54558
  flags:             0
  input_zero_point:  -128
===============================
=== DIAG layer=conv4b.2 cache_vs_generic (eff_scale=0.003252, izp=-128, ozp=18) ===
  kernel_bias[0]=-8565, post_corr[0]=0, accum_shift=7, out_scale=54558, out_shift=17
  [oc=0,px=0] generic=19 cache=19 diff=0
  [oc=0,px=1] generic=17 cache=17 diff=0
  [oc=1,px=0] generic=8 cache=8 diff=0
  [oc=1,px=1] generic=-11 cache=-11 diff=0
  [oc=2,px=0] generic=18 cache=17 diff=-1
  [oc=2,px=1] generic=23 cache=22 diff=-1
  [oc=3,px=0] generic=-57 cache=-57 diff=0
  [oc=3,px=1] generic=-59 cache=-60 diff=-1
  SUMMARY: checked=16, max_diff=1, >2_count=0, avg_diff=0.19
PERF_LOG : conv2d : 8192 : elements : 1623343 : cycles : 0.01 : elements/cycle : 198.16 : cycles/elements
PERF_LOG : dequantize_asym8s : 8192 : elements (HW-optimized, no DMA) : 1019 : cycles : 8.04 : elements (HW-optimized, no DMA)/cycle : 0.12 : cycles/elements (HW-optimized, no DMA)
PERF_LOG : dequantize_asym8s : 8192 : elements (HW-optimized, no DMA) : 1019 : cycles : 8.04 : elements (HW-optimized, no DMA)/cycle : 0.12 : cycles/elements (HW-optimized, no DMA)
PERF_LOG : add_float : 8192 : elements (HW-optimized, no DMA) : 800 : cycles : 10.24 : elements (HW-optimized, no DMA)/cycle : 0.10 : cycles/elements (HW-optimized, no DMA)
PERF_LOG : quantize_asym8s : 8192 : elements (HW-optimized, no DMA) : 1360 : cycles : 6.02 : elements (HW-optimized, no DMA)/cycle : 0.17 : cycles/elements (HW-optimized, no DMA)
PERF_LOG : quantized_relu : 8192 : elements (HW-optimized, no DMA) : 2211 : cycles : 3.71 : elements (HW-optimized, no DMA)/cycle : 0.27 : cycles/elements (HW-optimized, no DMA)
=== conv_layer_config_t dump ===
  layer_id:          7
  layer_name:        conv6a.1
  kernel_name:       1x1j2d1_cache
  config_key:        128_8_8_256_1_1_4_4_2_2_0_1
  --- Source (DRAM) ---
  src_dim1_size:     8
  src_dim2_size:     8
  src_dim3_size:     128
  src_dim1_pitch:    8
  src_dim2_pitch:    64
  --- Destination (DRAM) ---
  dst_dim1_size:     4
  dst_dim2_size:     4
  dst_dim3_size:     256
  dst_dim1_pitch:    4
  dst_dim2_pitch:    16
  --- Input tile (local memory) ---
  in_dim1_size:      8
  in_dim1_pitch:     8
  in_dim2_size:      7
  in_dim2_pitch:     56
  in_dim1_edge1:     0
  in_dim1_edge2:     0
  in_dim2_edge1:     0
  in_dim2_edge2:     0
  in_dim3_edge1:     0
  in_dim3_edge2:     0
  in_data_offset:    0
  in_rows_firstdma:  7
  --- Output tile (local memory) ---
  out_dim1_size:     4
  out_dim1_pitch:    4
  out_dim2_size:     4
  out_dim2_pitch:    16
  out_dim3_size:     256
  --- Coefficient tile ---
  coeff_dim1_size:   1
  coeff_dim2_size:   1
  coeff_dim3_size:   128
  coeff_dim4_size:   256
  coeff_dim1_pitch:  1
  coeff_dim2_pitch:  1
  coeff_dim3_pitch:  128
  --- Bias ---
  bias_dim1_size:    256
  bias_dim2_size:    1
  --- Output scale ---
  outscale_dim1_size:256
  outscale_dim2_size:1
  --- Buffer sizes (bytes) ---
  input_buffer_size: 7168
  coeff_buffer_size: 32768
  output_buffer_size:4096
  bias_buffer_size:  1024
  outscale_buf_size: 512
  --- Buffer DRAM placement ---
  input_ping_dram:   0
  input_pong_dram:   0
  coeff_dram:        0
  output_ping_dram:  1
  output_pong_dram:  1
  bias_dram:         1
  outscale_dram:     1
  --- Tiling parameters ---
  n_tile_size:       256
  n_tiles:           1
  n_tile_size_last:  256
  height_tiles:      1
  output_rows:       4
  input_rows:        7
  --- Convolution parameters ---
  kernel_w:          1
  kernel_h:          1
  stride_x:          2
  stride_y:          2
  padding:           0
  dilation:          1
  accum_shift:       4
  relu_max:          127
  relu_min:          -128
  output_shift:      18
  output_scale:      36073
  flags:             0
  input_zero_point:  -128
===============================
