PERF_LOG : quantize_asym8s : 12288 : elements (DMA ping-pong) : 3168 : cycles : 3.88 : elements (DMA ping-pong)/cycle : 0.26 : cycles/elements (DMA ping-pong)
=== conv_layer_config_t dump ===
  layer_id:          0
  layer_name:        conv1
  kernel_name:       7x7j2d1
  config_key:        3_64_64_64_7_7_32_32_2_2_3_1
  --- Source (DRAM) ---
  src_dim1_size:     64
  src_dim2_size:     64
  src_dim3_size:     3
  src_dim1_pitch:    64
  src_dim2_pitch:    4096
  --- Destination (DRAM) ---
  dst_dim1_size:     32
  dst_dim2_size:     32
  dst_dim3_size:     64
  dst_dim1_pitch:    32
  dst_dim2_pitch:    1024
  --- Input tile (local memory) ---
  in_dim1_size:      64
  in_dim1_pitch:     70
  in_dim2_size:      27
  in_dim2_pitch:     1890
  in_dim1_edge1:     3
  in_dim1_edge2:     3
  in_dim2_edge1:     3
  in_dim2_edge2:     3
  in_dim3_edge1:     0
  in_dim3_edge2:     0
  in_data_offset:    213
  in_rows_firstdma:  24
  --- Output tile (local memory) ---
  out_dim1_size:     32
  out_dim1_pitch:    32
  out_dim2_size:     11
  out_dim2_pitch:    352
  out_dim3_size:     64
  --- Coefficient tile ---
  coeff_dim1_size:   7
  coeff_dim2_size:   7
  coeff_dim3_size:   3
  coeff_dim4_size:   64
  coeff_dim1_pitch:  7
  coeff_dim2_pitch:  49
  coeff_dim3_pitch:  147
  --- Bias ---
  bias_dim1_size:    64
  bias_dim2_size:    1
  --- Output scale ---
  outscale_dim1_size:64
  outscale_dim2_size:1
  --- Buffer sizes (bytes) ---
  input_buffer_size: 5670
  coeff_buffer_size: 9408
  output_buffer_size:22528
  bias_buffer_size:  256
  outscale_buf_size: 128
  --- Buffer DRAM placement ---
  input_ping_dram:   0
  input_pong_dram:   0
  coeff_dram:        0
  output_ping_dram:  1
  output_pong_dram:  1
  bias_dram:         1
  outscale_dram:     1
  --- Tiling parameters ---
  n_tile_size:       64
  n_tiles:           1
  n_tile_size_last:  64
  height_tiles:      3
  output_rows:       11
  input_rows:        27
  --- Convolution parameters ---
  kernel_w:          7
  kernel_h:          7
  stride_x:          2
  stride_y:          2
  padding:           3
  dilation:          1
  accum_shift:       4
  relu_max:          127
  relu_min:          -128
  output_shift:      20
  output_scale:      57213
  flags:             0
  input_zero_point:  10
===============================
PERF_LOG : conv2d : 12288 : elements : 370913 : cycles : 0.03 : elements/cycle : 30.18 : cycles/elements
PERF_LOG : quantized_relu : 65536 : elements (DMA ping-pong) : 18008 : cycles : 3.64 : elements (DMA ping-pong)/cycle : 0.27 : cycles/elements (DMA ping-pong)
PERF_LOG : dequantize_asym8s : 65536 : elements (DMA ping-pong) : 10168 : cycles : 6.45 : elements (DMA ping-pong)/cycle : 0.16 : cycles/elements (DMA ping-pong)
PERF_LOG : maxpool : 65536 : floats : 41900 : cycles : 1.56 : floats/cycle : 0.64 : cycles/floats
PERF_LOG : quantize_asym8s : 16384 : elements (DMA ping-pong) : 3882 : cycles : 4.22 : elements (DMA ping-pong)/cycle : 0.24 : cycles/elements (DMA ping-pong)
=== conv_layer_config_t dump ===
  layer_id:          1
  layer_name:        conv2.1
  kernel_name:       3x3j1d1
  config_key:        64_16_16_64_3_3_16_16_1_1_1_1
  --- Source (DRAM) ---
  src_dim1_size:     16
  src_dim2_size:     16
  src_dim3_size:     64
  src_dim1_pitch:    16
  src_dim2_pitch:    256
  --- Destination (DRAM) ---
  dst_dim1_size:     16
  dst_dim2_size:     16
  dst_dim3_size:     64
  dst_dim1_pitch:    16
  dst_dim2_pitch:    256
  --- Input tile (local memory) ---
  in_dim1_size:      16
  in_dim1_pitch:     18
  in_dim2_size:      9
  in_dim2_pitch:     162
  in_dim1_edge1:     1
  in_dim1_edge2:     1
  in_dim2_edge1:     1
  in_dim2_edge2:     1
  in_dim3_edge1:     0
  in_dim3_edge2:     0
  in_data_offset:    19
  in_rows_firstdma:  8
  --- Output tile (local memory) ---
  out_dim1_size:     16
  out_dim1_pitch:    16
  out_dim2_size:     7
  out_dim2_pitch:    112
  out_dim3_size:     64
  --- Coefficient tile ---
  coeff_dim1_size:   3
  coeff_dim2_size:   3
  coeff_dim3_size:   64
  coeff_dim4_size:   64
  coeff_dim1_pitch:  3
  coeff_dim2_pitch:  9
  coeff_dim3_pitch:  576
  --- Bias ---
  bias_dim1_size:    64
  bias_dim2_size:    1
  --- Output scale ---
  outscale_dim1_size:64
  outscale_dim2_size:1
  --- Buffer sizes (bytes) ---
  input_buffer_size: 10368
  coeff_buffer_size: 36864
  output_buffer_size:7168
  bias_buffer_size:  256
  outscale_buf_size: 128
  --- Buffer DRAM placement ---
  input_ping_dram:   0
  input_pong_dram:   1
  coeff_dram:        0
  output_ping_dram:  1
  output_pong_dram:  1
  bias_dram:         1
  outscale_dram:     1
  --- Tiling parameters ---
  n_tile_size:       64
  n_tiles:           1
  n_tile_size_last:  64
  height_tiles:      3
  output_rows:       7
  input_rows:        9
  --- Convolution parameters ---
  kernel_w:          3
  kernel_h:          3
  stride_x:          1
  stride_y:          1
  padding:           1
  dilation:          1
  accum_shift:       5
  relu_max:          127
  relu_min:          -128
  output_shift:      19
  output_scale:      42145
  flags:             0
  input_zero_point:  -128
===============================
PERF_LOG : conv2d : 16384 : elements : 453742 : cycles : 0.04 : elements/cycle : 27.69 : cycles/elements
PERF_LOG : quantized_relu : 16384 : elements (DMA ping-pong) : 5195 : cycles : 3.15 : elements (DMA ping-pong)/cycle : 0.32 : cycles/elements (DMA ping-pong)
=== conv_layer_config_t dump ===
  layer_id:          1
  layer_name:        conv2.1
  kernel_name:       3x3j1d1
  config_key:        64_16_16_64_3_3_16_16_1_1_1_1
  --- Source (DRAM) ---
  src_dim1_size:     16
  src_dim2_size:     16
  src_dim3_size:     64
  src_dim1_pitch:    16
  src_dim2_pitch:    256
  --- Destination (DRAM) ---
  dst_dim1_size:     16
  dst_dim2_size:     16
  dst_dim3_size:     64
  dst_dim1_pitch:    16
  dst_dim2_pitch:    256
  --- Input tile (local memory) ---
  in_dim1_size:      16
  in_dim1_pitch:     18
  in_dim2_size:      9
  in_dim2_pitch:     162
  in_dim1_edge1:     1
  in_dim1_edge2:     1
  in_dim2_edge1:     1
  in_dim2_edge2:     1
  in_dim3_edge1:     0
  in_dim3_edge2:     0
  in_data_offset:    19
  in_rows_firstdma:  8
  --- Output tile (local memory) ---
  out_dim1_size:     16
  out_dim1_pitch:    16
  out_dim2_size:     7
  out_dim2_pitch:    112
  out_dim3_size:     64
  --- Coefficient tile ---
  coeff_dim1_size:   3
  coeff_dim2_size:   3
  coeff_dim3_size:   64
  coeff_dim4_size:   64
  coeff_dim1_pitch:  3
  coeff_dim2_pitch:  9
  coeff_dim3_pitch:  576
  --- Bias ---
  bias_dim1_size:    64
  bias_dim2_size:    1
  --- Output scale ---
  outscale_dim1_size:64
  outscale_dim2_size:1
  --- Buffer sizes (bytes) ---
  input_buffer_size: 10368
  coeff_buffer_size: 36864
  output_buffer_size:7168
  bias_buffer_size:  256
  outscale_buf_size: 128
  --- Buffer DRAM placement ---
  input_ping_dram:   0
  input_pong_dram:   1
  coeff_dram:        0
  output_ping_dram:  1
  output_pong_dram:  1
  bias_dram:         1
  outscale_dram:     1
  --- Tiling parameters ---
  n_tile_size:       64
  n_tiles:           1
  n_tile_size_last:  64
  height_tiles:      3
  output_rows:       7
  input_rows:        9
  --- Convolution parameters ---
  kernel_w:          3
  kernel_h:          3
  stride_x:          1
  stride_y:          1
  padding:           1
  dilation:          1
  accum_shift:       6
  relu_max:          127
  relu_min:          -128
  output_shift:      19
  output_scale:      62280
  flags:             0
  input_zero_point:  -128
===============================
PERF_LOG : conv2d : 16384 : elements : 453787 : cycles : 0.04 : elements/cycle : 27.70 : cycles/elements
PERF_LOG : dequantize_asym8s : 16384 : elements (DMA ping-pong) : 3203 : cycles : 5.12 : elements (DMA ping-pong)/cycle : 0.20 : cycles/elements (DMA ping-pong)
PERF_LOG : add_float : 16384 : elements (DMA ping-pong) : 3915 : cycles : 4.18 : elements (DMA ping-pong)/cycle : 0.24 : cycles/elements (DMA ping-pong)
PERF_LOG : quantize_asym8s : 16384 : elements (DMA ping-pong) : 3882 : cycles : 4.22 : elements (DMA ping-pong)/cycle : 0.24 : cycles/elements (DMA ping-pong)
PERF_LOG : quantized_relu : 16384 : elements (DMA ping-pong) : 5195 : cycles : 3.15 : elements (DMA ping-pong)/cycle : 0.32 : cycles/elements (DMA ping-pong)
=== conv_layer_config_t dump ===
  layer_id:          1
  layer_name:        conv2.1
  kernel_name:       3x3j1d1
  config_key:        64_16_16_64_3_3_16_16_1_1_1_1
  --- Source (DRAM) ---
  src_dim1_size:     16
  src_dim2_size:     16
  src_dim3_size:     64
  src_dim1_pitch:    16
  src_dim2_pitch:    256
  --- Destination (DRAM) ---
  dst_dim1_size:     16
  dst_dim2_size:     16
  dst_dim3_size:     64
  dst_dim1_pitch:    16
  dst_dim2_pitch:    256
  --- Input tile (local memory) ---
  in_dim1_size:      16
  in_dim1_pitch:     18
  in_dim2_size:      9
  in_dim2_pitch:     162
  in_dim1_edge1:     1
  in_dim1_edge2:     1
  in_dim2_edge1:     1
  in_dim2_edge2:     1
  in_dim3_edge1:     0
  in_dim3_edge2:     0
  in_data_offset:    19
  in_rows_firstdma:  8
  --- Output tile (local memory) ---
  out_dim1_size:     16
  out_dim1_pitch:    16
  out_dim2_size:     7
  out_dim2_pitch:    112
  out_dim3_size:     64
  --- Coefficient tile ---
  coeff_dim1_size:   3
  coeff_dim2_size:   3
  coeff_dim3_size:   64
  coeff_dim4_size:   64
  coeff_dim1_pitch:  3
  coeff_dim2_pitch:  9
  coeff_dim3_pitch:  576
  --- Bias ---
  bias_dim1_size:    64
  bias_dim2_size:    1
  --- Output scale ---
  outscale_dim1_size:64
  outscale_dim2_size:1
  --- Buffer sizes (bytes) ---
  input_buffer_size: 10368
  coeff_buffer_size: 36864
  output_buffer_size:7168
  bias_buffer_size:  256
  outscale_buf_size: 128
  --- Buffer DRAM placement ---
  input_ping_dram:   0
  input_pong_dram:   1
  coeff_dram:        0
  output_ping_dram:  1
  output_pong_dram:  1
  bias_dram:         1
  outscale_dram:     1
  --- Tiling parameters ---
  n_tile_size:       64
  n_tiles:           1
  n_tile_size_last:  64
  height_tiles:      3
  output_rows:       7
  input_rows:        9
  --- Convolution parameters ---
  kernel_w:          3
  kernel_h:          3
  stride_x:          1
  stride_y:          1
  padding:           1
  dilation:          1
  accum_shift:       5
  relu_max:          127
  relu_min:          -128
  output_shift:      20
  output_scale:      64554
  flags:             0
  input_zero_point:  -128
===============================
PERF_LOG : conv2d : 16384 : elements : 453852 : cycles : 0.04 : elements/cycle : 27.70 : cycles/elements
PERF_LOG : quantized_relu : 16384 : elements (DMA ping-pong) : 5195 : cycles : 3.15 : elements (DMA ping-pong)/cycle : 0.32 : cycles/elements (DMA ping-pong)
=== conv_layer_config_t dump ===
  layer_id:          1
  layer_name:        conv2.1
  kernel_name:       3x3j1d1
  config_key:        64_16_16_64_3_3_16_16_1_1_1_1
  --- Source (DRAM) ---
  src_dim1_size:     16
  src_dim2_size:     16
  src_dim3_size:     64
  src_dim1_pitch:    16
  src_dim2_pitch:    256
  --- Destination (DRAM) ---
  dst_dim1_size:     16
  dst_dim2_size:     16
  dst_dim3_size:     64
  dst_dim1_pitch:    16
  dst_dim2_pitch:    256
  --- Input tile (local memory) ---
  in_dim1_size:      16
  in_dim1_pitch:     18
  in_dim2_size:      9
  in_dim2_pitch:     162
  in_dim1_edge1:     1
  in_dim1_edge2:     1
  in_dim2_edge1:     1
  in_dim2_edge2:     1
  in_dim3_edge1:     0
  in_dim3_edge2:     0
  in_data_offset:    19
  in_rows_firstdma:  8
  --- Output tile (local memory) ---
  out_dim1_size:     16
  out_dim1_pitch:    16
  out_dim2_size:     7
  out_dim2_pitch:    112
  out_dim3_size:     64
  --- Coefficient tile ---
  coeff_dim1_size:   3
  coeff_dim2_size:   3
  coeff_dim3_size:   64
  coeff_dim4_size:   64
  coeff_dim1_pitch:  3
  coeff_dim2_pitch:  9
  coeff_dim3_pitch:  576
  --- Bias ---
  bias_dim1_size:    64
  bias_dim2_size:    1
  --- Output scale ---
  outscale_dim1_size:64
  outscale_dim2_size:1
  --- Buffer sizes (bytes) ---
  input_buffer_size: 10368
  coeff_buffer_size: 36864
  output_buffer_size:7168
  bias_buffer_size:  256
  outscale_buf_size: 128
  --- Buffer DRAM placement ---
  input_ping_dram:   0
  input_pong_dram:   1
  coeff_dram:        0
  output_ping_dram:  1
  output_pong_dram:  1
  bias_dram:         1
  outscale_dram:     1
  --- Tiling parameters ---
  n_tile_size:       64
  n_tiles:           1
  n_tile_size_last:  64
  height_tiles:      3
  output_rows:       7
  input_rows:        9
  --- Convolution parameters ---
  kernel_w:          3
  kernel_h:          3
  stride_x:          1
  stride_y:          1
  padding:           1
  dilation:          1
  accum_shift:       6
  relu_max:          127
  relu_min:          -128
  output_shift:      18
  output_scale:      45907
  flags:             0
  input_zero_point:  -128
===============================
PERF_LOG : conv2d : 16384 : elements : 453685 : cycles : 0.04 : elements/cycle : 27.69 : cycles/elements
PERF_LOG : dequantize_asym8s : 16384 : elements (DMA ping-pong) : 3203 : cycles : 5.12 : elements (DMA ping-pong)/cycle : 0.20 : cycles/elements (DMA ping-pong)
PERF_LOG : dequantize_asym8s : 16384 : elements (DMA ping-pong) : 3203 : cycles : 5.12 : elements (DMA ping-pong)/cycle : 0.20 : cycles/elements (DMA ping-pong)
PERF_LOG : add_float : 16384 : elements (DMA ping-pong) : 3915 : cycles : 4.18 : elements (DMA ping-pong)/cycle : 0.24 : cycles/elements (DMA ping-pong)
PERF_LOG : quantize_asym8s : 16384 : elements (DMA ping-pong) : 3882 : cycles : 4.22 : elements (DMA ping-pong)/cycle : 0.24 : cycles/elements (DMA ping-pong)
PERF_LOG : quantized_relu : 16384 : elements (DMA ping-pong) : 5195 : cycles : 3.15 : elements (DMA ping-pong)/cycle : 0.32 : cycles/elements (DMA ping-pong)
=== conv_layer_config_t dump ===
  layer_id:          4
  layer_name:        conv4a.1
  kernel_name:       1x1j2d1
  config_key:        64_16_16_128_1_1_8_8_2_2_0_1
  --- Source (DRAM) ---
  src_dim1_size:     16
  src_dim2_size:     16
  src_dim3_size:     64
  src_dim1_pitch:    16
  src_dim2_pitch:    256
  --- Destination (DRAM) ---
  dst_dim1_size:     8
  dst_dim2_size:     8
  dst_dim3_size:     128
  dst_dim1_pitch:    8
  dst_dim2_pitch:    64
  --- Input tile (local memory) ---
  in_dim1_size:      16
  in_dim1_pitch:     16
  in_dim2_size:      15
  in_dim2_pitch:     240
  in_dim1_edge1:     0
  in_dim1_edge2:     0
  in_dim2_edge1:     0
  in_dim2_edge2:     0
  in_dim3_edge1:     0
  in_dim3_edge2:     0
  in_data_offset:    0
  in_rows_firstdma:  15
  --- Output tile (local memory) ---
  out_dim1_size:     8
  out_dim1_pitch:    8
  out_dim2_size:     8
  out_dim2_pitch:    64
  out_dim3_size:     128
  --- Coefficient tile ---
  coeff_dim1_size:   1
  coeff_dim2_size:   1
  coeff_dim3_size:   64
  coeff_dim4_size:   128
  coeff_dim1_pitch:  1
  coeff_dim2_pitch:  1
  coeff_dim3_pitch:  64
  --- Bias ---
  bias_dim1_size:    128
  bias_dim2_size:    1
  --- Output scale ---
  outscale_dim1_size:128
  outscale_dim2_size:1
  --- Buffer sizes (bytes) ---
  input_buffer_size: 15360
  coeff_buffer_size: 8192
  output_buffer_size:8192
  bias_buffer_size:  512
  outscale_buf_size: 256
  --- Buffer DRAM placement ---
  input_ping_dram:   0
  input_pong_dram:   0
  coeff_dram:        0
  output_ping_dram:  1
  output_pong_dram:  1
  bias_dram:         1
  outscale_dram:     1
  --- Tiling parameters ---
  n_tile_size:       128
  n_tiles:           1
  n_tile_size_last:  128
  height_tiles:      1
  output_rows:       8
  input_rows:        15
  --- Convolution parameters ---
  kernel_w:          1
  kernel_h:          1
  stride_x:          2
  stride_y:          2
  padding:           0
  dilation:          1
  accum_shift:       3
  relu_max:          127
  relu_min:          -128
  output_shift:      20
  output_scale:      45825
  flags:             0
  input_zero_point:  -128
===============================
PERF_LOG : conv2d : 16384 : elements : 371141 : cycles : 0.04 : elements/cycle : 22.65 : cycles/elements
=== conv_layer_config_t dump ===
  layer_id:          2
  layer_name:        conv4b.1
  kernel_name:       3x3j2d1
  config_key:        64_16_16_128_3_3_8_8_2_2_1_1
  --- Source (DRAM) ---
  src_dim1_size:     16
  src_dim2_size:     16
  src_dim3_size:     64
  src_dim1_pitch:    16
  src_dim2_pitch:    256
  --- Destination (DRAM) ---
  dst_dim1_size:     8
  dst_dim2_size:     8
  dst_dim3_size:     128
  dst_dim1_pitch:    8
  dst_dim2_pitch:    64
  --- Input tile (local memory) ---
  in_dim1_size:      16
  in_dim1_pitch:     18
  in_dim2_size:      5
  in_dim2_pitch:     90
  in_dim1_edge1:     1
  in_dim1_edge2:     1
  in_dim2_edge1:     1
  in_dim2_edge2:     1
  in_dim3_edge1:     0
  in_dim3_edge2:     0
  in_data_offset:    19
  in_rows_firstdma:  4
  --- Output tile (local memory) ---
  out_dim1_size:     8
  out_dim1_pitch:    8
  out_dim2_size:     2
  out_dim2_pitch:    16
  out_dim3_size:     64
  --- Coefficient tile ---
  coeff_dim1_size:   3
  coeff_dim2_size:   3
  coeff_dim3_size:   64
  coeff_dim4_size:   128
  coeff_dim1_pitch:  3
  coeff_dim2_pitch:  9
  coeff_dim3_pitch:  576
  --- Bias ---
  bias_dim1_size:    128
  bias_dim2_size:    1
  --- Output scale ---
  outscale_dim1_size:128
  outscale_dim2_size:1
  --- Buffer sizes (bytes) ---
  input_buffer_size: 5760
  coeff_buffer_size: 36864
  output_buffer_size:1024
  bias_buffer_size:  512
  outscale_buf_size: 256
  --- Buffer DRAM placement ---
  input_ping_dram:   0
  input_pong_dram:   0
  coeff_dram:        1
  output_ping_dram:  1
  output_pong_dram:  1
  bias_dram:         1
  outscale_dram:     1
  --- Tiling parameters ---
  n_tile_size:       64
  n_tiles:           2
  n_tile_size_last:  64
  height_tiles:      4
  output_rows:       2
  input_rows:        5
  --- Convolution parameters ---
  kernel_w:          3
  kernel_h:          3
  stride_x:          2
  stride_y:          2
  padding:           1
  dilation:          1
  accum_shift:       5
  relu_max:          127
  relu_min:          -128
  output_shift:      19
  output_scale:      33483
  flags:             0
  input_zero_point:  -128
===============================
PERF_LOG : conv2d : 16384 : elements : 568774 : cycles : 0.03 : elements/cycle : 34.72 : cycles/elements
PERF_LOG : quantized_relu : 8192 : elements (DMA ping-pong) : 3147 : cycles : 2.60 : elements (DMA ping-pong)/cycle : 0.38 : cycles/elements (DMA ping-pong)
=== conv_layer_config_t dump ===
  layer_id:          3
  layer_name:        conv4b.2
  kernel_name:       3x3j1d1
  config_key:        128_8_8_128_3_3_8_8_1_1_1_1
  --- Source (DRAM) ---
  src_dim1_size:     8
  src_dim2_size:     8
  src_dim3_size:     128
  src_dim1_pitch:    8
  src_dim2_pitch:    64
  --- Destination (DRAM) ---
  dst_dim1_size:     8
  dst_dim2_size:     8
  dst_dim3_size:     128
  dst_dim1_pitch:    8
  dst_dim2_pitch:    64
  --- Input tile (local memory) ---
  in_dim1_size:      8
  in_dim1_pitch:     10
  in_dim2_size:      4
  in_dim2_pitch:     40
  in_dim1_edge1:     1
  in_dim1_edge2:     1
  in_dim2_edge1:     1
  in_dim2_edge2:     1
  in_dim3_edge1:     0
  in_dim3_edge2:     0
  in_data_offset:    11
  in_rows_firstdma:  3
  --- Output tile (local memory) ---
  out_dim1_size:     8
  out_dim1_pitch:    8
  out_dim2_size:     2
  out_dim2_pitch:    16
  out_dim3_size:     32
  --- Coefficient tile ---
  coeff_dim1_size:   3
  coeff_dim2_size:   3
  coeff_dim3_size:   128
  coeff_dim4_size:   128
  coeff_dim1_pitch:  3
  coeff_dim2_pitch:  9
  coeff_dim3_pitch:  1152
  --- Bias ---
  bias_dim1_size:    128
  bias_dim2_size:    1
  --- Output scale ---
  outscale_dim1_size:128
  outscale_dim2_size:1
  --- Buffer sizes (bytes) ---
  input_buffer_size: 5120
  coeff_buffer_size: 36864
  output_buffer_size:512
  bias_buffer_size:  512
  outscale_buf_size: 256
  --- Buffer DRAM placement ---
  input_ping_dram:   0
  input_pong_dram:   0
  coeff_dram:        0
  output_ping_dram:  1
  output_pong_dram:  1
  bias_dram:         1
  outscale_dram:     1
  --- Tiling parameters ---
  n_tile_size:       32
  n_tiles:           4
  n_tile_size_last:  32
  height_tiles:      4
  output_rows:       2
  input_rows:        4
  --- Convolution parameters ---
  kernel_w:          3
  kernel_h:          3
  stride_x:          1
  stride_y:          1
  padding:           1
  dilation:          1
  accum_shift:       6
  relu_max:          127
  relu_min:          -128
  output_shift:      18
  output_scale:      41668
  flags:             0
  input_zero_point:  -128
===============================
PERF_LOG : conv2d : 8192 : elements : 789505 : cycles : 0.01 : elements/cycle : 96.38 : cycles/elements
PERF_LOG : dequantize_asym8s : 8192 : elements (DMA ping-pong) : 1950 : cycles : 4.20 : elements (DMA ping-pong)/cycle : 0.24 : cycles/elements (DMA ping-pong)
PERF_LOG : dequantize_asym8s : 8192 : elements (DMA ping-pong) : 1950 : cycles : 4.20 : elements (DMA ping-pong)/cycle : 0.24 : cycles/elements (DMA ping-pong)
PERF_LOG : add_float : 8192 : elements (DMA ping-pong) : 2487 : cycles : 3.29 : elements (DMA ping-pong)/cycle : 0.30 : cycles/elements (DMA ping-pong)
PERF_LOG : quantize_asym8s : 8192 : elements (DMA ping-pong) : 2292 : cycles : 3.57 : elements (DMA ping-pong)/cycle : 0.28 : cycles/elements (DMA ping-pong)
PERF_LOG : quantized_relu : 8192 : elements (DMA ping-pong) : 3147 : cycles : 2.60 : elements (DMA ping-pong)/cycle : 0.38 : cycles/elements (DMA ping-pong)
=== conv_layer_config_t dump ===
  layer_id:          3
  layer_name:        conv4b.2
  kernel_name:       3x3j1d1
  config_key:        128_8_8_128_3_3_8_8_1_1_1_1
  --- Source (DRAM) ---
  src_dim1_size:     8
  src_dim2_size:     8
  src_dim3_size:     128
  src_dim1_pitch:    8
  src_dim2_pitch:    64
  --- Destination (DRAM) ---
  dst_dim1_size:     8
  dst_dim2_size:     8
  dst_dim3_size:     128
  dst_dim1_pitch:    8
  dst_dim2_pitch:    64
  --- Input tile (local memory) ---
  in_dim1_size:      8
  in_dim1_pitch:     10
  in_dim2_size:      4
  in_dim2_pitch:     40
  in_dim1_edge1:     1
  in_dim1_edge2:     1
  in_dim2_edge1:     1
  in_dim2_edge2:     1
  in_dim3_edge1:     0
  in_dim3_edge2:     0
  in_data_offset:    11
  in_rows_firstdma:  3
  --- Output tile (local memory) ---
  out_dim1_size:     8
  out_dim1_pitch:    8
  out_dim2_size:     2
  out_dim2_pitch:    16
  out_dim3_size:     32
  --- Coefficient tile ---
  coeff_dim1_size:   3
  coeff_dim2_size:   3
  coeff_dim3_size:   128
  coeff_dim4_size:   128
  coeff_dim1_pitch:  3
  coeff_dim2_pitch:  9
  coeff_dim3_pitch:  1152
  --- Bias ---
  bias_dim1_size:    128
  bias_dim2_size:    1
  --- Output scale ---
  outscale_dim1_size:128
  outscale_dim2_size:1
  --- Buffer sizes (bytes) ---
  input_buffer_size: 5120
  coeff_buffer_size: 36864
  output_buffer_size:512
  bias_buffer_size:  512
  outscale_buf_size: 256
  --- Buffer DRAM placement ---
  input_ping_dram:   0
  input_pong_dram:   0
  coeff_dram:        0
  output_ping_dram:  1
  output_pong_dram:  1
  bias_dram:         1
  outscale_dram:     1
  --- Tiling parameters ---
  n_tile_size:       32
  n_tiles:           4
  n_tile_size_last:  32
  height_tiles:      4
  output_rows:       2
  input_rows:        4
  --- Convolution parameters ---
  kernel_w:          3
  kernel_h:          3
  stride_x:          1
  stride_y:          1
  padding:           1
  dilation:          1
  accum_shift:       7
  relu_max:          127
  relu_min:          -128
  output_shift:      18
  output_scale:      59143
  flags:             0
  input_zero_point:  -128
===============================
PERF_LOG : conv2d : 8192 : elements : 789537 : cycles : 0.01 : elements/cycle : 96.38 : cycles/elements
PERF_LOG : quantized_relu : 8192 : elements (DMA ping-pong) : 3147 : cycles : 2.60 : elements (DMA ping-pong)/cycle : 0.38 : cycles/elements (DMA ping-pong)
=== conv_layer_config_t dump ===
  layer_id:          3
  layer_name:        conv4b.2
  kernel_name:       3x3j1d1
  config_key:        128_8_8_128_3_3_8_8_1_1_1_1
  --- Source (DRAM) ---
  src_dim1_size:     8
  src_dim2_size:     8
  src_dim3_size:     128
  src_dim1_pitch:    8
  src_dim2_pitch:    64
  --- Destination (DRAM) ---
  dst_dim1_size:     8
  dst_dim2_size:     8
  dst_dim3_size:     128
  dst_dim1_pitch:    8
  dst_dim2_pitch:    64
  --- Input tile (local memory) ---
  in_dim1_size:      8
  in_dim1_pitch:     10
  in_dim2_size:      4
  in_dim2_pitch:     40
  in_dim1_edge1:     1
  in_dim1_edge2:     1
  in_dim2_edge1:     1
  in_dim2_edge2:     1
  in_dim3_edge1:     0
  in_dim3_edge2:     0
  in_data_offset:    11
  in_rows_firstdma:  3
  --- Output tile (local memory) ---
  out_dim1_size:     8
  out_dim1_pitch:    8
  out_dim2_size:     2
  out_dim2_pitch:    16
  out_dim3_size:     32
  --- Coefficient tile ---
  coeff_dim1_size:   3
  coeff_dim2_size:   3
  coeff_dim3_size:   128
  coeff_dim4_size:   128
  coeff_dim1_pitch:  3
  coeff_dim2_pitch:  9
  coeff_dim3_pitch:  1152
  --- Bias ---
  bias_dim1_size:    128
  bias_dim2_size:    1
  --- Output scale ---
  outscale_dim1_size:128
  outscale_dim2_size:1
  --- Buffer sizes (bytes) ---
  input_buffer_size: 5120
  coeff_buffer_size: 36864
  output_buffer_size:512
  bias_buffer_size:  512
  outscale_buf_size: 256
  --- Buffer DRAM placement ---
  input_ping_dram:   0
  input_pong_dram:   0
  coeff_dram:        0
  output_ping_dram:  1
  output_pong_dram:  1
  bias_dram:         1
  outscale_dram:     1
  --- Tiling parameters ---
  n_tile_size:       32
  n_tiles:           4
  n_tile_size_last:  32
  height_tiles:      4
  output_rows:       2
  input_rows:        4
  --- Convolution parameters ---
  kernel_w:          3
  kernel_h:          3
  stride_x:          1
  stride_y:          1
  padding:           1
  dilation:          1
  accum_shift:       7
  relu_max:          127
  relu_min:          -128
  output_shift:      17
  output_scale:      54558
  flags:             0
  input_zero_point:  -128
===============================
PERF_LOG : conv2d : 8192 : elements : 789444 : cycles : 0.01 : elements/cycle : 96.37 : cycles/elements
PERF_LOG : dequantize_asym8s : 8192 : elements (DMA ping-pong) : 1950 : cycles : 4.20 : elements (DMA ping-pong)/cycle : 0.24 : cycles/elements (DMA ping-pong)
PERF_LOG : dequantize_asym8s : 8192 : elements (DMA ping-pong) : 1950 : cycles : 4.20 : elements (DMA ping-pong)/cycle : 0.24 : cycles/elements (DMA ping-pong)
PERF_LOG : add_float : 8192 : elements (DMA ping-pong) : 2487 : cycles : 3.29 : elements (DMA ping-pong)/cycle : 0.30 : cycles/elements (DMA ping-pong)
PERF_LOG : quantize_asym8s : 8192 : elements (DMA ping-pong) : 2292 : cycles : 3.57 : elements (DMA ping-pong)/cycle : 0.28 : cycles/elements (DMA ping-pong)
PERF_LOG : quantized_relu : 8192 : elements (DMA ping-pong) : 3147 : cycles : 2.60 : elements (DMA ping-pong)/cycle : 0.38 : cycles/elements (DMA ping-pong)
=== conv_layer_config_t dump ===
  layer_id:          7
  layer_name:        conv6a.1
  kernel_name:       1x1j2d1
  config_key:        128_8_8_256_1_1_4_4_2_2_0_1
  --- Source (DRAM) ---
  src_dim1_size:     8
  src_dim2_size:     8
  src_dim3_size:     128
  src_dim1_pitch:    8
  src_dim2_pitch:    64
  --- Destination (DRAM) ---
  dst_dim1_size:     4
  dst_dim2_size:     4
  dst_dim3_size:     256
  dst_dim1_pitch:    4
  dst_dim2_pitch:    16
  --- Input tile (local memory) ---
  in_dim1_size:      8
  in_dim1_pitch:     8
  in_dim2_size:      7
  in_dim2_pitch:     56
  in_dim1_edge1:     0
  in_dim1_edge2:     0
  in_dim2_edge1:     0
  in_dim2_edge2:     0
  in_dim3_edge1:     0
  in_dim3_edge2:     0
  in_data_offset:    0
  in_rows_firstdma:  7
  --- Output tile (local memory) ---
  out_dim1_size:     4
  out_dim1_pitch:    4
  out_dim2_size:     4
  out_dim2_pitch:    16
  out_dim3_size:     256
  --- Coefficient tile ---
  coeff_dim1_size:   1
  coeff_dim2_size:   1
  coeff_dim3_size:   128
  coeff_dim4_size:   256
  coeff_dim1_pitch:  1
  coeff_dim2_pitch:  1
  coeff_dim3_pitch:  128
  --- Bias ---
  bias_dim1_size:    256
  bias_dim2_size:    1
  --- Output scale ---
  outscale_dim1_size:256
  outscale_dim2_size:1
  --- Buffer sizes (bytes) ---
  input_buffer_size: 7168
  coeff_buffer_size: 32768
  output_buffer_size:4096
  bias_buffer_size:  1024
  outscale_buf_size: 512
  --- Buffer DRAM placement ---
  input_ping_dram:   0
  input_pong_dram:   0
  coeff_dram:        0
  output_ping_dram:  1
  output_pong_dram:  1
  bias_dram:         1
  outscale_dram:     1
  --- Tiling parameters ---
  n_tile_size:       256
  n_tiles:           1
  n_tile_size_last:  256
  height_tiles:      1
  output_rows:       4
  input_rows:        7
  --- Convolution parameters ---
  kernel_w:          1
  kernel_h:          1
  stride_x:          2
  stride_y:          2
  padding:           0
  dilation:          1
  accum_shift:       4
  relu_max:          127
  relu_min:          -128
  output_shift:      18
  output_scale:      36073
  flags:             0
  input_zero_point:  -128
===============================
PERF_LOG : conv2d : 8192 : elements : 454205 : cycles : 0.02 : elements/cycle : 55.44 : cycles/elements
=== conv_layer_config_t dump ===
  layer_id:          5
  layer_name:        conv6b.1
  kernel_name:       3x3j2d1
  config_key:        128_8_8_256_3_3_4_4_2_2_1_1
  --- Source (DRAM) ---
  src_dim1_size:     8
  src_dim2_size:     8
  src_dim3_size:     128
  src_dim1_pitch:    8
  src_dim2_pitch:    64
  --- Destination (DRAM) ---
  dst_dim1_size:     4
  dst_dim2_size:     4
  dst_dim3_size:     256
  dst_dim1_pitch:    4
  dst_dim2_pitch:    16
  --- Input tile (local memory) ---
  in_dim1_size:      8
  in_dim1_pitch:     10
  in_dim2_size:      5
  in_dim2_pitch:     50
  in_dim1_edge1:     1
  in_dim1_edge2:     1
  in_dim2_edge1:     1
  in_dim2_edge2:     1
  in_dim3_edge1:     0
  in_dim3_edge2:     0
  in_data_offset:    11
  in_rows_firstdma:  4
  --- Output tile (local memory) ---
  out_dim1_size:     4
  out_dim1_pitch:    4
  out_dim2_size:     2
  out_dim2_pitch:    8
  out_dim3_size:     32
  --- Coefficient tile ---
  coeff_dim1_size:   3
  coeff_dim2_size:   3
  coeff_dim3_size:   128
  coeff_dim4_size:   256
  coeff_dim1_pitch:  3
  coeff_dim2_pitch:  9
  coeff_dim3_pitch:  1152
  --- Bias ---
  bias_dim1_size:    256
  bias_dim2_size:    1
  --- Output scale ---
  outscale_dim1_size:256
  outscale_dim2_size:1
  --- Buffer sizes (bytes) ---
  input_buffer_size: 6400
  coeff_buffer_size: 36864
  output_buffer_size:256
  bias_buffer_size:  1024
  outscale_buf_size: 512
  --- Buffer DRAM placement ---
  input_ping_dram:   0
  input_pong_dram:   0
  coeff_dram:        1
  output_ping_dram:  1
  output_pong_dram:  1
  bias_dram:         1
  outscale_dram:     1
  --- Tiling parameters ---
  n_tile_size:       32
  n_tiles:           8
  n_tile_size_last:  32
  height_tiles:      2
  output_rows:       2
  input_rows:        5
  --- Convolution parameters ---
  kernel_w:          3
  kernel_h:          3
  stride_x:          2
  stride_y:          2
  padding:           1
  dilation:          1
  accum_shift:       6
  relu_max:          127
  relu_min:          -128
  output_shift:      18
  output_scale:      40823
  flags:             0
  input_zero_point:  -128
===============================
PERF_LOG : conv2d : 8192 : elements : 1242159 : cycles : 0.01 : elements/cycle : 151.63 : cycles/elements
PERF_LOG : quantized_relu : 4096 : elements (DMA ping-pong) : 2123 : cycles : 1.93 : elements (DMA ping-pong)/cycle : 0.52 : cycles/elements (DMA ping-pong)
=== conv_layer_config_t dump ===
  layer_id:          6
  layer_name:        conv6b.2
  kernel_name:       3x3j1d1
  config_key:        256_4_4_256_3_3_4_4_1_1_1_1
  --- Source (DRAM) ---
  src_dim1_size:     4
  src_dim2_size:     4
  src_dim3_size:     256
  src_dim1_pitch:    4
  src_dim2_pitch:    16
  --- Destination (DRAM) ---
  dst_dim1_size:     4
  dst_dim2_size:     4
  dst_dim3_size:     256
  dst_dim1_pitch:    4
  dst_dim2_pitch:    16
  --- Input tile (local memory) ---
  in_dim1_size:      4
  in_dim1_pitch:     6
  in_dim2_size:      4
  in_dim2_pitch:     24
  in_dim1_edge1:     1
  in_dim1_edge2:     1
  in_dim2_edge1:     1
  in_dim2_edge2:     1
  in_dim3_edge1:     0
  in_dim3_edge2:     0
  in_data_offset:    7
  in_rows_firstdma:  3
  --- Output tile (local memory) ---
  out_dim1_size:     4
  out_dim1_pitch:    4
  out_dim2_size:     2
  out_dim2_pitch:    8
  out_dim3_size:     16
  --- Coefficient tile ---
  coeff_dim1_size:   3
  coeff_dim2_size:   3
  coeff_dim3_size:   256
  coeff_dim4_size:   256
  coeff_dim1_pitch:  3
  coeff_dim2_pitch:  9
  coeff_dim3_pitch:  2304
  --- Bias ---
  bias_dim1_size:    256
  bias_dim2_size:    1
  --- Output scale ---
  outscale_dim1_size:256
  outscale_dim2_size:1
  --- Buffer sizes (bytes) ---
  input_buffer_size: 6144
  coeff_buffer_size: 36864
  output_buffer_size:128
  bias_buffer_size:  1024
  outscale_buf_size: 512
  --- Buffer DRAM placement ---
  input_ping_dram:   0
  input_pong_dram:   0
  coeff_dram:        1
  output_ping_dram:  1
  output_pong_dram:  1
  bias_dram:         1
  outscale_dram:     1
  --- Tiling parameters ---
  n_tile_size:       16
  n_tiles:           16
  n_tile_size_last:  16
  height_tiles:      2
  output_rows:       2
  input_rows:        4
  --- Convolution parameters ---
  kernel_w:          3
  kernel_h:          3
  stride_x:          1
  stride_y:          1
  padding:           1
  dilation:          1
  accum_shift:       7
  relu_max:          127
  relu_min:          -128
  output_shift:      18
  output_scale:      45858
  flags:             0
  input_zero_point:  -128
===============================
PERF_LOG : conv2d : 4096 : elements : 2126728 : cycles : 0.00 : elements/cycle : 519.22 : cycles/elements
PERF_LOG : dequantize_asym8s : 4096 : elements (DMA ping-pong) : 1470 : cycles : 2.79 : elements (DMA ping-pong)/cycle : 0.36 : cycles/elements (DMA ping-pong)
PERF_LOG : dequantize_asym8s : 4096 : elements (DMA ping-pong) : 1470 : cycles : 2.79 : elements (DMA ping-pong)/cycle : 0.36 : cycles/elements (DMA ping-pong)
PERF_LOG : add_float : 4096 : elements (DMA ping-pong) : 1772 : cycles : 2.31 : elements (DMA ping-pong)/cycle : 0.43 : cycles/elements (DMA ping-pong)
PERF_LOG : quantize_asym8s : 4096 : elements (DMA ping-pong) : 1652 : cycles : 2.48 : elements (DMA ping-pong)/cycle : 0.40 : cycles/elements (DMA ping-pong)
PERF_LOG : quantized_relu : 4096 : elements (DMA ping-pong) : 2123 : cycles : 1.93 : elements (DMA ping-pong)/cycle : 0.52 : cycles/elements (DMA ping-pong)
=== conv_layer_config_t dump ===
  layer_id:          6
  layer_name:        conv6b.2
  kernel_name:       3x3j1d1
  config_key:        256_4_4_256_3_3_4_4_1_1_1_1
  --- Source (DRAM) ---
  src_dim1_size:     4
  src_dim2_size:     4
  src_dim3_size:     256
  src_dim1_pitch:    4
  src_dim2_pitch:    16
  --- Destination (DRAM) ---
  dst_dim1_size:     4
  dst_dim2_size:     4
  dst_dim3_size:     256
  dst_dim1_pitch:    4
  dst_dim2_pitch:    16
  --- Input tile (local memory) ---
  in_dim1_size:      4
  in_dim1_pitch:     6
  in_dim2_size:      4
  in_dim2_pitch:     24
  in_dim1_edge1:     1
  in_dim1_edge2:     1
  in_dim2_edge1:     1
  in_dim2_edge2:     1
  in_dim3_edge1:     0
  in_dim3_edge2:     0
  in_data_offset:    7
  in_rows_firstdma:  3
  --- Output tile (local memory) ---
  out_dim1_size:     4
  out_dim1_pitch:    4
  out_dim2_size:     2
  out_dim2_pitch:    8
  out_dim3_size:     16
  --- Coefficient tile ---
  coeff_dim1_size:   3
  coeff_dim2_size:   3
  coeff_dim3_size:   256
  coeff_dim4_size:   256
  coeff_dim1_pitch:  3
  coeff_dim2_pitch:  9
  coeff_dim3_pitch:  2304
  --- Bias ---
  bias_dim1_size:    256
  bias_dim2_size:    1
  --- Output scale ---
  outscale_dim1_size:256
  outscale_dim2_size:1
  --- Buffer sizes (bytes) ---
  input_buffer_size: 6144
  coeff_buffer_size: 36864
  output_buffer_size:128
  bias_buffer_size:  1024
  outscale_buf_size: 512
  --- Buffer DRAM placement ---
  input_ping_dram:   0
  input_pong_dram:   0
  coeff_dram:        1
  output_ping_dram:  1
  output_pong_dram:  1
  bias_dram:         1
  outscale_dram:     1
  --- Tiling parameters ---
  n_tile_size:       16
  n_tiles:           16
  n_tile_size_last:  16
  height_tiles:      2
  output_rows:       2
  input_rows:        4
  --- Convolution parameters ---
  kernel_w:          3
  kernel_h:          3
  stride_x:          1
  stride_y:          1
  padding:           1
  dilation:          1
  accum_shift:       7
  relu_max:          127
  relu_min:          -128
  output_shift:      18
  output_scale:      49746
  flags:             0
  input_zero_point:  -128
===============================
PERF_LOG : conv2d : 4096 : elements : 2126727 : cycles : 0.00 : elements/cycle : 519.22 : cycles/elements
PERF_LOG : quantized_relu : 4096 : elements (DMA ping-pong) : 2123 : cycles : 1.93 : elements (DMA ping-pong)/cycle : 0.52 : cycles/elements (DMA ping-pong)
=== conv_layer_config_t dump ===
  layer_id:          6
  layer_name:        conv6b.2
  kernel_name:       3x3j1d1
  config_key:        256_4_4_256_3_3_4_4_1_1_1_1
  --- Source (DRAM) ---
  src_dim1_size:     4
  src_dim2_size:     4
  src_dim3_size:     256
  src_dim1_pitch:    4
  src_dim2_pitch:    16
  --- Destination (DRAM) ---
  dst_dim1_size:     4
  dst_dim2_size:     4
  dst_dim3_size:     256
  dst_dim1_pitch:    4
  dst_dim2_pitch:    16
  --- Input tile (local memory) ---
  in_dim1_size:      4
  in_dim1_pitch:     6
  in_dim2_size:      4
  in_dim2_pitch:     24
  in_dim1_edge1:     1
  in_dim1_edge2:     1
  in_dim2_edge1:     1
  in_dim2_edge2:     1
  in_dim3_edge1:     0
  in_dim3_edge2:     0
  in_data_offset:    7
  in_rows_firstdma:  3
  --- Output tile (local memory) ---
  out_dim1_size:     4
  out_dim1_pitch:    4
  out_dim2_size:     2
  out_dim2_pitch:    8
  out_dim3_size:     16
  --- Coefficient tile ---
  coeff_dim1_size:   3
  coeff_dim2_size:   3
  coeff_dim3_size:   256
  coeff_dim4_size:   256
  coeff_dim1_pitch:  3
  coeff_dim2_pitch:  9
  coeff_dim3_pitch:  2304
  --- Bias ---
  bias_dim1_size:    256
  bias_dim2_size:    1
  --- Output scale ---
  outscale_dim1_size:256
  outscale_dim2_size:1
  --- Buffer sizes (bytes) ---
  input_buffer_size: 6144
  coeff_buffer_size: 36864
  output_buffer_size:128
  bias_buffer_size:  1024
  outscale_buf_size: 512
  --- Buffer DRAM placement ---
  input_ping_dram:   0
  input_pong_dram:   0
  coeff_dram:        1
  output_ping_dram:  1
  output_pong_dram:  1
  bias_dram:         1
  outscale_dram:     1
  --- Tiling parameters ---
  n_tile_size:       16
  n_tiles:           16
  n_tile_size_last:  16
  height_tiles:      2
  output_rows:       2
  input_rows:        4
  --- Convolution parameters ---
  kernel_w:          3
  kernel_h:          3
  stride_x:          1
  stride_y:          1
  padding:           1
  dilation:          1
  accum_shift:       7
  relu_max:          127
  relu_min:          -128
  output_shift:      17
  output_scale:      34404
  flags:             0
  input_zero_point:  -128
===============================
PERF_LOG : conv2d : 4096 : elements : 2126627 : cycles : 0.00 : elements/cycle : 519.20 : cycles/elements
PERF_LOG : dequantize_asym8s : 4096 : elements (DMA ping-pong) : 1470 : cycles : 2.79 : elements (DMA ping-pong)/cycle : 0.36 : cycles/elements (DMA ping-pong)
PERF_LOG : dequantize_asym8s : 4096 : elements (DMA ping-pong) : 1470 : cycles : 2.79 : elements (DMA ping-pong)/cycle : 0.36 : cycles/elements (DMA ping-pong)
PERF_LOG : add_float : 4096 : elements (DMA ping-pong) : 1772 : cycles : 2.31 : elements (DMA ping-pong)/cycle : 0.43 : cycles/elements (DMA ping-pong)
PERF_LOG : quantize_asym8s : 4096 : elements (DMA ping-pong) : 1652 : cycles : 2.48 : elements (DMA ping-pong)/cycle : 0.40 : cycles/elements (DMA ping-pong)
PERF_LOG : quantized_relu : 4096 : elements (DMA ping-pong) : 2123 : cycles : 1.93 : elements (DMA ping-pong)/cycle : 0.52 : cycles/elements (DMA ping-pong)
=== conv_layer_config_t dump ===
  layer_id:          10
  layer_name:        conv8a.1
  kernel_name:       1x1j2d1
  config_key:        256_4_4_512_1_1_2_2_2_2_0_1
  --- Source (DRAM) ---
  src_dim1_size:     4
  src_dim2_size:     4
  src_dim3_size:     256
  src_dim1_pitch:    4
  src_dim2_pitch:    16
  --- Destination (DRAM) ---
  dst_dim1_size:     2
  dst_dim2_size:     2
  dst_dim3_size:     512
  dst_dim1_pitch:    2
  dst_dim2_pitch:    4
  --- Input tile (local memory) ---
  in_dim1_size:      4
  in_dim1_pitch:     4
  in_dim2_size:      3
  in_dim2_pitch:     12
  in_dim1_edge1:     0
  in_dim1_edge2:     0
  in_dim2_edge1:     0
  in_dim2_edge2:     0
  in_dim3_edge1:     0
  in_dim3_edge2:     0
  in_data_offset:    0
  in_rows_firstdma:  3
  --- Output tile (local memory) ---
  out_dim1_size:     2
  out_dim1_pitch:    2
  out_dim2_size:     2
  out_dim2_pitch:    4
  out_dim3_size:     128
  --- Coefficient tile ---
  coeff_dim1_size:   1
  coeff_dim2_size:   1
  coeff_dim3_size:   256
  coeff_dim4_size:   512
  coeff_dim1_pitch:  1
  coeff_dim2_pitch:  1
  coeff_dim3_pitch:  256
  --- Bias ---
  bias_dim1_size:    512
  bias_dim2_size:    1
  --- Output scale ---
  outscale_dim1_size:512
  outscale_dim2_size:1
  --- Buffer sizes (bytes) ---
  input_buffer_size: 3072
  coeff_buffer_size: 32768
  output_buffer_size:512
  bias_buffer_size:  2048
  outscale_buf_size: 1024
  --- Buffer DRAM placement ---
  input_ping_dram:   0
  input_pong_dram:   0
  coeff_dram:        0
  output_ping_dram:  1
  output_pong_dram:  1
  bias_dram:         1
  outscale_dram:     1
  --- Tiling parameters ---
  n_tile_size:       128
  n_tiles:           4
  n_tile_size_last:  128
  height_tiles:      1
  output_rows:       2
  input_rows:        3
  --- Convolution parameters ---
  kernel_w:          1
  kernel_h:          1
  stride_x:          2
  stride_y:          2
  padding:           0
  dilation:          1
  accum_shift:       4
  relu_max:          127
  relu_min:          -128
  output_shift:      19
  output_scale:      33076
  flags:             0
  input_zero_point:  -128
===============================
PERF_LOG : conv2d : 4096 : elements : 769485 : cycles : 0.01 : elements/cycle : 187.86 : cycles/elements
=== conv_layer_config_t dump ===
  layer_id:          8
  layer_name:        conv8b.1
  kernel_name:       3x3j2d1
  config_key:        256_4_4_512_3_3_2_2_2_2_1_1
  --- Source (DRAM) ---
  src_dim1_size:     4
  src_dim2_size:     4
  src_dim3_size:     256
  src_dim1_pitch:    4
  src_dim2_pitch:    16
  --- Destination (DRAM) ---
  dst_dim1_size:     2
  dst_dim2_size:     2
  dst_dim3_size:     512
  dst_dim1_pitch:    2
  dst_dim2_pitch:    4
  --- Input tile (local memory) ---
  in_dim1_size:      4
  in_dim1_pitch:     6
  in_dim2_size:      5
  in_dim2_pitch:     30
  in_dim1_edge1:     1
  in_dim1_edge2:     1
  in_dim2_edge1:     1
  in_dim2_edge2:     1
  in_dim3_edge1:     0
  in_dim3_edge2:     0
  in_data_offset:    7
  in_rows_firstdma:  4
  --- Output tile (local memory) ---
  out_dim1_size:     2
  out_dim1_pitch:    2
  out_dim2_size:     2
  out_dim2_pitch:    4
  out_dim3_size:     16
  --- Coefficient tile ---
  coeff_dim1_size:   3
  coeff_dim2_size:   3
  coeff_dim3_size:   256
  coeff_dim4_size:   512
  coeff_dim1_pitch:  3
  coeff_dim2_pitch:  9
  coeff_dim3_pitch:  2304
  --- Bias ---
  bias_dim1_size:    512
  bias_dim2_size:    1
  --- Output scale ---
  outscale_dim1_size:512
  outscale_dim2_size:1
  --- Buffer sizes (bytes) ---
  input_buffer_size: 7680
  coeff_buffer_size: 36864
  output_buffer_size:64
  bias_buffer_size:  2048
  outscale_buf_size: 1024
  --- Buffer DRAM placement ---
  input_ping_dram:   0
  input_pong_dram:   0
  coeff_dram:        1
  output_ping_dram:  1
  output_pong_dram:  1
  bias_dram:         1
  outscale_dram:     1
  --- Tiling parameters ---
  n_tile_size:       16
  n_tiles:           32
  n_tile_size_last:  16
  height_tiles:      1
  output_rows:       2
  input_rows:        5
  --- Convolution parameters ---
  kernel_w:          3
  kernel_h:          3
  stride_x:          2
  stride_y:          2
  padding:           1
  dilation:          1
  accum_shift:       7
  relu_max:          127
  relu_min:          -128
  output_shift:      17
  output_scale:      37495
  flags:             0
  input_zero_point:  -128
===============================
PERF_LOG : conv2d : 4096 : elements : 3916481 : cycles : 0.00 : elements/cycle : 956.17 : cycles/elements
PERF_LOG : quantized_relu : 2048 : elements (DMA ping-pong) : 1611 : cycles : 1.27 : elements (DMA ping-pong)/cycle : 0.79 : cycles/elements (DMA ping-pong)
=== conv_layer_config_t dump ===
  layer_id:          9
  layer_name:        conv8b.2
  kernel_name:       3x3j1d1
  config_key:        512_2_2_512_3_3_2_2_1_1_1_1
  --- Source (DRAM) ---
  src_dim1_size:     2
  src_dim2_size:     2
  src_dim3_size:     512
  src_dim1_pitch:    2
  src_dim2_pitch:    4
  --- Destination (DRAM) ---
  dst_dim1_size:     2
  dst_dim2_size:     2
  dst_dim3_size:     512
  dst_dim1_pitch:    2
  dst_dim2_pitch:    4
  --- Input tile (local memory) ---
  in_dim1_size:      2
  in_dim1_pitch:     4
  in_dim2_size:      4
  in_dim2_pitch:     16
  in_dim1_edge1:     1
  in_dim1_edge2:     1
  in_dim2_edge1:     1
  in_dim2_edge2:     1
  in_dim3_edge1:     0
  in_dim3_edge2:     0
  in_data_offset:    5
  in_rows_firstdma:  3
  --- Output tile (local memory) ---
  out_dim1_size:     2
  out_dim1_pitch:    2
  out_dim2_size:     2
  out_dim2_pitch:    4
  out_dim3_size:     8
  --- Coefficient tile ---
  coeff_dim1_size:   3
  coeff_dim2_size:   3
  coeff_dim3_size:   512
  coeff_dim4_size:   512
  coeff_dim1_pitch:  3
  coeff_dim2_pitch:  9
  coeff_dim3_pitch:  4608
  --- Bias ---
  bias_dim1_size:    512
  bias_dim2_size:    1
  --- Output scale ---
  outscale_dim1_size:512
  outscale_dim2_size:1
  --- Buffer sizes (bytes) ---
  input_buffer_size: 8192
  coeff_buffer_size: 36864
  output_buffer_size:32
  bias_buffer_size:  2048
  outscale_buf_size: 1024
  --- Buffer DRAM placement ---
  input_ping_dram:   0
  input_pong_dram:   0
  coeff_dram:        1
  output_ping_dram:  1
  output_pong_dram:  1
  bias_dram:         1
  outscale_dram:     1
  --- Tiling parameters ---
  n_tile_size:       8
  n_tiles:           64
  n_tile_size_last:  8
  height_tiles:      1
  output_rows:       2
  input_rows:        4
  --- Convolution parameters ---
  kernel_w:          3
  kernel_h:          3
  stride_x:          1
  stride_y:          1
  padding:           1
  dilation:          1
  accum_shift:       8
  relu_max:          127
  relu_min:          -128
  output_shift:      17
  output_scale:      59827
  flags:             0
  input_zero_point:  -128
===============================
PERF_LOG : conv2d : 2048 : elements : 7455121 : cycles : 0.00 : elements/cycle : 3640.20 : cycles/elements
PERF_LOG : dequantize_asym8s : 2048 : elements (DMA ping-pong) : 1230 : cycles : 1.67 : elements (DMA ping-pong)/cycle : 0.60 : cycles/elements (DMA ping-pong)
PERF_LOG : dequantize_asym8s : 2048 : elements (DMA ping-pong) : 1230 : cycles : 1.67 : elements (DMA ping-pong)/cycle : 0.60 : cycles/elements (DMA ping-pong)
PERF_LOG : add_float : 2048 : elements (DMA ping-pong) : 1247 : cycles : 1.64 : elements (DMA ping-pong)/cycle : 0.61 : cycles/elements (DMA ping-pong)
PERF_LOG : quantize_asym8s : 2048 : elements (DMA ping-pong) : 1332 : cycles : 1.54 : elements (DMA ping-pong)/cycle : 0.65 : cycles/elements (DMA ping-pong)
PERF_LOG : quantized_relu : 2048 : elements (DMA ping-pong) : 1611 : cycles : 1.27 : elements (DMA ping-pong)/cycle : 0.79 : cycles/elements (DMA ping-pong)
=== conv_layer_config_t dump ===
  layer_id:          9
  layer_name:        conv8b.2
  kernel_name:       3x3j1d1
  config_key:        512_2_2_512_3_3_2_2_1_1_1_1
  --- Source (DRAM) ---
  src_dim1_size:     2
  src_dim2_size:     2
  src_dim3_size:     512
  src_dim1_pitch:    2
  src_dim2_pitch:    4
  --- Destination (DRAM) ---
  dst_dim1_size:     2
  dst_dim2_size:     2
  dst_dim3_size:     512
  dst_dim1_pitch:    2
  dst_dim2_pitch:    4
  --- Input tile (local memory) ---
  in_dim1_size:      2
  in_dim1_pitch:     4
  in_dim2_size:      4
  in_dim2_pitch:     16
  in_dim1_edge1:     1
  in_dim1_edge2:     1
  in_dim2_edge1:     1
  in_dim2_edge2:     1
  in_dim3_edge1:     0
  in_dim3_edge2:     0
  in_data_offset:    5
  in_rows_firstdma:  3
  --- Output tile (local memory) ---
  out_dim1_size:     2
  out_dim1_pitch:    2
  out_dim2_size:     2
  out_dim2_pitch:    4
  out_dim3_size:     8
  --- Coefficient tile ---
  coeff_dim1_size:   3
  coeff_dim2_size:   3
  coeff_dim3_size:   512
  coeff_dim4_size:   512
  coeff_dim1_pitch:  3
  coeff_dim2_pitch:  9
  coeff_dim3_pitch:  4608
  --- Bias ---
  bias_dim1_size:    512
  bias_dim2_size:    1
  --- Output scale ---
  outscale_dim1_size:512
  outscale_dim2_size:1
  --- Buffer sizes (bytes) ---
  input_buffer_size: 8192
  coeff_buffer_size: 36864
  output_buffer_size:32
  bias_buffer_size:  2048
  outscale_buf_size: 1024
  --- Buffer DRAM placement ---
  input_ping_dram:   0
  input_pong_dram:   0
  coeff_dram:        1
  output_ping_dram:  1
  output_pong_dram:  1
  bias_dram:         1
  outscale_dram:     1
  --- Tiling parameters ---
  n_tile_size:       8
  n_tiles:           64
  n_tile_size_last:  8
  height_tiles:      1
  output_rows:       2
  input_rows:        4
  --- Convolution parameters ---
  kernel_w:          3
  kernel_h:          3
  stride_x:          1
  stride_y:          1
  padding:           1
  dilation:          1
  accum_shift:       8
  relu_max:          127
  relu_min:          -128
  output_shift:      15
  output_scale:      20759
  flags:             0
  input_zero_point:  -128
===============================
PERF_LOG : conv2d : 2048 : elements : 7454813 : cycles : 0.00 : elements/cycle : 3640.05 : cycles/elements
PERF_LOG : quantized_relu : 2048 : elements (DMA ping-pong) : 1611 : cycles : 1.27 : elements (DMA ping-pong)/cycle : 0.79 : cycles/elements (DMA ping-pong)
=== conv_layer_config_t dump ===
  layer_id:          9
  layer_name:        conv8b.2
  kernel_name:       3x3j1d1
  config_key:        512_2_2_512_3_3_2_2_1_1_1_1
  --- Source (DRAM) ---
  src_dim1_size:     2
  src_dim2_size:     2
  src_dim3_size:     512
  src_dim1_pitch:    2
  src_dim2_pitch:    4
  --- Destination (DRAM) ---
  dst_dim1_size:     2
  dst_dim2_size:     2
  dst_dim3_size:     512
  dst_dim1_pitch:    2
  dst_dim2_pitch:    4
  --- Input tile (local memory) ---
  in_dim1_size:      2
  in_dim1_pitch:     4
  in_dim2_size:      4
  in_dim2_pitch:     16
  in_dim1_edge1:     1
  in_dim1_edge2:     1
  in_dim2_edge1:     1
  in_dim2_edge2:     1
  in_dim3_edge1:     0
  in_dim3_edge2:     0
  in_data_offset:    5
  in_rows_firstdma:  3
  --- Output tile (local memory) ---
  out_dim1_size:     2
  out_dim1_pitch:    2
  out_dim2_size:     2
  out_dim2_pitch:    4
  out_dim3_size:     8
  --- Coefficient tile ---
  coeff_dim1_size:   3
  coeff_dim2_size:   3
  coeff_dim3_size:   512
  coeff_dim4_size:   512
  coeff_dim1_pitch:  3
  coeff_dim2_pitch:  9
  coeff_dim3_pitch:  4608
  --- Bias ---
  bias_dim1_size:    512
  bias_dim2_size:    1
  --- Output scale ---
  outscale_dim1_size:512
  outscale_dim2_size:1
  --- Buffer sizes (bytes) ---
  input_buffer_size: 8192
  coeff_buffer_size: 36864
  output_buffer_size:32
  bias_buffer_size:  2048
  outscale_buf_size: 1024
  --- Buffer DRAM placement ---
  input_ping_dram:   0
  input_pong_dram:   0
  coeff_dram:        1
  output_ping_dram:  1
  output_pong_dram:  1
  bias_dram:         1
  outscale_dram:     1
  --- Tiling parameters ---
  n_tile_size:       8
  n_tiles:           64
  n_tile_size_last:  8
  height_tiles:      1
  output_rows:       2
  input_rows:        4
  --- Convolution parameters ---
  kernel_w:          3
  kernel_h:          3
  stride_x:          1
  stride_y:          1
  padding:           1
  dilation:          1
  accum_shift:       8
  relu_max:          127
  relu_min:          -128
  output_shift:      15
  output_scale:      18874
  flags:             0
  input_zero_point:  -128
===============================
PERF_LOG : conv2d : 2048 : elements : 7454833 : cycles : 0.00 : elements/cycle : 3640.06 : cycles/elements
PERF_LOG : dequantize_asym8s : 2048 : elements (DMA ping-pong) : 1230 : cycles : 1.67 : elements (DMA ping-pong)/cycle : 0.60 : cycles/elements (DMA ping-pong)
PERF_LOG : dequantize_asym8s : 2048 : elements (DMA ping-pong) : 1230 : cycles : 1.67 : elements (DMA ping-pong)/cycle : 0.60 : cycles/elements (DMA ping-pong)
PERF_LOG : add_float : 2048 : elements (DMA ping-pong) : 1247 : cycles : 1.64 : elements (DMA ping-pong)/cycle : 0.61 : cycles/elements (DMA ping-pong)
PERF_LOG : quantize_asym8s : 2048 : elements (DMA ping-pong) : 1332 : cycles : 1.54 : elements (DMA ping-pong)/cycle : 0.65 : cycles/elements (DMA ping-pong)
PERF_LOG : quantized_relu : 2048 : elements (DMA ping-pong) : 1611 : cycles : 1.27 : elements (DMA ping-pong)/cycle : 0.79 : cycles/elements (DMA ping-pong)
PERF_LOG : dequantize_asym8s : 2048 : elements (DMA ping-pong) : 1230 : cycles : 1.67 : elements (DMA ping-pong)/cycle : 0.60 : cycles/elements (DMA ping-pong)
PERF_LOG : quantize_asym8s : 512 : elements (HW-optimized, no DMA) : 161 : cycles : 3.18 : elements (HW-optimized, no DMA)/cycle : 0.31 : cycles/elements (HW-optimized, no DMA)
PERF_LOG : dequantize_asym8s : 1000 : elements (HW-optimized, no DMA) : 206 : cycles : 4.85 : elements (HW-optimized, no DMA)/cycle : 0.21 : cycles/elements (HW-optimized, no DMA)
Output 0: tensor(sizes=[1, 1000], [
  0.144854, 0.651842, -0.94155, -3.18678, -0.0724269, -3.47649, -3.04193, 1.8831, 0., -3.83863, 
  -5.43202, -3.91105, -0.651842, -6.15629, -4.27319, -2.89708, -6.51842, -2.9695, -4.5629, -4.34561, 
  -6.51842, -5.28716, -6.51842, -3.04193, -6.30114, -0.796696, -1.95553, -4.99746, -1.37611, 1.37611, 
  -2.10038, 0.144854, 1.59339, -0.434561, -1.0864, -1.37611, -0.579415, 0.579415, -0.434561, -1.44854, 
  -3.47649, -5.50445, -2.60737, -5.14231, -4.8526, -1.59339, -3.18678, -2.75222, -3.18678, -6.51842, 
  -6.08386, 4.27319, -3.25921, -1.73825, -0.362135, -3.54892, -1.66582, -4.70775, -2.31766, -3.33164, 
  2.31766, -2.10038, -1.15883, 1.15883, -1.52097, -1.0864, 0.506988, -3.11436, -1.8831, -4.05591, 
  -6.51842, 0.362135, -4.05591, -3.7662, -3.83863, -5.06988, -1.37611, -3.98348, -3.11436, -2.31766, 
  -3.62135, -6.22871, -1.01398, -1.0864, -1.0864, -4.78018, -0.362135, -2.60737, -2.9695, -6.51842, 
  -4.05591, -4.49047, -6.51842, -4.41804, -1.66582, -6.51842, -4.20076, -3.7662, -6.51842, -1.66582, 
  -6.22871, -2.17281, -4.34561, -2.17281, -0.506988, -3.33164, -0.796696, -2.82465, -2.60737, -2.53494, 
  -2.53494, -1.66582, 4.78018, 0.362135, 0.289708, -0.579415, -1.15883, -1.81067, -0.362135, -4.12833, 
  -6.51842, -0.434561, 0.217281, 0.289708, 0.796696, -0.724269, -0.579415, -6.51842, -6.51842, -6.51842, 
  -6.22871, -6.51842, -6.51842, -6.51842, -5.93901, -6.51842, -5.14231, -6.51842, -6.51842, -6.51842, 
  -6.51842, -6.51842, -6.51842, -6.51842, -6.51842, -2.46252, -4.5629, -3.47649, -2.02795, -4.41804, 
  -1.95553, 2.10038, -2.60737, -1.30368, -0.724269, 2.60737, -0.506988, -0.579415, -1.23126, -0.362135, 
  3.25921, 4.78018, -0.144854, 2.39009, -1.01398, -1.30368, -2.24523, -1.37611, 0.869123, 0.724269, 
  0.579415, 1.81067, -2.24523, -0.0724269, -1.95553, 0.217281, -2.10038, -1.37611, 2.17281, -1.73825, 
  -0.724269, -3.54892, 1.52097, -0.869123, 2.31766, 2.31766, 3.83863, 1.23126, 1.95553, 2.31766, 
  2.10038, 2.24523, 1.23126, 3.40407, -0.217281, 2.02795, -0.144854, -0.144854, 1.37611, 2.02795, 
  0.651842, 2.75222, 1.52097, 2.53494, 0.144854, 0.144854, -0.796696, 0.796696, 1.8831, 2.6798, 
  0.362135, 2.17281, 2.17281, 0.724269, -0.362135, 0.144854, 1.95553, 0.94155, 1.66582, 2.60737, 
  1.73825, -2.53494, -1.66582, -0.796696, -0.651842, -0.869123, 1.52097, 1.30368, 0.506988, 0.869123, 
  1.59339, 2.10038, -0.724269, -3.04193, 1.66582, -0.724269, 3.62135, 2.60737, 3.98348, -0.217281, 
  0.217281, -0.144854, -0.0724269, -0.651842, -2.75222, -1.0864, 1.0864, -0.506988, 0.289708, -1.52097, 
  0.289708, 2.02795, -3.04193, -0.289708, 0.144854, -2.10038, -1.01398, -0.724269, -0.362135, 0.362135, 
  -2.53494, -2.46252, -1.81067, -0.289708, 0.0724269, 0.434561, -1.15883, 0.651842, 0., -3.18678, 
  -3.04193, -3.91105, -1.66582, -1.52097, -3.62135, -0.506988, -1.95553, -0.796696, -2.17281, -1.01398, 
  0., 1.52097, 1.37611, 0.724269, 1.66582, 1.37611, -2.89708, 1.30368, -4.41804, -6.51842, 
  -6.15629, -3.04193, -1.0864, -4.49047, -3.33164, -3.62135, -2.82465, -4.20076, 0.144854, 0.724269, 
  -4.41804, -2.53494, -2.02795, -2.60737, -3.91105, -3.91105, -2.6798, -4.63532, -5.79415, -1.95553, 
  -0.724269, 0.506988, 0.796696, -1.59339, 1.73825, -1.52097, -4.99746, -4.8526, -5.43202, -5.86658, 
  -6.51842, -4.05591, -5.57687, -4.41804, -6.51842, -4.05591, -4.8526, 0.506988, -3.98348, -0.796696, 
  -2.02795, -3.62135, -0.362135, 0.724269, -3.33164, -3.69377, -4.99746, -2.39009, -0.0724269, -2.10038, 
  -0.434561, 0.869123, -1.0864, -1.8831, -2.60737, 0.94155, -2.60737, -6.51842, 0.434561, -3.7662, 
  -1.8831, -2.60737, -2.9695, -2.17281, -2.60737, 1.30368, 3.04193, -1.73825, 1.52097, 2.75222, 
  -3.11436, 1.37611, 1.59339, 1.8831, -1.15883, -2.10038, -3.40407, -2.82465, -3.33164, -3.7662, 
  -1.81067, -0.434561, 0.796696, 1.59339, 0.579415, -1.44854, -2.75222, -1.15883, 1.52097, 1.15883, 
  -1.15883, 1.30368, 0.869123, -3.54892, -3.62135, -1.37611, -3.62135, -5.6493, -4.20076, -2.82465, 
  3.98348, -1.81067, -0.94155, -2.9695, -3.69377, -1.66582, -1.01398, -3.98348, 2.60737, 0.289708, 
  2.10038, 3.11436, 1.59339, -4.92503, -3.11436, -1.73825, 2.82465, -1.15883, -1.95553, 3.18678, 
  -2.60737, -2.10038, 9.12579, 1.95553, 2.89708, 5.28716, -3.54892, 1.30368, 0.724269, 5.21474, 
  1.8831, 3.18678, 1.0864, -0.579415, 0.869123, -2.9695, -0.144854, 6.59085, 4.78018, 1.01398, 
  -2.02795, -0.579415, 2.02795, 3.40407, 2.9695, 3.18678, -2.39009, 0.362135, 4.05591, 1.37611, 
  2.75222, 1.0864, 2.02795, -2.9695, -1.73825, -2.31766, 1.95553, 5.28716, 0.94155, -5.21474, 
  -0.434561, 1.23126, 1.66582, -1.37611, 0.0724269, 0.506988, 3.04193, 4.5629, -0.796696, -1.15883, 
  -2.82465, 3.04193, 5.43202, 7.60483, 1.8831, 1.95553, -2.6798, 2.60737, 3.69377, 6.66328, 
  7.45997, 3.91105, 0.506988, 2.60737, -0.651842, 0.94155, 3.40407, 4.8526, 2.17281, 4.63532, 
  2.53494, 0.579415, 0.434561, -0.579415, -2.75222, -0.651842, 0.94155, 1.52097, 1.44854, 2.9695, 
  0.0724269, -0.579415, 0.796696, -1.15883, 1.8831, -1.37611, 1.30368, 0.869123, -0.796696, 4.8526, 
  -4.41804, 4.27319, 3.33164, 1.73825, 3.33164, 0.724269, 2.39009, -0.144854, 0.434561, 1.52097, 
  -2.31766, -0.579415, 2.9695, 1.44854, 2.9695, 3.04193, -0.724269, 0.0724269, 3.54892, 1.52097, 
  -3.7662, 3.91105, 3.33164, 6.51842, 1.44854, -2.31766, -1.01398, 2.17281, 0.217281, 0.217281, 
  2.31766, 0.362135, 0.651842, -1.66582, 4.12833, 3.7662, -2.02795, -2.82465, 1.0864, 2.53494, 
  -0.796696, 6.01143, 5.21474, 2.53494, 2.75222, 1.44854, 3.25921, -5.79415, -4.5629, 1.0864, 
  -1.73825, -1.52097, 1.37611, -0.434561, -2.82465, -1.44854, 4.70775, 0.94155, 4.34561, 4.20076, 
  1.73825, 0.0724269, 6.22871, 1.0864, -3.47649, 1.37611, -1.15883, 3.69377, -1.59339, 2.82465, 
  2.39009, 0.217281, 2.89708, -1.81067, 0.362135, -1.01398, -2.17281, 2.39009, 2.17281, 2.17281, 
  2.53494, -3.18678, 3.98348, 2.89708, 3.69377, 5.57687, -0.651842, 3.98348, 3.98348, 4.63532, 
  2.60737, 2.24523, -0.796696, 2.6798, 0.724269, -0.0724269, 2.53494, -0.651842, -2.02795, 1.81067, 
  4.5629, 2.46252, -0.579415, 1.30368, 3.54892, -1.30368, 2.24523, 2.9695, 1.59339, -1.81067, 
  2.75222, 0., -0.724269, 5.21474, -1.30368, 2.39009, 0.434561, 2.75222, 3.91105, 4.12833, 
  5.79415, -0.94155, 0.362135, 0.796696, 1.81067, -1.66582, 2.02795, -0.579415, -3.91105, 1.95553, 
  -0.651842, 3.54892, 2.75222, 0.94155, -0.94155, -1.95553, 4.8526, 3.98348, 1.30368, -0.579415, 
  -2.17281, 4.99746, 2.02795, 3.40407, 3.33164, -1.0864, 3.25921, 2.53494, 1.8831, -3.25921, 
  3.47649, 0.869123, 1.73825, 4.78018, -0.144854, 1.8831, 0.869123, 6.37357, 1.37611, 2.75222, 
  -2.60737, -1.66582, 2.46252, -1.66582, 5.14231, 0.94155, 7.74968, 4.5629, 0.0724269, -0.362135, 
  1.52097, 0.362135, 1.01398, 2.24523, 1.44854, -0.506988, 4.12833, -0.217281, 0.724269, -3.47649, 
  3.62135, 2.10038, 1.66582, 3.18678, 1.37611, -0.724269, 3.69377, -1.30368, 2.82465, 0.506988, 
  -1.37611, 2.9695, 2.24523, 1.59339, -1.30368, -1.01398, 6.446, 2.39009, -0.434561, 3.83863, 
  5.72173, 0.434561, -0.869123, 2.31766, 1.37611, 0.144854, -1.44854, 1.8831, 4.20076, 1.59339, 
  2.6798, 2.82465, 1.0864, 0.724269, -2.6798, 1.44854, 1.01398, -3.11436, -0.869123, 1.23126, 
  1.23126, 3.11436, 0.434561, 2.89708, -0.94155, 3.62135, -0.796696, 1.66582, 4.63532, 0.869123, 
  0.94155, 7.17026, -2.24523, 2.24523, -3.33164, 1.8831, -0.579415, -0.796696, 3.62135, 5.57687, 
  5.72173, 0.217281, 2.75222, 1.23126, 7.82211, 1.0864, -1.01398, 4.05591, 0.869123, 4.5629, 
  -0.0724269, 2.17281, -2.82465, 2.31766, 3.18678, -2.46252, 6.446, 0.869123, 0.724269, 0.362135, 
  0.796696, 0.217281, 1.30368, 0.506988, 1.37611, 5.14231, 3.83863, 1.44854, -2.39009, 3.04193, 
  -1.73825, 4.05591, 4.8526, 2.75222, -0.94155, 0.0724269, 1.81067, 1.01398, 6.66328, 1.37611, 
  -1.73825, -3.04193, 5.93901, 2.02795, 5.6493, 2.46252, 2.31766, 4.27319, -0.506988, -1.30368, 
  3.54892, 1.52097, 3.33164, 4.41804, 0.724269, -0.362135, 2.9695, 3.69377, -2.46252, -0.0724269, 
  -1.44854, 1.95553, -3.04193, -1.0864, 2.9695, 1.59339, 1.15883, -0.144854, 4.12833, 1.30368, 
  0.289708, 2.6798, 3.11436, 7.96696, -4.05591, -0.579415, 5.57687, 1.23126, 4.8526, 2.6798, 
  -4.05591, -0.869123, 4.41804, 3.40407, 2.39009, -4.92503, -1.0864, 3.98348, 2.10038, -0.796696, 
  2.75222, -0.869123, -1.15883, -2.46252, 0.869123, 3.25921, 3.7662, 3.7662, 5.6493, -4.5629, 
  5.50445, 0.94155, 0.94155, 1.59339, 3.25921, 3.91105, 2.46252, -0.724269, 0.94155, 0.651842, 
  0.144854, 4.27319, 1.95553, -0.869123, 0.724269, 2.46252, 2.31766, -0.94155, 0.506988, 3.69377, 
  1.52097, 3.04193, 5.57687, -0.362135, -1.37611, 4.05591, 1.73825, 1.52097, 5.79415, 0.94155, 
  0.434561, -2.46252, 0.724269, -2.31766, -4.5629, 1.15883, 3.04193, -0.144854, -0.796696, 2.82465, 
  2.82465, -0.0724269, 3.47649, 4.8526, 2.17281, 0.869123, -1.01398, 1.52097, -2.53494, 2.75222, 
  -3.25921, 1.73825, 2.46252, -0.869123, -1.15883, -0.579415, 2.10038, 4.20076, 6.08386, 3.83863, 
  -0.144854, -1.81067, 2.60737, 3.83863, 1.37611, -1.0864, 1.95553, 3.25921, -1.52097, 4.49047, 
  4.5629, 4.05591, 0.289708, -2.60737, -1.01398, -1.37611, -0.362135, 1.52097, -0.579415, 1.59339, 
  -0.144854, 4.05591, -2.17281, 2.31766, -0.94155, -2.31766, -0.362135, -3.83863, 2.17281, 6.446, 
  2.9695, -0.869123, 2.31766, -4.70775, 1.81067, 0.651842, 1.52097, 0.796696, 2.17281, 3.47649, 
  1.01398, 0., 1.59339, 0.94155, -0.94155, -1.52097, -5.14231, -1.8831, 0.796696, -0.94155, 
  3.18678, 1.52097, -2.75222, 3.54892, 4.34561, -0.217281, -0.217281, -1.15883, 0.217281, -1.8831, 
  5.14231, 3.18678, 1.15883, -1.23126, -3.47649, 3.11436, 0.506988, -2.02795, -0.651842, -1.73825, 
  -0.506988, 0.506988, -2.6798, 0.362135, -0.724269, -0.651842, -4.92503, 0.651842, 0., -1.44854, 
  1.15883, 1.73825, 2.31766, -0.651842, -1.15883, -3.18678, -4.8526, 6.80813, -2.39009, -4.99746, 
  -3.47649, -1.15883, -3.25921, -5.72173, -2.31766, -3.04193, -1.23126, -3.11436, 7.09784, 2.02795, 
])
