[  4%] Built target flatcc_ep
[  4%] Built target flatbuffers_ep
[  6%] Built target xai_common
[  8%] Built target scalar_type_schema
[  8%] Built target common_schema
[ 10%] Built target xa_nnlib
[ 12%] Built target flat_tensor_schema
[ 12%] Built target flatccrt
[ 12%] Built target program_schema
[ 16%] Built target xai
[ 16%] Built target cadence_kernels
[ 17%] Built target gflags_nothreads_static
[ 22%] Built target executorch_core
[ 23%] Built target extension_evalue_util
[ 23%] Built target extension_data_loader
[ 25%] Built target extension_runner_util
[ 25%] Built target extension_flat_tensor
[ 26%] Built target executorch
[ 31%] Built target kernels_util_all_deps
[ 37%] Built target custom_ops
[ 49%] Built target aten_ops_cadence
[ 50%] Built target cadence_ops_lib
[ 51%] Built target executor_runner
[ 99%] Built target portable_kernels
[100%] Built target portable_ops_lib
