[  6%] Built target flatbuffers_ep
[  6%] Built target flatcc_ep
[  6%] Built target xai_common
[ 10%] Built target xa_nnlib
[ 10%] Built target cadence_kernels
[ 11%] Built target common_schema
[ 11%] Built target scalar_type_schema
[ 11%] Built target gflags_nothreads_static
[ 15%] Built target flatccrt
[ 17%] Built target xai
[ 17%] Built target program_schema
[ 17%] Built target flat_tensor_schema
[ 22%] Built target executorch_core
[ 23%] Built target extension_evalue_util
[ 23%] Built target extension_data_loader
[ 25%] Built target extension_flat_tensor
[ 25%] Built target extension_runner_util
[ 26%] Built target executorch
[ 31%] Built target kernels_util_all_deps
[ 37%] Built target custom_ops
[ 49%] Built target aten_ops_cadence
[ 50%] Built target cadence_ops_lib
[ 51%] Built target executor_runner
[ 99%] Built target portable_kernels
[100%] Built target portable_ops_lib
